 line   address	contents
    1                      ; Linked by DLX-LD.
    2                      ; MemSize 24576
    3                      ; Data size: 758
    4                      ; Text size: 6660
    5                      ; Stack size: 8192
    6  00000000          	.text 0x1000
    7  00001000          	.data 0x3000
    8                      ; Compiled by GCC
    9  00003000          	.text
   10  00001000          	.align 2
   11  00001000          	.proc _isspace
   12  00001000          	.global _isspace
   13  00001000          	_isspace:
   14                      ;  Function 'isspace'; 0 bytes of locals, 1 regs to save.
   15  00001000  afbefffc	sw	-4(r29),r30; push fp
   16  00001004  001df020	add	r30,r0,r29; fp = sp
   17  00001008  afbffff8	sw	-8(r29),r31; push ret addr
   18  0000100c  2fbd0010	subui	r29,r29,#16; alloc local storage
   19  00001010  afa20000	sw	0(r29),r2
   20  00001014  83c20003	lb	r2,3(r30)
   21  00001018  201f0000	addi	r31,r0,#0
   22  0000101c  304100ff	andi	r1,r2,#0x00ff
   23  00001020  60210020	seqi	r1,r1,#32
   24  00001024  14200018	bnez	r1,L6_LF0
   25  00001028  54000000	nop; not filled.
   26  0000102c  2041fff7	addi	r1,r2,#-9
   27  00001030  302100ff	andi	r1,r1,#0x00ff
   28  00001034  70210001	sleui	r1,r1,#1
   29  00001038  10200008	beqz	r1,L5_LF0
   30  0000103c  54000000	nop; not filled.
   31  00001040          	L6_LF0:
   32  00001040  201f0001	addi	r31,r0,#1
   33  00001044          	L5_LF0:
   34  00001044  001f0820	add	r1,r0,r31
   35  00001048  8fa20000	lw	r2,0(r29)
   36  0000104c  8fdffff8	lw	r31,-8(r30)
   37  00001050  001ee820	add	r29,r0,r30
   38  00001054  8fdefffc	lw	r30,-4(r30)
   39  00001058  4be00000	jr	r31
   40  0000105c  54000000	nop
   41  00001060          	.endproc _isspace
   42  00001060          	.align 2
   43  00001060          	.proc _isxdigit
   44  00001060          	.global _isxdigit
   45  00001060          	_isxdigit:
   46                      ;  Function 'isxdigit'; 0 bytes of locals, 1 regs to save.
   47  00001060  afbefffc	sw	-4(r29),r30; push fp
   48  00001064  001df020	add	r30,r0,r29; fp = sp
   49  00001068  afbffff8	sw	-8(r29),r31; push ret addr
   50  0000106c  2fbd0010	subui	r29,r29,#16; alloc local storage
   51  00001070  afa20000	sw	0(r29),r2
   52  00001074  83df0003	lb	r31,3(r30)
   53  00001078  20020000	addi	r2,r0,#0
   54  0000107c  23e1ffd0	addi	r1,r31,#-48
   55  00001080  302100ff	andi	r1,r1,#0x00ff
   56  00001084  70210009	sleui	r1,r1,#9
   57  00001088  14200028	bnez	r1,L12_LF0
   58  0000108c  54000000	nop; not filled.
   59  00001090  23e1ff9f	addi	r1,r31,#-97
   60  00001094  302100ff	andi	r1,r1,#0x00ff
   61  00001098  70210005	sleui	r1,r1,#5
   62  0000109c  14200014	bnez	r1,L12_LF0
   63  000010a0  54000000	nop; not filled.
   64  000010a4  33e100ff	andi	r1,r31,#0x00ff
   65  000010a8  64210041	snei	r1,r1,#65
   66  000010ac  14200008	bnez	r1,L11_LF0
   67  000010b0  54000000	nop; not filled.
   68  000010b4          	L12_LF0:
   69  000010b4  20020001	addi	r2,r0,#1
   70  000010b8          	L11_LF0:
   71  000010b8  00020820	add	r1,r0,r2
   72  000010bc  8fa20000	lw	r2,0(r29)
   73  000010c0  8fdffff8	lw	r31,-8(r30)
   74  000010c4  001ee820	add	r29,r0,r30
   75  000010c8  8fdefffc	lw	r30,-4(r30)
   76  000010cc  4be00000	jr	r31
   77  000010d0  54000000	nop
   78  000010d4          	.endproc _isxdigit
   79  000010d4          	.data
   80  00003000          	.align 2
   81  00003000          	LC0_LF0:
   82  00003000  4342202d	.ascii "CB ---- Put %c in %d\n\000"
   82  00003004  2d2d2d20	
   82  00003008  50757420	
   82  0000300c  25632069	
   82  00003010  6e202564	
   82  00003014  0a00    	
   83  00003016          	.text
   84  000010d4          	.align 2
   85  000010d4          	.proc _put_item_cb
   86  000010d4          	.global _put_item_cb
   87  000010d4          	_put_item_cb:
   88                      ;  Function 'put_item_cb'; 0 bytes of locals, 4 regs to save.
   89  000010d4  afbefffc	sw	-4(r29),r30; push fp
   90  000010d8  001df020	add	r30,r0,r29; fp = sp
   91  000010dc  afbffff8	sw	-8(r29),r31; push ret addr
   92  000010e0  2fbd0018	subui	r29,r29,#24; alloc local storage
   93  000010e4  afa20000	sw	0(r29),r2
   94  000010e8  afa30004	sw	4(r29),r3
   95  000010ec  afa40008	sw	8(r29),r4
   96  000010f0  afa5000c	sw	12(r29),r5
   97  000010f4  83c20003	lb	r2,3(r30)
   98  000010f8  8fc30004	lw	r3,4(r30)
   99  000010fc  8c610000	lw	r1,(r3)
  100  00001100  00610820	add	r1,r3,r1
  101  00001104  a0220008	sb	8(r1),r2
  102  00001108  23bdfff0	addi	r29,r29,#-16
  103  0000110c  3c050000	lhi	r5,((LC0_LF0)>>16)&0xffff
  104  00001110  24a53000	addui	r5,r5,(LC0_LF0)&0xffff
  105  00001114  afa50000	sw	(r29),r5
  106  00001118  304100ff	andi	r1,r2,#0x00ff
  107  0000111c  afa10004	sw	4(r29),r1
  108  00001120  8c650000	lw	r5,(r3)
  109  00001124  afa50008	sw	8(r29),r5
  110  00001128  0c000ad4	jal	_Printf
  111  0000112c  54000000	nop; not filled.
  112  00001130  8c610000	lw	r1,(r3)
  113  00001134  20240001	addi	r4,r1,#1
  114  00001138  2001000a	addi	r1,r0,#10
  115  0000113c  00800035	movi2fp	f0,r4
  116  00001140  00200835	movi2fp	f1,r1
  117  00001144  0401000f	div	f0,f0,f1
  118  00001148  00001034	movfp2i	r2,f0
  119  0000114c  50410002	slli	r1,r2,#0x2
  120  00001150  00220820	add	r1,r1,r2
  121  00001154  50210001	slli	r1,r1,#0x1
  122  00001158  00810822	sub	r1,r4,r1
  123  0000115c  ac610000	sw	(r3),r1
  124  00001160  20010001	addi	r1,r0,#1
  125  00001164  23bd0010	addi	r29,r29,#16
  126  00001168  8fa20000	lw	r2,0(r29)
  127  0000116c  8fa30004	lw	r3,4(r29)
  128  00001170  8fa40008	lw	r4,8(r29)
  129  00001174  8fa5000c	lw	r5,12(r29)
  130  00001178  8fdffff8	lw	r31,-8(r30)
  131  0000117c  001ee820	add	r29,r0,r30
  132  00001180  8fdefffc	lw	r30,-4(r30)
  133  00001184  4be00000	jr	r31
  134  00001188  54000000	nop
  135  0000118c          	.endproc _put_item_cb
  136  0000118c          	.data
  137  00003016          	.align 2
  138  00003018          	LC1_LF0:
  139  00003018  4342202d	.ascii "CB ----  checking %c from %d\n\000"
  139  0000301c  2d2d2d20	
  139  00003020  20636865	
  139  00003024  636b696e	
  139  00003028  67202563	
  139  0000302c  2066726f	
  139  00003030  6d202564	
  139  00003034  0a00    	
  140  00003036          	.text
  141  0000118c          	.align 2
  142  0000118c          	.proc _check_item_cb
  143  0000118c          	.global _check_item_cb
  144  0000118c          	_check_item_cb:
  145                      ;  Function 'check_item_cb'; 0 bytes of locals, 3 regs to save.
  146  0000118c  afbefffc	sw	-4(r29),r30; push fp
  147  00001190  001df020	add	r30,r0,r29; fp = sp
  148  00001194  afbffff8	sw	-8(r29),r31; push ret addr
  149  00001198  2fbd0018	subui	r29,r29,#24; alloc local storage
  150  0000119c  afa20000	sw	0(r29),r2
  151  000011a0  afa30004	sw	4(r29),r3
  152  000011a4  afa40008	sw	8(r29),r4
  153  000011a8  8fc30000	lw	r3,(r30)
  154  000011ac  8fc20004	lw	r2,4(r30)
  155  000011b0  8c410004	lw	r1,4(r2)
  156  000011b4  00410820	add	r1,r2,r1
  157  000011b8  80210008	lb	r1,8(r1)
  158  000011bc  a0610000	sb	(r3),r1
  159  000011c0  23bdfff0	addi	r29,r29,#-16
  160  000011c4  3c040000	lhi	r4,((LC1_LF0)>>16)&0xffff
  161  000011c8  24843018	addui	r4,r4,(LC1_LF0)&0xffff
  162  000011cc  afa40000	sw	(r29),r4
  163  000011d0  90610000	lbu	r1,(r3)
  164  000011d4  afa10004	sw	4(r29),r1
  165  000011d8  8c420004	lw	r2,4(r2)
  166  000011dc  afa20008	sw	8(r29),r2
  167  000011e0  0c000a1c	jal	_Printf
  168  000011e4  54000000	nop; not filled.
  169  000011e8  20010001	addi	r1,r0,#1
  170  000011ec  23bd0010	addi	r29,r29,#16
  171  000011f0  8fa20000	lw	r2,0(r29)
  172  000011f4  8fa30004	lw	r3,4(r29)
  173  000011f8  8fa40008	lw	r4,8(r29)
  174  000011fc  8fdffff8	lw	r31,-8(r30)
  175  00001200  001ee820	add	r29,r0,r30
  176  00001204  8fdefffc	lw	r30,-4(r30)
  177  00001208  4be00000	jr	r31
  178  0000120c  54000000	nop
  179  00001210          	.endproc _check_item_cb
  180  00001210          	.data
  181  00003036          	.align 2
  182  00003038          	LC2_LF0:
  183  00003038  4342202d	.ascii "CB ----  Got %c from %d\n\000"
  183  0000303c  2d2d2d20	
  183  00003040  20476f74	
  183  00003044  20256320	
  183  00003048  66726f6d	
  183  0000304c  2025640a	
  183  00003050  00      	
  184  00003051          	.text
  185  00001210          	.align 2
  186  00001210          	.proc _get_item_cb
  187  00001210          	.global _get_item_cb
  188  00001210          	_get_item_cb:
  189                      ;  Function 'get_item_cb'; 0 bytes of locals, 4 regs to save.
  190  00001210  afbefffc	sw	-4(r29),r30; push fp
  191  00001214  001df020	add	r30,r0,r29; fp = sp
  192  00001218  afbffff8	sw	-8(r29),r31; push ret addr
  193  0000121c  2fbd0018	subui	r29,r29,#24; alloc local storage
  194  00001220  afa20000	sw	0(r29),r2
  195  00001224  afa30004	sw	4(r29),r3
  196  00001228  afa40008	sw	8(r29),r4
  197  0000122c  afa5000c	sw	12(r29),r5
  198  00001230  8fc20000	lw	r2,(r30)
  199  00001234  8fc30004	lw	r3,4(r30)
  200  00001238  8c610004	lw	r1,4(r3)
  201  0000123c  00610820	add	r1,r3,r1
  202  00001240  80210008	lb	r1,8(r1)
  203  00001244  a0410000	sb	(r2),r1
  204  00001248  23bdfff0	addi	r29,r29,#-16
  205  0000124c  3c050000	lhi	r5,((LC2_LF0)>>16)&0xffff
  206  00001250  24a53038	addui	r5,r5,(LC2_LF0)&0xffff
  207  00001254  afa50000	sw	(r29),r5
  208  00001258  90410000	lbu	r1,(r2)
  209  0000125c  afa10004	sw	4(r29),r1
  210  00001260  8c650004	lw	r5,4(r3)
  211  00001264  afa50008	sw	8(r29),r5
  212  00001268  0c000994	jal	_Printf
  213  0000126c  54000000	nop; not filled.
  214  00001270  8c610004	lw	r1,4(r3)
  215  00001274  20240001	addi	r4,r1,#1
  216  00001278  2001000a	addi	r1,r0,#10
  217  0000127c  00800035	movi2fp	f0,r4
  218  00001280  00200835	movi2fp	f1,r1
  219  00001284  0401000f	div	f0,f0,f1
  220  00001288  00001034	movfp2i	r2,f0
  221  0000128c  50410002	slli	r1,r2,#0x2
  222  00001290  00220820	add	r1,r1,r2
  223  00001294  50210001	slli	r1,r1,#0x1
  224  00001298  00810822	sub	r1,r4,r1
  225  0000129c  ac610004	sw	4(r3),r1
  226  000012a0  20010001	addi	r1,r0,#1
  227  000012a4  23bd0010	addi	r29,r29,#16
  228  000012a8  8fa20000	lw	r2,0(r29)
  229  000012ac  8fa30004	lw	r3,4(r29)
  230  000012b0  8fa40008	lw	r4,8(r29)
  231  000012b4  8fa5000c	lw	r5,12(r29)
  232  000012b8  8fdffff8	lw	r31,-8(r30)
  233  000012bc  001ee820	add	r29,r0,r30
  234  000012c0  8fdefffc	lw	r30,-4(r30)
  235  000012c4  4be00000	jr	r31
  236  000012c8  54000000	nop
  237  000012cc          	.endproc _get_item_cb
  238  000012cc          	.align 2
  239  000012cc          	.proc _is_full
  240  000012cc          	.global _is_full
  241  000012cc          	_is_full:
  242                      ;  Function 'is_full'; 0 bytes of locals, 3 regs to save.
  243  000012cc  afbefffc	sw	-4(r29),r30; push fp
  244  000012d0  001df020	add	r30,r0,r29; fp = sp
  245  000012d4  afbffff8	sw	-8(r29),r31; push ret addr
  246  000012d8  2fbd0018	subui	r29,r29,#24; alloc local storage
  247  000012dc  afa20000	sw	0(r29),r2
  248  000012e0  afa30004	sw	4(r29),r3
  249  000012e4  afa40008	sw	8(r29),r4
  250  000012e8  8fc40000	lw	r4,(r30)
  251  000012ec  8c810000	lw	r1,(r4)
  252  000012f0  20230001	addi	r3,r1,#1
  253  000012f4  2001000a	addi	r1,r0,#10
  254  000012f8  00600035	movi2fp	f0,r3
  255  000012fc  00200835	movi2fp	f1,r1
  256  00001300  0401000f	div	f0,f0,f1
  257  00001304  00001034	movfp2i	r2,f0
  258  00001308  50410002	slli	r1,r2,#0x2
  259  0000130c  00220820	add	r1,r1,r2
  260  00001310  50210001	slli	r1,r1,#0x1
  261  00001314  00611022	sub	r2,r3,r1
  262  00001318  8c810004	lw	r1,4(r4)
  263  0000131c  00411028	seq	r2,r2,r1
  264  00001320  20010001	addi	r1,r0,#1
  265  00001324  14400008	bnez	r2,L23_LF0
  266  00001328  54000000	nop; not filled.
  267  0000132c  20010000	addi	r1,r0,#0
  268  00001330          	L23_LF0:
  269  00001330  8fa20000	lw	r2,0(r29)
  270  00001334  8fa30004	lw	r3,4(r29)
  271  00001338  8fa40008	lw	r4,8(r29)
  272  0000133c  8fdffff8	lw	r31,-8(r30)
  273  00001340  001ee820	add	r29,r0,r30
  274  00001344  8fdefffc	lw	r30,-4(r30)
  275  00001348  4be00000	jr	r31
  276  0000134c  54000000	nop
  277  00001350          	.endproc _is_full
  278  00001350          	.align 2
  279  00001350          	.proc _is_empty
  280  00001350          	.global _is_empty
  281  00001350          	_is_empty:
  282                      ;  Function 'is_empty'; 0 bytes of locals, 1 regs to save.
  283  00001350  afbefffc	sw	-4(r29),r30; push fp
  284  00001354  001df020	add	r30,r0,r29; fp = sp
  285  00001358  afbffff8	sw	-8(r29),r31; push ret addr
  286  0000135c  2fbd0010	subui	r29,r29,#16; alloc local storage
  287  00001360  afa20000	sw	0(r29),r2
  288  00001364  8fc10000	lw	r1,(r30)
  289  00001368  8c220000	lw	r2,(r1)
  290  0000136c  8c210004	lw	r1,4(r1)
  291  00001370  00411028	seq	r2,r2,r1
  292  00001374  20010001	addi	r1,r0,#1
  293  00001378  14400008	bnez	r2,L30_LF0
  294  0000137c  54000000	nop; not filled.
  295  00001380  20010000	addi	r1,r0,#0
  296  00001384          	L30_LF0:
  297  00001384  8fa20000	lw	r2,0(r29)
  298  00001388  8fdffff8	lw	r31,-8(r30)
  299  0000138c  001ee820	add	r29,r0,r30
  300  00001390  8fdefffc	lw	r30,-4(r30)
  301  00001394  4be00000	jr	r31
  302  00001398  54000000	nop
  303  0000139c          	.endproc _is_empty
  304  0000139c          	.data
  305  00003051          	.align 2
  306  00003054          	LC3_LF0:
  307  00003054  43697263	.ascii "Circular Buffer Initiated\n\000"
  307  00003058  756c6172	
  307  0000305c  20427566	
  307  00003060  66657220	
  307  00003064  496e6974	
  307  00003068  69617465	
  307  0000306c  640a00  	
  308  0000306f          	.text
  309  0000139c          	.align 2
  310  0000139c          	.proc _init_cb
  311  0000139c          	.global _init_cb
  312  0000139c          	_init_cb:
  313                      ;  Function 'init_cb'; 0 bytes of locals, 1 regs to save.
  314  0000139c  afbefffc	sw	-4(r29),r30; push fp
  315  000013a0  001df020	add	r30,r0,r29; fp = sp
  316  000013a4  afbffff8	sw	-8(r29),r31; push ret addr
  317  000013a8  2fbd0010	subui	r29,r29,#16; alloc local storage
  318  000013ac  afa20000	sw	0(r29),r2
  319  000013b0  8fc10000	lw	r1,(r30)
  320  000013b4  20020000	addi	r2,r0,#0
  321  000013b8  ac220000	sw	(r1),r2
  322  000013bc  ac220004	sw	4(r1),r2
  323  000013c0  23bdfff8	addi	r29,r29,#-8
  324  000013c4  3c020000	lhi	r2,((LC3_LF0)>>16)&0xffff
  325  000013c8  24423054	addui	r2,r2,(LC3_LF0)&0xffff
  326  000013cc  afa20000	sw	(r29),r2
  327  000013d0  0c00082c	jal	_Printf
  328  000013d4  54000000	nop; not filled.
  329  000013d8  23bd0008	addi	r29,r29,#8
  330  000013dc  8fa20000	lw	r2,0(r29)
  331  000013e0  8fdffff8	lw	r31,-8(r30)
  332  000013e4  001ee820	add	r29,r0,r30
  333  000013e8  8fdefffc	lw	r30,-4(r30)
  334  000013ec  4be00000	jr	r31
  335  000013f0  54000000	nop
  336  000013f4          	.endproc _init_cb
  337  000013f4          	.data
  338  0000306f          	.align 2
  339  00003070          	LC4_LF0:
  340  00003070  20436972	.ascii " Circular Buffer =>  \000"
  340  00003074  63756c61	
  340  00003078  72204275	
  340  0000307c  66666572	
  340  00003080  203d3e20	
  340  00003084  2000    	
  341  00003086          	.align 2
  342  00003088          	LC5_LF0:
  343  00003088  256300  	.ascii "%c\000"
  344  0000308b          	.align 2
  345  0000308c          	LC6_LF0:
  346  0000308c  0a00    	.ascii "\n\000"
  347  0000308e          	.text
  348  000013f4          	.align 2
  349  000013f4          	.proc _Print_cb
  350  000013f4          	.global _Print_cb
  351  000013f4          	_Print_cb:
  352                      ;  Function 'Print_cb'; 0 bytes of locals, 6 regs to save.
  353  000013f4  afbefffc	sw	-4(r29),r30; push fp
  354  000013f8  001df020	add	r30,r0,r29; fp = sp
  355  000013fc  afbffff8	sw	-8(r29),r31; push ret addr
  356  00001400  2fbd0020	subui	r29,r29,#32; alloc local storage
  357  00001404  afa20000	sw	0(r29),r2
  358  00001408  afa30004	sw	4(r29),r3
  359  0000140c  afa40008	sw	8(r29),r4
  360  00001410  afa5000c	sw	12(r29),r5
  361  00001414  afa60010	sw	16(r29),r6
  362  00001418  afa70014	sw	20(r29),r7
  363  0000141c  8fc50000	lw	r5,(r30)
  364  00001420  23bdfff8	addi	r29,r29,#-8
  365  00001424  3c070000	lhi	r7,((LC4_LF0)>>16)&0xffff
  366  00001428  24e73070	addui	r7,r7,(LC4_LF0)&0xffff
  367  0000142c  afa70000	sw	(r29),r7
  368  00001430  0c0007cc	jal	_Printf
  369  00001434  54000000	nop; not filled.
  370  00001438  20040000	addi	r4,r0,#0
  371  0000143c  23bd0008	addi	r29,r29,#8
  372  00001440  2006000a	addi	r6,r0,#10
  373  00001444          	L45_LF0:
  374  00001444  23bdfff8	addi	r29,r29,#-8
  375  00001448  3c070000	lhi	r7,((LC5_LF0)>>16)&0xffff
  376  0000144c  24e73088	addui	r7,r7,(LC5_LF0)&0xffff
  377  00001450  afa70000	sw	(r29),r7
  378  00001454  8ca10004	lw	r1,4(r5)
  379  00001458  00811820	add	r3,r4,r1
  380  0000145c  00600035	movi2fp	f0,r3
  381  00001460  00c00835	movi2fp	f1,r6
  382  00001464  0401000f	div	f0,f0,f1
  383  00001468  00001034	movfp2i	r2,f0
  384  0000146c  50410002	slli	r1,r2,#0x2
  385  00001470  00220820	add	r1,r1,r2
  386  00001474  50210001	slli	r1,r1,#0x1
  387  00001478  00610822	sub	r1,r3,r1
  388  0000147c  00a10820	add	r1,r5,r1
  389  00001480  90210008	lbu	r1,8(r1)
  390  00001484  afa10004	sw	4(r29),r1
  391  00001488  0c000774	jal	_Printf
  392  0000148c  54000000	nop; not filled.
  393  00001490  23bd0008	addi	r29,r29,#8
  394  00001494  20840001	addi	r4,r4,#1
  395  00001498  70810009	slei	r1,r4,#9
  396  0000149c  1420ffa4	bnez	r1,L45_LF0
  397  000014a0  54000000	nop; not filled.
  398  000014a4  23bdfff8	addi	r29,r29,#-8
  399  000014a8  3c070000	lhi	r7,((LC6_LF0)>>16)&0xffff
  400  000014ac  24e7308c	addui	r7,r7,(LC6_LF0)&0xffff
  401  000014b0  afa70000	sw	(r29),r7
  402  000014b4  0c000748	jal	_Printf
  403  000014b8  54000000	nop; not filled.
  404  000014bc  23bd0008	addi	r29,r29,#8
  405  000014c0  8fa20000	lw	r2,0(r29)
  406  000014c4  8fa30004	lw	r3,4(r29)
  407  000014c8  8fa40008	lw	r4,8(r29)
  408  000014cc  8fa5000c	lw	r5,12(r29)
  409  000014d0  8fa60010	lw	r6,16(r29)
  410  000014d4  8fa70014	lw	r7,20(r29)
  411  000014d8  8fdffff8	lw	r31,-8(r30)
  412  000014dc  001ee820	add	r29,r0,r30
  413  000014e0  8fdefffc	lw	r30,-4(r30)
  414  000014e4  4be00000	jr	r31
  415  000014e8  54000000	nop
  416  000014ec          	.endproc _Print_cb
  417  000014ec          	.data
  418  0000308e          	.align 2
  419  00003090          	LC7_LF0:
  420  00003090  55736167	.ascii "Usage: \000"
  420  00003094  653a2000	
  421  00003098          	.align 2
  422  00003098          	LC8_LF0:
  423  00003098  203c6e75	.ascii " <number of processes to create>\n\000"
  423  0000309c  6d626572	
  423  000030a0  206f6620	
  423  000030a4  70726f63	
  423  000030a8  65737365	
  423  000030ac  7320746f	
  423  000030b0  20637265	
  423  000030b4  6174653e	
  423  000030b8  0a00    	
  424  000030ba          	.align 2
  425  000030bc          	LC9_LF0:
  426  000030bc  43726561	.ascii "Creating %d processes\n\000"
  426  000030c0  74696e67	
  426  000030c4  20256420	
  426  000030c8  70726f63	
  426  000030cc  65737365	
  426  000030d0  730a00  	
  427  000030d3          	.align 2
  428  000030d4          	LC10_LF0:
  429  000030d4  4552524f	.ascii "ERROR: could not allocate shared memory page in \000"
  429  000030d8  523a2063	
  429  000030dc  6f756c64	
  429  000030e0  206e6f74	
  429  000030e4  20616c6c	
  429  000030e8  6f636174	
  429  000030ec  65207368	
  429  000030f0  61726564	
  429  000030f4  206d656d	
  429  000030f8  6f727920	
  429  000030fc  70616765	
  429  00003100  20696e20	
  429  00003104  00      	
  430  00003105          	.align 2
  431  00003108          	LC11_LF0:
  432  00003108  2c206578	.ascii ", exiting...\n\000"
  432  0000310c  6974696e	
  432  00003110  672e2e2e	
  432  00003114  0a00    	
  433  00003116          	.align 2
  434  00003118          	LC12_LF0:
  435  00003118  436f756c	.ascii "Could not map the shared page to virtual address in \000"
  435  0000311c  64206e6f	
  435  00003120  74206d61	
  435  00003124  70207468	
  435  00003128  65207368	
  435  0000312c  61726564	
  435  00003130  20706167	
  435  00003134  6520746f	
  435  00003138  20766972	
  435  0000313c  7475616c	
  435  00003140  20616464	
  435  00003144  72657373	
  435  00003148  20696e20	
  435  0000314c  00      	
  436  0000314d          	.align 2
  437  00003150          	LC13_LF0:
  438  00003150  2c206578	.ascii ", exiting..\n\000"
  438  00003154  6974696e	
  438  00003158  672e2e0a	
  438  0000315c  00      	
  439  0000315d          	.align 2
  440  00003160          	LC14_LF0:
  441  00003160  685f6d65	.ascii "h_mem = %p \n\000"
  441  00003164  6d203d20	
  441  00003168  2570200a	
  441  0000316c  00      	
  442  0000316d          	.align 2
  443  00003170          	LC15_LF0:
  444  00003170  6d63203d	.ascii "mc = %p \n\000"
  444  00003174  20257020	
  444  00003178  0a00    	
  445  0000317a          	.align 2
  446  0000317c          	LC16_LF0:
  447  0000317c  266d632d	.ascii "&mc->numprocs = %p\n\000"
  447  00003180  3e6e756d	
  447  00003184  70726f63	
  447  00003188  73203d20	
  447  0000318c  25700a00	
  448  00003190          	.align 2
  449  00003190          	LC17_LF0:
  450  00003190  266d632d	.ascii "&mc->really_important_char = %p\n\000"
  450  00003194  3e726561	
  450  00003198  6c6c795f	
  450  0000319c  696d706f	
  450  000031a0  7274616e	
  450  000031a4  745f6368	
  450  000031a8  6172203d	
  450  000031ac  2025700a	
  450  000031b0  00      	
  451  000031b1          	.align 2
  452  000031b4          	LC18_LF0:
  453  000031b4  266d632d	.ascii "&mc->cb = %p\n\000"
  453  000031b8  3e636220	
  453  000031bc  3d202570	
  453  000031c0  0a00    	
  454  000031c2          	.align 2
  455  000031c4          	LC19_LF0:
  456  000031c4  6d632d3e	.ascii "mc->cb.head = %d\n\000"
  456  000031c8  63622e68	
  456  000031cc  65616420	
  456  000031d0  3d202564	
  456  000031d4  0a00    	
  457  000031d6          	.align 2
  458  000031d8          	LC20_LF0:
  459  000031d8  6d632d3e	.ascii "mc->cb.tail = %d\n\000"
  459  000031dc  63622e74	
  459  000031e0  61696c20	
  459  000031e4  3d202564	
  459  000031e8  0a00    	
  460  000031ea          	.align 2
  461  000031ec          	LC21_LF0:
  462  000031ec  6d632d3e	.ascii "mc->cb.buffer = %d\n\000"
  462  000031f0  63622e62	
  462  000031f4  75666665	
  462  000031f8  72203d20	
  462  000031fc  25640a00	
  463  00003200          	.align 2
  464  00003200          	LC22_LF0:
  465  00003200  42616420	.ascii "Bad sem_create in \000"
  465  00003204  73656d5f	
  465  00003208  63726561	
  465  0000320c  74652069	
  465  00003210  6e2000  	
  466  00003213          	.align 2
  467  00003214          	LC23_LF0:
  468  00003214  4c6f636b	.ascii "Lock Not Implemented \000"
  468  00003218  204e6f74	
  468  0000321c  20496d70	
  468  00003220  6c656d65	
  468  00003224  6e746564	
  468  00003228  2000    	
  469  0000322a          	.align 2
  470  0000322c          	LC24_LF0:
  471  0000322c  70726f64	.ascii "producer.dlx.obj\000"
  471  00003230  75636572	
  471  00003234  2e646c78	
  471  00003238  2e6f626a	
  471  0000323c  00      	
  472  0000323d          	.align 2
  473  00003240          	LC25_LF0:
  474  00003240  50524f44	.ascii "PRODUCER Process %d created\n\000"
  474  00003244  55434552	
  474  00003248  2050726f	
  474  0000324c  63657373	
  474  00003250  20256420	
  474  00003254  63726561	
  474  00003258  7465640a	
  474  0000325c  00      	
  475  0000325d          	.align 2
  476  00003260          	LC26_LF0:
  477  00003260  636f6e73	.ascii "consumer.dlx.obj\000"
  477  00003264  756d6572	
  477  00003268  2e646c78	
  477  0000326c  2e6f626a	
  477  00003270  00      	
  478  00003271          	.align 2
  479  00003274          	LC27_LF0:
  480  00003274  434f4e53	.ascii "CONSUMER Process %d created\n\000"
  480  00003278  554d4552	
  480  0000327c  2050726f	
  480  00003280  63657373	
  480  00003284  20256420	
  480  00003288  63726561	
  480  0000328c  7465640a	
  480  00003290  00      	
  481  00003291          	.align 2
  482  00003294          	LC28_LF0:
  483  00003294  42616420	.ascii "Bad semaphore s_procs_completed (%d) in \000"
  483  00003298  73656d61	
  483  0000329c  70686f72	
  483  000032a0  6520735f	
  483  000032a4  70726f63	
  483  000032a8  735f636f	
  483  000032ac  6d706c65	
  483  000032b0  74656420	
  483  000032b4  28256429	
  483  000032b8  20696e20	
  483  000032bc  00      	
  484  000032bd          	.align 2
  485  000032c0          	LC29_LF0:
  486  000032c0  416c6c20	.ascii "All other processes completed, exiting main process.\n\000"
  486  000032c4  6f746865	
  486  000032c8  72207072	
  486  000032cc  6f636573	
  486  000032d0  73657320	
  486  000032d4  636f6d70	
  486  000032d8  6c657465	
  486  000032dc  642c2065	
  486  000032e0  78697469	
  486  000032e4  6e67206d	
  486  000032e8  61696e20	
  486  000032ec  70726f63	
  486  000032f0  6573732e	
  486  000032f4  0a00    	
  487  000032f6          	.text
  488  000014ec          	.align 2
  489  000014ec          	.proc _main
  490  000014ec          	.global _main
  491  000014ec          	_main:
  492                      ;  Function 'main'; 80 bytes of locals, 0 regs to save.
  493  000014ec  afbefffc	sw	-4(r29),r30; push fp
  494  000014f0  001df020	add	r30,r0,r29; fp = sp
  495  000014f4  afbffff8	sw	-8(r29),r31; push ret addr
  496  000014f8  2fbd0058	subui	r29,r29,#88; alloc local storage
  497  000014fc  8fc20000	lw	r2,(r30)
  498  00001500  8fca0004	lw	r10,4(r30)
  499  00001504  0c0014f4	jal	___main
  500  00001508  54000000	nop; not filled.
  501  0000150c  64410002	snei	r1,r2,#2
  502  00001510  1020004c	beqz	r1,L48_LF0
  503  00001514  54000000	nop; not filled.
  504  00001518  23bdfff8	addi	r29,r29,#-8
  505  0000151c  3c0b0000	lhi	r11,((LC7_LF0)>>16)&0xffff
  506  00001520  256b3090	addui	r11,r11,(LC7_LF0)&0xffff
  507  00001524  afab0000	sw	(r29),r11
  508  00001528  0c0006d4	jal	_Printf
  509  0000152c  54000000	nop; not filled.
  510  00001530  8d4b0000	lw	r11,(r10)
  511  00001534  afab0000	sw	(r29),r11
  512  00001538  0c0006c4	jal	_Printf
  513  0000153c  54000000	nop; not filled.
  514  00001540  3c0b0000	lhi	r11,((LC8_LF0)>>16)&0xffff
  515  00001544  256b3098	addui	r11,r11,(LC8_LF0)&0xffff
  516  00001548  afab0000	sw	(r29),r11
  517  0000154c  0c0006b0	jal	_Printf
  518  00001550  54000000	nop; not filled.
  519  00001554  0c000750	jal	_Exit
  520  00001558  54000000	nop; not filled.
  521  0000155c  23bd0008	addi	r29,r29,#8
  522  00001560          	L48_LF0:
  523  00001560  23bdfff0	addi	r29,r29,#-16
  524  00001564  8d4b0004	lw	r11,4(r10)
  525  00001568  afab0000	sw	(r29),r11
  526  0000156c  200b0000	addi	r11,r0,#0
  527  00001570  afab0004	sw	4(r29),r11
  528  00001574  200b000a	addi	r11,r0,#10
  529  00001578  afab0008	sw	8(r29),r11
  530  0000157c  0c000fd4	jal	_dstrtol
  531  00001580  54000000	nop; not filled.
  532  00001584  00014020	add	r8,r0,r1
  533  00001588  3c0b0000	lhi	r11,((LC9_LF0)>>16)&0xffff
  534  0000158c  256b30bc	addui	r11,r11,(LC9_LF0)&0xffff
  535  00001590  afab0000	sw	(r29),r11
  536  00001594  afa80004	sw	4(r29),r8
  537  00001598  0c000664	jal	_Printf
  538  0000159c  54000000	nop; not filled.
  539  000015a0  0c000680	jal	_shmget
  540  000015a4  54000000	nop; not filled.
  541  000015a8  00012020	add	r4,r0,r1
  542  000015ac  23bd0010	addi	r29,r29,#16
  543  000015b0  64810000	snei	r1,r4,#0
  544  000015b4  1420004c	bnez	r1,L49_LF0
  545  000015b8  54000000	nop; not filled.
  546  000015bc  23bdfff8	addi	r29,r29,#-8
  547  000015c0  3c0b0000	lhi	r11,((LC10_LF0)>>16)&0xffff
  548  000015c4  256b30d4	addui	r11,r11,(LC10_LF0)&0xffff
  549  000015c8  afab0000	sw	(r29),r11
  550  000015cc  0c000630	jal	_Printf
  551  000015d0  54000000	nop; not filled.
  552  000015d4  8d4b0000	lw	r11,(r10)
  553  000015d8  afab0000	sw	(r29),r11
  554  000015dc  0c000620	jal	_Printf
  555  000015e0  54000000	nop; not filled.
  556  000015e4  3c0b0000	lhi	r11,((LC11_LF0)>>16)&0xffff
  557  000015e8  256b3108	addui	r11,r11,(LC11_LF0)&0xffff
  558  000015ec  afab0000	sw	(r29),r11
  559  000015f0  0c00060c	jal	_Printf
  560  000015f4  54000000	nop; not filled.
  561  000015f8  0c0006ac	jal	_Exit
  562  000015fc  54000000	nop; not filled.
  563  00001600  23bd0008	addi	r29,r29,#8
  564  00001604          	L49_LF0:
  565  00001604  23bdfff8	addi	r29,r29,#-8
  566  00001608  afa40000	sw	(r29),r4
  567  0000160c  0c000620	jal	_shmat
  568  00001610  54000000	nop; not filled.
  569  00001614  00011820	add	r3,r0,r1
  570  00001618  23bd0008	addi	r29,r29,#8
  571  0000161c  64610000	snei	r1,r3,#0
  572  00001620  1420004c	bnez	r1,L50_LF0
  573  00001624  54000000	nop; not filled.
  574  00001628  23bdfff8	addi	r29,r29,#-8
  575  0000162c  3c0b0000	lhi	r11,((LC12_LF0)>>16)&0xffff
  576  00001630  256b3118	addui	r11,r11,(LC12_LF0)&0xffff
  577  00001634  afab0000	sw	(r29),r11
  578  00001638  0c0005c4	jal	_Printf
  579  0000163c  54000000	nop; not filled.
  580  00001640  8d4b0000	lw	r11,(r10)
  581  00001644  afab0000	sw	(r29),r11
  582  00001648  0c0005b4	jal	_Printf
  583  0000164c  54000000	nop; not filled.
  584  00001650  3c0b0000	lhi	r11,((LC13_LF0)>>16)&0xffff
  585  00001654  256b3150	addui	r11,r11,(LC13_LF0)&0xffff
  586  00001658  afab0000	sw	(r29),r11
  587  0000165c  0c0005a0	jal	_Printf
  588  00001660  54000000	nop; not filled.
  589  00001664  0c000640	jal	_Exit
  590  00001668  54000000	nop; not filled.
  591  0000166c  23bd0008	addi	r29,r29,#8
  592  00001670          	L50_LF0:
  593  00001670  23bdfff8	addi	r29,r29,#-8
  594  00001674  3c0b0000	lhi	r11,((LC14_LF0)>>16)&0xffff
  595  00001678  256b3160	addui	r11,r11,(LC14_LF0)&0xffff
  596  0000167c  afab0000	sw	(r29),r11
  597  00001680  afa40004	sw	4(r29),r4
  598  00001684  0c000578	jal	_Printf
  599  00001688  54000000	nop; not filled.
  600  0000168c  3c0b0000	lhi	r11,((LC15_LF0)>>16)&0xffff
  601  00001690  256b3170	addui	r11,r11,(LC15_LF0)&0xffff
  602  00001694  afab0000	sw	(r29),r11
  603  00001698  afa30004	sw	4(r29),r3
  604  0000169c  0c000560	jal	_Printf
  605  000016a0  54000000	nop; not filled.
  606  000016a4  ac680000	sw	(r3),r8
  607  000016a8  200b0041	addi	r11,r0,(#0x41)&0xff
  608  000016ac  a06b0004	sb	4(r3),r11
  609  000016b0  3c0b0000	lhi	r11,((LC16_LF0)>>16)&0xffff
  610  000016b4  256b317c	addui	r11,r11,(LC16_LF0)&0xffff
  611  000016b8  afab0000	sw	(r29),r11
  612  000016bc  afa30004	sw	4(r29),r3
  613  000016c0  0c00053c	jal	_Printf
  614  000016c4  54000000	nop; not filled.
  615  000016c8  3c0b0000	lhi	r11,((LC17_LF0)>>16)&0xffff
  616  000016cc  256b3190	addui	r11,r11,(LC17_LF0)&0xffff
  617  000016d0  afab0000	sw	(r29),r11
  618  000016d4  20610004	addi	r1,r3,#4
  619  000016d8  afa10004	sw	4(r29),r1
  620  000016dc  0c000520	jal	_Printf
  621  000016e0  54000000	nop; not filled.
  622  000016e4  20620008	addi	r2,r3,#8
  623  000016e8  23bd0008	addi	r29,r29,#8
  624  000016ec  200b0000	addi	r11,r0,#0
  625  000016f0  ac4b0000	sw	(r2),r11
  626  000016f4  ac6b000c	sw	12(r3),r11
  627  000016f8  23bdfff8	addi	r29,r29,#-8
  628  000016fc  3c0b0000	lhi	r11,((LC3_LF0)>>16)&0xffff
  629  00001700  256b3054	addui	r11,r11,(LC3_LF0)&0xffff
  630  00001704  afab0000	sw	(r29),r11
  631  00001708  0c0004f4	jal	_Printf
  632  0000170c  54000000	nop; not filled.
  633  00001710  23bd0008	addi	r29,r29,#8
  634  00001714  23bdfff8	addi	r29,r29,#-8
  635  00001718  3c0b0000	lhi	r11,((LC18_LF0)>>16)&0xffff
  636  0000171c  256b31b4	addui	r11,r11,(LC18_LF0)&0xffff
  637  00001720  afab0000	sw	(r29),r11
  638  00001724  afa20004	sw	4(r29),r2
  639  00001728  0c0004d4	jal	_Printf
  640  0000172c  54000000	nop; not filled.
  641  00001730  3c0b0000	lhi	r11,((LC19_LF0)>>16)&0xffff
  642  00001734  256b31c4	addui	r11,r11,(LC19_LF0)&0xffff
  643  00001738  afab0000	sw	(r29),r11
  644  0000173c  8c410000	lw	r1,(r2)
  645  00001740  afa10004	sw	4(r29),r1
  646  00001744  0c0004b8	jal	_Printf
  647  00001748  54000000	nop; not filled.
  648  0000174c  3c0b0000	lhi	r11,((LC20_LF0)>>16)&0xffff
  649  00001750  256b31d8	addui	r11,r11,(LC20_LF0)&0xffff
  650  00001754  afab0000	sw	(r29),r11
  651  00001758  8c61000c	lw	r1,12(r3)
  652  0000175c  afa10004	sw	4(r29),r1
  653  00001760  0c00049c	jal	_Printf
  654  00001764  54000000	nop; not filled.
  655  00001768  3c0b0000	lhi	r11,((LC21_LF0)>>16)&0xffff
  656  0000176c  256b31ec	addui	r11,r11,(LC21_LF0)&0xffff
  657  00001770  afab0000	sw	(r29),r11
  658  00001774  90610010	lbu	r1,16(r3)
  659  00001778  afa10004	sw	4(r29),r1
  660  0000177c  0c000480	jal	_Printf
  661  00001780  54000000	nop; not filled.
  662  00001784  51020001	slli	r2,r8,#0x1
  663  00001788  20010001	addi	r1,r0,#1
  664  0000178c  00220822	sub	r1,r1,r2
  665  00001790  afa10000	sw	(r29),r1
  666  00001794  0c0004a4	jal	_sem_create
  667  00001798  54000000	nop; not filled.
  668  0000179c  00014820	add	r9,r0,r1
  669  000017a0  23bd0008	addi	r29,r29,#8
  670  000017a4  6121ffff	seqi	r1,r9,#-1
  671  000017a8  1020004c	beqz	r1,L52_LF0
  672  000017ac  54000000	nop; not filled.
  673  000017b0  23bdfff8	addi	r29,r29,#-8
  674  000017b4  3c0b0000	lhi	r11,((LC22_LF0)>>16)&0xffff
  675  000017b8  256b3200	addui	r11,r11,(LC22_LF0)&0xffff
  676  000017bc  afab0000	sw	(r29),r11
  677  000017c0  0c00043c	jal	_Printf
  678  000017c4  54000000	nop; not filled.
  679  000017c8  8d4b0000	lw	r11,(r10)
  680  000017cc  afab0000	sw	(r29),r11
  681  000017d0  0c00042c	jal	_Printf
  682  000017d4  54000000	nop; not filled.
  683  000017d8  3c0b0000	lhi	r11,((LC6_LF0)>>16)&0xffff
  684  000017dc  256b308c	addui	r11,r11,(LC6_LF0)&0xffff
  685  000017e0  afab0000	sw	(r29),r11
  686  000017e4  0c000418	jal	_Printf
  687  000017e8  54000000	nop; not filled.
  688  000017ec  0c0004b8	jal	_Exit
  689  000017f0  54000000	nop; not filled.
  690  000017f4  23bd0008	addi	r29,r29,#8
  691  000017f8          	L52_LF0:
  692  000017f8  23bdfff8	addi	r29,r29,#-8
  693  000017fc  200b0000	addi	r11,r0,#0
  694  00001800  afab0000	sw	(r29),r11
  695  00001804  0c000434	jal	_sem_create
  696  00001808  54000000	nop; not filled.
  697  0000180c  00011820	add	r3,r0,r1
  698  00001810  23bd0008	addi	r29,r29,#8
  699  00001814  6061ffff	seqi	r1,r3,#-1
  700  00001818  1020004c	beqz	r1,L53_LF0
  701  0000181c  54000000	nop; not filled.
  702  00001820  23bdfff8	addi	r29,r29,#-8
  703  00001824  3c0b0000	lhi	r11,((LC22_LF0)>>16)&0xffff
  704  00001828  256b3200	addui	r11,r11,(LC22_LF0)&0xffff
  705  0000182c  afab0000	sw	(r29),r11
  706  00001830  0c0003cc	jal	_Printf
  707  00001834  54000000	nop; not filled.
  708  00001838  8d4b0000	lw	r11,(r10)
  709  0000183c  afab0000	sw	(r29),r11
  710  00001840  0c0003bc	jal	_Printf
  711  00001844  54000000	nop; not filled.
  712  00001848  3c0b0000	lhi	r11,((LC6_LF0)>>16)&0xffff
  713  0000184c  256b308c	addui	r11,r11,(LC6_LF0)&0xffff
  714  00001850  afab0000	sw	(r29),r11
  715  00001854  0c0003a8	jal	_Printf
  716  00001858  54000000	nop; not filled.
  717  0000185c  0c000448	jal	_Exit
  718  00001860  54000000	nop; not filled.
  719  00001864  23bd0008	addi	r29,r29,#8
  720  00001868          	L53_LF0:
  721  00001868  23bdfff8	addi	r29,r29,#-8
  722  0000186c  200b000a	addi	r11,r0,#10
  723  00001870  afab0000	sw	(r29),r11
  724  00001874  0c0003c4	jal	_sem_create
  725  00001878  54000000	nop; not filled.
  726  0000187c  00013820	add	r7,r0,r1
  727  00001880  23bd0008	addi	r29,r29,#8
  728  00001884  60e1ffff	seqi	r1,r7,#-1
  729  00001888  1020004c	beqz	r1,L54_LF0
  730  0000188c  54000000	nop; not filled.
  731  00001890  23bdfff8	addi	r29,r29,#-8
  732  00001894  3c0b0000	lhi	r11,((LC22_LF0)>>16)&0xffff
  733  00001898  256b3200	addui	r11,r11,(LC22_LF0)&0xffff
  734  0000189c  afab0000	sw	(r29),r11
  735  000018a0  0c00035c	jal	_Printf
  736  000018a4  54000000	nop; not filled.
  737  000018a8  8d4b0000	lw	r11,(r10)
  738  000018ac  afab0000	sw	(r29),r11
  739  000018b0  0c00034c	jal	_Printf
  740  000018b4  54000000	nop; not filled.
  741  000018b8  3c0b0000	lhi	r11,((LC6_LF0)>>16)&0xffff
  742  000018bc  256b308c	addui	r11,r11,(LC6_LF0)&0xffff
  743  000018c0  afab0000	sw	(r29),r11
  744  000018c4  0c000338	jal	_Printf
  745  000018c8  54000000	nop; not filled.
  746  000018cc  0c0003d8	jal	_Exit
  747  000018d0  54000000	nop; not filled.
  748  000018d4  23bd0008	addi	r29,r29,#8
  749  000018d8          	L54_LF0:
  750  000018d8  0c000384	jal	_lock_create
  751  000018dc  54000000	nop; not filled.
  752  000018e0  00011020	add	r2,r0,r1
  753  000018e4  6041ffff	seqi	r1,r2,#-1
  754  000018e8  1020004c	beqz	r1,L55_LF0
  755  000018ec  54000000	nop; not filled.
  756  000018f0  23bdfff8	addi	r29,r29,#-8
  757  000018f4  3c0b0000	lhi	r11,((LC23_LF0)>>16)&0xffff
  758  000018f8  256b3214	addui	r11,r11,(LC23_LF0)&0xffff
  759  000018fc  afab0000	sw	(r29),r11
  760  00001900  0c0002fc	jal	_Printf
  761  00001904  54000000	nop; not filled.
  762  00001908  8d4b0000	lw	r11,(r10)
  763  0000190c  afab0000	sw	(r29),r11
  764  00001910  0c0002ec	jal	_Printf
  765  00001914  54000000	nop; not filled.
  766  00001918  3c0b0000	lhi	r11,((LC6_LF0)>>16)&0xffff
  767  0000191c  256b308c	addui	r11,r11,(LC6_LF0)&0xffff
  768  00001920  afab0000	sw	(r29),r11
  769  00001924  0c0002d8	jal	_Printf
  770  00001928  54000000	nop; not filled.
  771  0000192c  0c000378	jal	_Exit
  772  00001930  54000000	nop; not filled.
  773  00001934  23bd0008	addi	r29,r29,#8
  774  00001938          	L55_LF0:
  775  00001938  23bdfff8	addi	r29,r29,#-8
  776  0000193c  afa40000	sw	(r29),r4
  777  00001940  23c6ffe8	addi	r6,r30,#-24
  778  00001944  afa60004	sw	4(r29),r6
  779  00001948  0c000a7c	jal	_ditoa
  780  0000194c  54000000	nop; not filled.
  781  00001950  afa90000	sw	(r29),r9
  782  00001954  23c5ffd8	addi	r5,r30,#-40
  783  00001958  afa50004	sw	4(r29),r5
  784  0000195c  0c000a68	jal	_ditoa
  785  00001960  54000000	nop; not filled.
  786  00001964  afa20000	sw	(r29),r2
  787  00001968  23c4ffc8	addi	r4,r30,#-56
  788  0000196c  afa40004	sw	4(r29),r4
  789  00001970  0c000a54	jal	_ditoa
  790  00001974  54000000	nop; not filled.
  791  00001978  afa30000	sw	(r29),r3
  792  0000197c  23c3ffb8	addi	r3,r30,#-72
  793  00001980  afa30004	sw	4(r29),r3
  794  00001984  0c000a40	jal	_ditoa
  795  00001988  54000000	nop; not filled.
  796  0000198c  afa70000	sw	(r29),r7
  797  00001990  23c2ffa8	addi	r2,r30,#-88
  798  00001994  afa20004	sw	4(r29),r2
  799  00001998  0c000a2c	jal	_ditoa
  800  0000199c  54000000	nop; not filled.
  801  000019a0  20070000	addi	r7,r0,#0
  802  000019a4  23bd0008	addi	r29,r29,#8
  803  000019a8          	L59_LF0:
  804  000019a8  23bdffe0	addi	r29,r29,#-32
  805  000019ac  3c0b0000	lhi	r11,((LC24_LF0)>>16)&0xffff
  806  000019b0  256b322c	addui	r11,r11,(LC24_LF0)&0xffff
  807  000019b4  afab0000	sw	(r29),r11
  808  000019b8  afa60004	sw	4(r29),r6
  809  000019bc  afa50008	sw	8(r29),r5
  810  000019c0  afa4000c	sw	12(r29),r4
  811  000019c4  afa30010	sw	16(r29),r3
  812  000019c8  afa20014	sw	20(r29),r2
  813  000019cc  200b0000	addi	r11,r0,#0
  814  000019d0  afab0018	sw	24(r29),r11
  815  000019d4  0c000240	jal	_process_create
  816  000019d8  54000000	nop; not filled.
  817  000019dc  23bd0020	addi	r29,r29,#32
  818  000019e0  23bdfff8	addi	r29,r29,#-8
  819  000019e4  3c0b0000	lhi	r11,((LC25_LF0)>>16)&0xffff
  820  000019e8  256b3240	addui	r11,r11,(LC25_LF0)&0xffff
  821  000019ec  afab0000	sw	(r29),r11
  822  000019f0  afa70004	sw	4(r29),r7
  823  000019f4  0c000208	jal	_Printf
  824  000019f8  54000000	nop; not filled.
  825  000019fc  23bd0008	addi	r29,r29,#8
  826  00001a00  20e70001	addi	r7,r7,#1
  827  00001a04  70e10000	slei	r1,r7,#0
  828  00001a08  1420ff9c	bnez	r1,L59_LF0
  829  00001a0c  54000000	nop; not filled.
  830  00001a10  20070000	addi	r7,r0,#0
  831  00001a14  00e8082a	slt	r1,r7,r8
  832  00001a18  10200080	beqz	r1,L62_LF0
  833  00001a1c  54000000	nop; not filled.
  834  00001a20  23c6ffe8	addi	r6,r30,#-24
  835  00001a24  23c5ffd8	addi	r5,r30,#-40
  836  00001a28  23c4ffc8	addi	r4,r30,#-56
  837  00001a2c  23c3ffb8	addi	r3,r30,#-72
  838  00001a30  23c2ffa8	addi	r2,r30,#-88
  839  00001a34          	L64_LF0:
  840  00001a34  23bdffe0	addi	r29,r29,#-32
  841  00001a38  3c0b0000	lhi	r11,((LC26_LF0)>>16)&0xffff
  842  00001a3c  256b3260	addui	r11,r11,(LC26_LF0)&0xffff
  843  00001a40  afab0000	sw	(r29),r11
  844  00001a44  afa60004	sw	4(r29),r6
  845  00001a48  afa50008	sw	8(r29),r5
  846  00001a4c  afa4000c	sw	12(r29),r4
  847  00001a50  afa30010	sw	16(r29),r3
  848  00001a54  afa20014	sw	20(r29),r2
  849  00001a58  200b0000	addi	r11,r0,#0
  850  00001a5c  afab0018	sw	24(r29),r11
  851  00001a60  0c0001b4	jal	_process_create
  852  00001a64  54000000	nop; not filled.
  853  00001a68  23bd0020	addi	r29,r29,#32
  854  00001a6c  23bdfff8	addi	r29,r29,#-8
  855  00001a70  3c0b0000	lhi	r11,((LC27_LF0)>>16)&0xffff
  856  00001a74  256b3274	addui	r11,r11,(LC27_LF0)&0xffff
  857  00001a78  afab0000	sw	(r29),r11
  858  00001a7c  afa70004	sw	4(r29),r7
  859  00001a80  0c00017c	jal	_Printf
  860  00001a84  54000000	nop; not filled.
  861  00001a88  23bd0008	addi	r29,r29,#8
  862  00001a8c  20e70001	addi	r7,r7,#1
  863  00001a90  00e8082a	slt	r1,r7,r8
  864  00001a94  1420ff9c	bnez	r1,L64_LF0
  865  00001a98  54000000	nop; not filled.
  866  00001a9c          	L62_LF0:
  867  00001a9c  20070001	addi	r7,r0,#1
  868  00001aa0  00e8082a	slt	r1,r7,r8
  869  00001aa4  10200080	beqz	r1,L67_LF0
  870  00001aa8  54000000	nop; not filled.
  871  00001aac  23c6ffe8	addi	r6,r30,#-24
  872  00001ab0  23c5ffd8	addi	r5,r30,#-40
  873  00001ab4  23c4ffc8	addi	r4,r30,#-56
  874  00001ab8  23c3ffb8	addi	r3,r30,#-72
  875  00001abc  23c2ffa8	addi	r2,r30,#-88
  876  00001ac0          	L69_LF0:
  877  00001ac0  23bdffe0	addi	r29,r29,#-32
  878  00001ac4  3c0b0000	lhi	r11,((LC24_LF0)>>16)&0xffff
  879  00001ac8  256b322c	addui	r11,r11,(LC24_LF0)&0xffff
  880  00001acc  afab0000	sw	(r29),r11
  881  00001ad0  afa60004	sw	4(r29),r6
  882  00001ad4  afa50008	sw	8(r29),r5
  883  00001ad8  afa4000c	sw	12(r29),r4
  884  00001adc  afa30010	sw	16(r29),r3
  885  00001ae0  afa20014	sw	20(r29),r2
  886  00001ae4  200b0000	addi	r11,r0,#0
  887  00001ae8  afab0018	sw	24(r29),r11
  888  00001aec  0c000128	jal	_process_create
  889  00001af0  54000000	nop; not filled.
  890  00001af4  23bd0020	addi	r29,r29,#32
  891  00001af8  23bdfff8	addi	r29,r29,#-8
  892  00001afc  3c0b0000	lhi	r11,((LC25_LF0)>>16)&0xffff
  893  00001b00  256b3240	addui	r11,r11,(LC25_LF0)&0xffff
  894  00001b04  afab0000	sw	(r29),r11
  895  00001b08  afa70004	sw	4(r29),r7
  896  00001b0c  0c0000f0	jal	_Printf
  897  00001b10  54000000	nop; not filled.
  898  00001b14  23bd0008	addi	r29,r29,#8
  899  00001b18  20e70001	addi	r7,r7,#1
  900  00001b1c  00e8082a	slt	r1,r7,r8
  901  00001b20  1420ff9c	bnez	r1,L69_LF0
  902  00001b24  54000000	nop; not filled.
  903  00001b28          	L67_LF0:
  904  00001b28  23bdfff8	addi	r29,r29,#-8
  905  00001b2c  afa90000	sw	(r29),r9
  906  00001b30  0c000114	jal	_sem_wait
  907  00001b34  54000000	nop; not filled.
  908  00001b38  23bd0008	addi	r29,r29,#8
  909  00001b3c  64210001	snei	r1,r1,#1
  910  00001b40  10200050	beqz	r1,L71_LF0
  911  00001b44  54000000	nop; not filled.
  912  00001b48  23bdfff8	addi	r29,r29,#-8
  913  00001b4c  3c0b0000	lhi	r11,((LC28_LF0)>>16)&0xffff
  914  00001b50  256b3294	addui	r11,r11,(LC28_LF0)&0xffff
  915  00001b54  afab0000	sw	(r29),r11
  916  00001b58  afa90004	sw	4(r29),r9
  917  00001b5c  0c0000a0	jal	_Printf
  918  00001b60  54000000	nop; not filled.
  919  00001b64  8d4a0000	lw	r10,(r10)
  920  00001b68  afaa0000	sw	(r29),r10
  921  00001b6c  0c000090	jal	_Printf
  922  00001b70  54000000	nop; not filled.
  923  00001b74  3c0b0000	lhi	r11,((LC6_LF0)>>16)&0xffff
  924  00001b78  256b308c	addui	r11,r11,(LC6_LF0)&0xffff
  925  00001b7c  afab0000	sw	(r29),r11
  926  00001b80  0c00007c	jal	_Printf
  927  00001b84  54000000	nop; not filled.
  928  00001b88  0c00011c	jal	_Exit
  929  00001b8c  54000000	nop; not filled.
  930  00001b90  23bd0008	addi	r29,r29,#8
  931  00001b94          	L71_LF0:
  932  00001b94  23bdfff8	addi	r29,r29,#-8
  933  00001b98  3c0b0000	lhi	r11,((LC29_LF0)>>16)&0xffff
  934  00001b9c  256b32c0	addui	r11,r11,(LC29_LF0)&0xffff
  935  00001ba0  afab0000	sw	(r29),r11
  936  00001ba4  0c000058	jal	_Printf
  937  00001ba8  54000000	nop; not filled.
  938  00001bac  23bd0008	addi	r29,r29,#8
  939  00001bb0  0c000e3c	jal	_exit
  940  00001bb4  54000000	nop
  941  00001bb8          	.endproc _main
  942                      ;;;
  943                      ;;; Stub functions for DLX traps.
  944                      ;;;
  945                      ;;; Ethan L. Miller, 1999.  Released to the public domain.
  946                      ;;;
  947                      ;;; The traps such as Open and Close
  948                      ;;; (note the capital letters) are for use by user programs.  The traps
  949                      ;;; with names such as open and close (lower case) are for use by the OS.
  950                      ;;;
  953  00001bb8          	.align 2
  955                      ;;; The following are the traps to be used by user-level programs
  956                      ;;;
  958  00001bb8          	.align 2
  959  00001bb8          	.proc _Open
  960  00001bb8          	.global _Open
  961  00001bb8          	_Open:
  962                      ;;; Note that trap #0x213 actually causes a trap vector in the OS of
  963                      ;;; 0x1213.  The same is true for other user traps.  Thus, a user trap
  964                      ;;; with trap #0x240 will result in a trap vector of 0x1240 in the OS.
  965  00001bb8  44000213	trap	#0x213
  966  00001bbc  4be00000	jr	r31
  967  00001bc0  54000000	nop
  968  00001bc4          	.endproc _Open
  970  00001bc4          	.proc _Close
  971  00001bc4          	.global _Close
  972  00001bc4          	_Close:
  973  00001bc4  44000214	trap	#0x214
  974  00001bc8  4be00000	jr	r31
  975  00001bcc  54000000	nop
  976  00001bd0          	.endproc _Close
  978  00001bd0          	.proc _Read
  979  00001bd0          	.global _Read
  980  00001bd0          	_Read:
  981  00001bd0  44000210	trap	#0x210
  982  00001bd4  4be00000	jr	r31
  983  00001bd8  54000000	nop
  984  00001bdc          	.endproc _Read
  986  00001bdc          	.proc _Write
  987  00001bdc          	.global _Write
  988  00001bdc          	_Write:
  989  00001bdc  44000211	trap	#0x211
  990  00001be0  4be00000	jr	r31
  991  00001be4  54000000	nop
  992  00001be8          	.endproc _Write
  994  00001be8          	.proc _Lseek
  995  00001be8          	.global _Lseek
  996  00001be8          	_Lseek:
  997  00001be8  44000212	trap	#0x212
  998  00001bec  4be00000	jr	r31
  999  00001bf0  54000000	nop
 1000  00001bf4          	.endproc _Lseek
 1002  00001bf4          	.proc _Putchar
 1003  00001bf4          	.global _Putchar
 1004  00001bf4          	_Putchar:
 1005  00001bf4  44000280	trap	#0x280
 1006  00001bf8  4be00000	jr	r31
 1007  00001bfc  54000000	nop
 1008  00001c00          	.endproc _Putchar
 1010  00001c00          	.proc _Printf
 1011  00001c00          	.global _Printf
 1012  00001c00          	_Printf:
 1013  00001c00  44000201	trap	#0x201
 1014  00001c04  4be00000	jr	r31
 1015  00001c08  54000000	nop
 1016  00001c0c          	.endproc _Printf
 1018  00001c0c          	.proc _Getpid
 1019  00001c0c          	.global _Getpid
 1020  00001c0c          	_Getpid:
 1021  00001c0c  44000431	trap	#0x431
 1022  00001c10  4be00000	jr	r31
 1023  00001c14  54000000	nop
 1024  00001c18          	.endproc _Getpid
 1026  00001c18          	.proc _process_create
 1027  00001c18          	.global _process_create
 1028  00001c18          	_process_create:
 1029  00001c18  44000432	trap	#0x432
 1030  00001c1c  4be00000	jr	r31
 1031  00001c20  54000000	nop
 1032  00001c24          	.endproc _process_create
 1034  00001c24          	.proc _shmget
 1035  00001c24          	.global _shmget
 1036  00001c24          	_shmget:
 1037  00001c24  44000440	trap	#0x440
 1038  00001c28  4be00000	jr	r31
 1039  00001c2c  54000000	nop
 1040  00001c30          	.endproc _shmget
 1042  00001c30          	.proc _shmat
 1043  00001c30          	.global _shmat
 1044  00001c30          	_shmat:
 1045  00001c30  44000441	trap	#0x441
 1046  00001c34  4be00000	jr	r31
 1047  00001c38  54000000	nop
 1048  00001c3c          	.endproc _shmat
 1050  00001c3c          	.proc _sem_create
 1051  00001c3c          	.global _sem_create
 1052  00001c3c          	_sem_create:
 1053  00001c3c  44000450	trap	#0x450
 1054  00001c40  4be00000	jr	r31
 1055  00001c44  54000000	nop
 1056  00001c48          	.endproc _sem_create
 1058  00001c48          	.proc _sem_wait
 1059  00001c48          	.global _sem_wait
 1060  00001c48          	_sem_wait:
 1061  00001c48  44000451	trap	#0x451
 1062  00001c4c  4be00000	jr	r31
 1063  00001c50  54000000	nop
 1064  00001c54          	.endproc _sem_wait
 1066  00001c54          	.proc _sem_signal
 1067  00001c54          	.global _sem_signal
 1068  00001c54          	_sem_signal:
 1069  00001c54  44000452	trap	#0x452
 1070  00001c58  4be00000	jr	r31
 1071  00001c5c  54000000	nop
 1072  00001c60          	.endproc _sem_signal
 1074  00001c60          	.proc _lock_create
 1075  00001c60          	.global _lock_create
 1076  00001c60          	_lock_create:
 1077  00001c60  44000453	trap	#0x453
 1078  00001c64  4be00000	jr	r31
 1079  00001c68  54000000	nop
 1080  00001c6c          	.endproc _lock_create
 1082  00001c6c          	.proc _lock_acquire
 1083  00001c6c          	.global _lock_acquire
 1084  00001c6c          	_lock_acquire:
 1085  00001c6c  44000454	trap	#0x454
 1086  00001c70  4be00000	jr	r31
 1087  00001c74  54000000	nop
 1088  00001c78          	.endproc _lock_acquire
 1090  00001c78          	.proc _lock_release
 1091  00001c78          	.global _lock_release
 1092  00001c78          	_lock_release:
 1093  00001c78  44000455	trap	#0x455
 1094  00001c7c  4be00000	jr	r31
 1095  00001c80  54000000	nop
 1096  00001c84          	.endproc _lock_release
 1098  00001c84          	.proc _cond_create
 1099  00001c84          	.global _cond_create
 1100  00001c84          	_cond_create:
 1101  00001c84  44000456	trap	#0x456
 1102  00001c88  4be00000	jr	r31
 1103  00001c8c  54000000	nop
 1104  00001c90          	.endproc _cond_create
 1106  00001c90          	.proc _cond_wait
 1107  00001c90          	.global _cond_wait
 1108  00001c90          	_cond_wait:
 1109  00001c90  44000457	trap	#0x457
 1110  00001c94  4be00000	jr	r31
 1111  00001c98  54000000	nop
 1112  00001c9c          	.endproc _cond_wait
 1114  00001c9c          	.proc _cond_signal
 1115  00001c9c          	.global _cond_signal
 1116  00001c9c          	_cond_signal:
 1117  00001c9c  44000458	trap	#0x458
 1118  00001ca0  4be00000	jr	r31
 1119  00001ca4  54000000	nop
 1120  00001ca8          	.endproc _cond_signal
 1122  00001ca8          	.proc _Exit
 1123  00001ca8          	.global _Exit
 1124  00001ca8          	_Exit:
 1125  00001ca8  44000500	trap	#0x500
 1126  00001cac  4be00000	jr	r31
 1127  00001cb0  54000000	nop
 1128  00001cb4          	.endproc _Exit
 1129                      ; Compiled by GCC
 1131  00001cb4          	.align 2
 1132  00001cb4          	.proc _isspace
 1133  00001cb4          	.global _isspace
 1134  00001cb4          	_isspace:
 1135                      ;  Function 'isspace'; 0 bytes of locals, 3 regs to save.
 1136  00001cb4  afbefffc	sw	-4(r29),r30; push fp
 1137  00001cb8  001df020	add	r30,r0,r29; fp = sp
 1138  00001cbc  afbffff8	sw	-8(r29),r31; push ret addr
 1139  00001cc0  2fbd0018	subui	r29,r29,#24; alloc local storage
 1140  00001cc4  afa20000	sw	0(r29),r2
 1141  00001cc8  afa30004	sw	4(r29),r3
 1142  00001ccc  afa40008	sw	8(r29),r4
 1143  00001cd0  83c20003	lb	r2,3(r30)
 1144  00001cd4  20010000	addi	r1,r0,#0
 1145  00001cd8  304300ff	andi	r3,r2,#0x00ff
 1146  00001cdc  60640020	seqi	r4,r3,#32
 1147  00001ce0  1480002c	bnez	r4,L3_LF2
 1148  00001ce4  54000000	nop; delay slot nop
 1149  00001ce8  304300ff	andi	r3,r2,#0x00ff
 1150  00001cec  60640009	seqi	r4,r3,#9
 1151  00001cf0  1480001c	bnez	r4,L3_LF2
 1152  00001cf4  54000000	nop; delay slot nop
 1153  00001cf8  304300ff	andi	r3,r2,#0x00ff
 1154  00001cfc  6064000a	seqi	r4,r3,#10
 1155  00001d00  1480000c	bnez	r4,L3_LF2
 1156  00001d04  54000000	nop; delay slot nop
 1157  00001d08  08000008	j	L2_LF2
 1158  00001d0c  54000000	nop; delay slot nop
 1159  00001d10          	L3_LF2:
 1160  00001d10  20010001	addi	r1,r0,#1
 1161  00001d14          	L2_LF2:
 1162  00001d14  08000004	j	L1_LF2
 1163  00001d18  54000000	nop; delay slot nop
 1164  00001d1c          	L1_LF2:
 1165  00001d1c  8fa20000	lw	r2,0(r29)
 1166  00001d20  8fa30004	lw	r3,4(r29)
 1167  00001d24  8fa40008	lw	r4,8(r29)
 1168  00001d28  8fdffff8	lw	r31,-8(r30)
 1169  00001d2c  001ee820	add	r29,r0,r30
 1170  00001d30  8fdefffc	lw	r30,-4(r30)
 1171  00001d34  4be00000	jr	r31
 1172  00001d38  54000000	nop
 1173  00001d3c          	.endproc _isspace
 1174  00001d3c          	.align 2
 1175  00001d3c          	.proc _isxdigit
 1176  00001d3c          	.global _isxdigit
 1177  00001d3c          	_isxdigit:
 1178                      ;  Function 'isxdigit'; 0 bytes of locals, 3 regs to save.
 1179  00001d3c  afbefffc	sw	-4(r29),r30; push fp
 1180  00001d40  001df020	add	r30,r0,r29; fp = sp
 1181  00001d44  afbffff8	sw	-8(r29),r31; push ret addr
 1182  00001d48  2fbd0018	subui	r29,r29,#24; alloc local storage
 1183  00001d4c  afa20000	sw	0(r29),r2
 1184  00001d50  afa30004	sw	4(r29),r3
 1185  00001d54  afa40008	sw	8(r29),r4
 1186  00001d58  83c20003	lb	r2,3(r30)
 1187  00001d5c  20010000	addi	r1,r0,#0
 1188  00001d60  304300ff	andi	r3,r2,#0x00ff
 1189  00001d64  6c64002f	sgtui	r4,r3,#47
 1190  00001d68  1080001c	beqz	r4,L7_LF2
 1191  00001d6c  54000000	nop; delay slot nop
 1192  00001d70  304300ff	andi	r3,r2,#0x00ff
 1193  00001d74  70640039	sleui	r4,r3,#57
 1194  00001d78  1480005c	bnez	r4,L6_LF2
 1195  00001d7c  54000000	nop; delay slot nop
 1196  00001d80  08000004	j	L7_LF2
 1197  00001d84  54000000	nop; delay slot nop
 1198  00001d88          	L7_LF2:
 1199  00001d88  304300ff	andi	r3,r2,#0x00ff
 1200  00001d8c  6c640060	sgtui	r4,r3,#96
 1201  00001d90  1080001c	beqz	r4,L8_LF2
 1202  00001d94  54000000	nop; delay slot nop
 1203  00001d98  304300ff	andi	r3,r2,#0x00ff
 1204  00001d9c  70640066	sleui	r4,r3,#102
 1205  00001da0  14800034	bnez	r4,L6_LF2
 1206  00001da4  54000000	nop; delay slot nop
 1207  00001da8  08000004	j	L8_LF2
 1208  00001dac  54000000	nop; delay slot nop
 1209  00001db0          	L8_LF2:
 1210  00001db0  304300ff	andi	r3,r2,#0x00ff
 1211  00001db4  6c640040	sgtui	r4,r3,#64
 1212  00001db8  10800020	beqz	r4,L5_LF2
 1213  00001dbc  54000000	nop; delay slot nop
 1214  00001dc0  304300ff	andi	r3,r2,#0x00ff
 1215  00001dc4  70640041	sleui	r4,r3,#65
 1216  00001dc8  1480000c	bnez	r4,L6_LF2
 1217  00001dcc  54000000	nop; delay slot nop
 1218  00001dd0  08000008	j	L5_LF2
 1219  00001dd4  54000000	nop; delay slot nop
 1220  00001dd8          	L6_LF2:
 1221  00001dd8  20010001	addi	r1,r0,#1
 1222  00001ddc          	L5_LF2:
 1223  00001ddc  08000004	j	L4_LF2
 1224  00001de0  54000000	nop; delay slot nop
 1225  00001de4          	L4_LF2:
 1226  00001de4  8fa20000	lw	r2,0(r29)
 1227  00001de8  8fa30004	lw	r3,4(r29)
 1228  00001dec  8fa40008	lw	r4,8(r29)
 1229  00001df0  8fdffff8	lw	r31,-8(r30)
 1230  00001df4  001ee820	add	r29,r0,r30
 1231  00001df8  8fdefffc	lw	r30,-4(r30)
 1232  00001dfc  4be00000	jr	r31
 1233  00001e00  54000000	nop
 1234  00001e04          	.endproc _isxdigit
 1235  00001e04          	.align 2
 1236  00001e04          	.proc _dstrcpy
 1237  00001e04          	.global _dstrcpy
 1238  00001e04          	_dstrcpy:
 1239                      ;  Function 'dstrcpy'; 8 bytes of locals, 2 regs to save.
 1240  00001e04  afbefffc	sw	-4(r29),r30; push fp
 1241  00001e08  001df020	add	r30,r0,r29; fp = sp
 1242  00001e0c  afbffff8	sw	-8(r29),r31; push ret addr
 1243  00001e10  2fbd0018	subui	r29,r29,#24; alloc local storage
 1244  00001e14  afa20000	sw	0(r29),r2
 1245  00001e18  afa30004	sw	4(r29),r3
 1246  00001e1c  8fc10000	lw	r1,(r30)
 1247  00001e20  afc1fff4	sw	-12(r30),r1
 1248  00001e24          	L10_LF2:
 1249  00001e24  8fc10000	lw	r1,(r30)
 1250  00001e28  20220001	addi	r2,r1,#1
 1251  00001e2c  afc20000	sw	(r30),r2
 1252  00001e30  8fc20004	lw	r2,4(r30)
 1253  00001e34  20430001	addi	r3,r2,#1
 1254  00001e38  afc30004	sw	4(r30),r3
 1255  00001e3c  80420000	lb	r2,(r2)
 1256  00001e40  a0220000	sb	(r1),r2
 1257  00001e44  a3c2fff3	sb	-13(r30),r2
 1258  00001e48          	L12_LF2:
 1259  00001e48  93c1fff3	lbu	r1,-13(r30)
 1260  00001e4c  64220000	snei	r2,r1,#0
 1261  00001e50  1440000c	bnez	r2,L13_LF2
 1262  00001e54  54000000	nop; delay slot nop
 1263  00001e58  0800000c	j	L11_LF2
 1264  00001e5c  54000000	nop; delay slot nop
 1265  00001e60          	L13_LF2:
 1266  00001e60  0bffffc0	j	L10_LF2
 1267  00001e64  54000000	nop; delay slot nop
 1268  00001e68          	L11_LF2:
 1269  00001e68  8fc1fff4	lw	r1,-12(r30)
 1270  00001e6c  08000004	j	L9_LF2
 1271  00001e70  54000000	nop; delay slot nop
 1272  00001e74          	L9_LF2:
 1273  00001e74  8fa20000	lw	r2,0(r29)
 1274  00001e78  8fa30004	lw	r3,4(r29)
 1275  00001e7c  8fdffff8	lw	r31,-8(r30)
 1276  00001e80  001ee820	add	r29,r0,r30
 1277  00001e84  8fdefffc	lw	r30,-4(r30)
 1278  00001e88  4be00000	jr	r31
 1279  00001e8c  54000000	nop
 1280  00001e90          	.endproc _dstrcpy
 1281  00001e90          	.align 2
 1282  00001e90          	.proc _dstrncpy
 1283  00001e90          	.global _dstrncpy
 1284  00001e90          	_dstrncpy:
 1285                      ;  Function 'dstrncpy'; 8 bytes of locals, 2 regs to save.
 1286  00001e90  afbefffc	sw	-4(r29),r30; push fp
 1287  00001e94  001df020	add	r30,r0,r29; fp = sp
 1288  00001e98  afbffff8	sw	-8(r29),r31; push ret addr
 1289  00001e9c  2fbd0018	subui	r29,r29,#24; alloc local storage
 1290  00001ea0  afa20000	sw	0(r29),r2
 1291  00001ea4  afa30004	sw	4(r29),r3
 1292  00001ea8  8fc10000	lw	r1,(r30)
 1293  00001eac  afc1fff4	sw	-12(r30),r1
 1294  00001eb0          	L15_LF2:
 1295  00001eb0  8fc10008	lw	r1,8(r30)
 1296  00001eb4  2022ffff	addi	r2,r1,#-1
 1297  00001eb8  afc20008	sw	8(r30),r2
 1298  00001ebc  70210000	slei	r1,r1,#0
 1299  00001ec0  1020000c	beqz	r1,L18_LF2
 1300  00001ec4  54000000	nop; delay slot nop
 1301  00001ec8  08000048	j	L16_LF2
 1302  00001ecc  54000000	nop; delay slot nop
 1303  00001ed0          	L18_LF2:
 1304  00001ed0  8fc10000	lw	r1,(r30)
 1305  00001ed4  20220001	addi	r2,r1,#1
 1306  00001ed8  afc20000	sw	(r30),r2
 1307  00001edc  8fc20004	lw	r2,4(r30)
 1308  00001ee0  20430001	addi	r3,r2,#1
 1309  00001ee4  afc30004	sw	4(r30),r3
 1310  00001ee8  80420000	lb	r2,(r2)
 1311  00001eec  a0220000	sb	(r1),r2
 1312  00001ef0  a3c2fff3	sb	-13(r30),r2
 1313  00001ef4          	L17_LF2:
 1314  00001ef4  93c1fff3	lbu	r1,-13(r30)
 1315  00001ef8  64220000	snei	r2,r1,#0
 1316  00001efc  1440000c	bnez	r2,L19_LF2
 1317  00001f00  54000000	nop; delay slot nop
 1318  00001f04  0800000c	j	L16_LF2
 1319  00001f08  54000000	nop; delay slot nop
 1320  00001f0c          	L19_LF2:
 1321  00001f0c  0bffffa0	j	L15_LF2
 1322  00001f10  54000000	nop; delay slot nop
 1323  00001f14          	L16_LF2:
 1324  00001f14  8fc1fff4	lw	r1,-12(r30)
 1325  00001f18  08000004	j	L14_LF2
 1326  00001f1c  54000000	nop; delay slot nop
 1327  00001f20          	L14_LF2:
 1328  00001f20  8fa20000	lw	r2,0(r29)
 1329  00001f24  8fa30004	lw	r3,4(r29)
 1330  00001f28  8fdffff8	lw	r31,-8(r30)
 1331  00001f2c  001ee820	add	r29,r0,r30
 1332  00001f30  8fdefffc	lw	r30,-4(r30)
 1333  00001f34  4be00000	jr	r31
 1334  00001f38  54000000	nop
 1335  00001f3c          	.endproc _dstrncpy
 1336  00001f3c          	.align 2
 1337  00001f3c          	.proc _dstrcat
 1338  00001f3c          	.global _dstrcat
 1339  00001f3c          	_dstrcat:
 1340                      ;  Function 'dstrcat'; 8 bytes of locals, 1 regs to save.
 1341  00001f3c  afbefffc	sw	-4(r29),r30; push fp
 1342  00001f40  001df020	add	r30,r0,r29; fp = sp
 1343  00001f44  afbffff8	sw	-8(r29),r31; push ret addr
 1344  00001f48  2fbd0018	subui	r29,r29,#24; alloc local storage
 1345  00001f4c  afa20000	sw	0(r29),r2
 1346  00001f50  8fc10000	lw	r1,(r30)
 1347  00001f54  afc1fff4	sw	-12(r30),r1
 1348  00001f58          	L21_LF2:
 1349  00001f58  8fc10000	lw	r1,(r30)
 1350  00001f5c  90220000	lbu	r2,(r1)
 1351  00001f60  64410000	snei	r1,r2,#0
 1352  00001f64  1420000c	bnez	r1,L23_LF2
 1353  00001f68  54000000	nop; delay slot nop
 1354  00001f6c  0800001c	j	L22_LF2
 1355  00001f70  54000000	nop; delay slot nop
 1356  00001f74          	L23_LF2:
 1357  00001f74  8fc20000	lw	r2,(r30)
 1358  00001f78  20410001	addi	r1,r2,#1
 1359  00001f7c  00011020	add	r2,r0,r1
 1360  00001f80  afc20000	sw	(r30),r2
 1361  00001f84  0bffffd0	j	L21_LF2
 1362  00001f88  54000000	nop; delay slot nop
 1363  00001f8c          	L22_LF2:
 1364  00001f8c  23bdfff8	addi	r29,r29,#-8
 1365  00001f90  001d0820	add	r1,r0,r29
 1366  00001f94  8fc20000	lw	r2,(r30)
 1367  00001f98  ac220000	sw	(r1),r2
 1368  00001f9c  8fc20004	lw	r2,4(r30)
 1369  00001fa0  ac220004	sw	4(r1),r2
 1370  00001fa4  0ffffe5c	jal	_dstrcpy
 1371  00001fa8  54000000	nop; delay slot nop
 1372  00001fac  23bd0008	addi	r29,r29,#8
 1373  00001fb0  8fc1fff4	lw	r1,-12(r30)
 1374  00001fb4  08000004	j	L20_LF2
 1375  00001fb8  54000000	nop; delay slot nop
 1376  00001fbc          	L20_LF2:
 1377  00001fbc  8fa20000	lw	r2,0(r29)
 1378  00001fc0  8fdffff8	lw	r31,-8(r30)
 1379  00001fc4  001ee820	add	r29,r0,r30
 1380  00001fc8  8fdefffc	lw	r30,-4(r30)
 1381  00001fcc  4be00000	jr	r31
 1382  00001fd0  54000000	nop
 1383  00001fd4          	.endproc _dstrcat
 1384  00001fd4          	.align 2
 1385  00001fd4          	.proc _dstrncmp
 1386  00001fd4          	.global _dstrncmp
 1387  00001fd4          	_dstrncmp:
 1388                      ;  Function 'dstrncmp'; 8 bytes of locals, 2 regs to save.
 1389  00001fd4  afbefffc	sw	-4(r29),r30; push fp
 1390  00001fd8  001df020	add	r30,r0,r29; fp = sp
 1391  00001fdc  afbffff8	sw	-8(r29),r31; push ret addr
 1392  00001fe0  2fbd0018	subui	r29,r29,#24; alloc local storage
 1393  00001fe4  afa20000	sw	0(r29),r2
 1394  00001fe8  afa30004	sw	4(r29),r3
 1395  00001fec  54000000	nop
 1396  00001ff0  20010000	addi	r1,r0,#0
 1397  00001ff4  afc1fff4	sw	-12(r30),r1
 1398  00001ff8          	L25_LF2:
 1399  00001ff8  8fc1fff4	lw	r1,-12(r30)
 1400  00001ffc  8fc20008	lw	r2,8(r30)
 1401  00002000  0022082a	slt	r1,r1,r2
 1402  00002004  1420000c	bnez	r1,L28_LF2
 1403  00002008  54000000	nop; delay slot nop
 1404  0000200c  08000088	j	L26_LF2
 1405  00002010  54000000	nop; delay slot nop
 1406  00002014          	L28_LF2:
 1407  00002014  8fc10004	lw	r1,4(r30)
 1408  00002018  90220000	lbu	r2,(r1)
 1409  0000201c  64410000	snei	r1,r2,#0
 1410  00002020  14200018	bnez	r1,L29_LF2
 1411  00002024  54000000	nop; delay slot nop
 1412  00002028  20010000	addi	r1,r0,#0
 1413  0000202c  080000d8	j	L24_LF2
 1414  00002030  54000000	nop; delay slot nop
 1415  00002034  08000028	j	L30_LF2
 1416  00002038  54000000	nop; delay slot nop
 1417  0000203c          	L29_LF2:
 1418  0000203c  8fc10000	lw	r1,(r30)
 1419  00002040  8fc20004	lw	r2,4(r30)
 1420  00002044  90210000	lbu	r1,(r1)
 1421  00002048  90420000	lbu	r2,(r2)
 1422  0000204c  00220829	sne	r1,r1,r2
 1423  00002050  1020000c	beqz	r1,L30_LF2
 1424  00002054  54000000	nop; delay slot nop
 1425  00002058  0800003c	j	L26_LF2
 1426  0000205c  54000000	nop; delay slot nop
 1427  00002060          	L31_LF2:
 1428  00002060          	L30_LF2:
 1429  00002060  8fc20000	lw	r2,(r30)
 1430  00002064  20410001	addi	r1,r2,#1
 1431  00002068  00011020	add	r2,r0,r1
 1432  0000206c  afc20000	sw	(r30),r2
 1433  00002070  8fc20004	lw	r2,4(r30)
 1434  00002074  20410001	addi	r1,r2,#1
 1435  00002078  00011020	add	r2,r0,r1
 1436  0000207c  afc20004	sw	4(r30),r2
 1437  00002080          	L27_LF2:
 1438  00002080  8fc2fff4	lw	r2,-12(r30)
 1439  00002084  20410001	addi	r1,r2,#1
 1440  00002088  00011020	add	r2,r0,r1
 1441  0000208c  afc2fff4	sw	-12(r30),r2
 1442  00002090  0bffff64	j	L25_LF2
 1443  00002094  54000000	nop; delay slot nop
 1444  00002098          	L26_LF2:
 1445  00002098  8fc1fff4	lw	r1,-12(r30)
 1446  0000209c  8fc20008	lw	r2,8(r30)
 1447  000020a0  00220828	seq	r1,r1,r2
 1448  000020a4  10200018	beqz	r1,L32_LF2
 1449  000020a8  54000000	nop; delay slot nop
 1450  000020ac  20010000	addi	r1,r0,#0
 1451  000020b0  08000054	j	L24_LF2
 1452  000020b4  54000000	nop; delay slot nop
 1453  000020b8  0800004c	j	L33_LF2
 1454  000020bc  54000000	nop; delay slot nop
 1455  000020c0          	L32_LF2:
 1456  000020c0  8fc20000	lw	r2,(r30)
 1457  000020c4  90410000	lbu	r1,(r2)
 1458  000020c8  8fc20004	lw	r2,4(r30)
 1459  000020cc  90430000	lbu	r3,(r2)
 1460  000020d0  00230822	sub	r1,r1,r3
 1461  000020d4  74220000	sgei	r2,r1,#0
 1462  000020d8  10400020	beqz	r2,L34_LF2
 1463  000020dc  54000000	nop; delay slot nop
 1464  000020e0  8fc10000	lw	r1,(r30)
 1465  000020e4  8fc20004	lw	r2,4(r30)
 1466  000020e8  90210000	lbu	r1,(r1)
 1467  000020ec  90420000	lbu	r2,(r2)
 1468  000020f0  00220829	sne	r1,r1,r2
 1469  000020f4  08000008	j	L35_LF2
 1470  000020f8  54000000	nop; delay slot nop
 1471  000020fc          	L34_LF2:
 1472  000020fc  2001ffff	addi	r1,r0,#-1
 1473  00002100          	L35_LF2:
 1474  00002100  08000004	j	L24_LF2
 1475  00002104  54000000	nop; delay slot nop
 1476  00002108          	L33_LF2:
 1477  00002108          	L24_LF2:
 1478  00002108  8fa20000	lw	r2,0(r29)
 1479  0000210c  8fa30004	lw	r3,4(r29)
 1480  00002110  8fdffff8	lw	r31,-8(r30)
 1481  00002114  001ee820	add	r29,r0,r30
 1482  00002118  8fdefffc	lw	r30,-4(r30)
 1483  0000211c  4be00000	jr	r31
 1484  00002120  54000000	nop
 1485  00002124          	.endproc _dstrncmp
 1486  00002124          	.align 2
 1487  00002124          	.proc _dstrlen
 1488  00002124          	.global _dstrlen
 1489  00002124          	_dstrlen:
 1490                      ;  Function 'dstrlen'; 8 bytes of locals, 1 regs to save.
 1491  00002124  afbefffc	sw	-4(r29),r30; push fp
 1492  00002128  001df020	add	r30,r0,r29; fp = sp
 1493  0000212c  afbffff8	sw	-8(r29),r31; push ret addr
 1494  00002130  2fbd0018	subui	r29,r29,#24; alloc local storage
 1495  00002134  afa20000	sw	0(r29),r2
 1496  00002138  20010000	addi	r1,r0,#0
 1497  0000213c  afc1fff4	sw	-12(r30),r1
 1498  00002140          	L37_LF2:
 1499  00002140  8fc10000	lw	r1,(r30)
 1500  00002144  20220001	addi	r2,r1,#1
 1501  00002148  afc20000	sw	(r30),r2
 1502  0000214c  90210000	lbu	r1,(r1)
 1503  00002150  64220000	snei	r2,r1,#0
 1504  00002154  1440000c	bnez	r2,L39_LF2
 1505  00002158  54000000	nop; delay slot nop
 1506  0000215c  0800001c	j	L38_LF2
 1507  00002160  54000000	nop; delay slot nop
 1508  00002164          	L39_LF2:
 1509  00002164  8fc2fff4	lw	r2,-12(r30)
 1510  00002168  20410001	addi	r1,r2,#1
 1511  0000216c  00011020	add	r2,r0,r1
 1512  00002170  afc2fff4	sw	-12(r30),r2
 1513  00002174  0bffffc8	j	L37_LF2
 1514  00002178  54000000	nop; delay slot nop
 1515  0000217c          	L38_LF2:
 1516  0000217c  8fc1fff4	lw	r1,-12(r30)
 1517  00002180  08000004	j	L36_LF2
 1518  00002184  54000000	nop; delay slot nop
 1519  00002188          	L36_LF2:
 1520  00002188  8fa20000	lw	r2,0(r29)
 1521  0000218c  8fdffff8	lw	r31,-8(r30)
 1522  00002190  001ee820	add	r29,r0,r30
 1523  00002194  8fdefffc	lw	r30,-4(r30)
 1524  00002198  4be00000	jr	r31
 1525  0000219c  54000000	nop
 1526  000021a0          	.endproc _dstrlen
 1527  000021a0          	.align 2
 1528  000021a0          	.proc _dstrstr
 1529  000021a0          	.global _dstrstr
 1530  000021a0          	_dstrstr:
 1531                      ;  Function 'dstrstr'; 8 bytes of locals, 1 regs to save.
 1532  000021a0  afbefffc	sw	-4(r29),r30; push fp
 1533  000021a4  001df020	add	r30,r0,r29; fp = sp
 1534  000021a8  afbffff8	sw	-8(r29),r31; push ret addr
 1535  000021ac  2fbd0018	subui	r29,r29,#24; alloc local storage
 1536  000021b0  afa20000	sw	0(r29),r2
 1537  000021b4  23bdfff8	addi	r29,r29,#-8
 1538  000021b8  001d0820	add	r1,r0,r29
 1539  000021bc  8fc20004	lw	r2,4(r30)
 1540  000021c0  ac220000	sw	(r1),r2
 1541  000021c4  0fffff5c	jal	_dstrlen
 1542  000021c8  54000000	nop; delay slot nop
 1543  000021cc  23bd0008	addi	r29,r29,#8
 1544  000021d0  afc1fff4	sw	-12(r30),r1
 1545  000021d4          	L41_LF2:
 1546  000021d4  8fc10000	lw	r1,(r30)
 1547  000021d8  90220000	lbu	r2,(r1)
 1548  000021dc  64410000	snei	r1,r2,#0
 1549  000021e0  1420000c	bnez	r1,L43_LF2
 1550  000021e4  54000000	nop; delay slot nop
 1551  000021e8  08000060	j	L42_LF2
 1552  000021ec  54000000	nop; delay slot nop
 1553  000021f0          	L43_LF2:
 1554  000021f0  23bdfff0	addi	r29,r29,#-16
 1555  000021f4  001d0820	add	r1,r0,r29
 1556  000021f8  8fc20000	lw	r2,(r30)
 1557  000021fc  ac220000	sw	(r1),r2
 1558  00002200  8fc20004	lw	r2,4(r30)
 1559  00002204  ac220004	sw	4(r1),r2
 1560  00002208  8fc2fff4	lw	r2,-12(r30)
 1561  0000220c  ac220008	sw	8(r1),r2
 1562  00002210  0ffffdc0	jal	_dstrncmp
 1563  00002214  54000000	nop; delay slot nop
 1564  00002218  23bd0010	addi	r29,r29,#16
 1565  0000221c  64220000	snei	r2,r1,#0
 1566  00002220  14400010	bnez	r2,L44_LF2
 1567  00002224  54000000	nop; delay slot nop
 1568  00002228  8fc10000	lw	r1,(r30)
 1569  0000222c  08000028	j	L40_LF2
 1570  00002230  54000000	nop; delay slot nop
 1571  00002234          	L44_LF2:
 1572  00002234  8fc20000	lw	r2,(r30)
 1573  00002238  20410001	addi	r1,r2,#1
 1574  0000223c  00011020	add	r2,r0,r1
 1575  00002240  afc20000	sw	(r30),r2
 1576  00002244  0bffff8c	j	L41_LF2
 1577  00002248  54000000	nop; delay slot nop
 1578  0000224c          	L42_LF2:
 1579  0000224c  20010000	addi	r1,r0,#0
 1580  00002250  08000004	j	L40_LF2
 1581  00002254  54000000	nop; delay slot nop
 1582  00002258          	L40_LF2:
 1583  00002258  8fa20000	lw	r2,0(r29)
 1584  0000225c  8fdffff8	lw	r31,-8(r30)
 1585  00002260  001ee820	add	r29,r0,r30
 1586  00002264  8fdefffc	lw	r30,-4(r30)
 1587  00002268  4be00000	jr	r31
 1588  0000226c  54000000	nop
 1589  00002270          	.endproc _dstrstr
 1590  00002270          	.align 2
 1591  00002270          	.proc _dmindex
 1592  00002270          	.global _dmindex
 1593  00002270          	_dmindex:
 1594                      ;  Function 'dmindex'; 8 bytes of locals, 1 regs to save.
 1595  00002270  afbefffc	sw	-4(r29),r30; push fp
 1596  00002274  001df020	add	r30,r0,r29; fp = sp
 1597  00002278  afbffff8	sw	-8(r29),r31; push ret addr
 1598  0000227c  2fbd0018	subui	r29,r29,#24; alloc local storage
 1599  00002280  afa20000	sw	0(r29),r2
 1600  00002284  54000000	nop
 1601  00002288          	L46_LF2:
 1602  00002288  8fc10000	lw	r1,(r30)
 1603  0000228c  90220000	lbu	r2,(r1)
 1604  00002290  64410000	snei	r1,r2,#0
 1605  00002294  1420000c	bnez	r1,L48_LF2
 1606  00002298  54000000	nop; delay slot nop
 1607  0000229c  08000070	j	L47_LF2
 1608  000022a0  54000000	nop; delay slot nop
 1609  000022a4          	L48_LF2:
 1610  000022a4  8fc10004	lw	r1,4(r30)
 1611  000022a8  afc1fff4	sw	-12(r30),r1
 1612  000022ac          	L49_LF2:
 1613  000022ac  8fc1fff4	lw	r1,-12(r30)
 1614  000022b0  90220000	lbu	r2,(r1)
 1615  000022b4  64410000	snei	r1,r2,#0
 1616  000022b8  1420000c	bnez	r1,L52_LF2
 1617  000022bc  54000000	nop; delay slot nop
 1618  000022c0  08000044	j	L50_LF2
 1619  000022c4  54000000	nop; delay slot nop
 1620  000022c8          	L52_LF2:
 1621  000022c8  8fc10000	lw	r1,(r30)
 1622  000022cc  8fc2fff4	lw	r2,-12(r30)
 1623  000022d0  90210000	lbu	r1,(r1)
 1624  000022d4  90420000	lbu	r2,(r2)
 1625  000022d8  00220828	seq	r1,r1,r2
 1626  000022dc  10200010	beqz	r1,L51_LF2
 1627  000022e0  54000000	nop; delay slot nop
 1628  000022e4  8fc10000	lw	r1,(r30)
 1629  000022e8  08000030	j	L45_LF2
 1630  000022ec  54000000	nop; delay slot nop
 1631  000022f0          	L53_LF2:
 1632  000022f0          	L51_LF2:
 1633  000022f0  8fc2fff4	lw	r2,-12(r30)
 1634  000022f4  20410001	addi	r1,r2,#1
 1635  000022f8  00011020	add	r2,r0,r1
 1636  000022fc  afc2fff4	sw	-12(r30),r2
 1637  00002300  0bffffa8	j	L49_LF2
 1638  00002304  54000000	nop; delay slot nop
 1639  00002308          	L50_LF2:
 1640  00002308  0bffff7c	j	L46_LF2
 1641  0000230c  54000000	nop; delay slot nop
 1642  00002310          	L47_LF2:
 1643  00002310  20010000	addi	r1,r0,#0
 1644  00002314  08000004	j	L45_LF2
 1645  00002318  54000000	nop; delay slot nop
 1646  0000231c          	L45_LF2:
 1647  0000231c  8fa20000	lw	r2,0(r29)
 1648  00002320  8fdffff8	lw	r31,-8(r30)
 1649  00002324  001ee820	add	r29,r0,r30
 1650  00002328  8fdefffc	lw	r30,-4(r30)
 1651  0000232c  4be00000	jr	r31
 1652  00002330  54000000	nop
 1653  00002334          	.endproc _dmindex
 1654  00002334          	.align 2
 1655  00002334          	.proc _dindex
 1656  00002334          	.global _dindex
 1657  00002334          	_dindex:
 1658                      ;  Function 'dindex'; 0 bytes of locals, 1 regs to save.
 1659  00002334  afbefffc	sw	-4(r29),r30; push fp
 1660  00002338  001df020	add	r30,r0,r29; fp = sp
 1661  0000233c  afbffff8	sw	-8(r29),r31; push ret addr
 1662  00002340  2fbd0010	subui	r29,r29,#16; alloc local storage
 1663  00002344  afa20000	sw	0(r29),r2
 1664  00002348  54000000	nop
 1665  0000234c          	L55_LF2:
 1666  0000234c  8fc10000	lw	r1,(r30)
 1667  00002350  90220000	lbu	r2,(r1)
 1668  00002354  64410000	snei	r1,r2,#0
 1669  00002358  1420000c	bnez	r1,L57_LF2
 1670  0000235c  54000000	nop; delay slot nop
 1671  00002360  08000040	j	L56_LF2
 1672  00002364  54000000	nop; delay slot nop
 1673  00002368          	L57_LF2:
 1674  00002368  8fc10000	lw	r1,(r30)
 1675  0000236c  90220000	lbu	r2,(r1)
 1676  00002370  8fc10004	lw	r1,4(r30)
 1677  00002374  00411028	seq	r2,r2,r1
 1678  00002378  10400010	beqz	r2,L58_LF2
 1679  0000237c  54000000	nop; delay slot nop
 1680  00002380  8fc10000	lw	r1,(r30)
 1681  00002384  08000028	j	L54_LF2
 1682  00002388  54000000	nop; delay slot nop
 1683  0000238c          	L58_LF2:
 1684  0000238c  8fc20000	lw	r2,(r30)
 1685  00002390  20410001	addi	r1,r2,#1
 1686  00002394  00011020	add	r2,r0,r1
 1687  00002398  afc20000	sw	(r30),r2
 1688  0000239c  0bffffac	j	L55_LF2
 1689  000023a0  54000000	nop; delay slot nop
 1690  000023a4          	L56_LF2:
 1691  000023a4  20010000	addi	r1,r0,#0
 1692  000023a8  08000004	j	L54_LF2
 1693  000023ac  54000000	nop; delay slot nop
 1694  000023b0          	L54_LF2:
 1695  000023b0  8fa20000	lw	r2,0(r29)
 1696  000023b4  8fdffff8	lw	r31,-8(r30)
 1697  000023b8  001ee820	add	r29,r0,r30
 1698  000023bc  8fdefffc	lw	r30,-4(r30)
 1699  000023c0  4be00000	jr	r31
 1700  000023c4  54000000	nop
 1701  000023c8          	.endproc _dindex
 1702  000023c8          	.align 2
 1703  000023c8          	.proc _ditoa
 1704  000023c8          	.global _ditoa
 1705  000023c8          	_ditoa:
 1706                      ;  Function 'ditoa'; 8 bytes of locals, 2 regs to save.
 1707  000023c8  afbefffc	sw	-4(r29),r30; push fp
 1708  000023cc  001df020	add	r30,r0,r29; fp = sp
 1709  000023d0  afbffff8	sw	-8(r29),r31; push ret addr
 1710  000023d4  2fbd0018	subui	r29,r29,#24; alloc local storage
 1711  000023d8  afa20000	sw	0(r29),r2
 1712  000023dc  afa30004	sw	4(r29),r3
 1713  000023e0  8fc10000	lw	r1,(r30)
 1714  000023e4  68220000	slti	r2,r1,#0
 1715  000023e8  1040002c	beqz	r2,L60_LF2
 1716  000023ec  54000000	nop; delay slot nop
 1717  000023f0  8fc10004	lw	r1,4(r30)
 1718  000023f4  20220001	addi	r2,r1,#1
 1719  000023f8  afc20004	sw	4(r30),r2
 1720  000023fc  2002002d	addi	r2,r0,(#0x2d)&0xff
 1721  00002400  a0220000	sb	(r1),r2
 1722  00002404  8fc10000	lw	r1,(r30)
 1723  00002408  00011022	sub	r2,r0,r1
 1724  0000240c  afc20000	sw	(r30),r2
 1725  00002410  08000118	j	L61_LF2
 1726  00002414  54000000	nop; delay slot nop
 1727  00002418          	L60_LF2:
 1728  00002418  8fc10000	lw	r1,(r30)
 1729  0000241c  64220000	snei	r2,r1,#0
 1730  00002420  14400020	bnez	r2,L62_LF2
 1731  00002424  54000000	nop; delay slot nop
 1732  00002428  8fc10004	lw	r1,4(r30)
 1733  0000242c  20220001	addi	r2,r1,#1
 1734  00002430  afc20004	sw	4(r30),r2
 1735  00002434  20020030	addi	r2,r0,(#0x30)&0xff
 1736  00002438  a0220000	sb	(r1),r2
 1737  0000243c  080000ec	j	L61_LF2
 1738  00002440  54000000	nop; delay slot nop
 1739  00002444          	L62_LF2:
 1740  00002444  20010001	addi	r1,r0,#1
 1741  00002448  afc1fff4	sw	-12(r30),r1
 1742  0000244c          	L64_LF2:
 1743  0000244c  8fc1fff4	lw	r1,-12(r30)
 1744  00002450  8fc20000	lw	r2,(r30)
 1745  00002454  0022082c	sle	r1,r1,r2
 1746  00002458  1420000c	bnez	r1,L66_LF2
 1747  0000245c  54000000	nop; delay slot nop
 1748  00002460  08000024	j	L65_LF2
 1749  00002464  54000000	nop; delay slot nop
 1750  00002468          	L67_LF2:
 1751  00002468          	L66_LF2:
 1752  00002468  8fc1fff4	lw	r1,-12(r30)
 1753  0000246c  00011820	add	r3,r0,r1
 1754  00002470  50620002	slli	r2,r3,#0x2
 1755  00002474  00411020	add	r2,r2,r1
 1756  00002478  50410001	slli	r1,r2,#0x1
 1757  0000247c  afc1fff4	sw	-12(r30),r1
 1758  00002480  0bffffc8	j	L64_LF2
 1759  00002484  54000000	nop; delay slot nop
 1760  00002488          	L65_LF2:
 1761  00002488  54000000	nop
 1762  0000248c          	L68_LF2:
 1763  0000248c  8fc1fff4	lw	r1,-12(r30)
 1764  00002490  2002000a	addi	r2,r0,#10
 1765  00002494  00200035	movi2fp	f0,r1
 1766  00002498  00400835	movi2fp	f1,r2
 1767  0000249c  0401000f	div	f0,f0,f1
 1768  000024a0  00000834	movfp2i	r1,f0
 1769  000024a4  afc1fff4	sw	-12(r30),r1
 1770  000024a8  8fc10004	lw	r1,4(r30)
 1771  000024ac  20220001	addi	r2,r1,#1
 1772  000024b0  afc20004	sw	4(r30),r2
 1773  000024b4  8fc20000	lw	r2,(r30)
 1774  000024b8  8fc3fff4	lw	r3,-12(r30)
 1775  000024bc  00400035	movi2fp	f0,r2
 1776  000024c0  00600835	movi2fp	f1,r3
 1777  000024c4  0401000f	div	f0,f0,f1
 1778  000024c8  00001034	movfp2i	r2,f0
 1779  000024cc  00021820	add	r3,r0,r2
 1780  000024d0  20620030	addi	r2,r3,#48
 1781  000024d4  a0220000	sb	(r1),r2
 1782  000024d8  8fc10000	lw	r1,(r30)
 1783  000024dc  8fc3fff4	lw	r3,-12(r30)
 1784  000024e0  00200035	movi2fp	f0,r1
 1785  000024e4  00600835	movi2fp	f1,r3
 1786  000024e8  0401000f	div	f0,f0,f1
 1787  000024ec  00001034	movfp2i	r2,f0
 1788  000024f0  8fc3fff4	lw	r3,-12(r30)
 1789  000024f4  00400035	movi2fp	f0,r2
 1790  000024f8  00600835	movi2fp	f1,r3
 1791  000024fc  0401000e	mult	f0,f0,f1
 1792  00002500  00001034	movfp2i	r2,f0
 1793  00002504  00220822	sub	r1,r1,r2
 1794  00002508  afc10000	sw	(r30),r1
 1795  0000250c          	L70_LF2:
 1796  0000250c  8fc1fff4	lw	r1,-12(r30)
 1797  00002510  6c220001	sgti	r2,r1,#1
 1798  00002514  1440000c	bnez	r2,L71_LF2
 1799  00002518  54000000	nop; delay slot nop
 1800  0000251c  0800000c	j	L61_LF2
 1801  00002520  54000000	nop; delay slot nop
 1802  00002524          	L71_LF2:
 1803  00002524  0bffff64	j	L68_LF2
 1804  00002528  54000000	nop; delay slot nop
 1805  0000252c          	L69_LF2:
 1806  0000252c          	L63_LF2:
 1807  0000252c          	L61_LF2:
 1808  0000252c  8fc10004	lw	r1,4(r30)
 1809  00002530  20020000	addi	r2,r0,(#0x0)&0xff
 1810  00002534  a0220000	sb	(r1),r2
 1811  00002538          	L59_LF2:
 1812  00002538  8fa20000	lw	r2,0(r29)
 1813  0000253c  8fa30004	lw	r3,4(r29)
 1814  00002540  8fdffff8	lw	r31,-8(r30)
 1815  00002544  001ee820	add	r29,r0,r30
 1816  00002548  8fdefffc	lw	r30,-4(r30)
 1817  0000254c  4be00000	jr	r31
 1818  00002550  54000000	nop
 1819  00002554          	.endproc _ditoa
 1820  00002554          	.align 2
 1821  00002554          	.proc _dstrtol
 1822  00002554          	.global _dstrtol
 1823  00002554          	_dstrtol:
 1824                      ;  Function 'dstrtol'; 16 bytes of locals, 1 regs to save.
 1825  00002554  afbefffc	sw	-4(r29),r30; push fp
 1826  00002558  001df020	add	r30,r0,r29; fp = sp
 1827  0000255c  afbffff8	sw	-8(r29),r31; push ret addr
 1828  00002560  2fbd0020	subui	r29,r29,#32; alloc local storage
 1829  00002564  afa20000	sw	0(r29),r2
 1830  00002568  20010000	addi	r1,r0,#0
 1831  0000256c  afc1fff4	sw	-12(r30),r1
 1832  00002570          	L73_LF2:
 1833  00002570  8fc10000	lw	r1,(r30)
 1834  00002574  90220000	lbu	r2,(r1)
 1835  00002578  60410020	seqi	r1,r2,#32
 1836  0000257c  14200034	bnez	r1,L75_LF2
 1837  00002580  54000000	nop; delay slot nop
 1838  00002584  8fc10000	lw	r1,(r30)
 1839  00002588  90220000	lbu	r2,(r1)
 1840  0000258c  60410009	seqi	r1,r2,#9
 1841  00002590  14200020	bnez	r1,L75_LF2
 1842  00002594  54000000	nop; delay slot nop
 1843  00002598  8fc10000	lw	r1,(r30)
 1844  0000259c  90220000	lbu	r2,(r1)
 1845  000025a0  6041000a	seqi	r1,r2,#10
 1846  000025a4  1420000c	bnez	r1,L75_LF2
 1847  000025a8  54000000	nop; delay slot nop
 1848  000025ac  0800001c	j	L74_LF2
 1849  000025b0  54000000	nop; delay slot nop
 1850  000025b4          	L75_LF2:
 1851  000025b4  8fc20000	lw	r2,(r30)
 1852  000025b8  20410001	addi	r1,r2,#1
 1853  000025bc  00011020	add	r2,r0,r1
 1854  000025c0  afc20000	sw	(r30),r2
 1855  000025c4  0bffffa8	j	L73_LF2
 1856  000025c8  54000000	nop; delay slot nop
 1857  000025cc          	L74_LF2:
 1858  000025cc  8fc10004	lw	r1,4(r30)
 1859  000025d0  64220000	snei	r2,r1,#0
 1860  000025d4  10400010	beqz	r2,L76_LF2
 1861  000025d8  54000000	nop; delay slot nop
 1862  000025dc  8fc10004	lw	r1,4(r30)
 1863  000025e0  8fc20000	lw	r2,(r30)
 1864  000025e4  ac220000	sw	(r1),r2
 1865  000025e8          	L76_LF2:
 1866  000025e8  8fc10000	lw	r1,(r30)
 1867  000025ec  90220000	lbu	r2,(r1)
 1868  000025f0  64410000	snei	r1,r2,#0
 1869  000025f4  14200010	bnez	r1,L77_LF2
 1870  000025f8  54000000	nop; delay slot nop
 1871  000025fc  8fc1fff4	lw	r1,-12(r30)
 1872  00002600  08000294	j	L72_LF2
 1873  00002604  54000000	nop; delay slot nop
 1874  00002608          	L77_LF2:
 1875  00002608  8fc10000	lw	r1,(r30)
 1876  0000260c  90220000	lbu	r2,(r1)
 1877  00002610  6041002d	seqi	r1,r2,#45
 1878  00002614  10200024	beqz	r1,L78_LF2
 1879  00002618  54000000	nop; delay slot nop
 1880  0000261c  2001ffff	addi	r1,r0,#-1
 1881  00002620  afc1ffec	sw	-20(r30),r1
 1882  00002624  8fc20000	lw	r2,(r30)
 1883  00002628  20410001	addi	r1,r2,#1
 1884  0000262c  00011020	add	r2,r0,r1
 1885  00002630  afc20000	sw	(r30),r2
 1886  00002634  0800000c	j	L79_LF2
 1887  00002638  54000000	nop; delay slot nop
 1888  0000263c          	L78_LF2:
 1889  0000263c  20010001	addi	r1,r0,#1
 1890  00002640  afc1ffec	sw	-20(r30),r1
 1891  00002644          	L79_LF2:
 1892  00002644  8fc10008	lw	r1,8(r30)
 1893  00002648  64220000	snei	r2,r1,#0
 1894  0000264c  14400090	bnez	r2,L80_LF2
 1895  00002650  54000000	nop; delay slot nop
 1896  00002654  8fc10000	lw	r1,(r30)
 1897  00002658  90220000	lbu	r2,(r1)
 1898  0000265c  60410030	seqi	r1,r2,#48
 1899  00002660  10200074	beqz	r1,L81_LF2
 1900  00002664  54000000	nop; delay slot nop
 1901  00002668  8fc20000	lw	r2,(r30)
 1902  0000266c  20410001	addi	r1,r2,#1
 1903  00002670  00011020	add	r2,r0,r1
 1904  00002674  afc20000	sw	(r30),r2
 1905  00002678  8fc10000	lw	r1,(r30)
 1906  0000267c  90220000	lbu	r2,(r1)
 1907  00002680  60410078	seqi	r1,r2,#120
 1908  00002684  14200020	bnez	r1,L83_LF2
 1909  00002688  54000000	nop; delay slot nop
 1910  0000268c  8fc10000	lw	r1,(r30)
 1911  00002690  90220000	lbu	r2,(r1)
 1912  00002694  60410058	seqi	r1,r2,#88
 1913  00002698  1420000c	bnez	r1,L83_LF2
 1914  0000269c  54000000	nop; delay slot nop
 1915  000026a0  08000024	j	L82_LF2
 1916  000026a4  54000000	nop; delay slot nop
 1917  000026a8          	L83_LF2:
 1918  000026a8  20010010	addi	r1,r0,#16
 1919  000026ac  afc10008	sw	8(r30),r1
 1920  000026b0  8fc20000	lw	r2,(r30)
 1921  000026b4  20410001	addi	r1,r2,#1
 1922  000026b8  00011020	add	r2,r0,r1
 1923  000026bc  afc20000	sw	(r30),r2
 1924  000026c0  0800000c	j	L84_LF2
 1925  000026c4  54000000	nop; delay slot nop
 1926  000026c8          	L82_LF2:
 1927  000026c8  20010008	addi	r1,r0,#8
 1928  000026cc  afc10008	sw	8(r30),r1
 1929  000026d0          	L84_LF2:
 1930  000026d0  0800000c	j	L80_LF2
 1931  000026d4  54000000	nop; delay slot nop
 1932  000026d8          	L81_LF2:
 1933  000026d8  2001000a	addi	r1,r0,#10
 1934  000026dc  afc10008	sw	8(r30),r1
 1935  000026e0          	L85_LF2:
 1936  000026e0          	L80_LF2:
 1937  000026e0  8fc10008	lw	r1,8(r30)
 1938  000026e4  70220000	slei	r2,r1,#0
 1939  000026e8  1440001c	bnez	r2,L87_LF2
 1940  000026ec  54000000	nop; delay slot nop
 1941  000026f0  8fc10008	lw	r1,8(r30)
 1942  000026f4  6c220010	sgti	r2,r1,#16
 1943  000026f8  1440000c	bnez	r2,L87_LF2
 1944  000026fc  54000000	nop; delay slot nop
 1945  00002700  08000010	j	L86_LF2
 1946  00002704  54000000	nop; delay slot nop
 1947  00002708          	L87_LF2:
 1948  00002708  8fc1fff4	lw	r1,-12(r30)
 1949  0000270c  08000188	j	L72_LF2
 1950  00002710  54000000	nop; delay slot nop
 1951  00002714          	L86_LF2:
 1952  00002714  54000000	nop
 1953  00002718          	L88_LF2:
 1954  00002718  8fc10000	lw	r1,(r30)
 1955  0000271c  90220000	lbu	r2,(r1)
 1956  00002720  6c41002f	sgtui	r1,r2,#47
 1957  00002724  10200030	beqz	r1,L91_LF2
 1958  00002728  54000000	nop; delay slot nop
 1959  0000272c  8fc10000	lw	r1,(r30)
 1960  00002730  90220000	lbu	r2,(r1)
 1961  00002734  70410039	sleui	r1,r2,#57
 1962  00002738  1020001c	beqz	r1,L91_LF2
 1963  0000273c  54000000	nop; delay slot nop
 1964  00002740  8fc10000	lw	r1,(r30)
 1965  00002744  90220000	lbu	r2,(r1)
 1966  00002748  2041ffd0	addi	r1,r2,#-48
 1967  0000274c  afc1fff0	sw	-16(r30),r1
 1968  00002750  0800008c	j	L92_LF2
 1969  00002754  54000000	nop; delay slot nop
 1970  00002758          	L91_LF2:
 1971  00002758  8fc10000	lw	r1,(r30)
 1972  0000275c  90220000	lbu	r2,(r1)
 1973  00002760  6c410060	sgtui	r1,r2,#96
 1974  00002764  10200030	beqz	r1,L93_LF2
 1975  00002768  54000000	nop; delay slot nop
 1976  0000276c  8fc10000	lw	r1,(r30)
 1977  00002770  90220000	lbu	r2,(r1)
 1978  00002774  7041007a	sleui	r1,r2,#122
 1979  00002778  1020001c	beqz	r1,L93_LF2
 1980  0000277c  54000000	nop; delay slot nop
 1981  00002780  8fc10000	lw	r1,(r30)
 1982  00002784  90220000	lbu	r2,(r1)
 1983  00002788  2041ffa9	addi	r1,r2,#-87
 1984  0000278c  afc1fff0	sw	-16(r30),r1
 1985  00002790  0800004c	j	L92_LF2
 1986  00002794  54000000	nop; delay slot nop
 1987  00002798          	L93_LF2:
 1988  00002798  8fc10000	lw	r1,(r30)
 1989  0000279c  90220000	lbu	r2,(r1)
 1990  000027a0  6c410040	sgtui	r1,r2,#64
 1991  000027a4  10200030	beqz	r1,L95_LF2
 1992  000027a8  54000000	nop; delay slot nop
 1993  000027ac  8fc10000	lw	r1,(r30)
 1994  000027b0  90220000	lbu	r2,(r1)
 1995  000027b4  7041005a	sleui	r1,r2,#90
 1996  000027b8  1020001c	beqz	r1,L95_LF2
 1997  000027bc  54000000	nop; delay slot nop
 1998  000027c0  8fc10000	lw	r1,(r30)
 1999  000027c4  90220000	lbu	r2,(r1)
 2000  000027c8  2041ffc9	addi	r1,r2,#-55
 2001  000027cc  afc1fff0	sw	-16(r30),r1
 2002  000027d0  0800000c	j	L92_LF2
 2003  000027d4  54000000	nop; delay slot nop
 2004  000027d8          	L95_LF2:
 2005  000027d8  200103e8	addi	r1,r0,#1000
 2006  000027dc  afc1fff0	sw	-16(r30),r1
 2007  000027e0          	L96_LF2:
 2008  000027e0          	L94_LF2:
 2009  000027e0          	L92_LF2:
 2010  000027e0  8fc1fff0	lw	r1,-16(r30)
 2011  000027e4  8fc20008	lw	r2,8(r30)
 2012  000027e8  0022082a	slt	r1,r1,r2
 2013  000027ec  10200040	beqz	r1,L90_LF2
 2014  000027f0  54000000	nop; delay slot nop
 2015  000027f4  8fc1fff4	lw	r1,-12(r30)
 2016  000027f8  8fc20008	lw	r2,8(r30)
 2017  000027fc  00200035	movi2fp	f0,r1
 2018  00002800  00400835	movi2fp	f1,r2
 2019  00002804  0401000e	mult	f0,f0,f1
 2020  00002808  00000834	movfp2i	r1,f0
 2021  0000280c  afc1fff4	sw	-12(r30),r1
 2022  00002810  8fc1fff4	lw	r1,-12(r30)
 2023  00002814  8fc2fff0	lw	r2,-16(r30)
 2024  00002818  00220820	add	r1,r1,r2
 2025  0000281c  afc1fff4	sw	-12(r30),r1
 2026  00002820  8fc20000	lw	r2,(r30)
 2027  00002824  20410001	addi	r1,r2,#1
 2028  00002828  00011020	add	r2,r0,r1
 2029  0000282c  afc20000	sw	(r30),r2
 2030  00002830          	L97_LF2:
 2031  00002830          	L90_LF2:
 2032  00002830  8fc1fff0	lw	r1,-16(r30)
 2033  00002834  8fc20008	lw	r2,8(r30)
 2034  00002838  0022082a	slt	r1,r1,r2
 2035  0000283c  1420000c	bnez	r1,L98_LF2
 2036  00002840  54000000	nop; delay slot nop
 2037  00002844  0800000c	j	L89_LF2
 2038  00002848  54000000	nop; delay slot nop
 2039  0000284c          	L98_LF2:
 2040  0000284c  0bfffec8	j	L88_LF2
 2041  00002850  54000000	nop; delay slot nop
 2042  00002854          	L89_LF2:
 2043  00002854  8fc10004	lw	r1,4(r30)
 2044  00002858  64220000	snei	r2,r1,#0
 2045  0000285c  10400010	beqz	r2,L99_LF2
 2046  00002860  54000000	nop; delay slot nop
 2047  00002864  8fc10004	lw	r1,4(r30)
 2048  00002868  8fc20000	lw	r2,(r30)
 2049  0000286c  ac220000	sw	(r1),r2
 2050  00002870          	L99_LF2:
 2051  00002870  8fc1fff4	lw	r1,-12(r30)
 2052  00002874  8fc2ffec	lw	r2,-20(r30)
 2053  00002878  00200035	movi2fp	f0,r1
 2054  0000287c  00400835	movi2fp	f1,r2
 2055  00002880  0401000e	mult	f0,f0,f1
 2056  00002884  00000834	movfp2i	r1,f0
 2057  00002888  afc1fff4	sw	-12(r30),r1
 2058  0000288c  8fc1fff4	lw	r1,-12(r30)
 2059  00002890  08000004	j	L72_LF2
 2060  00002894  54000000	nop; delay slot nop
 2061  00002898          	L72_LF2:
 2062  00002898  8fa20000	lw	r2,0(r29)
 2063  0000289c  8fdffff8	lw	r31,-8(r30)
 2064  000028a0  001ee820	add	r29,r0,r30
 2065  000028a4  8fdefffc	lw	r30,-4(r30)
 2066  000028a8  4be00000	jr	r31
 2067  000028ac  54000000	nop
 2068  000028b0          	.endproc _dstrtol
 2069  000028b0          	.align 2
 2070  000028b0          	.proc _bcopy
 2071  000028b0          	.global _bcopy
 2072  000028b0          	_bcopy:
 2073                      ;  Function 'bcopy'; 0 bytes of locals, 2 regs to save.
 2074  000028b0  afbefffc	sw	-4(r29),r30; push fp
 2075  000028b4  001df020	add	r30,r0,r29; fp = sp
 2076  000028b8  afbffff8	sw	-8(r29),r31; push ret addr
 2077  000028bc  2fbd0010	subui	r29,r29,#16; alloc local storage
 2078  000028c0  afa20000	sw	0(r29),r2
 2079  000028c4  afa30004	sw	4(r29),r3
 2080  000028c8  54000000	nop
 2081  000028cc          	L101_LF2:
 2082  000028cc  8fc10008	lw	r1,8(r30)
 2083  000028d0  2022ffff	addi	r2,r1,#-1
 2084  000028d4  afc20008	sw	8(r30),r2
 2085  000028d8  6c210000	sgti	r1,r1,#0
 2086  000028dc  1420000c	bnez	r1,L103_LF2
 2087  000028e0  54000000	nop; delay slot nop
 2088  000028e4  0800002c	j	L102_LF2
 2089  000028e8  54000000	nop; delay slot nop
 2090  000028ec          	L103_LF2:
 2091  000028ec  8fc10004	lw	r1,4(r30)
 2092  000028f0  20220001	addi	r2,r1,#1
 2093  000028f4  afc20004	sw	4(r30),r2
 2094  000028f8  8fc20000	lw	r2,(r30)
 2095  000028fc  20430001	addi	r3,r2,#1
 2096  00002900  afc30000	sw	(r30),r3
 2097  00002904  80420000	lb	r2,(r2)
 2098  00002908  a0220000	sb	(r1),r2
 2099  0000290c  0bffffbc	j	L101_LF2
 2100  00002910  54000000	nop; delay slot nop
 2101  00002914          	L102_LF2:
 2102  00002914          	L100_LF2:
 2103  00002914  8fa20000	lw	r2,0(r29)
 2104  00002918  8fa30004	lw	r3,4(r29)
 2105  0000291c  8fdffff8	lw	r31,-8(r30)
 2106  00002920  001ee820	add	r29,r0,r30
 2107  00002924  8fdefffc	lw	r30,-4(r30)
 2108  00002928  4be00000	jr	r31
 2109  0000292c  54000000	nop
 2110  00002930          	.endproc _bcopy
 2111  00002930          	.align 2
 2112  00002930          	.proc _bzero
 2113  00002930          	.global _bzero
 2114  00002930          	_bzero:
 2115                      ;  Function 'bzero'; 0 bytes of locals, 1 regs to save.
 2116  00002930  afbefffc	sw	-4(r29),r30; push fp
 2117  00002934  001df020	add	r30,r0,r29; fp = sp
 2118  00002938  afbffff8	sw	-8(r29),r31; push ret addr
 2119  0000293c  2fbd0010	subui	r29,r29,#16; alloc local storage
 2120  00002940  afa20000	sw	0(r29),r2
 2121  00002944  54000000	nop
 2122  00002948          	L105_LF2:
 2123  00002948  8fc10004	lw	r1,4(r30)
 2124  0000294c  2022ffff	addi	r2,r1,#-1
 2125  00002950  afc20004	sw	4(r30),r2
 2126  00002954  6c210000	sgti	r1,r1,#0
 2127  00002958  1420000c	bnez	r1,L107_LF2
 2128  0000295c  54000000	nop; delay slot nop
 2129  00002960  08000020	j	L106_LF2
 2130  00002964  54000000	nop; delay slot nop
 2131  00002968          	L107_LF2:
 2132  00002968  8fc10000	lw	r1,(r30)
 2133  0000296c  20220001	addi	r2,r1,#1
 2134  00002970  afc20000	sw	(r30),r2
 2135  00002974  20020000	addi	r2,r0,(#0x0)&0xff
 2136  00002978  a0220000	sb	(r1),r2
 2137  0000297c  0bffffc8	j	L105_LF2
 2138  00002980  54000000	nop; delay slot nop
 2139  00002984          	L106_LF2:
 2140  00002984          	L104_LF2:
 2141  00002984  8fa20000	lw	r2,0(r29)
 2142  00002988  8fdffff8	lw	r31,-8(r30)
 2143  0000298c  001ee820	add	r29,r0,r30
 2144  00002990  8fdefffc	lw	r30,-4(r30)
 2145  00002994  4be00000	jr	r31
 2146  00002998  54000000	nop
 2147  0000299c          	.endproc _bzero
 2148  0000299c          	.align 2
 2149  0000299c          	.proc _min
 2150  0000299c          	.global _min
 2151  0000299c          	_min:
 2152                      ;  Function 'min'; 0 bytes of locals, 2 regs to save.
 2153  0000299c  afbefffc	sw	-4(r29),r30; push fp
 2154  000029a0  001df020	add	r30,r0,r29; fp = sp
 2155  000029a4  afbffff8	sw	-8(r29),r31; push ret addr
 2156  000029a8  2fbd0010	subui	r29,r29,#16; alloc local storage
 2157  000029ac  afa20000	sw	0(r29),r2
 2158  000029b0  afa30004	sw	4(r29),r3
 2159  000029b4  8fc10000	lw	r1,(r30)
 2160  000029b8  8fc20004	lw	r2,4(r30)
 2161  000029bc  0022182c	sle	r3,r1,r2
 2162  000029c0  14600008	bnez	r3,L109_LF2
 2163  000029c4  54000000	nop; delay slot nop
 2164  000029c8  8fc10004	lw	r1,4(r30)
 2165  000029cc          	L109_LF2:
 2166  000029cc  08000004	j	L108_LF2
 2167  000029d0  54000000	nop; delay slot nop
 2168  000029d4          	L108_LF2:
 2169  000029d4  8fa20000	lw	r2,0(r29)
 2170  000029d8  8fa30004	lw	r3,4(r29)
 2171  000029dc  8fdffff8	lw	r31,-8(r30)
 2172  000029e0  001ee820	add	r29,r0,r30
 2173  000029e4  8fdefffc	lw	r30,-4(r30)
 2174  000029e8  4be00000	jr	r31
 2175  000029ec  54000000	nop
 2176  000029f0          	.endproc _min
 2177                      ;;; Ethan L. Miller, 1999.  Released to the public domain
 2178                      ;;;
 2179                      ;;; Most of the traps are called in files from libtraps.
 2182  000029f0          	.align 2
 2183  000029f0          	.proc _exit
 2184  000029f0          	.global _exit
 2185  000029f0          	_exit:
 2186  000029f0  44000300	trap	#0x300
 2187  000029f4  4be00000	jr	r31
 2188  000029f8  54000000	nop
 2189  000029fc          	.endproc _exit
 2191                      ; for the benefit of gcc.
 2192  000029fc          	.proc ___main
 2193  000029fc          	.global ___main
 2194  000029fc          	___main:
 2195  000029fc  4be00000	jr	r31
 2196  00002a00  54000000	nop
 2197  00002a04          	.endproc ___main
 2198  00002a04          	.text
 2199  00002a04          	.global _etext
 2200  00002a04          	_etext:
 2201  00002a04          	.align 3
 2202  00002a08          	.data
 2203  000032f6          	.global _edata
 2204  000032f6          	_edata:
