 line   address	contents
    1                      ; Linked by DLX-LD.
    2                      ; MemSize 24576
    3                      ; Data size: 654
    4                      ; Text size: 6308
    5                      ; Stack size: 8192
    6  00000000          	.text 0x1000
    7  00001000          	.data 0x3000
    8                      ; Compiled by GCC
    9  00003000          	.text
   10  00001000          	.align 2
   11  00001000          	.proc _isspace
   12  00001000          	.global _isspace
   13  00001000          	_isspace:
   14                      ;  Function 'isspace'; 0 bytes of locals, 1 regs to save.
   15  00001000  afbefffc	sw	-4(r29),r30; push fp
   16  00001004  001df020	add	r30,r0,r29; fp = sp
   17  00001008  afbffff8	sw	-8(r29),r31; push ret addr
   18  0000100c  2fbd0010	subui	r29,r29,#16; alloc local storage
   19  00001010  afa20000	sw	0(r29),r2
   20  00001014  83c20003	lb	r2,3(r30)
   21  00001018  201f0000	addi	r31,r0,#0
   22  0000101c  304100ff	andi	r1,r2,#0x00ff
   23  00001020  60210020	seqi	r1,r1,#32
   24  00001024  14200018	bnez	r1,L6_LF0
   25  00001028  54000000	nop; not filled.
   26  0000102c  2041fff7	addi	r1,r2,#-9
   27  00001030  302100ff	andi	r1,r1,#0x00ff
   28  00001034  70210001	sleui	r1,r1,#1
   29  00001038  10200008	beqz	r1,L5_LF0
   30  0000103c  54000000	nop; not filled.
   31  00001040          	L6_LF0:
   32  00001040  201f0001	addi	r31,r0,#1
   33  00001044          	L5_LF0:
   34  00001044  001f0820	add	r1,r0,r31
   35  00001048  8fa20000	lw	r2,0(r29)
   36  0000104c  8fdffff8	lw	r31,-8(r30)
   37  00001050  001ee820	add	r29,r0,r30
   38  00001054  8fdefffc	lw	r30,-4(r30)
   39  00001058  4be00000	jr	r31
   40  0000105c  54000000	nop
   41  00001060          	.endproc _isspace
   42  00001060          	.align 2
   43  00001060          	.proc _isxdigit
   44  00001060          	.global _isxdigit
   45  00001060          	_isxdigit:
   46                      ;  Function 'isxdigit'; 0 bytes of locals, 1 regs to save.
   47  00001060  afbefffc	sw	-4(r29),r30; push fp
   48  00001064  001df020	add	r30,r0,r29; fp = sp
   49  00001068  afbffff8	sw	-8(r29),r31; push ret addr
   50  0000106c  2fbd0010	subui	r29,r29,#16; alloc local storage
   51  00001070  afa20000	sw	0(r29),r2
   52  00001074  83df0003	lb	r31,3(r30)
   53  00001078  20020000	addi	r2,r0,#0
   54  0000107c  23e1ffd0	addi	r1,r31,#-48
   55  00001080  302100ff	andi	r1,r1,#0x00ff
   56  00001084  70210009	sleui	r1,r1,#9
   57  00001088  14200028	bnez	r1,L12_LF0
   58  0000108c  54000000	nop; not filled.
   59  00001090  23e1ff9f	addi	r1,r31,#-97
   60  00001094  302100ff	andi	r1,r1,#0x00ff
   61  00001098  70210005	sleui	r1,r1,#5
   62  0000109c  14200014	bnez	r1,L12_LF0
   63  000010a0  54000000	nop; not filled.
   64  000010a4  33e100ff	andi	r1,r31,#0x00ff
   65  000010a8  64210041	snei	r1,r1,#65
   66  000010ac  14200008	bnez	r1,L11_LF0
   67  000010b0  54000000	nop; not filled.
   68  000010b4          	L12_LF0:
   69  000010b4  20020001	addi	r2,r0,#1
   70  000010b8          	L11_LF0:
   71  000010b8  00020820	add	r1,r0,r2
   72  000010bc  8fa20000	lw	r2,0(r29)
   73  000010c0  8fdffff8	lw	r31,-8(r30)
   74  000010c4  001ee820	add	r29,r0,r30
   75  000010c8  8fdefffc	lw	r30,-4(r30)
   76  000010cc  4be00000	jr	r31
   77  000010d0  54000000	nop
   78  000010d4          	.endproc _isxdigit
   79  000010d4          	.data
   80  00003000          	.align 2
   81  00003000          	LC0_LF0:
   82  00003000  4342202d	.ascii "CB ---- Put %c in %d\n\000"
   82  00003004  2d2d2d20	
   82  00003008  50757420	
   82  0000300c  25632069	
   82  00003010  6e202564	
   82  00003014  0a00    	
   83  00003016          	.text
   84  000010d4          	.align 2
   85  000010d4          	.proc _put_item_cb
   86  000010d4          	.global _put_item_cb
   87  000010d4          	_put_item_cb:
   88                      ;  Function 'put_item_cb'; 0 bytes of locals, 4 regs to save.
   89  000010d4  afbefffc	sw	-4(r29),r30; push fp
   90  000010d8  001df020	add	r30,r0,r29; fp = sp
   91  000010dc  afbffff8	sw	-8(r29),r31; push ret addr
   92  000010e0  2fbd0018	subui	r29,r29,#24; alloc local storage
   93  000010e4  afa20000	sw	0(r29),r2
   94  000010e8  afa30004	sw	4(r29),r3
   95  000010ec  afa40008	sw	8(r29),r4
   96  000010f0  afa5000c	sw	12(r29),r5
   97  000010f4  83c20003	lb	r2,3(r30)
   98  000010f8  8fc30004	lw	r3,4(r30)
   99  000010fc  8c610000	lw	r1,(r3)
  100  00001100  00610820	add	r1,r3,r1
  101  00001104  a0220008	sb	8(r1),r2
  102  00001108  23bdfff0	addi	r29,r29,#-16
  103  0000110c  3c050000	lhi	r5,((LC0_LF0)>>16)&0xffff
  104  00001110  24a53000	addui	r5,r5,(LC0_LF0)&0xffff
  105  00001114  afa50000	sw	(r29),r5
  106  00001118  304100ff	andi	r1,r2,#0x00ff
  107  0000111c  afa10004	sw	4(r29),r1
  108  00001120  8c650000	lw	r5,(r3)
  109  00001124  afa50008	sw	8(r29),r5
  110  00001128  0c000974	jal	_Printf
  111  0000112c  54000000	nop; not filled.
  112  00001130  8c610000	lw	r1,(r3)
  113  00001134  20240001	addi	r4,r1,#1
  114  00001138  2001000a	addi	r1,r0,#10
  115  0000113c  00800035	movi2fp	f0,r4
  116  00001140  00200835	movi2fp	f1,r1
  117  00001144  0401000f	div	f0,f0,f1
  118  00001148  00001034	movfp2i	r2,f0
  119  0000114c  50410002	slli	r1,r2,#0x2
  120  00001150  00220820	add	r1,r1,r2
  121  00001154  50210001	slli	r1,r1,#0x1
  122  00001158  00810822	sub	r1,r4,r1
  123  0000115c  ac610000	sw	(r3),r1
  124  00001160  20010001	addi	r1,r0,#1
  125  00001164  23bd0010	addi	r29,r29,#16
  126  00001168  8fa20000	lw	r2,0(r29)
  127  0000116c  8fa30004	lw	r3,4(r29)
  128  00001170  8fa40008	lw	r4,8(r29)
  129  00001174  8fa5000c	lw	r5,12(r29)
  130  00001178  8fdffff8	lw	r31,-8(r30)
  131  0000117c  001ee820	add	r29,r0,r30
  132  00001180  8fdefffc	lw	r30,-4(r30)
  133  00001184  4be00000	jr	r31
  134  00001188  54000000	nop
  135  0000118c          	.endproc _put_item_cb
  136  0000118c          	.data
  137  00003016          	.align 2
  138  00003018          	LC1_LF0:
  139  00003018  4342202d	.ascii "CB ----  Got %c from %d\n\000"
  139  0000301c  2d2d2d20	
  139  00003020  20476f74	
  139  00003024  20256320	
  139  00003028  66726f6d	
  139  0000302c  2025640a	
  139  00003030  00      	
  140  00003031          	.text
  141  0000118c          	.align 2
  142  0000118c          	.proc _check_item_cb
  143  0000118c          	.global _check_item_cb
  144  0000118c          	_check_item_cb:
  145                      ;  Function 'check_item_cb'; 0 bytes of locals, 3 regs to save.
  146  0000118c  afbefffc	sw	-4(r29),r30; push fp
  147  00001190  001df020	add	r30,r0,r29; fp = sp
  148  00001194  afbffff8	sw	-8(r29),r31; push ret addr
  149  00001198  2fbd0018	subui	r29,r29,#24; alloc local storage
  150  0000119c  afa20000	sw	0(r29),r2
  151  000011a0  afa30004	sw	4(r29),r3
  152  000011a4  afa40008	sw	8(r29),r4
  153  000011a8  8fc30000	lw	r3,(r30)
  154  000011ac  8fc20004	lw	r2,4(r30)
  155  000011b0  8c410004	lw	r1,4(r2)
  156  000011b4  00410820	add	r1,r2,r1
  157  000011b8  80210008	lb	r1,8(r1)
  158  000011bc  a0610000	sb	(r3),r1
  159  000011c0  23bdfff0	addi	r29,r29,#-16
  160  000011c4  3c040000	lhi	r4,((LC1_LF0)>>16)&0xffff
  161  000011c8  24843018	addui	r4,r4,(LC1_LF0)&0xffff
  162  000011cc  afa40000	sw	(r29),r4
  163  000011d0  90610000	lbu	r1,(r3)
  164  000011d4  afa10004	sw	4(r29),r1
  165  000011d8  8c420004	lw	r2,4(r2)
  166  000011dc  afa20008	sw	8(r29),r2
  167  000011e0  0c0008bc	jal	_Printf
  168  000011e4  54000000	nop; not filled.
  169  000011e8  20010001	addi	r1,r0,#1
  170  000011ec  23bd0010	addi	r29,r29,#16
  171  000011f0  8fa20000	lw	r2,0(r29)
  172  000011f4  8fa30004	lw	r3,4(r29)
  173  000011f8  8fa40008	lw	r4,8(r29)
  174  000011fc  8fdffff8	lw	r31,-8(r30)
  175  00001200  001ee820	add	r29,r0,r30
  176  00001204  8fdefffc	lw	r30,-4(r30)
  177  00001208  4be00000	jr	r31
  178  0000120c  54000000	nop
  179  00001210          	.endproc _check_item_cb
  180  00001210          	.align 2
  181  00001210          	.proc _get_item_cb
  182  00001210          	.global _get_item_cb
  183  00001210          	_get_item_cb:
  184                      ;  Function 'get_item_cb'; 0 bytes of locals, 4 regs to save.
  185  00001210  afbefffc	sw	-4(r29),r30; push fp
  186  00001214  001df020	add	r30,r0,r29; fp = sp
  187  00001218  afbffff8	sw	-8(r29),r31; push ret addr
  188  0000121c  2fbd0018	subui	r29,r29,#24; alloc local storage
  189  00001220  afa20000	sw	0(r29),r2
  190  00001224  afa30004	sw	4(r29),r3
  191  00001228  afa40008	sw	8(r29),r4
  192  0000122c  afa5000c	sw	12(r29),r5
  193  00001230  8fc20000	lw	r2,(r30)
  194  00001234  8fc30004	lw	r3,4(r30)
  195  00001238  8c610004	lw	r1,4(r3)
  196  0000123c  00610820	add	r1,r3,r1
  197  00001240  80210008	lb	r1,8(r1)
  198  00001244  a0410000	sb	(r2),r1
  199  00001248  23bdfff0	addi	r29,r29,#-16
  200  0000124c  3c050000	lhi	r5,((LC1_LF0)>>16)&0xffff
  201  00001250  24a53018	addui	r5,r5,(LC1_LF0)&0xffff
  202  00001254  afa50000	sw	(r29),r5
  203  00001258  90410000	lbu	r1,(r2)
  204  0000125c  afa10004	sw	4(r29),r1
  205  00001260  8c650004	lw	r5,4(r3)
  206  00001264  afa50008	sw	8(r29),r5
  207  00001268  0c000834	jal	_Printf
  208  0000126c  54000000	nop; not filled.
  209  00001270  8c610004	lw	r1,4(r3)
  210  00001274  20240001	addi	r4,r1,#1
  211  00001278  2001000a	addi	r1,r0,#10
  212  0000127c  00800035	movi2fp	f0,r4
  213  00001280  00200835	movi2fp	f1,r1
  214  00001284  0401000f	div	f0,f0,f1
  215  00001288  00001034	movfp2i	r2,f0
  216  0000128c  50410002	slli	r1,r2,#0x2
  217  00001290  00220820	add	r1,r1,r2
  218  00001294  50210001	slli	r1,r1,#0x1
  219  00001298  00810822	sub	r1,r4,r1
  220  0000129c  ac610004	sw	4(r3),r1
  221  000012a0  20010001	addi	r1,r0,#1
  222  000012a4  23bd0010	addi	r29,r29,#16
  223  000012a8  8fa20000	lw	r2,0(r29)
  224  000012ac  8fa30004	lw	r3,4(r29)
  225  000012b0  8fa40008	lw	r4,8(r29)
  226  000012b4  8fa5000c	lw	r5,12(r29)
  227  000012b8  8fdffff8	lw	r31,-8(r30)
  228  000012bc  001ee820	add	r29,r0,r30
  229  000012c0  8fdefffc	lw	r30,-4(r30)
  230  000012c4  4be00000	jr	r31
  231  000012c8  54000000	nop
  232  000012cc          	.endproc _get_item_cb
  233  000012cc          	.align 2
  234  000012cc          	.proc _is_full
  235  000012cc          	.global _is_full
  236  000012cc          	_is_full:
  237                      ;  Function 'is_full'; 0 bytes of locals, 3 regs to save.
  238  000012cc  afbefffc	sw	-4(r29),r30; push fp
  239  000012d0  001df020	add	r30,r0,r29; fp = sp
  240  000012d4  afbffff8	sw	-8(r29),r31; push ret addr
  241  000012d8  2fbd0018	subui	r29,r29,#24; alloc local storage
  242  000012dc  afa20000	sw	0(r29),r2
  243  000012e0  afa30004	sw	4(r29),r3
  244  000012e4  afa40008	sw	8(r29),r4
  245  000012e8  8fc40000	lw	r4,(r30)
  246  000012ec  8c810000	lw	r1,(r4)
  247  000012f0  20230001	addi	r3,r1,#1
  248  000012f4  2001000a	addi	r1,r0,#10
  249  000012f8  00600035	movi2fp	f0,r3
  250  000012fc  00200835	movi2fp	f1,r1
  251  00001300  0401000f	div	f0,f0,f1
  252  00001304  00001034	movfp2i	r2,f0
  253  00001308  50410002	slli	r1,r2,#0x2
  254  0000130c  00220820	add	r1,r1,r2
  255  00001310  50210001	slli	r1,r1,#0x1
  256  00001314  00611022	sub	r2,r3,r1
  257  00001318  8c810004	lw	r1,4(r4)
  258  0000131c  00411028	seq	r2,r2,r1
  259  00001320  20010001	addi	r1,r0,#1
  260  00001324  14400008	bnez	r2,L23_LF0
  261  00001328  54000000	nop; not filled.
  262  0000132c  20010000	addi	r1,r0,#0
  263  00001330          	L23_LF0:
  264  00001330  8fa20000	lw	r2,0(r29)
  265  00001334  8fa30004	lw	r3,4(r29)
  266  00001338  8fa40008	lw	r4,8(r29)
  267  0000133c  8fdffff8	lw	r31,-8(r30)
  268  00001340  001ee820	add	r29,r0,r30
  269  00001344  8fdefffc	lw	r30,-4(r30)
  270  00001348  4be00000	jr	r31
  271  0000134c  54000000	nop
  272  00001350          	.endproc _is_full
  273  00001350          	.align 2
  274  00001350          	.proc _is_empty
  275  00001350          	.global _is_empty
  276  00001350          	_is_empty:
  277                      ;  Function 'is_empty'; 0 bytes of locals, 1 regs to save.
  278  00001350  afbefffc	sw	-4(r29),r30; push fp
  279  00001354  001df020	add	r30,r0,r29; fp = sp
  280  00001358  afbffff8	sw	-8(r29),r31; push ret addr
  281  0000135c  2fbd0010	subui	r29,r29,#16; alloc local storage
  282  00001360  afa20000	sw	0(r29),r2
  283  00001364  8fc10000	lw	r1,(r30)
  284  00001368  8c220000	lw	r2,(r1)
  285  0000136c  8c210004	lw	r1,4(r1)
  286  00001370  00411028	seq	r2,r2,r1
  287  00001374  20010001	addi	r1,r0,#1
  288  00001378  14400008	bnez	r2,L30_LF0
  289  0000137c  54000000	nop; not filled.
  290  00001380  20010000	addi	r1,r0,#0
  291  00001384          	L30_LF0:
  292  00001384  8fa20000	lw	r2,0(r29)
  293  00001388  8fdffff8	lw	r31,-8(r30)
  294  0000138c  001ee820	add	r29,r0,r30
  295  00001390  8fdefffc	lw	r30,-4(r30)
  296  00001394  4be00000	jr	r31
  297  00001398  54000000	nop
  298  0000139c          	.endproc _is_empty
  299  0000139c          	.data
  300  00003031          	.align 2
  301  00003034          	LC2_LF0:
  302  00003034  43697263	.ascii "Circular Buffer Initiated\n\000"
  302  00003038  756c6172	
  302  0000303c  20427566	
  302  00003040  66657220	
  302  00003044  496e6974	
  302  00003048  69617465	
  302  0000304c  640a00  	
  303  0000304f          	.text
  304  0000139c          	.align 2
  305  0000139c          	.proc _init_cb
  306  0000139c          	.global _init_cb
  307  0000139c          	_init_cb:
  308                      ;  Function 'init_cb'; 0 bytes of locals, 1 regs to save.
  309  0000139c  afbefffc	sw	-4(r29),r30; push fp
  310  000013a0  001df020	add	r30,r0,r29; fp = sp
  311  000013a4  afbffff8	sw	-8(r29),r31; push ret addr
  312  000013a8  2fbd0010	subui	r29,r29,#16; alloc local storage
  313  000013ac  afa20000	sw	0(r29),r2
  314  000013b0  8fc10000	lw	r1,(r30)
  315  000013b4  20020000	addi	r2,r0,#0
  316  000013b8  ac220000	sw	(r1),r2
  317  000013bc  ac220004	sw	4(r1),r2
  318  000013c0  23bdfff8	addi	r29,r29,#-8
  319  000013c4  3c020000	lhi	r2,((LC2_LF0)>>16)&0xffff
  320  000013c8  24423034	addui	r2,r2,(LC2_LF0)&0xffff
  321  000013cc  afa20000	sw	(r29),r2
  322  000013d0  0c0006cc	jal	_Printf
  323  000013d4  54000000	nop; not filled.
  324  000013d8  23bd0008	addi	r29,r29,#8
  325  000013dc  8fa20000	lw	r2,0(r29)
  326  000013e0  8fdffff8	lw	r31,-8(r30)
  327  000013e4  001ee820	add	r29,r0,r30
  328  000013e8  8fdefffc	lw	r30,-4(r30)
  329  000013ec  4be00000	jr	r31
  330  000013f0  54000000	nop
  331  000013f4          	.endproc _init_cb
  332  000013f4          	.data
  333  0000304f          	.align 2
  334  00003050          	LC3_LF0:
  335  00003050  55736167	.ascii "Usage: \000"
  335  00003054  653a2000	
  336  00003058          	.align 2
  337  00003058          	LC4_LF0:
  338  00003058  203c6e75	.ascii " <number of processes to create>\n\000"
  338  0000305c  6d626572	
  338  00003060  206f6620	
  338  00003064  70726f63	
  338  00003068  65737365	
  338  0000306c  7320746f	
  338  00003070  20637265	
  338  00003074  6174653e	
  338  00003078  0a00    	
  339  0000307a          	.align 2
  340  0000307c          	LC5_LF0:
  341  0000307c  43726561	.ascii "Creating %d processes\n\000"
  341  00003080  74696e67	
  341  00003084  20256420	
  341  00003088  70726f63	
  341  0000308c  65737365	
  341  00003090  730a00  	
  342  00003093          	.align 2
  343  00003094          	LC6_LF0:
  344  00003094  4552524f	.ascii "ERROR: could not allocate shared memory page in \000"
  344  00003098  523a2063	
  344  0000309c  6f756c64	
  344  000030a0  206e6f74	
  344  000030a4  20616c6c	
  344  000030a8  6f636174	
  344  000030ac  65207368	
  344  000030b0  61726564	
  344  000030b4  206d656d	
  344  000030b8  6f727920	
  344  000030bc  70616765	
  344  000030c0  20696e20	
  344  000030c4  00      	
  345  000030c5          	.align 2
  346  000030c8          	LC7_LF0:
  347  000030c8  2c206578	.ascii ", exiting...\n\000"
  347  000030cc  6974696e	
  347  000030d0  672e2e2e	
  347  000030d4  0a00    	
  348  000030d6          	.align 2
  349  000030d8          	LC8_LF0:
  350  000030d8  436f756c	.ascii "Could not map the shared page to virtual address in \000"
  350  000030dc  64206e6f	
  350  000030e0  74206d61	
  350  000030e4  70207468	
  350  000030e8  65207368	
  350  000030ec  61726564	
  350  000030f0  20706167	
  350  000030f4  6520746f	
  350  000030f8  20766972	
  350  000030fc  7475616c	
  350  00003100  20616464	
  350  00003104  72657373	
  350  00003108  20696e20	
  350  0000310c  00      	
  351  0000310d          	.align 2
  352  00003110          	LC9_LF0:
  353  00003110  2c206578	.ascii ", exiting..\n\000"
  353  00003114  6974696e	
  353  00003118  672e2e0a	
  353  0000311c  00      	
  354  0000311d          	.align 2
  355  00003120          	LC10_LF0:
  356  00003120  685f6d65	.ascii "h_mem = %p \n\000"
  356  00003124  6d203d20	
  356  00003128  2570200a	
  356  0000312c  00      	
  357  0000312d          	.align 2
  358  00003130          	LC11_LF0:
  359  00003130  6d63203d	.ascii "mc = %p \n\000"
  359  00003134  20257020	
  359  00003138  0a00    	
  360  0000313a          	.align 2
  361  0000313c          	LC12_LF0:
  362  0000313c  266d632d	.ascii "&mc->numprocs = %p\n\000"
  362  00003140  3e6e756d	
  362  00003144  70726f63	
  362  00003148  73203d20	
  362  0000314c  25700a00	
  363  00003150          	.align 2
  364  00003150          	LC13_LF0:
  365  00003150  266d632d	.ascii "&mc->really_important_char = %p\n\000"
  365  00003154  3e726561	
  365  00003158  6c6c795f	
  365  0000315c  696d706f	
  365  00003160  7274616e	
  365  00003164  745f6368	
  365  00003168  6172203d	
  365  0000316c  2025700a	
  365  00003170  00      	
  366  00003171          	.align 2
  367  00003174          	LC14_LF0:
  368  00003174  266d632d	.ascii "&mc->cb = %p\n\000"
  368  00003178  3e636220	
  368  0000317c  3d202570	
  368  00003180  0a00    	
  369  00003182          	.align 2
  370  00003184          	LC15_LF0:
  371  00003184  6d632d3e	.ascii "mc->cb.head = %d\n\000"
  371  00003188  63622e68	
  371  0000318c  65616420	
  371  00003190  3d202564	
  371  00003194  0a00    	
  372  00003196          	.align 2
  373  00003198          	LC16_LF0:
  374  00003198  6d632d3e	.ascii "mc->cb.tail = %d\n\000"
  374  0000319c  63622e74	
  374  000031a0  61696c20	
  374  000031a4  3d202564	
  374  000031a8  0a00    	
  375  000031aa          	.align 2
  376  000031ac          	LC17_LF0:
  377  000031ac  6d632d3e	.ascii "mc->cb.buffer = %d\n\000"
  377  000031b0  63622e62	
  377  000031b4  75666665	
  377  000031b8  72203d20	
  377  000031bc  25640a00	
  378  000031c0          	.align 2
  379  000031c0          	LC18_LF0:
  380  000031c0  42616420	.ascii "Bad sem_create in \000"
  380  000031c4  73656d5f	
  380  000031c8  63726561	
  380  000031cc  74652069	
  380  000031d0  6e2000  	
  381  000031d3          	.align 2
  382  000031d4          	LC19_LF0:
  383  000031d4  0a00    	.ascii "\n\000"
  384  000031d6          	.align 2
  385  000031d8          	LC20_LF0:
  386  000031d8  4c6f636b	.ascii "Lock Not Implemented \000"
  386  000031dc  204e6f74	
  386  000031e0  20496d70	
  386  000031e4  6c656d65	
  386  000031e8  6e746564	
  386  000031ec  2000    	
  387  000031ee          	.align 2
  388  000031f0          	LC21_LF0:
  389  000031f0  70726f64	.ascii "producer.dlx.obj\000"
  389  000031f4  75636572	
  389  000031f8  2e646c78	
  389  000031fc  2e6f626a	
  389  00003200  00      	
  390  00003201          	.align 2
  391  00003204          	LC22_LF0:
  392  00003204  50726f63	.ascii "Process %d created\n\000"
  392  00003208  65737320	
  392  0000320c  25642063	
  392  00003210  72656174	
  392  00003214  65640a00	
  393  00003218          	.align 2
  394  00003218          	LC23_LF0:
  395  00003218  636f6e73	.ascii "consumer.dlx.obj\000"
  395  0000321c  756d6572	
  395  00003220  2e646c78	
  395  00003224  2e6f626a	
  395  00003228  00      	
  396  00003229          	.align 2
  397  0000322c          	LC24_LF0:
  398  0000322c  42616420	.ascii "Bad semaphore s_procs_completed (%d) in \000"
  398  00003230  73656d61	
  398  00003234  70686f72	
  398  00003238  6520735f	
  398  0000323c  70726f63	
  398  00003240  735f636f	
  398  00003244  6d706c65	
  398  00003248  74656420	
  398  0000324c  28256429	
  398  00003250  20696e20	
  398  00003254  00      	
  399  00003255          	.align 2
  400  00003258          	LC25_LF0:
  401  00003258  416c6c20	.ascii "All other processes completed, exiting main process.\n\000"
  401  0000325c  6f746865	
  401  00003260  72207072	
  401  00003264  6f636573	
  401  00003268  73657320	
  401  0000326c  636f6d70	
  401  00003270  6c657465	
  401  00003274  642c2065	
  401  00003278  78697469	
  401  0000327c  6e67206d	
  401  00003280  61696e20	
  401  00003284  70726f63	
  401  00003288  6573732e	
  401  0000328c  0a00    	
  402  0000328e          	.text
  403  000013f4          	.align 2
  404  000013f4          	.proc _main
  405  000013f4          	.global _main
  406  000013f4          	_main:
  407                      ;  Function 'main'; 96 bytes of locals, 0 regs to save.
  408  000013f4  afbefffc	sw	-4(r29),r30; push fp
  409  000013f8  001df020	add	r30,r0,r29; fp = sp
  410  000013fc  afbffff8	sw	-8(r29),r31; push ret addr
  411  00001400  2fbd0068	subui	r29,r29,#104; alloc local storage
  412  00001404  8fc20000	lw	r2,(r30)
  413  00001408  8fc90004	lw	r9,4(r30)
  414  0000140c  0c00148c	jal	___main
  415  00001410  54000000	nop; not filled.
  416  00001414  64410002	snei	r1,r2,#2
  417  00001418  1020004c	beqz	r1,L36_LF0
  418  0000141c  54000000	nop; not filled.
  419  00001420  23bdfff8	addi	r29,r29,#-8
  420  00001424  3c0b0000	lhi	r11,((LC3_LF0)>>16)&0xffff
  421  00001428  256b3050	addui	r11,r11,(LC3_LF0)&0xffff
  422  0000142c  afab0000	sw	(r29),r11
  423  00001430  0c00066c	jal	_Printf
  424  00001434  54000000	nop; not filled.
  425  00001438  8d2b0000	lw	r11,(r9)
  426  0000143c  afab0000	sw	(r29),r11
  427  00001440  0c00065c	jal	_Printf
  428  00001444  54000000	nop; not filled.
  429  00001448  3c0b0000	lhi	r11,((LC4_LF0)>>16)&0xffff
  430  0000144c  256b3058	addui	r11,r11,(LC4_LF0)&0xffff
  431  00001450  afab0000	sw	(r29),r11
  432  00001454  0c000648	jal	_Printf
  433  00001458  54000000	nop; not filled.
  434  0000145c  0c0006e8	jal	_Exit
  435  00001460  54000000	nop; not filled.
  436  00001464  23bd0008	addi	r29,r29,#8
  437  00001468          	L36_LF0:
  438  00001468  23bdfff0	addi	r29,r29,#-16
  439  0000146c  8d2b0004	lw	r11,4(r9)
  440  00001470  afab0000	sw	(r29),r11
  441  00001474  200b0000	addi	r11,r0,#0
  442  00001478  afab0004	sw	4(r29),r11
  443  0000147c  200b000a	addi	r11,r0,#10
  444  00001480  afab0008	sw	8(r29),r11
  445  00001484  0c000f6c	jal	_dstrtol
  446  00001488  54000000	nop; not filled.
  447  0000148c  00013020	add	r6,r0,r1
  448  00001490  3c0b0000	lhi	r11,((LC5_LF0)>>16)&0xffff
  449  00001494  256b307c	addui	r11,r11,(LC5_LF0)&0xffff
  450  00001498  afab0000	sw	(r29),r11
  451  0000149c  afa60004	sw	4(r29),r6
  452  000014a0  0c0005fc	jal	_Printf
  453  000014a4  54000000	nop; not filled.
  454  000014a8  0c000618	jal	_shmget
  455  000014ac  54000000	nop; not filled.
  456  000014b0  00013820	add	r7,r0,r1
  457  000014b4  23bd0010	addi	r29,r29,#16
  458  000014b8  64e10000	snei	r1,r7,#0
  459  000014bc  1420004c	bnez	r1,L37_LF0
  460  000014c0  54000000	nop; not filled.
  461  000014c4  23bdfff8	addi	r29,r29,#-8
  462  000014c8  3c0b0000	lhi	r11,((LC6_LF0)>>16)&0xffff
  463  000014cc  256b3094	addui	r11,r11,(LC6_LF0)&0xffff
  464  000014d0  afab0000	sw	(r29),r11
  465  000014d4  0c0005c8	jal	_Printf
  466  000014d8  54000000	nop; not filled.
  467  000014dc  8d2b0000	lw	r11,(r9)
  468  000014e0  afab0000	sw	(r29),r11
  469  000014e4  0c0005b8	jal	_Printf
  470  000014e8  54000000	nop; not filled.
  471  000014ec  3c0b0000	lhi	r11,((LC7_LF0)>>16)&0xffff
  472  000014f0  256b30c8	addui	r11,r11,(LC7_LF0)&0xffff
  473  000014f4  afab0000	sw	(r29),r11
  474  000014f8  0c0005a4	jal	_Printf
  475  000014fc  54000000	nop; not filled.
  476  00001500  0c000644	jal	_Exit
  477  00001504  54000000	nop; not filled.
  478  00001508  23bd0008	addi	r29,r29,#8
  479  0000150c          	L37_LF0:
  480  0000150c  23bdfff8	addi	r29,r29,#-8
  481  00001510  afa70000	sw	(r29),r7
  482  00001514  0c0005b8	jal	_shmat
  483  00001518  54000000	nop; not filled.
  484  0000151c  00011820	add	r3,r0,r1
  485  00001520  23bd0008	addi	r29,r29,#8
  486  00001524  64610000	snei	r1,r3,#0
  487  00001528  1420004c	bnez	r1,L38_LF0
  488  0000152c  54000000	nop; not filled.
  489  00001530  23bdfff8	addi	r29,r29,#-8
  490  00001534  3c0b0000	lhi	r11,((LC8_LF0)>>16)&0xffff
  491  00001538  256b30d8	addui	r11,r11,(LC8_LF0)&0xffff
  492  0000153c  afab0000	sw	(r29),r11
  493  00001540  0c00055c	jal	_Printf
  494  00001544  54000000	nop; not filled.
  495  00001548  8d2b0000	lw	r11,(r9)
  496  0000154c  afab0000	sw	(r29),r11
  497  00001550  0c00054c	jal	_Printf
  498  00001554  54000000	nop; not filled.
  499  00001558  3c0b0000	lhi	r11,((LC9_LF0)>>16)&0xffff
  500  0000155c  256b3110	addui	r11,r11,(LC9_LF0)&0xffff
  501  00001560  afab0000	sw	(r29),r11
  502  00001564  0c000538	jal	_Printf
  503  00001568  54000000	nop; not filled.
  504  0000156c  0c0005d8	jal	_Exit
  505  00001570  54000000	nop; not filled.
  506  00001574  23bd0008	addi	r29,r29,#8
  507  00001578          	L38_LF0:
  508  00001578  23bdfff8	addi	r29,r29,#-8
  509  0000157c  3c0b0000	lhi	r11,((LC10_LF0)>>16)&0xffff
  510  00001580  256b3120	addui	r11,r11,(LC10_LF0)&0xffff
  511  00001584  afab0000	sw	(r29),r11
  512  00001588  afa70004	sw	4(r29),r7
  513  0000158c  0c000510	jal	_Printf
  514  00001590  54000000	nop; not filled.
  515  00001594  3c0b0000	lhi	r11,((LC11_LF0)>>16)&0xffff
  516  00001598  256b3130	addui	r11,r11,(LC11_LF0)&0xffff
  517  0000159c  afab0000	sw	(r29),r11
  518  000015a0  afa30004	sw	4(r29),r3
  519  000015a4  0c0004f8	jal	_Printf
  520  000015a8  54000000	nop; not filled.
  521  000015ac  ac660000	sw	(r3),r6
  522  000015b0  200b0041	addi	r11,r0,(#0x41)&0xff
  523  000015b4  a06b0004	sb	4(r3),r11
  524  000015b8  3c0b0000	lhi	r11,((LC12_LF0)>>16)&0xffff
  525  000015bc  256b313c	addui	r11,r11,(LC12_LF0)&0xffff
  526  000015c0  afab0000	sw	(r29),r11
  527  000015c4  afa30004	sw	4(r29),r3
  528  000015c8  0c0004d4	jal	_Printf
  529  000015cc  54000000	nop; not filled.
  530  000015d0  3c0b0000	lhi	r11,((LC13_LF0)>>16)&0xffff
  531  000015d4  256b3150	addui	r11,r11,(LC13_LF0)&0xffff
  532  000015d8  afab0000	sw	(r29),r11
  533  000015dc  20610004	addi	r1,r3,#4
  534  000015e0  afa10004	sw	4(r29),r1
  535  000015e4  0c0004b8	jal	_Printf
  536  000015e8  54000000	nop; not filled.
  537  000015ec  20620008	addi	r2,r3,#8
  538  000015f0  23bd0008	addi	r29,r29,#8
  539  000015f4  200b0000	addi	r11,r0,#0
  540  000015f8  ac4b0000	sw	(r2),r11
  541  000015fc  ac6b000c	sw	12(r3),r11
  542  00001600  23bdfff8	addi	r29,r29,#-8
  543  00001604  3c0b0000	lhi	r11,((LC2_LF0)>>16)&0xffff
  544  00001608  256b3034	addui	r11,r11,(LC2_LF0)&0xffff
  545  0000160c  afab0000	sw	(r29),r11
  546  00001610  0c00048c	jal	_Printf
  547  00001614  54000000	nop; not filled.
  548  00001618  23bd0008	addi	r29,r29,#8
  549  0000161c  23bdfff8	addi	r29,r29,#-8
  550  00001620  3c0b0000	lhi	r11,((LC14_LF0)>>16)&0xffff
  551  00001624  256b3174	addui	r11,r11,(LC14_LF0)&0xffff
  552  00001628  afab0000	sw	(r29),r11
  553  0000162c  afa20004	sw	4(r29),r2
  554  00001630  0c00046c	jal	_Printf
  555  00001634  54000000	nop; not filled.
  556  00001638  3c0b0000	lhi	r11,((LC15_LF0)>>16)&0xffff
  557  0000163c  256b3184	addui	r11,r11,(LC15_LF0)&0xffff
  558  00001640  afab0000	sw	(r29),r11
  559  00001644  8c410000	lw	r1,(r2)
  560  00001648  afa10004	sw	4(r29),r1
  561  0000164c  0c000450	jal	_Printf
  562  00001650  54000000	nop; not filled.
  563  00001654  3c0b0000	lhi	r11,((LC16_LF0)>>16)&0xffff
  564  00001658  256b3198	addui	r11,r11,(LC16_LF0)&0xffff
  565  0000165c  afab0000	sw	(r29),r11
  566  00001660  8c61000c	lw	r1,12(r3)
  567  00001664  afa10004	sw	4(r29),r1
  568  00001668  0c000434	jal	_Printf
  569  0000166c  54000000	nop; not filled.
  570  00001670  3c0b0000	lhi	r11,((LC17_LF0)>>16)&0xffff
  571  00001674  256b31ac	addui	r11,r11,(LC17_LF0)&0xffff
  572  00001678  afab0000	sw	(r29),r11
  573  0000167c  90610010	lbu	r1,16(r3)
  574  00001680  afa10004	sw	4(r29),r1
  575  00001684  0c000418	jal	_Printf
  576  00001688  54000000	nop; not filled.
  577  0000168c  50c20001	slli	r2,r6,#0x1
  578  00001690  20010001	addi	r1,r0,#1
  579  00001694  00220822	sub	r1,r1,r2
  580  00001698  afa10000	sw	(r29),r1
  581  0000169c  0c00043c	jal	_sem_create
  582  000016a0  54000000	nop; not filled.
  583  000016a4  00014020	add	r8,r0,r1
  584  000016a8  23bd0008	addi	r29,r29,#8
  585  000016ac  6101ffff	seqi	r1,r8,#-1
  586  000016b0  1020004c	beqz	r1,L40_LF0
  587  000016b4  54000000	nop; not filled.
  588  000016b8  23bdfff8	addi	r29,r29,#-8
  589  000016bc  3c0b0000	lhi	r11,((LC18_LF0)>>16)&0xffff
  590  000016c0  256b31c0	addui	r11,r11,(LC18_LF0)&0xffff
  591  000016c4  afab0000	sw	(r29),r11
  592  000016c8  0c0003d4	jal	_Printf
  593  000016cc  54000000	nop; not filled.
  594  000016d0  8d2b0000	lw	r11,(r9)
  595  000016d4  afab0000	sw	(r29),r11
  596  000016d8  0c0003c4	jal	_Printf
  597  000016dc  54000000	nop; not filled.
  598  000016e0  3c0b0000	lhi	r11,((LC19_LF0)>>16)&0xffff
  599  000016e4  256b31d4	addui	r11,r11,(LC19_LF0)&0xffff
  600  000016e8  afab0000	sw	(r29),r11
  601  000016ec  0c0003b0	jal	_Printf
  602  000016f0  54000000	nop; not filled.
  603  000016f4  0c000450	jal	_Exit
  604  000016f8  54000000	nop; not filled.
  605  000016fc  23bd0008	addi	r29,r29,#8
  606  00001700          	L40_LF0:
  607  00001700  0c0003fc	jal	_lock_create
  608  00001704  54000000	nop; not filled.
  609  00001708  00015020	add	r10,r0,r1
  610  0000170c  6141ffff	seqi	r1,r10,#-1
  611  00001710  1020004c	beqz	r1,L41_LF0
  612  00001714  54000000	nop; not filled.
  613  00001718  23bdfff8	addi	r29,r29,#-8
  614  0000171c  3c0b0000	lhi	r11,((LC20_LF0)>>16)&0xffff
  615  00001720  256b31d8	addui	r11,r11,(LC20_LF0)&0xffff
  616  00001724  afab0000	sw	(r29),r11
  617  00001728  0c000374	jal	_Printf
  618  0000172c  54000000	nop; not filled.
  619  00001730  8d2b0000	lw	r11,(r9)
  620  00001734  afab0000	sw	(r29),r11
  621  00001738  0c000364	jal	_Printf
  622  0000173c  54000000	nop; not filled.
  623  00001740  3c0b0000	lhi	r11,((LC19_LF0)>>16)&0xffff
  624  00001744  256b31d4	addui	r11,r11,(LC19_LF0)&0xffff
  625  00001748  afab0000	sw	(r29),r11
  626  0000174c  0c000350	jal	_Printf
  627  00001750  54000000	nop; not filled.
  628  00001754  0c0003f0	jal	_Exit
  629  00001758  54000000	nop; not filled.
  630  0000175c  23bd0008	addi	r29,r29,#8
  631  00001760          	L41_LF0:
  632  00001760  20050000	addi	r5,r0,#0
  633  00001764  00a6082a	slt	r1,r5,r6
  634  00001768  102000a4	beqz	r1,L43_LF0
  635  0000176c  54000000	nop; not filled.
  636  00001770  23c4ff98	addi	r4,r30,#-104
  637  00001774  23c3fff8	addi	r3,r30,#-8
  638  00001778          	L45_LF0:
  639  00001778  0c000384	jal	_lock_create
  640  0000177c  54000000	nop; not filled.
  641  00001780  2062ffc0	addi	r2,r3,#-64
  642  00001784  ac410000	sw	(r2),r1
  643  00001788  6021ffff	seqi	r1,r1,#-1
  644  0000178c  1020004c	beqz	r1,L46_LF0
  645  00001790  54000000	nop; not filled.
  646  00001794  23bdfff8	addi	r29,r29,#-8
  647  00001798  3c0b0000	lhi	r11,((LC20_LF0)>>16)&0xffff
  648  0000179c  256b31d8	addui	r11,r11,(LC20_LF0)&0xffff
  649  000017a0  afab0000	sw	(r29),r11
  650  000017a4  0c0002f8	jal	_Printf
  651  000017a8  54000000	nop; not filled.
  652  000017ac  8d2b0000	lw	r11,(r9)
  653  000017b0  afab0000	sw	(r29),r11
  654  000017b4  0c0002e8	jal	_Printf
  655  000017b8  54000000	nop; not filled.
  656  000017bc  3c0b0000	lhi	r11,((LC19_LF0)>>16)&0xffff
  657  000017c0  256b31d4	addui	r11,r11,(LC19_LF0)&0xffff
  658  000017c4  afab0000	sw	(r29),r11
  659  000017c8  0c0002d4	jal	_Printf
  660  000017cc  54000000	nop; not filled.
  661  000017d0  0c000374	jal	_Exit
  662  000017d4  54000000	nop; not filled.
  663  000017d8  23bd0008	addi	r29,r29,#8
  664  000017dc          	L46_LF0:
  665  000017dc  23bdfff8	addi	r29,r29,#-8
  666  000017e0  8c420000	lw	r2,(r2)
  667  000017e4  afa20000	sw	(r29),r2
  668  000017e8  afa40004	sw	4(r29),r4
  669  000017ec  0c000a78	jal	_ditoa
  670  000017f0  54000000	nop; not filled.
  671  000017f4  23bd0008	addi	r29,r29,#8
  672  000017f8  2084000a	addi	r4,r4,#10
  673  000017fc  20630004	addi	r3,r3,#4
  674  00001800  20a50001	addi	r5,r5,#1
  675  00001804  00a6082a	slt	r1,r5,r6
  676  00001808  1420ff6c	bnez	r1,L45_LF0
  677  0000180c  54000000	nop; not filled.
  678  00001810          	L43_LF0:
  679  00001810  23bdfff8	addi	r29,r29,#-8
  680  00001814  afa70000	sw	(r29),r7
  681  00001818  23c4ffe8	addi	r4,r30,#-24
  682  0000181c  afa40004	sw	4(r29),r4
  683  00001820  0c000a44	jal	_ditoa
  684  00001824  54000000	nop; not filled.
  685  00001828  afa80000	sw	(r29),r8
  686  0000182c  23c3ffd8	addi	r3,r30,#-40
  687  00001830  afa30004	sw	4(r29),r3
  688  00001834  0c000a30	jal	_ditoa
  689  00001838  54000000	nop; not filled.
  690  0000183c  afaa0000	sw	(r29),r10
  691  00001840  23c2ffc8	addi	r2,r30,#-56
  692  00001844  afa20004	sw	4(r29),r2
  693  00001848  0c000a1c	jal	_ditoa
  694  0000184c  54000000	nop; not filled.
  695  00001850  20050000	addi	r5,r0,#0
  696  00001854  23bd0008	addi	r29,r29,#8
  697  00001858  00043820	add	r7,r0,r4
  698  0000185c  00032020	add	r4,r0,r3
  699  00001860  00021820	add	r3,r0,r2
  700  00001864  23c2ff98	addi	r2,r30,#-104
  701  00001868          	L51_LF0:
  702  00001868  23bdffe8	addi	r29,r29,#-24
  703  0000186c  3c0b0000	lhi	r11,((LC21_LF0)>>16)&0xffff
  704  00001870  256b31f0	addui	r11,r11,(LC21_LF0)&0xffff
  705  00001874  afab0000	sw	(r29),r11
  706  00001878  afa70004	sw	4(r29),r7
  707  0000187c  afa40008	sw	8(r29),r4
  708  00001880  afa3000c	sw	12(r29),r3
  709  00001884  afa20010	sw	16(r29),r2
  710  00001888  200b0000	addi	r11,r0,#0
  711  0000188c  afab0014	sw	20(r29),r11
  712  00001890  0c000224	jal	_process_create
  713  00001894  54000000	nop; not filled.
  714  00001898  3c0b0000	lhi	r11,((LC22_LF0)>>16)&0xffff
  715  0000189c  256b3204	addui	r11,r11,(LC22_LF0)&0xffff
  716  000018a0  afab0000	sw	(r29),r11
  717  000018a4  afa50004	sw	4(r29),r5
  718  000018a8  0c0001f4	jal	_Printf
  719  000018ac  54000000	nop; not filled.
  720  000018b0  23bd0018	addi	r29,r29,#24
  721  000018b4  2042000a	addi	r2,r2,#10
  722  000018b8  20a50001	addi	r5,r5,#1
  723  000018bc  70a10000	slei	r1,r5,#0
  724  000018c0  1420ffa4	bnez	r1,L51_LF0
  725  000018c4  54000000	nop; not filled.
  726  000018c8  20050000	addi	r5,r0,#0
  727  000018cc  00a6082a	slt	r1,r5,r6
  728  000018d0  10200074	beqz	r1,L54_LF0
  729  000018d4  54000000	nop; not filled.
  730  000018d8  23c7ffe8	addi	r7,r30,#-24
  731  000018dc  23c4ffd8	addi	r4,r30,#-40
  732  000018e0  23c3ffc8	addi	r3,r30,#-56
  733  000018e4  23c2ff98	addi	r2,r30,#-104
  734  000018e8          	L56_LF0:
  735  000018e8  23bdffe8	addi	r29,r29,#-24
  736  000018ec  3c0b0000	lhi	r11,((LC23_LF0)>>16)&0xffff
  737  000018f0  256b3218	addui	r11,r11,(LC23_LF0)&0xffff
  738  000018f4  afab0000	sw	(r29),r11
  739  000018f8  afa70004	sw	4(r29),r7
  740  000018fc  afa40008	sw	8(r29),r4
  741  00001900  afa3000c	sw	12(r29),r3
  742  00001904  afa20010	sw	16(r29),r2
  743  00001908  200b0000	addi	r11,r0,#0
  744  0000190c  afab0014	sw	20(r29),r11
  745  00001910  0c0001a4	jal	_process_create
  746  00001914  54000000	nop; not filled.
  747  00001918  3c0b0000	lhi	r11,((LC22_LF0)>>16)&0xffff
  748  0000191c  256b3204	addui	r11,r11,(LC22_LF0)&0xffff
  749  00001920  afab0000	sw	(r29),r11
  750  00001924  afa50004	sw	4(r29),r5
  751  00001928  0c000174	jal	_Printf
  752  0000192c  54000000	nop; not filled.
  753  00001930  23bd0018	addi	r29,r29,#24
  754  00001934  2042000a	addi	r2,r2,#10
  755  00001938  20a50001	addi	r5,r5,#1
  756  0000193c  00a6082a	slt	r1,r5,r6
  757  00001940  1420ffa4	bnez	r1,L56_LF0
  758  00001944  54000000	nop; not filled.
  759  00001948          	L54_LF0:
  760  00001948  20050001	addi	r5,r0,#1
  761  0000194c  00a6082a	slt	r1,r5,r6
  762  00001950  10200074	beqz	r1,L59_LF0
  763  00001954  54000000	nop; not filled.
  764  00001958  23c7ffe8	addi	r7,r30,#-24
  765  0000195c  23c4ffd8	addi	r4,r30,#-40
  766  00001960  23c3ffc8	addi	r3,r30,#-56
  767  00001964  23c2ffa2	addi	r2,r30,#-94
  768  00001968          	L61_LF0:
  769  00001968  23bdffe8	addi	r29,r29,#-24
  770  0000196c  3c0b0000	lhi	r11,((LC21_LF0)>>16)&0xffff
  771  00001970  256b31f0	addui	r11,r11,(LC21_LF0)&0xffff
  772  00001974  afab0000	sw	(r29),r11
  773  00001978  afa70004	sw	4(r29),r7
  774  0000197c  afa40008	sw	8(r29),r4
  775  00001980  afa3000c	sw	12(r29),r3
  776  00001984  afa20010	sw	16(r29),r2
  777  00001988  200b0000	addi	r11,r0,#0
  778  0000198c  afab0014	sw	20(r29),r11
  779  00001990  0c000124	jal	_process_create
  780  00001994  54000000	nop; not filled.
  781  00001998  3c0b0000	lhi	r11,((LC22_LF0)>>16)&0xffff
  782  0000199c  256b3204	addui	r11,r11,(LC22_LF0)&0xffff
  783  000019a0  afab0000	sw	(r29),r11
  784  000019a4  afa50004	sw	4(r29),r5
  785  000019a8  0c0000f4	jal	_Printf
  786  000019ac  54000000	nop; not filled.
  787  000019b0  23bd0018	addi	r29,r29,#24
  788  000019b4  2042000a	addi	r2,r2,#10
  789  000019b8  20a50001	addi	r5,r5,#1
  790  000019bc  00a6082a	slt	r1,r5,r6
  791  000019c0  1420ffa4	bnez	r1,L61_LF0
  792  000019c4  54000000	nop; not filled.
  793  000019c8          	L59_LF0:
  794  000019c8  23bdfff8	addi	r29,r29,#-8
  795  000019cc  afa80000	sw	(r29),r8
  796  000019d0  0c000114	jal	_sem_wait
  797  000019d4  54000000	nop; not filled.
  798  000019d8  23bd0008	addi	r29,r29,#8
  799  000019dc  64210001	snei	r1,r1,#1
  800  000019e0  10200050	beqz	r1,L63_LF0
  801  000019e4  54000000	nop; not filled.
  802  000019e8  23bdfff8	addi	r29,r29,#-8
  803  000019ec  3c0b0000	lhi	r11,((LC24_LF0)>>16)&0xffff
  804  000019f0  256b322c	addui	r11,r11,(LC24_LF0)&0xffff
  805  000019f4  afab0000	sw	(r29),r11
  806  000019f8  afa80004	sw	4(r29),r8
  807  000019fc  0c0000a0	jal	_Printf
  808  00001a00  54000000	nop; not filled.
  809  00001a04  8d290000	lw	r9,(r9)
  810  00001a08  afa90000	sw	(r29),r9
  811  00001a0c  0c000090	jal	_Printf
  812  00001a10  54000000	nop; not filled.
  813  00001a14  3c0b0000	lhi	r11,((LC19_LF0)>>16)&0xffff
  814  00001a18  256b31d4	addui	r11,r11,(LC19_LF0)&0xffff
  815  00001a1c  afab0000	sw	(r29),r11
  816  00001a20  0c00007c	jal	_Printf
  817  00001a24  54000000	nop; not filled.
  818  00001a28  0c00011c	jal	_Exit
  819  00001a2c  54000000	nop; not filled.
  820  00001a30  23bd0008	addi	r29,r29,#8
  821  00001a34          	L63_LF0:
  822  00001a34  23bdfff8	addi	r29,r29,#-8
  823  00001a38  3c0b0000	lhi	r11,((LC25_LF0)>>16)&0xffff
  824  00001a3c  256b3258	addui	r11,r11,(LC25_LF0)&0xffff
  825  00001a40  afab0000	sw	(r29),r11
  826  00001a44  0c000058	jal	_Printf
  827  00001a48  54000000	nop; not filled.
  828  00001a4c  23bd0008	addi	r29,r29,#8
  829  00001a50  0c000e3c	jal	_exit
  830  00001a54  54000000	nop
  831  00001a58          	.endproc _main
  832                      ;;;
  833                      ;;; Stub functions for DLX traps.
  834                      ;;;
  835                      ;;; Ethan L. Miller, 1999.  Released to the public domain.
  836                      ;;;
  837                      ;;; The traps such as Open and Close
  838                      ;;; (note the capital letters) are for use by user programs.  The traps
  839                      ;;; with names such as open and close (lower case) are for use by the OS.
  840                      ;;;
  843  00001a58          	.align 2
  845                      ;;; The following are the traps to be used by user-level programs
  846                      ;;;
  848  00001a58          	.align 2
  849  00001a58          	.proc _Open
  850  00001a58          	.global _Open
  851  00001a58          	_Open:
  852                      ;;; Note that trap #0x213 actually causes a trap vector in the OS of
  853                      ;;; 0x1213.  The same is true for other user traps.  Thus, a user trap
  854                      ;;; with trap #0x240 will result in a trap vector of 0x1240 in the OS.
  855  00001a58  44000213	trap	#0x213
  856  00001a5c  4be00000	jr	r31
  857  00001a60  54000000	nop
  858  00001a64          	.endproc _Open
  860  00001a64          	.proc _Close
  861  00001a64          	.global _Close
  862  00001a64          	_Close:
  863  00001a64  44000214	trap	#0x214
  864  00001a68  4be00000	jr	r31
  865  00001a6c  54000000	nop
  866  00001a70          	.endproc _Close
  868  00001a70          	.proc _Read
  869  00001a70          	.global _Read
  870  00001a70          	_Read:
  871  00001a70  44000210	trap	#0x210
  872  00001a74  4be00000	jr	r31
  873  00001a78  54000000	nop
  874  00001a7c          	.endproc _Read
  876  00001a7c          	.proc _Write
  877  00001a7c          	.global _Write
  878  00001a7c          	_Write:
  879  00001a7c  44000211	trap	#0x211
  880  00001a80  4be00000	jr	r31
  881  00001a84  54000000	nop
  882  00001a88          	.endproc _Write
  884  00001a88          	.proc _Lseek
  885  00001a88          	.global _Lseek
  886  00001a88          	_Lseek:
  887  00001a88  44000212	trap	#0x212
  888  00001a8c  4be00000	jr	r31
  889  00001a90  54000000	nop
  890  00001a94          	.endproc _Lseek
  892  00001a94          	.proc _Putchar
  893  00001a94          	.global _Putchar
  894  00001a94          	_Putchar:
  895  00001a94  44000280	trap	#0x280
  896  00001a98  4be00000	jr	r31
  897  00001a9c  54000000	nop
  898  00001aa0          	.endproc _Putchar
  900  00001aa0          	.proc _Printf
  901  00001aa0          	.global _Printf
  902  00001aa0          	_Printf:
  903  00001aa0  44000201	trap	#0x201
  904  00001aa4  4be00000	jr	r31
  905  00001aa8  54000000	nop
  906  00001aac          	.endproc _Printf
  908  00001aac          	.proc _Getpid
  909  00001aac          	.global _Getpid
  910  00001aac          	_Getpid:
  911  00001aac  44000431	trap	#0x431
  912  00001ab0  4be00000	jr	r31
  913  00001ab4  54000000	nop
  914  00001ab8          	.endproc _Getpid
  916  00001ab8          	.proc _process_create
  917  00001ab8          	.global _process_create
  918  00001ab8          	_process_create:
  919  00001ab8  44000432	trap	#0x432
  920  00001abc  4be00000	jr	r31
  921  00001ac0  54000000	nop
  922  00001ac4          	.endproc _process_create
  924  00001ac4          	.proc _shmget
  925  00001ac4          	.global _shmget
  926  00001ac4          	_shmget:
  927  00001ac4  44000440	trap	#0x440
  928  00001ac8  4be00000	jr	r31
  929  00001acc  54000000	nop
  930  00001ad0          	.endproc _shmget
  932  00001ad0          	.proc _shmat
  933  00001ad0          	.global _shmat
  934  00001ad0          	_shmat:
  935  00001ad0  44000441	trap	#0x441
  936  00001ad4  4be00000	jr	r31
  937  00001ad8  54000000	nop
  938  00001adc          	.endproc _shmat
  940  00001adc          	.proc _sem_create
  941  00001adc          	.global _sem_create
  942  00001adc          	_sem_create:
  943  00001adc  44000450	trap	#0x450
  944  00001ae0  4be00000	jr	r31
  945  00001ae4  54000000	nop
  946  00001ae8          	.endproc _sem_create
  948  00001ae8          	.proc _sem_wait
  949  00001ae8          	.global _sem_wait
  950  00001ae8          	_sem_wait:
  951  00001ae8  44000451	trap	#0x451
  952  00001aec  4be00000	jr	r31
  953  00001af0  54000000	nop
  954  00001af4          	.endproc _sem_wait
  956  00001af4          	.proc _sem_signal
  957  00001af4          	.global _sem_signal
  958  00001af4          	_sem_signal:
  959  00001af4  44000452	trap	#0x452
  960  00001af8  4be00000	jr	r31
  961  00001afc  54000000	nop
  962  00001b00          	.endproc _sem_signal
  964  00001b00          	.proc _lock_create
  965  00001b00          	.global _lock_create
  966  00001b00          	_lock_create:
  967  00001b00  44000453	trap	#0x453
  968  00001b04  4be00000	jr	r31
  969  00001b08  54000000	nop
  970  00001b0c          	.endproc _lock_create
  972  00001b0c          	.proc _lock_acquire
  973  00001b0c          	.global _lock_acquire
  974  00001b0c          	_lock_acquire:
  975  00001b0c  44000454	trap	#0x454
  976  00001b10  4be00000	jr	r31
  977  00001b14  54000000	nop
  978  00001b18          	.endproc _lock_acquire
  980  00001b18          	.proc _lock_release
  981  00001b18          	.global _lock_release
  982  00001b18          	_lock_release:
  983  00001b18  44000455	trap	#0x455
  984  00001b1c  4be00000	jr	r31
  985  00001b20  54000000	nop
  986  00001b24          	.endproc _lock_release
  988  00001b24          	.proc _cond_create
  989  00001b24          	.global _cond_create
  990  00001b24          	_cond_create:
  991  00001b24  44000456	trap	#0x456
  992  00001b28  4be00000	jr	r31
  993  00001b2c  54000000	nop
  994  00001b30          	.endproc _cond_create
  996  00001b30          	.proc _cond_wait
  997  00001b30          	.global _cond_wait
  998  00001b30          	_cond_wait:
  999  00001b30  44000457	trap	#0x457
 1000  00001b34  4be00000	jr	r31
 1001  00001b38  54000000	nop
 1002  00001b3c          	.endproc _cond_wait
 1004  00001b3c          	.proc _cond_signal
 1005  00001b3c          	.global _cond_signal
 1006  00001b3c          	_cond_signal:
 1007  00001b3c  44000458	trap	#0x458
 1008  00001b40  4be00000	jr	r31
 1009  00001b44  54000000	nop
 1010  00001b48          	.endproc _cond_signal
 1012  00001b48          	.proc _Exit
 1013  00001b48          	.global _Exit
 1014  00001b48          	_Exit:
 1015  00001b48  44000500	trap	#0x500
 1016  00001b4c  4be00000	jr	r31
 1017  00001b50  54000000	nop
 1018  00001b54          	.endproc _Exit
 1019                      ; Compiled by GCC
 1021  00001b54          	.align 2
 1022  00001b54          	.proc _isspace
 1023  00001b54          	.global _isspace
 1024  00001b54          	_isspace:
 1025                      ;  Function 'isspace'; 0 bytes of locals, 3 regs to save.
 1026  00001b54  afbefffc	sw	-4(r29),r30; push fp
 1027  00001b58  001df020	add	r30,r0,r29; fp = sp
 1028  00001b5c  afbffff8	sw	-8(r29),r31; push ret addr
 1029  00001b60  2fbd0018	subui	r29,r29,#24; alloc local storage
 1030  00001b64  afa20000	sw	0(r29),r2
 1031  00001b68  afa30004	sw	4(r29),r3
 1032  00001b6c  afa40008	sw	8(r29),r4
 1033  00001b70  83c20003	lb	r2,3(r30)
 1034  00001b74  20010000	addi	r1,r0,#0
 1035  00001b78  304300ff	andi	r3,r2,#0x00ff
 1036  00001b7c  60640020	seqi	r4,r3,#32
 1037  00001b80  1480002c	bnez	r4,L3_LF2
 1038  00001b84  54000000	nop; delay slot nop
 1039  00001b88  304300ff	andi	r3,r2,#0x00ff
 1040  00001b8c  60640009	seqi	r4,r3,#9
 1041  00001b90  1480001c	bnez	r4,L3_LF2
 1042  00001b94  54000000	nop; delay slot nop
 1043  00001b98  304300ff	andi	r3,r2,#0x00ff
 1044  00001b9c  6064000a	seqi	r4,r3,#10
 1045  00001ba0  1480000c	bnez	r4,L3_LF2
 1046  00001ba4  54000000	nop; delay slot nop
 1047  00001ba8  08000008	j	L2_LF2
 1048  00001bac  54000000	nop; delay slot nop
 1049  00001bb0          	L3_LF2:
 1050  00001bb0  20010001	addi	r1,r0,#1
 1051  00001bb4          	L2_LF2:
 1052  00001bb4  08000004	j	L1_LF2
 1053  00001bb8  54000000	nop; delay slot nop
 1054  00001bbc          	L1_LF2:
 1055  00001bbc  8fa20000	lw	r2,0(r29)
 1056  00001bc0  8fa30004	lw	r3,4(r29)
 1057  00001bc4  8fa40008	lw	r4,8(r29)
 1058  00001bc8  8fdffff8	lw	r31,-8(r30)
 1059  00001bcc  001ee820	add	r29,r0,r30
 1060  00001bd0  8fdefffc	lw	r30,-4(r30)
 1061  00001bd4  4be00000	jr	r31
 1062  00001bd8  54000000	nop
 1063  00001bdc          	.endproc _isspace
 1064  00001bdc          	.align 2
 1065  00001bdc          	.proc _isxdigit
 1066  00001bdc          	.global _isxdigit
 1067  00001bdc          	_isxdigit:
 1068                      ;  Function 'isxdigit'; 0 bytes of locals, 3 regs to save.
 1069  00001bdc  afbefffc	sw	-4(r29),r30; push fp
 1070  00001be0  001df020	add	r30,r0,r29; fp = sp
 1071  00001be4  afbffff8	sw	-8(r29),r31; push ret addr
 1072  00001be8  2fbd0018	subui	r29,r29,#24; alloc local storage
 1073  00001bec  afa20000	sw	0(r29),r2
 1074  00001bf0  afa30004	sw	4(r29),r3
 1075  00001bf4  afa40008	sw	8(r29),r4
 1076  00001bf8  83c20003	lb	r2,3(r30)
 1077  00001bfc  20010000	addi	r1,r0,#0
 1078  00001c00  304300ff	andi	r3,r2,#0x00ff
 1079  00001c04  6c64002f	sgtui	r4,r3,#47
 1080  00001c08  1080001c	beqz	r4,L7_LF2
 1081  00001c0c  54000000	nop; delay slot nop
 1082  00001c10  304300ff	andi	r3,r2,#0x00ff
 1083  00001c14  70640039	sleui	r4,r3,#57
 1084  00001c18  1480005c	bnez	r4,L6_LF2
 1085  00001c1c  54000000	nop; delay slot nop
 1086  00001c20  08000004	j	L7_LF2
 1087  00001c24  54000000	nop; delay slot nop
 1088  00001c28          	L7_LF2:
 1089  00001c28  304300ff	andi	r3,r2,#0x00ff
 1090  00001c2c  6c640060	sgtui	r4,r3,#96
 1091  00001c30  1080001c	beqz	r4,L8_LF2
 1092  00001c34  54000000	nop; delay slot nop
 1093  00001c38  304300ff	andi	r3,r2,#0x00ff
 1094  00001c3c  70640066	sleui	r4,r3,#102
 1095  00001c40  14800034	bnez	r4,L6_LF2
 1096  00001c44  54000000	nop; delay slot nop
 1097  00001c48  08000004	j	L8_LF2
 1098  00001c4c  54000000	nop; delay slot nop
 1099  00001c50          	L8_LF2:
 1100  00001c50  304300ff	andi	r3,r2,#0x00ff
 1101  00001c54  6c640040	sgtui	r4,r3,#64
 1102  00001c58  10800020	beqz	r4,L5_LF2
 1103  00001c5c  54000000	nop; delay slot nop
 1104  00001c60  304300ff	andi	r3,r2,#0x00ff
 1105  00001c64  70640041	sleui	r4,r3,#65
 1106  00001c68  1480000c	bnez	r4,L6_LF2
 1107  00001c6c  54000000	nop; delay slot nop
 1108  00001c70  08000008	j	L5_LF2
 1109  00001c74  54000000	nop; delay slot nop
 1110  00001c78          	L6_LF2:
 1111  00001c78  20010001	addi	r1,r0,#1
 1112  00001c7c          	L5_LF2:
 1113  00001c7c  08000004	j	L4_LF2
 1114  00001c80  54000000	nop; delay slot nop
 1115  00001c84          	L4_LF2:
 1116  00001c84  8fa20000	lw	r2,0(r29)
 1117  00001c88  8fa30004	lw	r3,4(r29)
 1118  00001c8c  8fa40008	lw	r4,8(r29)
 1119  00001c90  8fdffff8	lw	r31,-8(r30)
 1120  00001c94  001ee820	add	r29,r0,r30
 1121  00001c98  8fdefffc	lw	r30,-4(r30)
 1122  00001c9c  4be00000	jr	r31
 1123  00001ca0  54000000	nop
 1124  00001ca4          	.endproc _isxdigit
 1125  00001ca4          	.align 2
 1126  00001ca4          	.proc _dstrcpy
 1127  00001ca4          	.global _dstrcpy
 1128  00001ca4          	_dstrcpy:
 1129                      ;  Function 'dstrcpy'; 8 bytes of locals, 2 regs to save.
 1130  00001ca4  afbefffc	sw	-4(r29),r30; push fp
 1131  00001ca8  001df020	add	r30,r0,r29; fp = sp
 1132  00001cac  afbffff8	sw	-8(r29),r31; push ret addr
 1133  00001cb0  2fbd0018	subui	r29,r29,#24; alloc local storage
 1134  00001cb4  afa20000	sw	0(r29),r2
 1135  00001cb8  afa30004	sw	4(r29),r3
 1136  00001cbc  8fc10000	lw	r1,(r30)
 1137  00001cc0  afc1fff4	sw	-12(r30),r1
 1138  00001cc4          	L10_LF2:
 1139  00001cc4  8fc10000	lw	r1,(r30)
 1140  00001cc8  20220001	addi	r2,r1,#1
 1141  00001ccc  afc20000	sw	(r30),r2
 1142  00001cd0  8fc20004	lw	r2,4(r30)
 1143  00001cd4  20430001	addi	r3,r2,#1
 1144  00001cd8  afc30004	sw	4(r30),r3
 1145  00001cdc  80420000	lb	r2,(r2)
 1146  00001ce0  a0220000	sb	(r1),r2
 1147  00001ce4  a3c2fff3	sb	-13(r30),r2
 1148  00001ce8          	L12_LF2:
 1149  00001ce8  93c1fff3	lbu	r1,-13(r30)
 1150  00001cec  64220000	snei	r2,r1,#0
 1151  00001cf0  1440000c	bnez	r2,L13_LF2
 1152  00001cf4  54000000	nop; delay slot nop
 1153  00001cf8  0800000c	j	L11_LF2
 1154  00001cfc  54000000	nop; delay slot nop
 1155  00001d00          	L13_LF2:
 1156  00001d00  0bffffc0	j	L10_LF2
 1157  00001d04  54000000	nop; delay slot nop
 1158  00001d08          	L11_LF2:
 1159  00001d08  8fc1fff4	lw	r1,-12(r30)
 1160  00001d0c  08000004	j	L9_LF2
 1161  00001d10  54000000	nop; delay slot nop
 1162  00001d14          	L9_LF2:
 1163  00001d14  8fa20000	lw	r2,0(r29)
 1164  00001d18  8fa30004	lw	r3,4(r29)
 1165  00001d1c  8fdffff8	lw	r31,-8(r30)
 1166  00001d20  001ee820	add	r29,r0,r30
 1167  00001d24  8fdefffc	lw	r30,-4(r30)
 1168  00001d28  4be00000	jr	r31
 1169  00001d2c  54000000	nop
 1170  00001d30          	.endproc _dstrcpy
 1171  00001d30          	.align 2
 1172  00001d30          	.proc _dstrncpy
 1173  00001d30          	.global _dstrncpy
 1174  00001d30          	_dstrncpy:
 1175                      ;  Function 'dstrncpy'; 8 bytes of locals, 2 regs to save.
 1176  00001d30  afbefffc	sw	-4(r29),r30; push fp
 1177  00001d34  001df020	add	r30,r0,r29; fp = sp
 1178  00001d38  afbffff8	sw	-8(r29),r31; push ret addr
 1179  00001d3c  2fbd0018	subui	r29,r29,#24; alloc local storage
 1180  00001d40  afa20000	sw	0(r29),r2
 1181  00001d44  afa30004	sw	4(r29),r3
 1182  00001d48  8fc10000	lw	r1,(r30)
 1183  00001d4c  afc1fff4	sw	-12(r30),r1
 1184  00001d50          	L15_LF2:
 1185  00001d50  8fc10008	lw	r1,8(r30)
 1186  00001d54  2022ffff	addi	r2,r1,#-1
 1187  00001d58  afc20008	sw	8(r30),r2
 1188  00001d5c  70210000	slei	r1,r1,#0
 1189  00001d60  1020000c	beqz	r1,L18_LF2
 1190  00001d64  54000000	nop; delay slot nop
 1191  00001d68  08000048	j	L16_LF2
 1192  00001d6c  54000000	nop; delay slot nop
 1193  00001d70          	L18_LF2:
 1194  00001d70  8fc10000	lw	r1,(r30)
 1195  00001d74  20220001	addi	r2,r1,#1
 1196  00001d78  afc20000	sw	(r30),r2
 1197  00001d7c  8fc20004	lw	r2,4(r30)
 1198  00001d80  20430001	addi	r3,r2,#1
 1199  00001d84  afc30004	sw	4(r30),r3
 1200  00001d88  80420000	lb	r2,(r2)
 1201  00001d8c  a0220000	sb	(r1),r2
 1202  00001d90  a3c2fff3	sb	-13(r30),r2
 1203  00001d94          	L17_LF2:
 1204  00001d94  93c1fff3	lbu	r1,-13(r30)
 1205  00001d98  64220000	snei	r2,r1,#0
 1206  00001d9c  1440000c	bnez	r2,L19_LF2
 1207  00001da0  54000000	nop; delay slot nop
 1208  00001da4  0800000c	j	L16_LF2
 1209  00001da8  54000000	nop; delay slot nop
 1210  00001dac          	L19_LF2:
 1211  00001dac  0bffffa0	j	L15_LF2
 1212  00001db0  54000000	nop; delay slot nop
 1213  00001db4          	L16_LF2:
 1214  00001db4  8fc1fff4	lw	r1,-12(r30)
 1215  00001db8  08000004	j	L14_LF2
 1216  00001dbc  54000000	nop; delay slot nop
 1217  00001dc0          	L14_LF2:
 1218  00001dc0  8fa20000	lw	r2,0(r29)
 1219  00001dc4  8fa30004	lw	r3,4(r29)
 1220  00001dc8  8fdffff8	lw	r31,-8(r30)
 1221  00001dcc  001ee820	add	r29,r0,r30
 1222  00001dd0  8fdefffc	lw	r30,-4(r30)
 1223  00001dd4  4be00000	jr	r31
 1224  00001dd8  54000000	nop
 1225  00001ddc          	.endproc _dstrncpy
 1226  00001ddc          	.align 2
 1227  00001ddc          	.proc _dstrcat
 1228  00001ddc          	.global _dstrcat
 1229  00001ddc          	_dstrcat:
 1230                      ;  Function 'dstrcat'; 8 bytes of locals, 1 regs to save.
 1231  00001ddc  afbefffc	sw	-4(r29),r30; push fp
 1232  00001de0  001df020	add	r30,r0,r29; fp = sp
 1233  00001de4  afbffff8	sw	-8(r29),r31; push ret addr
 1234  00001de8  2fbd0018	subui	r29,r29,#24; alloc local storage
 1235  00001dec  afa20000	sw	0(r29),r2
 1236  00001df0  8fc10000	lw	r1,(r30)
 1237  00001df4  afc1fff4	sw	-12(r30),r1
 1238  00001df8          	L21_LF2:
 1239  00001df8  8fc10000	lw	r1,(r30)
 1240  00001dfc  90220000	lbu	r2,(r1)
 1241  00001e00  64410000	snei	r1,r2,#0
 1242  00001e04  1420000c	bnez	r1,L23_LF2
 1243  00001e08  54000000	nop; delay slot nop
 1244  00001e0c  0800001c	j	L22_LF2
 1245  00001e10  54000000	nop; delay slot nop
 1246  00001e14          	L23_LF2:
 1247  00001e14  8fc20000	lw	r2,(r30)
 1248  00001e18  20410001	addi	r1,r2,#1
 1249  00001e1c  00011020	add	r2,r0,r1
 1250  00001e20  afc20000	sw	(r30),r2
 1251  00001e24  0bffffd0	j	L21_LF2
 1252  00001e28  54000000	nop; delay slot nop
 1253  00001e2c          	L22_LF2:
 1254  00001e2c  23bdfff8	addi	r29,r29,#-8
 1255  00001e30  001d0820	add	r1,r0,r29
 1256  00001e34  8fc20000	lw	r2,(r30)
 1257  00001e38  ac220000	sw	(r1),r2
 1258  00001e3c  8fc20004	lw	r2,4(r30)
 1259  00001e40  ac220004	sw	4(r1),r2
 1260  00001e44  0ffffe5c	jal	_dstrcpy
 1261  00001e48  54000000	nop; delay slot nop
 1262  00001e4c  23bd0008	addi	r29,r29,#8
 1263  00001e50  8fc1fff4	lw	r1,-12(r30)
 1264  00001e54  08000004	j	L20_LF2
 1265  00001e58  54000000	nop; delay slot nop
 1266  00001e5c          	L20_LF2:
 1267  00001e5c  8fa20000	lw	r2,0(r29)
 1268  00001e60  8fdffff8	lw	r31,-8(r30)
 1269  00001e64  001ee820	add	r29,r0,r30
 1270  00001e68  8fdefffc	lw	r30,-4(r30)
 1271  00001e6c  4be00000	jr	r31
 1272  00001e70  54000000	nop
 1273  00001e74          	.endproc _dstrcat
 1274  00001e74          	.align 2
 1275  00001e74          	.proc _dstrncmp
 1276  00001e74          	.global _dstrncmp
 1277  00001e74          	_dstrncmp:
 1278                      ;  Function 'dstrncmp'; 8 bytes of locals, 2 regs to save.
 1279  00001e74  afbefffc	sw	-4(r29),r30; push fp
 1280  00001e78  001df020	add	r30,r0,r29; fp = sp
 1281  00001e7c  afbffff8	sw	-8(r29),r31; push ret addr
 1282  00001e80  2fbd0018	subui	r29,r29,#24; alloc local storage
 1283  00001e84  afa20000	sw	0(r29),r2
 1284  00001e88  afa30004	sw	4(r29),r3
 1285  00001e8c  54000000	nop
 1286  00001e90  20010000	addi	r1,r0,#0
 1287  00001e94  afc1fff4	sw	-12(r30),r1
 1288  00001e98          	L25_LF2:
 1289  00001e98  8fc1fff4	lw	r1,-12(r30)
 1290  00001e9c  8fc20008	lw	r2,8(r30)
 1291  00001ea0  0022082a	slt	r1,r1,r2
 1292  00001ea4  1420000c	bnez	r1,L28_LF2
 1293  00001ea8  54000000	nop; delay slot nop
 1294  00001eac  08000088	j	L26_LF2
 1295  00001eb0  54000000	nop; delay slot nop
 1296  00001eb4          	L28_LF2:
 1297  00001eb4  8fc10004	lw	r1,4(r30)
 1298  00001eb8  90220000	lbu	r2,(r1)
 1299  00001ebc  64410000	snei	r1,r2,#0
 1300  00001ec0  14200018	bnez	r1,L29_LF2
 1301  00001ec4  54000000	nop; delay slot nop
 1302  00001ec8  20010000	addi	r1,r0,#0
 1303  00001ecc  080000d8	j	L24_LF2
 1304  00001ed0  54000000	nop; delay slot nop
 1305  00001ed4  08000028	j	L30_LF2
 1306  00001ed8  54000000	nop; delay slot nop
 1307  00001edc          	L29_LF2:
 1308  00001edc  8fc10000	lw	r1,(r30)
 1309  00001ee0  8fc20004	lw	r2,4(r30)
 1310  00001ee4  90210000	lbu	r1,(r1)
 1311  00001ee8  90420000	lbu	r2,(r2)
 1312  00001eec  00220829	sne	r1,r1,r2
 1313  00001ef0  1020000c	beqz	r1,L30_LF2
 1314  00001ef4  54000000	nop; delay slot nop
 1315  00001ef8  0800003c	j	L26_LF2
 1316  00001efc  54000000	nop; delay slot nop
 1317  00001f00          	L31_LF2:
 1318  00001f00          	L30_LF2:
 1319  00001f00  8fc20000	lw	r2,(r30)
 1320  00001f04  20410001	addi	r1,r2,#1
 1321  00001f08  00011020	add	r2,r0,r1
 1322  00001f0c  afc20000	sw	(r30),r2
 1323  00001f10  8fc20004	lw	r2,4(r30)
 1324  00001f14  20410001	addi	r1,r2,#1
 1325  00001f18  00011020	add	r2,r0,r1
 1326  00001f1c  afc20004	sw	4(r30),r2
 1327  00001f20          	L27_LF2:
 1328  00001f20  8fc2fff4	lw	r2,-12(r30)
 1329  00001f24  20410001	addi	r1,r2,#1
 1330  00001f28  00011020	add	r2,r0,r1
 1331  00001f2c  afc2fff4	sw	-12(r30),r2
 1332  00001f30  0bffff64	j	L25_LF2
 1333  00001f34  54000000	nop; delay slot nop
 1334  00001f38          	L26_LF2:
 1335  00001f38  8fc1fff4	lw	r1,-12(r30)
 1336  00001f3c  8fc20008	lw	r2,8(r30)
 1337  00001f40  00220828	seq	r1,r1,r2
 1338  00001f44  10200018	beqz	r1,L32_LF2
 1339  00001f48  54000000	nop; delay slot nop
 1340  00001f4c  20010000	addi	r1,r0,#0
 1341  00001f50  08000054	j	L24_LF2
 1342  00001f54  54000000	nop; delay slot nop
 1343  00001f58  0800004c	j	L33_LF2
 1344  00001f5c  54000000	nop; delay slot nop
 1345  00001f60          	L32_LF2:
 1346  00001f60  8fc20000	lw	r2,(r30)
 1347  00001f64  90410000	lbu	r1,(r2)
 1348  00001f68  8fc20004	lw	r2,4(r30)
 1349  00001f6c  90430000	lbu	r3,(r2)
 1350  00001f70  00230822	sub	r1,r1,r3
 1351  00001f74  74220000	sgei	r2,r1,#0
 1352  00001f78  10400020	beqz	r2,L34_LF2
 1353  00001f7c  54000000	nop; delay slot nop
 1354  00001f80  8fc10000	lw	r1,(r30)
 1355  00001f84  8fc20004	lw	r2,4(r30)
 1356  00001f88  90210000	lbu	r1,(r1)
 1357  00001f8c  90420000	lbu	r2,(r2)
 1358  00001f90  00220829	sne	r1,r1,r2
 1359  00001f94  08000008	j	L35_LF2
 1360  00001f98  54000000	nop; delay slot nop
 1361  00001f9c          	L34_LF2:
 1362  00001f9c  2001ffff	addi	r1,r0,#-1
 1363  00001fa0          	L35_LF2:
 1364  00001fa0  08000004	j	L24_LF2
 1365  00001fa4  54000000	nop; delay slot nop
 1366  00001fa8          	L33_LF2:
 1367  00001fa8          	L24_LF2:
 1368  00001fa8  8fa20000	lw	r2,0(r29)
 1369  00001fac  8fa30004	lw	r3,4(r29)
 1370  00001fb0  8fdffff8	lw	r31,-8(r30)
 1371  00001fb4  001ee820	add	r29,r0,r30
 1372  00001fb8  8fdefffc	lw	r30,-4(r30)
 1373  00001fbc  4be00000	jr	r31
 1374  00001fc0  54000000	nop
 1375  00001fc4          	.endproc _dstrncmp
 1376  00001fc4          	.align 2
 1377  00001fc4          	.proc _dstrlen
 1378  00001fc4          	.global _dstrlen
 1379  00001fc4          	_dstrlen:
 1380                      ;  Function 'dstrlen'; 8 bytes of locals, 1 regs to save.
 1381  00001fc4  afbefffc	sw	-4(r29),r30; push fp
 1382  00001fc8  001df020	add	r30,r0,r29; fp = sp
 1383  00001fcc  afbffff8	sw	-8(r29),r31; push ret addr
 1384  00001fd0  2fbd0018	subui	r29,r29,#24; alloc local storage
 1385  00001fd4  afa20000	sw	0(r29),r2
 1386  00001fd8  20010000	addi	r1,r0,#0
 1387  00001fdc  afc1fff4	sw	-12(r30),r1
 1388  00001fe0          	L37_LF2:
 1389  00001fe0  8fc10000	lw	r1,(r30)
 1390  00001fe4  20220001	addi	r2,r1,#1
 1391  00001fe8  afc20000	sw	(r30),r2
 1392  00001fec  90210000	lbu	r1,(r1)
 1393  00001ff0  64220000	snei	r2,r1,#0
 1394  00001ff4  1440000c	bnez	r2,L39_LF2
 1395  00001ff8  54000000	nop; delay slot nop
 1396  00001ffc  0800001c	j	L38_LF2
 1397  00002000  54000000	nop; delay slot nop
 1398  00002004          	L39_LF2:
 1399  00002004  8fc2fff4	lw	r2,-12(r30)
 1400  00002008  20410001	addi	r1,r2,#1
 1401  0000200c  00011020	add	r2,r0,r1
 1402  00002010  afc2fff4	sw	-12(r30),r2
 1403  00002014  0bffffc8	j	L37_LF2
 1404  00002018  54000000	nop; delay slot nop
 1405  0000201c          	L38_LF2:
 1406  0000201c  8fc1fff4	lw	r1,-12(r30)
 1407  00002020  08000004	j	L36_LF2
 1408  00002024  54000000	nop; delay slot nop
 1409  00002028          	L36_LF2:
 1410  00002028  8fa20000	lw	r2,0(r29)
 1411  0000202c  8fdffff8	lw	r31,-8(r30)
 1412  00002030  001ee820	add	r29,r0,r30
 1413  00002034  8fdefffc	lw	r30,-4(r30)
 1414  00002038  4be00000	jr	r31
 1415  0000203c  54000000	nop
 1416  00002040          	.endproc _dstrlen
 1417  00002040          	.align 2
 1418  00002040          	.proc _dstrstr
 1419  00002040          	.global _dstrstr
 1420  00002040          	_dstrstr:
 1421                      ;  Function 'dstrstr'; 8 bytes of locals, 1 regs to save.
 1422  00002040  afbefffc	sw	-4(r29),r30; push fp
 1423  00002044  001df020	add	r30,r0,r29; fp = sp
 1424  00002048  afbffff8	sw	-8(r29),r31; push ret addr
 1425  0000204c  2fbd0018	subui	r29,r29,#24; alloc local storage
 1426  00002050  afa20000	sw	0(r29),r2
 1427  00002054  23bdfff8	addi	r29,r29,#-8
 1428  00002058  001d0820	add	r1,r0,r29
 1429  0000205c  8fc20004	lw	r2,4(r30)
 1430  00002060  ac220000	sw	(r1),r2
 1431  00002064  0fffff5c	jal	_dstrlen
 1432  00002068  54000000	nop; delay slot nop
 1433  0000206c  23bd0008	addi	r29,r29,#8
 1434  00002070  afc1fff4	sw	-12(r30),r1
 1435  00002074          	L41_LF2:
 1436  00002074  8fc10000	lw	r1,(r30)
 1437  00002078  90220000	lbu	r2,(r1)
 1438  0000207c  64410000	snei	r1,r2,#0
 1439  00002080  1420000c	bnez	r1,L43_LF2
 1440  00002084  54000000	nop; delay slot nop
 1441  00002088  08000060	j	L42_LF2
 1442  0000208c  54000000	nop; delay slot nop
 1443  00002090          	L43_LF2:
 1444  00002090  23bdfff0	addi	r29,r29,#-16
 1445  00002094  001d0820	add	r1,r0,r29
 1446  00002098  8fc20000	lw	r2,(r30)
 1447  0000209c  ac220000	sw	(r1),r2
 1448  000020a0  8fc20004	lw	r2,4(r30)
 1449  000020a4  ac220004	sw	4(r1),r2
 1450  000020a8  8fc2fff4	lw	r2,-12(r30)
 1451  000020ac  ac220008	sw	8(r1),r2
 1452  000020b0  0ffffdc0	jal	_dstrncmp
 1453  000020b4  54000000	nop; delay slot nop
 1454  000020b8  23bd0010	addi	r29,r29,#16
 1455  000020bc  64220000	snei	r2,r1,#0
 1456  000020c0  14400010	bnez	r2,L44_LF2
 1457  000020c4  54000000	nop; delay slot nop
 1458  000020c8  8fc10000	lw	r1,(r30)
 1459  000020cc  08000028	j	L40_LF2
 1460  000020d0  54000000	nop; delay slot nop
 1461  000020d4          	L44_LF2:
 1462  000020d4  8fc20000	lw	r2,(r30)
 1463  000020d8  20410001	addi	r1,r2,#1
 1464  000020dc  00011020	add	r2,r0,r1
 1465  000020e0  afc20000	sw	(r30),r2
 1466  000020e4  0bffff8c	j	L41_LF2
 1467  000020e8  54000000	nop; delay slot nop
 1468  000020ec          	L42_LF2:
 1469  000020ec  20010000	addi	r1,r0,#0
 1470  000020f0  08000004	j	L40_LF2
 1471  000020f4  54000000	nop; delay slot nop
 1472  000020f8          	L40_LF2:
 1473  000020f8  8fa20000	lw	r2,0(r29)
 1474  000020fc  8fdffff8	lw	r31,-8(r30)
 1475  00002100  001ee820	add	r29,r0,r30
 1476  00002104  8fdefffc	lw	r30,-4(r30)
 1477  00002108  4be00000	jr	r31
 1478  0000210c  54000000	nop
 1479  00002110          	.endproc _dstrstr
 1480  00002110          	.align 2
 1481  00002110          	.proc _dmindex
 1482  00002110          	.global _dmindex
 1483  00002110          	_dmindex:
 1484                      ;  Function 'dmindex'; 8 bytes of locals, 1 regs to save.
 1485  00002110  afbefffc	sw	-4(r29),r30; push fp
 1486  00002114  001df020	add	r30,r0,r29; fp = sp
 1487  00002118  afbffff8	sw	-8(r29),r31; push ret addr
 1488  0000211c  2fbd0018	subui	r29,r29,#24; alloc local storage
 1489  00002120  afa20000	sw	0(r29),r2
 1490  00002124  54000000	nop
 1491  00002128          	L46_LF2:
 1492  00002128  8fc10000	lw	r1,(r30)
 1493  0000212c  90220000	lbu	r2,(r1)
 1494  00002130  64410000	snei	r1,r2,#0
 1495  00002134  1420000c	bnez	r1,L48_LF2
 1496  00002138  54000000	nop; delay slot nop
 1497  0000213c  08000070	j	L47_LF2
 1498  00002140  54000000	nop; delay slot nop
 1499  00002144          	L48_LF2:
 1500  00002144  8fc10004	lw	r1,4(r30)
 1501  00002148  afc1fff4	sw	-12(r30),r1
 1502  0000214c          	L49_LF2:
 1503  0000214c  8fc1fff4	lw	r1,-12(r30)
 1504  00002150  90220000	lbu	r2,(r1)
 1505  00002154  64410000	snei	r1,r2,#0
 1506  00002158  1420000c	bnez	r1,L52_LF2
 1507  0000215c  54000000	nop; delay slot nop
 1508  00002160  08000044	j	L50_LF2
 1509  00002164  54000000	nop; delay slot nop
 1510  00002168          	L52_LF2:
 1511  00002168  8fc10000	lw	r1,(r30)
 1512  0000216c  8fc2fff4	lw	r2,-12(r30)
 1513  00002170  90210000	lbu	r1,(r1)
 1514  00002174  90420000	lbu	r2,(r2)
 1515  00002178  00220828	seq	r1,r1,r2
 1516  0000217c  10200010	beqz	r1,L51_LF2
 1517  00002180  54000000	nop; delay slot nop
 1518  00002184  8fc10000	lw	r1,(r30)
 1519  00002188  08000030	j	L45_LF2
 1520  0000218c  54000000	nop; delay slot nop
 1521  00002190          	L53_LF2:
 1522  00002190          	L51_LF2:
 1523  00002190  8fc2fff4	lw	r2,-12(r30)
 1524  00002194  20410001	addi	r1,r2,#1
 1525  00002198  00011020	add	r2,r0,r1
 1526  0000219c  afc2fff4	sw	-12(r30),r2
 1527  000021a0  0bffffa8	j	L49_LF2
 1528  000021a4  54000000	nop; delay slot nop
 1529  000021a8          	L50_LF2:
 1530  000021a8  0bffff7c	j	L46_LF2
 1531  000021ac  54000000	nop; delay slot nop
 1532  000021b0          	L47_LF2:
 1533  000021b0  20010000	addi	r1,r0,#0
 1534  000021b4  08000004	j	L45_LF2
 1535  000021b8  54000000	nop; delay slot nop
 1536  000021bc          	L45_LF2:
 1537  000021bc  8fa20000	lw	r2,0(r29)
 1538  000021c0  8fdffff8	lw	r31,-8(r30)
 1539  000021c4  001ee820	add	r29,r0,r30
 1540  000021c8  8fdefffc	lw	r30,-4(r30)
 1541  000021cc  4be00000	jr	r31
 1542  000021d0  54000000	nop
 1543  000021d4          	.endproc _dmindex
 1544  000021d4          	.align 2
 1545  000021d4          	.proc _dindex
 1546  000021d4          	.global _dindex
 1547  000021d4          	_dindex:
 1548                      ;  Function 'dindex'; 0 bytes of locals, 1 regs to save.
 1549  000021d4  afbefffc	sw	-4(r29),r30; push fp
 1550  000021d8  001df020	add	r30,r0,r29; fp = sp
 1551  000021dc  afbffff8	sw	-8(r29),r31; push ret addr
 1552  000021e0  2fbd0010	subui	r29,r29,#16; alloc local storage
 1553  000021e4  afa20000	sw	0(r29),r2
 1554  000021e8  54000000	nop
 1555  000021ec          	L55_LF2:
 1556  000021ec  8fc10000	lw	r1,(r30)
 1557  000021f0  90220000	lbu	r2,(r1)
 1558  000021f4  64410000	snei	r1,r2,#0
 1559  000021f8  1420000c	bnez	r1,L57_LF2
 1560  000021fc  54000000	nop; delay slot nop
 1561  00002200  08000040	j	L56_LF2
 1562  00002204  54000000	nop; delay slot nop
 1563  00002208          	L57_LF2:
 1564  00002208  8fc10000	lw	r1,(r30)
 1565  0000220c  90220000	lbu	r2,(r1)
 1566  00002210  8fc10004	lw	r1,4(r30)
 1567  00002214  00411028	seq	r2,r2,r1
 1568  00002218  10400010	beqz	r2,L58_LF2
 1569  0000221c  54000000	nop; delay slot nop
 1570  00002220  8fc10000	lw	r1,(r30)
 1571  00002224  08000028	j	L54_LF2
 1572  00002228  54000000	nop; delay slot nop
 1573  0000222c          	L58_LF2:
 1574  0000222c  8fc20000	lw	r2,(r30)
 1575  00002230  20410001	addi	r1,r2,#1
 1576  00002234  00011020	add	r2,r0,r1
 1577  00002238  afc20000	sw	(r30),r2
 1578  0000223c  0bffffac	j	L55_LF2
 1579  00002240  54000000	nop; delay slot nop
 1580  00002244          	L56_LF2:
 1581  00002244  20010000	addi	r1,r0,#0
 1582  00002248  08000004	j	L54_LF2
 1583  0000224c  54000000	nop; delay slot nop
 1584  00002250          	L54_LF2:
 1585  00002250  8fa20000	lw	r2,0(r29)
 1586  00002254  8fdffff8	lw	r31,-8(r30)
 1587  00002258  001ee820	add	r29,r0,r30
 1588  0000225c  8fdefffc	lw	r30,-4(r30)
 1589  00002260  4be00000	jr	r31
 1590  00002264  54000000	nop
 1591  00002268          	.endproc _dindex
 1592  00002268          	.align 2
 1593  00002268          	.proc _ditoa
 1594  00002268          	.global _ditoa
 1595  00002268          	_ditoa:
 1596                      ;  Function 'ditoa'; 8 bytes of locals, 2 regs to save.
 1597  00002268  afbefffc	sw	-4(r29),r30; push fp
 1598  0000226c  001df020	add	r30,r0,r29; fp = sp
 1599  00002270  afbffff8	sw	-8(r29),r31; push ret addr
 1600  00002274  2fbd0018	subui	r29,r29,#24; alloc local storage
 1601  00002278  afa20000	sw	0(r29),r2
 1602  0000227c  afa30004	sw	4(r29),r3
 1603  00002280  8fc10000	lw	r1,(r30)
 1604  00002284  68220000	slti	r2,r1,#0
 1605  00002288  1040002c	beqz	r2,L60_LF2
 1606  0000228c  54000000	nop; delay slot nop
 1607  00002290  8fc10004	lw	r1,4(r30)
 1608  00002294  20220001	addi	r2,r1,#1
 1609  00002298  afc20004	sw	4(r30),r2
 1610  0000229c  2002002d	addi	r2,r0,(#0x2d)&0xff
 1611  000022a0  a0220000	sb	(r1),r2
 1612  000022a4  8fc10000	lw	r1,(r30)
 1613  000022a8  00011022	sub	r2,r0,r1
 1614  000022ac  afc20000	sw	(r30),r2
 1615  000022b0  08000118	j	L61_LF2
 1616  000022b4  54000000	nop; delay slot nop
 1617  000022b8          	L60_LF2:
 1618  000022b8  8fc10000	lw	r1,(r30)
 1619  000022bc  64220000	snei	r2,r1,#0
 1620  000022c0  14400020	bnez	r2,L62_LF2
 1621  000022c4  54000000	nop; delay slot nop
 1622  000022c8  8fc10004	lw	r1,4(r30)
 1623  000022cc  20220001	addi	r2,r1,#1
 1624  000022d0  afc20004	sw	4(r30),r2
 1625  000022d4  20020030	addi	r2,r0,(#0x30)&0xff
 1626  000022d8  a0220000	sb	(r1),r2
 1627  000022dc  080000ec	j	L61_LF2
 1628  000022e0  54000000	nop; delay slot nop
 1629  000022e4          	L62_LF2:
 1630  000022e4  20010001	addi	r1,r0,#1
 1631  000022e8  afc1fff4	sw	-12(r30),r1
 1632  000022ec          	L64_LF2:
 1633  000022ec  8fc1fff4	lw	r1,-12(r30)
 1634  000022f0  8fc20000	lw	r2,(r30)
 1635  000022f4  0022082c	sle	r1,r1,r2
 1636  000022f8  1420000c	bnez	r1,L66_LF2
 1637  000022fc  54000000	nop; delay slot nop
 1638  00002300  08000024	j	L65_LF2
 1639  00002304  54000000	nop; delay slot nop
 1640  00002308          	L67_LF2:
 1641  00002308          	L66_LF2:
 1642  00002308  8fc1fff4	lw	r1,-12(r30)
 1643  0000230c  00011820	add	r3,r0,r1
 1644  00002310  50620002	slli	r2,r3,#0x2
 1645  00002314  00411020	add	r2,r2,r1
 1646  00002318  50410001	slli	r1,r2,#0x1
 1647  0000231c  afc1fff4	sw	-12(r30),r1
 1648  00002320  0bffffc8	j	L64_LF2
 1649  00002324  54000000	nop; delay slot nop
 1650  00002328          	L65_LF2:
 1651  00002328  54000000	nop
 1652  0000232c          	L68_LF2:
 1653  0000232c  8fc1fff4	lw	r1,-12(r30)
 1654  00002330  2002000a	addi	r2,r0,#10
 1655  00002334  00200035	movi2fp	f0,r1
 1656  00002338  00400835	movi2fp	f1,r2
 1657  0000233c  0401000f	div	f0,f0,f1
 1658  00002340  00000834	movfp2i	r1,f0
 1659  00002344  afc1fff4	sw	-12(r30),r1
 1660  00002348  8fc10004	lw	r1,4(r30)
 1661  0000234c  20220001	addi	r2,r1,#1
 1662  00002350  afc20004	sw	4(r30),r2
 1663  00002354  8fc20000	lw	r2,(r30)
 1664  00002358  8fc3fff4	lw	r3,-12(r30)
 1665  0000235c  00400035	movi2fp	f0,r2
 1666  00002360  00600835	movi2fp	f1,r3
 1667  00002364  0401000f	div	f0,f0,f1
 1668  00002368  00001034	movfp2i	r2,f0
 1669  0000236c  00021820	add	r3,r0,r2
 1670  00002370  20620030	addi	r2,r3,#48
 1671  00002374  a0220000	sb	(r1),r2
 1672  00002378  8fc10000	lw	r1,(r30)
 1673  0000237c  8fc3fff4	lw	r3,-12(r30)
 1674  00002380  00200035	movi2fp	f0,r1
 1675  00002384  00600835	movi2fp	f1,r3
 1676  00002388  0401000f	div	f0,f0,f1
 1677  0000238c  00001034	movfp2i	r2,f0
 1678  00002390  8fc3fff4	lw	r3,-12(r30)
 1679  00002394  00400035	movi2fp	f0,r2
 1680  00002398  00600835	movi2fp	f1,r3
 1681  0000239c  0401000e	mult	f0,f0,f1
 1682  000023a0  00001034	movfp2i	r2,f0
 1683  000023a4  00220822	sub	r1,r1,r2
 1684  000023a8  afc10000	sw	(r30),r1
 1685  000023ac          	L70_LF2:
 1686  000023ac  8fc1fff4	lw	r1,-12(r30)
 1687  000023b0  6c220001	sgti	r2,r1,#1
 1688  000023b4  1440000c	bnez	r2,L71_LF2
 1689  000023b8  54000000	nop; delay slot nop
 1690  000023bc  0800000c	j	L61_LF2
 1691  000023c0  54000000	nop; delay slot nop
 1692  000023c4          	L71_LF2:
 1693  000023c4  0bffff64	j	L68_LF2
 1694  000023c8  54000000	nop; delay slot nop
 1695  000023cc          	L69_LF2:
 1696  000023cc          	L63_LF2:
 1697  000023cc          	L61_LF2:
 1698  000023cc  8fc10004	lw	r1,4(r30)
 1699  000023d0  20020000	addi	r2,r0,(#0x0)&0xff
 1700  000023d4  a0220000	sb	(r1),r2
 1701  000023d8          	L59_LF2:
 1702  000023d8  8fa20000	lw	r2,0(r29)
 1703  000023dc  8fa30004	lw	r3,4(r29)
 1704  000023e0  8fdffff8	lw	r31,-8(r30)
 1705  000023e4  001ee820	add	r29,r0,r30
 1706  000023e8  8fdefffc	lw	r30,-4(r30)
 1707  000023ec  4be00000	jr	r31
 1708  000023f0  54000000	nop
 1709  000023f4          	.endproc _ditoa
 1710  000023f4          	.align 2
 1711  000023f4          	.proc _dstrtol
 1712  000023f4          	.global _dstrtol
 1713  000023f4          	_dstrtol:
 1714                      ;  Function 'dstrtol'; 16 bytes of locals, 1 regs to save.
 1715  000023f4  afbefffc	sw	-4(r29),r30; push fp
 1716  000023f8  001df020	add	r30,r0,r29; fp = sp
 1717  000023fc  afbffff8	sw	-8(r29),r31; push ret addr
 1718  00002400  2fbd0020	subui	r29,r29,#32; alloc local storage
 1719  00002404  afa20000	sw	0(r29),r2
 1720  00002408  20010000	addi	r1,r0,#0
 1721  0000240c  afc1fff4	sw	-12(r30),r1
 1722  00002410          	L73_LF2:
 1723  00002410  8fc10000	lw	r1,(r30)
 1724  00002414  90220000	lbu	r2,(r1)
 1725  00002418  60410020	seqi	r1,r2,#32
 1726  0000241c  14200034	bnez	r1,L75_LF2
 1727  00002420  54000000	nop; delay slot nop
 1728  00002424  8fc10000	lw	r1,(r30)
 1729  00002428  90220000	lbu	r2,(r1)
 1730  0000242c  60410009	seqi	r1,r2,#9
 1731  00002430  14200020	bnez	r1,L75_LF2
 1732  00002434  54000000	nop; delay slot nop
 1733  00002438  8fc10000	lw	r1,(r30)
 1734  0000243c  90220000	lbu	r2,(r1)
 1735  00002440  6041000a	seqi	r1,r2,#10
 1736  00002444  1420000c	bnez	r1,L75_LF2
 1737  00002448  54000000	nop; delay slot nop
 1738  0000244c  0800001c	j	L74_LF2
 1739  00002450  54000000	nop; delay slot nop
 1740  00002454          	L75_LF2:
 1741  00002454  8fc20000	lw	r2,(r30)
 1742  00002458  20410001	addi	r1,r2,#1
 1743  0000245c  00011020	add	r2,r0,r1
 1744  00002460  afc20000	sw	(r30),r2
 1745  00002464  0bffffa8	j	L73_LF2
 1746  00002468  54000000	nop; delay slot nop
 1747  0000246c          	L74_LF2:
 1748  0000246c  8fc10004	lw	r1,4(r30)
 1749  00002470  64220000	snei	r2,r1,#0
 1750  00002474  10400010	beqz	r2,L76_LF2
 1751  00002478  54000000	nop; delay slot nop
 1752  0000247c  8fc10004	lw	r1,4(r30)
 1753  00002480  8fc20000	lw	r2,(r30)
 1754  00002484  ac220000	sw	(r1),r2
 1755  00002488          	L76_LF2:
 1756  00002488  8fc10000	lw	r1,(r30)
 1757  0000248c  90220000	lbu	r2,(r1)
 1758  00002490  64410000	snei	r1,r2,#0
 1759  00002494  14200010	bnez	r1,L77_LF2
 1760  00002498  54000000	nop; delay slot nop
 1761  0000249c  8fc1fff4	lw	r1,-12(r30)
 1762  000024a0  08000294	j	L72_LF2
 1763  000024a4  54000000	nop; delay slot nop
 1764  000024a8          	L77_LF2:
 1765  000024a8  8fc10000	lw	r1,(r30)
 1766  000024ac  90220000	lbu	r2,(r1)
 1767  000024b0  6041002d	seqi	r1,r2,#45
 1768  000024b4  10200024	beqz	r1,L78_LF2
 1769  000024b8  54000000	nop; delay slot nop
 1770  000024bc  2001ffff	addi	r1,r0,#-1
 1771  000024c0  afc1ffec	sw	-20(r30),r1
 1772  000024c4  8fc20000	lw	r2,(r30)
 1773  000024c8  20410001	addi	r1,r2,#1
 1774  000024cc  00011020	add	r2,r0,r1
 1775  000024d0  afc20000	sw	(r30),r2
 1776  000024d4  0800000c	j	L79_LF2
 1777  000024d8  54000000	nop; delay slot nop
 1778  000024dc          	L78_LF2:
 1779  000024dc  20010001	addi	r1,r0,#1
 1780  000024e0  afc1ffec	sw	-20(r30),r1
 1781  000024e4          	L79_LF2:
 1782  000024e4  8fc10008	lw	r1,8(r30)
 1783  000024e8  64220000	snei	r2,r1,#0
 1784  000024ec  14400090	bnez	r2,L80_LF2
 1785  000024f0  54000000	nop; delay slot nop
 1786  000024f4  8fc10000	lw	r1,(r30)
 1787  000024f8  90220000	lbu	r2,(r1)
 1788  000024fc  60410030	seqi	r1,r2,#48
 1789  00002500  10200074	beqz	r1,L81_LF2
 1790  00002504  54000000	nop; delay slot nop
 1791  00002508  8fc20000	lw	r2,(r30)
 1792  0000250c  20410001	addi	r1,r2,#1
 1793  00002510  00011020	add	r2,r0,r1
 1794  00002514  afc20000	sw	(r30),r2
 1795  00002518  8fc10000	lw	r1,(r30)
 1796  0000251c  90220000	lbu	r2,(r1)
 1797  00002520  60410078	seqi	r1,r2,#120
 1798  00002524  14200020	bnez	r1,L83_LF2
 1799  00002528  54000000	nop; delay slot nop
 1800  0000252c  8fc10000	lw	r1,(r30)
 1801  00002530  90220000	lbu	r2,(r1)
 1802  00002534  60410058	seqi	r1,r2,#88
 1803  00002538  1420000c	bnez	r1,L83_LF2
 1804  0000253c  54000000	nop; delay slot nop
 1805  00002540  08000024	j	L82_LF2
 1806  00002544  54000000	nop; delay slot nop
 1807  00002548          	L83_LF2:
 1808  00002548  20010010	addi	r1,r0,#16
 1809  0000254c  afc10008	sw	8(r30),r1
 1810  00002550  8fc20000	lw	r2,(r30)
 1811  00002554  20410001	addi	r1,r2,#1
 1812  00002558  00011020	add	r2,r0,r1
 1813  0000255c  afc20000	sw	(r30),r2
 1814  00002560  0800000c	j	L84_LF2
 1815  00002564  54000000	nop; delay slot nop
 1816  00002568          	L82_LF2:
 1817  00002568  20010008	addi	r1,r0,#8
 1818  0000256c  afc10008	sw	8(r30),r1
 1819  00002570          	L84_LF2:
 1820  00002570  0800000c	j	L80_LF2
 1821  00002574  54000000	nop; delay slot nop
 1822  00002578          	L81_LF2:
 1823  00002578  2001000a	addi	r1,r0,#10
 1824  0000257c  afc10008	sw	8(r30),r1
 1825  00002580          	L85_LF2:
 1826  00002580          	L80_LF2:
 1827  00002580  8fc10008	lw	r1,8(r30)
 1828  00002584  70220000	slei	r2,r1,#0
 1829  00002588  1440001c	bnez	r2,L87_LF2
 1830  0000258c  54000000	nop; delay slot nop
 1831  00002590  8fc10008	lw	r1,8(r30)
 1832  00002594  6c220010	sgti	r2,r1,#16
 1833  00002598  1440000c	bnez	r2,L87_LF2
 1834  0000259c  54000000	nop; delay slot nop
 1835  000025a0  08000010	j	L86_LF2
 1836  000025a4  54000000	nop; delay slot nop
 1837  000025a8          	L87_LF2:
 1838  000025a8  8fc1fff4	lw	r1,-12(r30)
 1839  000025ac  08000188	j	L72_LF2
 1840  000025b0  54000000	nop; delay slot nop
 1841  000025b4          	L86_LF2:
 1842  000025b4  54000000	nop
 1843  000025b8          	L88_LF2:
 1844  000025b8  8fc10000	lw	r1,(r30)
 1845  000025bc  90220000	lbu	r2,(r1)
 1846  000025c0  6c41002f	sgtui	r1,r2,#47
 1847  000025c4  10200030	beqz	r1,L91_LF2
 1848  000025c8  54000000	nop; delay slot nop
 1849  000025cc  8fc10000	lw	r1,(r30)
 1850  000025d0  90220000	lbu	r2,(r1)
 1851  000025d4  70410039	sleui	r1,r2,#57
 1852  000025d8  1020001c	beqz	r1,L91_LF2
 1853  000025dc  54000000	nop; delay slot nop
 1854  000025e0  8fc10000	lw	r1,(r30)
 1855  000025e4  90220000	lbu	r2,(r1)
 1856  000025e8  2041ffd0	addi	r1,r2,#-48
 1857  000025ec  afc1fff0	sw	-16(r30),r1
 1858  000025f0  0800008c	j	L92_LF2
 1859  000025f4  54000000	nop; delay slot nop
 1860  000025f8          	L91_LF2:
 1861  000025f8  8fc10000	lw	r1,(r30)
 1862  000025fc  90220000	lbu	r2,(r1)
 1863  00002600  6c410060	sgtui	r1,r2,#96
 1864  00002604  10200030	beqz	r1,L93_LF2
 1865  00002608  54000000	nop; delay slot nop
 1866  0000260c  8fc10000	lw	r1,(r30)
 1867  00002610  90220000	lbu	r2,(r1)
 1868  00002614  7041007a	sleui	r1,r2,#122
 1869  00002618  1020001c	beqz	r1,L93_LF2
 1870  0000261c  54000000	nop; delay slot nop
 1871  00002620  8fc10000	lw	r1,(r30)
 1872  00002624  90220000	lbu	r2,(r1)
 1873  00002628  2041ffa9	addi	r1,r2,#-87
 1874  0000262c  afc1fff0	sw	-16(r30),r1
 1875  00002630  0800004c	j	L92_LF2
 1876  00002634  54000000	nop; delay slot nop
 1877  00002638          	L93_LF2:
 1878  00002638  8fc10000	lw	r1,(r30)
 1879  0000263c  90220000	lbu	r2,(r1)
 1880  00002640  6c410040	sgtui	r1,r2,#64
 1881  00002644  10200030	beqz	r1,L95_LF2
 1882  00002648  54000000	nop; delay slot nop
 1883  0000264c  8fc10000	lw	r1,(r30)
 1884  00002650  90220000	lbu	r2,(r1)
 1885  00002654  7041005a	sleui	r1,r2,#90
 1886  00002658  1020001c	beqz	r1,L95_LF2
 1887  0000265c  54000000	nop; delay slot nop
 1888  00002660  8fc10000	lw	r1,(r30)
 1889  00002664  90220000	lbu	r2,(r1)
 1890  00002668  2041ffc9	addi	r1,r2,#-55
 1891  0000266c  afc1fff0	sw	-16(r30),r1
 1892  00002670  0800000c	j	L92_LF2
 1893  00002674  54000000	nop; delay slot nop
 1894  00002678          	L95_LF2:
 1895  00002678  200103e8	addi	r1,r0,#1000
 1896  0000267c  afc1fff0	sw	-16(r30),r1
 1897  00002680          	L96_LF2:
 1898  00002680          	L94_LF2:
 1899  00002680          	L92_LF2:
 1900  00002680  8fc1fff0	lw	r1,-16(r30)
 1901  00002684  8fc20008	lw	r2,8(r30)
 1902  00002688  0022082a	slt	r1,r1,r2
 1903  0000268c  10200040	beqz	r1,L90_LF2
 1904  00002690  54000000	nop; delay slot nop
 1905  00002694  8fc1fff4	lw	r1,-12(r30)
 1906  00002698  8fc20008	lw	r2,8(r30)
 1907  0000269c  00200035	movi2fp	f0,r1
 1908  000026a0  00400835	movi2fp	f1,r2
 1909  000026a4  0401000e	mult	f0,f0,f1
 1910  000026a8  00000834	movfp2i	r1,f0
 1911  000026ac  afc1fff4	sw	-12(r30),r1
 1912  000026b0  8fc1fff4	lw	r1,-12(r30)
 1913  000026b4  8fc2fff0	lw	r2,-16(r30)
 1914  000026b8  00220820	add	r1,r1,r2
 1915  000026bc  afc1fff4	sw	-12(r30),r1
 1916  000026c0  8fc20000	lw	r2,(r30)
 1917  000026c4  20410001	addi	r1,r2,#1
 1918  000026c8  00011020	add	r2,r0,r1
 1919  000026cc  afc20000	sw	(r30),r2
 1920  000026d0          	L97_LF2:
 1921  000026d0          	L90_LF2:
 1922  000026d0  8fc1fff0	lw	r1,-16(r30)
 1923  000026d4  8fc20008	lw	r2,8(r30)
 1924  000026d8  0022082a	slt	r1,r1,r2
 1925  000026dc  1420000c	bnez	r1,L98_LF2
 1926  000026e0  54000000	nop; delay slot nop
 1927  000026e4  0800000c	j	L89_LF2
 1928  000026e8  54000000	nop; delay slot nop
 1929  000026ec          	L98_LF2:
 1930  000026ec  0bfffec8	j	L88_LF2
 1931  000026f0  54000000	nop; delay slot nop
 1932  000026f4          	L89_LF2:
 1933  000026f4  8fc10004	lw	r1,4(r30)
 1934  000026f8  64220000	snei	r2,r1,#0
 1935  000026fc  10400010	beqz	r2,L99_LF2
 1936  00002700  54000000	nop; delay slot nop
 1937  00002704  8fc10004	lw	r1,4(r30)
 1938  00002708  8fc20000	lw	r2,(r30)
 1939  0000270c  ac220000	sw	(r1),r2
 1940  00002710          	L99_LF2:
 1941  00002710  8fc1fff4	lw	r1,-12(r30)
 1942  00002714  8fc2ffec	lw	r2,-20(r30)
 1943  00002718  00200035	movi2fp	f0,r1
 1944  0000271c  00400835	movi2fp	f1,r2
 1945  00002720  0401000e	mult	f0,f0,f1
 1946  00002724  00000834	movfp2i	r1,f0
 1947  00002728  afc1fff4	sw	-12(r30),r1
 1948  0000272c  8fc1fff4	lw	r1,-12(r30)
 1949  00002730  08000004	j	L72_LF2
 1950  00002734  54000000	nop; delay slot nop
 1951  00002738          	L72_LF2:
 1952  00002738  8fa20000	lw	r2,0(r29)
 1953  0000273c  8fdffff8	lw	r31,-8(r30)
 1954  00002740  001ee820	add	r29,r0,r30
 1955  00002744  8fdefffc	lw	r30,-4(r30)
 1956  00002748  4be00000	jr	r31
 1957  0000274c  54000000	nop
 1958  00002750          	.endproc _dstrtol
 1959  00002750          	.align 2
 1960  00002750          	.proc _bcopy
 1961  00002750          	.global _bcopy
 1962  00002750          	_bcopy:
 1963                      ;  Function 'bcopy'; 0 bytes of locals, 2 regs to save.
 1964  00002750  afbefffc	sw	-4(r29),r30; push fp
 1965  00002754  001df020	add	r30,r0,r29; fp = sp
 1966  00002758  afbffff8	sw	-8(r29),r31; push ret addr
 1967  0000275c  2fbd0010	subui	r29,r29,#16; alloc local storage
 1968  00002760  afa20000	sw	0(r29),r2
 1969  00002764  afa30004	sw	4(r29),r3
 1970  00002768  54000000	nop
 1971  0000276c          	L101_LF2:
 1972  0000276c  8fc10008	lw	r1,8(r30)
 1973  00002770  2022ffff	addi	r2,r1,#-1
 1974  00002774  afc20008	sw	8(r30),r2
 1975  00002778  6c210000	sgti	r1,r1,#0
 1976  0000277c  1420000c	bnez	r1,L103_LF2
 1977  00002780  54000000	nop; delay slot nop
 1978  00002784  0800002c	j	L102_LF2
 1979  00002788  54000000	nop; delay slot nop
 1980  0000278c          	L103_LF2:
 1981  0000278c  8fc10004	lw	r1,4(r30)
 1982  00002790  20220001	addi	r2,r1,#1
 1983  00002794  afc20004	sw	4(r30),r2
 1984  00002798  8fc20000	lw	r2,(r30)
 1985  0000279c  20430001	addi	r3,r2,#1
 1986  000027a0  afc30000	sw	(r30),r3
 1987  000027a4  80420000	lb	r2,(r2)
 1988  000027a8  a0220000	sb	(r1),r2
 1989  000027ac  0bffffbc	j	L101_LF2
 1990  000027b0  54000000	nop; delay slot nop
 1991  000027b4          	L102_LF2:
 1992  000027b4          	L100_LF2:
 1993  000027b4  8fa20000	lw	r2,0(r29)
 1994  000027b8  8fa30004	lw	r3,4(r29)
 1995  000027bc  8fdffff8	lw	r31,-8(r30)
 1996  000027c0  001ee820	add	r29,r0,r30
 1997  000027c4  8fdefffc	lw	r30,-4(r30)
 1998  000027c8  4be00000	jr	r31
 1999  000027cc  54000000	nop
 2000  000027d0          	.endproc _bcopy
 2001  000027d0          	.align 2
 2002  000027d0          	.proc _bzero
 2003  000027d0          	.global _bzero
 2004  000027d0          	_bzero:
 2005                      ;  Function 'bzero'; 0 bytes of locals, 1 regs to save.
 2006  000027d0  afbefffc	sw	-4(r29),r30; push fp
 2007  000027d4  001df020	add	r30,r0,r29; fp = sp
 2008  000027d8  afbffff8	sw	-8(r29),r31; push ret addr
 2009  000027dc  2fbd0010	subui	r29,r29,#16; alloc local storage
 2010  000027e0  afa20000	sw	0(r29),r2
 2011  000027e4  54000000	nop
 2012  000027e8          	L105_LF2:
 2013  000027e8  8fc10004	lw	r1,4(r30)
 2014  000027ec  2022ffff	addi	r2,r1,#-1
 2015  000027f0  afc20004	sw	4(r30),r2
 2016  000027f4  6c210000	sgti	r1,r1,#0
 2017  000027f8  1420000c	bnez	r1,L107_LF2
 2018  000027fc  54000000	nop; delay slot nop
 2019  00002800  08000020	j	L106_LF2
 2020  00002804  54000000	nop; delay slot nop
 2021  00002808          	L107_LF2:
 2022  00002808  8fc10000	lw	r1,(r30)
 2023  0000280c  20220001	addi	r2,r1,#1
 2024  00002810  afc20000	sw	(r30),r2
 2025  00002814  20020000	addi	r2,r0,(#0x0)&0xff
 2026  00002818  a0220000	sb	(r1),r2
 2027  0000281c  0bffffc8	j	L105_LF2
 2028  00002820  54000000	nop; delay slot nop
 2029  00002824          	L106_LF2:
 2030  00002824          	L104_LF2:
 2031  00002824  8fa20000	lw	r2,0(r29)
 2032  00002828  8fdffff8	lw	r31,-8(r30)
 2033  0000282c  001ee820	add	r29,r0,r30
 2034  00002830  8fdefffc	lw	r30,-4(r30)
 2035  00002834  4be00000	jr	r31
 2036  00002838  54000000	nop
 2037  0000283c          	.endproc _bzero
 2038  0000283c          	.align 2
 2039  0000283c          	.proc _min
 2040  0000283c          	.global _min
 2041  0000283c          	_min:
 2042                      ;  Function 'min'; 0 bytes of locals, 2 regs to save.
 2043  0000283c  afbefffc	sw	-4(r29),r30; push fp
 2044  00002840  001df020	add	r30,r0,r29; fp = sp
 2045  00002844  afbffff8	sw	-8(r29),r31; push ret addr
 2046  00002848  2fbd0010	subui	r29,r29,#16; alloc local storage
 2047  0000284c  afa20000	sw	0(r29),r2
 2048  00002850  afa30004	sw	4(r29),r3
 2049  00002854  8fc10000	lw	r1,(r30)
 2050  00002858  8fc20004	lw	r2,4(r30)
 2051  0000285c  0022182c	sle	r3,r1,r2
 2052  00002860  14600008	bnez	r3,L109_LF2
 2053  00002864  54000000	nop; delay slot nop
 2054  00002868  8fc10004	lw	r1,4(r30)
 2055  0000286c          	L109_LF2:
 2056  0000286c  08000004	j	L108_LF2
 2057  00002870  54000000	nop; delay slot nop
 2058  00002874          	L108_LF2:
 2059  00002874  8fa20000	lw	r2,0(r29)
 2060  00002878  8fa30004	lw	r3,4(r29)
 2061  0000287c  8fdffff8	lw	r31,-8(r30)
 2062  00002880  001ee820	add	r29,r0,r30
 2063  00002884  8fdefffc	lw	r30,-4(r30)
 2064  00002888  4be00000	jr	r31
 2065  0000288c  54000000	nop
 2066  00002890          	.endproc _min
 2067                      ;;; Ethan L. Miller, 1999.  Released to the public domain
 2068                      ;;;
 2069                      ;;; Most of the traps are called in files from libtraps.
 2072  00002890          	.align 2
 2073  00002890          	.proc _exit
 2074  00002890          	.global _exit
 2075  00002890          	_exit:
 2076  00002890  44000300	trap	#0x300
 2077  00002894  4be00000	jr	r31
 2078  00002898  54000000	nop
 2079  0000289c          	.endproc _exit
 2081                      ; for the benefit of gcc.
 2082  0000289c          	.proc ___main
 2083  0000289c          	.global ___main
 2084  0000289c          	___main:
 2085  0000289c  4be00000	jr	r31
 2086  000028a0  54000000	nop
 2087  000028a4          	.endproc ___main
 2088  000028a4          	.text
 2089  000028a4          	.global _etext
 2090  000028a4          	_etext:
 2091  000028a4          	.align 3
 2092  000028a8          	.data
 2093  0000328e          	.global _edata
 2094  0000328e          	_edata:
