 line   address	contents
    1                      ; Linked by DLX-LD.
    2                      ; MemSize 24576
    3                      ; Data size: 657
    4                      ; Text size: 6468
    5                      ; Stack size: 8192
    6  00000000          	.text 0x1000
    7  00001000          	.data 0x3000
    8                      ; Compiled by GCC
    9  00003000          	.text
   10  00001000          	.align 2
   11  00001000          	.proc _isspace
   12  00001000          	.global _isspace
   13  00001000          	_isspace:
   14                      ;  Function 'isspace'; 0 bytes of locals, 1 regs to save.
   15  00001000  afbefffc	sw	-4(r29),r30; push fp
   16  00001004  001df020	add	r30,r0,r29; fp = sp
   17  00001008  afbffff8	sw	-8(r29),r31; push ret addr
   18  0000100c  2fbd0010	subui	r29,r29,#16; alloc local storage
   19  00001010  afa20000	sw	0(r29),r2
   20  00001014  83c20003	lb	r2,3(r30)
   21  00001018  201f0000	addi	r31,r0,#0
   22  0000101c  304100ff	andi	r1,r2,#0x00ff
   23  00001020  60210020	seqi	r1,r1,#32
   24  00001024  14200018	bnez	r1,L6_LF0
   25  00001028  54000000	nop; not filled.
   26  0000102c  2041fff7	addi	r1,r2,#-9
   27  00001030  302100ff	andi	r1,r1,#0x00ff
   28  00001034  70210001	sleui	r1,r1,#1
   29  00001038  10200008	beqz	r1,L5_LF0
   30  0000103c  54000000	nop; not filled.
   31  00001040          	L6_LF0:
   32  00001040  201f0001	addi	r31,r0,#1
   33  00001044          	L5_LF0:
   34  00001044  001f0820	add	r1,r0,r31
   35  00001048  8fa20000	lw	r2,0(r29)
   36  0000104c  8fdffff8	lw	r31,-8(r30)
   37  00001050  001ee820	add	r29,r0,r30
   38  00001054  8fdefffc	lw	r30,-4(r30)
   39  00001058  4be00000	jr	r31
   40  0000105c  54000000	nop
   41  00001060          	.endproc _isspace
   42  00001060          	.align 2
   43  00001060          	.proc _isxdigit
   44  00001060          	.global _isxdigit
   45  00001060          	_isxdigit:
   46                      ;  Function 'isxdigit'; 0 bytes of locals, 1 regs to save.
   47  00001060  afbefffc	sw	-4(r29),r30; push fp
   48  00001064  001df020	add	r30,r0,r29; fp = sp
   49  00001068  afbffff8	sw	-8(r29),r31; push ret addr
   50  0000106c  2fbd0010	subui	r29,r29,#16; alloc local storage
   51  00001070  afa20000	sw	0(r29),r2
   52  00001074  83df0003	lb	r31,3(r30)
   53  00001078  20020000	addi	r2,r0,#0
   54  0000107c  23e1ffd0	addi	r1,r31,#-48
   55  00001080  302100ff	andi	r1,r1,#0x00ff
   56  00001084  70210009	sleui	r1,r1,#9
   57  00001088  14200028	bnez	r1,L12_LF0
   58  0000108c  54000000	nop; not filled.
   59  00001090  23e1ff9f	addi	r1,r31,#-97
   60  00001094  302100ff	andi	r1,r1,#0x00ff
   61  00001098  70210005	sleui	r1,r1,#5
   62  0000109c  14200014	bnez	r1,L12_LF0
   63  000010a0  54000000	nop; not filled.
   64  000010a4  33e100ff	andi	r1,r31,#0x00ff
   65  000010a8  64210041	snei	r1,r1,#65
   66  000010ac  14200008	bnez	r1,L11_LF0
   67  000010b0  54000000	nop; not filled.
   68  000010b4          	L12_LF0:
   69  000010b4  20020001	addi	r2,r0,#1
   70  000010b8          	L11_LF0:
   71  000010b8  00020820	add	r1,r0,r2
   72  000010bc  8fa20000	lw	r2,0(r29)
   73  000010c0  8fdffff8	lw	r31,-8(r30)
   74  000010c4  001ee820	add	r29,r0,r30
   75  000010c8  8fdefffc	lw	r30,-4(r30)
   76  000010cc  4be00000	jr	r31
   77  000010d0  54000000	nop
   78  000010d4          	.endproc _isxdigit
   79  000010d4          	.data
   80  00003000          	.align 2
   81  00003000          	LC0_LF0:
   82  00003000  4342202d	.ascii "CB ---- Put %c in %d\n\000"
   82  00003004  2d2d2d20	
   82  00003008  50757420	
   82  0000300c  25632069	
   82  00003010  6e202564	
   82  00003014  0a00    	
   83  00003016          	.text
   84  000010d4          	.align 2
   85  000010d4          	.proc _put_item_cb
   86  000010d4          	.global _put_item_cb
   87  000010d4          	_put_item_cb:
   88                      ;  Function 'put_item_cb'; 0 bytes of locals, 4 regs to save.
   89  000010d4  afbefffc	sw	-4(r29),r30; push fp
   90  000010d8  001df020	add	r30,r0,r29; fp = sp
   91  000010dc  afbffff8	sw	-8(r29),r31; push ret addr
   92  000010e0  2fbd0018	subui	r29,r29,#24; alloc local storage
   93  000010e4  afa20000	sw	0(r29),r2
   94  000010e8  afa30004	sw	4(r29),r3
   95  000010ec  afa40008	sw	8(r29),r4
   96  000010f0  afa5000c	sw	12(r29),r5
   97  000010f4  83c20003	lb	r2,3(r30)
   98  000010f8  8fc30004	lw	r3,4(r30)
   99  000010fc  8c610000	lw	r1,(r3)
  100  00001100  00610820	add	r1,r3,r1
  101  00001104  a0220008	sb	8(r1),r2
  102  00001108  23bdfff0	addi	r29,r29,#-16
  103  0000110c  3c050000	lhi	r5,((LC0_LF0)>>16)&0xffff
  104  00001110  24a53000	addui	r5,r5,(LC0_LF0)&0xffff
  105  00001114  afa50000	sw	(r29),r5
  106  00001118  304100ff	andi	r1,r2,#0x00ff
  107  0000111c  afa10004	sw	4(r29),r1
  108  00001120  8c650000	lw	r5,(r3)
  109  00001124  afa50008	sw	8(r29),r5
  110  00001128  0c000a14	jal	_Printf
  111  0000112c  54000000	nop; not filled.
  112  00001130  8c610000	lw	r1,(r3)
  113  00001134  20240001	addi	r4,r1,#1
  114  00001138  2001000a	addi	r1,r0,#10
  115  0000113c  00800035	movi2fp	f0,r4
  116  00001140  00200835	movi2fp	f1,r1
  117  00001144  0401000f	div	f0,f0,f1
  118  00001148  00001034	movfp2i	r2,f0
  119  0000114c  50410002	slli	r1,r2,#0x2
  120  00001150  00220820	add	r1,r1,r2
  121  00001154  50210001	slli	r1,r1,#0x1
  122  00001158  00810822	sub	r1,r4,r1
  123  0000115c  ac610000	sw	(r3),r1
  124  00001160  20010001	addi	r1,r0,#1
  125  00001164  23bd0010	addi	r29,r29,#16
  126  00001168  8fa20000	lw	r2,0(r29)
  127  0000116c  8fa30004	lw	r3,4(r29)
  128  00001170  8fa40008	lw	r4,8(r29)
  129  00001174  8fa5000c	lw	r5,12(r29)
  130  00001178  8fdffff8	lw	r31,-8(r30)
  131  0000117c  001ee820	add	r29,r0,r30
  132  00001180  8fdefffc	lw	r30,-4(r30)
  133  00001184  4be00000	jr	r31
  134  00001188  54000000	nop
  135  0000118c          	.endproc _put_item_cb
  136  0000118c          	.data
  137  00003016          	.align 2
  138  00003018          	LC1_LF0:
  139  00003018  4342202d	.ascii "CB ----  checking %c from %d\n\000"
  139  0000301c  2d2d2d20	
  139  00003020  20636865	
  139  00003024  636b696e	
  139  00003028  67202563	
  139  0000302c  2066726f	
  139  00003030  6d202564	
  139  00003034  0a00    	
  140  00003036          	.text
  141  0000118c          	.align 2
  142  0000118c          	.proc _check_item_cb
  143  0000118c          	.global _check_item_cb
  144  0000118c          	_check_item_cb:
  145                      ;  Function 'check_item_cb'; 0 bytes of locals, 3 regs to save.
  146  0000118c  afbefffc	sw	-4(r29),r30; push fp
  147  00001190  001df020	add	r30,r0,r29; fp = sp
  148  00001194  afbffff8	sw	-8(r29),r31; push ret addr
  149  00001198  2fbd0018	subui	r29,r29,#24; alloc local storage
  150  0000119c  afa20000	sw	0(r29),r2
  151  000011a0  afa30004	sw	4(r29),r3
  152  000011a4  afa40008	sw	8(r29),r4
  153  000011a8  8fc30000	lw	r3,(r30)
  154  000011ac  8fc20004	lw	r2,4(r30)
  155  000011b0  8c410004	lw	r1,4(r2)
  156  000011b4  00410820	add	r1,r2,r1
  157  000011b8  80210008	lb	r1,8(r1)
  158  000011bc  a0610000	sb	(r3),r1
  159  000011c0  23bdfff0	addi	r29,r29,#-16
  160  000011c4  3c040000	lhi	r4,((LC1_LF0)>>16)&0xffff
  161  000011c8  24843018	addui	r4,r4,(LC1_LF0)&0xffff
  162  000011cc  afa40000	sw	(r29),r4
  163  000011d0  90610000	lbu	r1,(r3)
  164  000011d4  afa10004	sw	4(r29),r1
  165  000011d8  8c420004	lw	r2,4(r2)
  166  000011dc  afa20008	sw	8(r29),r2
  167  000011e0  0c00095c	jal	_Printf
  168  000011e4  54000000	nop; not filled.
  169  000011e8  20010001	addi	r1,r0,#1
  170  000011ec  23bd0010	addi	r29,r29,#16
  171  000011f0  8fa20000	lw	r2,0(r29)
  172  000011f4  8fa30004	lw	r3,4(r29)
  173  000011f8  8fa40008	lw	r4,8(r29)
  174  000011fc  8fdffff8	lw	r31,-8(r30)
  175  00001200  001ee820	add	r29,r0,r30
  176  00001204  8fdefffc	lw	r30,-4(r30)
  177  00001208  4be00000	jr	r31
  178  0000120c  54000000	nop
  179  00001210          	.endproc _check_item_cb
  180  00001210          	.data
  181  00003036          	.align 2
  182  00003038          	LC2_LF0:
  183  00003038  4342202d	.ascii "CB ----  Got %c from %d\n\000"
  183  0000303c  2d2d2d20	
  183  00003040  20476f74	
  183  00003044  20256320	
  183  00003048  66726f6d	
  183  0000304c  2025640a	
  183  00003050  00      	
  184  00003051          	.text
  185  00001210          	.align 2
  186  00001210          	.proc _get_item_cb
  187  00001210          	.global _get_item_cb
  188  00001210          	_get_item_cb:
  189                      ;  Function 'get_item_cb'; 0 bytes of locals, 4 regs to save.
  190  00001210  afbefffc	sw	-4(r29),r30; push fp
  191  00001214  001df020	add	r30,r0,r29; fp = sp
  192  00001218  afbffff8	sw	-8(r29),r31; push ret addr
  193  0000121c  2fbd0018	subui	r29,r29,#24; alloc local storage
  194  00001220  afa20000	sw	0(r29),r2
  195  00001224  afa30004	sw	4(r29),r3
  196  00001228  afa40008	sw	8(r29),r4
  197  0000122c  afa5000c	sw	12(r29),r5
  198  00001230  8fc20000	lw	r2,(r30)
  199  00001234  8fc30004	lw	r3,4(r30)
  200  00001238  8c610004	lw	r1,4(r3)
  201  0000123c  00610820	add	r1,r3,r1
  202  00001240  80210008	lb	r1,8(r1)
  203  00001244  a0410000	sb	(r2),r1
  204  00001248  23bdfff0	addi	r29,r29,#-16
  205  0000124c  3c050000	lhi	r5,((LC2_LF0)>>16)&0xffff
  206  00001250  24a53038	addui	r5,r5,(LC2_LF0)&0xffff
  207  00001254  afa50000	sw	(r29),r5
  208  00001258  90410000	lbu	r1,(r2)
  209  0000125c  afa10004	sw	4(r29),r1
  210  00001260  8c650004	lw	r5,4(r3)
  211  00001264  afa50008	sw	8(r29),r5
  212  00001268  0c0008d4	jal	_Printf
  213  0000126c  54000000	nop; not filled.
  214  00001270  8c610004	lw	r1,4(r3)
  215  00001274  20240001	addi	r4,r1,#1
  216  00001278  2001000a	addi	r1,r0,#10
  217  0000127c  00800035	movi2fp	f0,r4
  218  00001280  00200835	movi2fp	f1,r1
  219  00001284  0401000f	div	f0,f0,f1
  220  00001288  00001034	movfp2i	r2,f0
  221  0000128c  50410002	slli	r1,r2,#0x2
  222  00001290  00220820	add	r1,r1,r2
  223  00001294  50210001	slli	r1,r1,#0x1
  224  00001298  00810822	sub	r1,r4,r1
  225  0000129c  ac610004	sw	4(r3),r1
  226  000012a0  20010001	addi	r1,r0,#1
  227  000012a4  23bd0010	addi	r29,r29,#16
  228  000012a8  8fa20000	lw	r2,0(r29)
  229  000012ac  8fa30004	lw	r3,4(r29)
  230  000012b0  8fa40008	lw	r4,8(r29)
  231  000012b4  8fa5000c	lw	r5,12(r29)
  232  000012b8  8fdffff8	lw	r31,-8(r30)
  233  000012bc  001ee820	add	r29,r0,r30
  234  000012c0  8fdefffc	lw	r30,-4(r30)
  235  000012c4  4be00000	jr	r31
  236  000012c8  54000000	nop
  237  000012cc          	.endproc _get_item_cb
  238  000012cc          	.align 2
  239  000012cc          	.proc _is_full
  240  000012cc          	.global _is_full
  241  000012cc          	_is_full:
  242                      ;  Function 'is_full'; 0 bytes of locals, 3 regs to save.
  243  000012cc  afbefffc	sw	-4(r29),r30; push fp
  244  000012d0  001df020	add	r30,r0,r29; fp = sp
  245  000012d4  afbffff8	sw	-8(r29),r31; push ret addr
  246  000012d8  2fbd0018	subui	r29,r29,#24; alloc local storage
  247  000012dc  afa20000	sw	0(r29),r2
  248  000012e0  afa30004	sw	4(r29),r3
  249  000012e4  afa40008	sw	8(r29),r4
  250  000012e8  8fc40000	lw	r4,(r30)
  251  000012ec  8c810000	lw	r1,(r4)
  252  000012f0  20230001	addi	r3,r1,#1
  253  000012f4  2001000a	addi	r1,r0,#10
  254  000012f8  00600035	movi2fp	f0,r3
  255  000012fc  00200835	movi2fp	f1,r1
  256  00001300  0401000f	div	f0,f0,f1
  257  00001304  00001034	movfp2i	r2,f0
  258  00001308  50410002	slli	r1,r2,#0x2
  259  0000130c  00220820	add	r1,r1,r2
  260  00001310  50210001	slli	r1,r1,#0x1
  261  00001314  00611022	sub	r2,r3,r1
  262  00001318  8c810004	lw	r1,4(r4)
  263  0000131c  00411028	seq	r2,r2,r1
  264  00001320  20010001	addi	r1,r0,#1
  265  00001324  14400008	bnez	r2,L23_LF0
  266  00001328  54000000	nop; not filled.
  267  0000132c  20010000	addi	r1,r0,#0
  268  00001330          	L23_LF0:
  269  00001330  8fa20000	lw	r2,0(r29)
  270  00001334  8fa30004	lw	r3,4(r29)
  271  00001338  8fa40008	lw	r4,8(r29)
  272  0000133c  8fdffff8	lw	r31,-8(r30)
  273  00001340  001ee820	add	r29,r0,r30
  274  00001344  8fdefffc	lw	r30,-4(r30)
  275  00001348  4be00000	jr	r31
  276  0000134c  54000000	nop
  277  00001350          	.endproc _is_full
  278  00001350          	.align 2
  279  00001350          	.proc _is_empty
  280  00001350          	.global _is_empty
  281  00001350          	_is_empty:
  282                      ;  Function 'is_empty'; 0 bytes of locals, 1 regs to save.
  283  00001350  afbefffc	sw	-4(r29),r30; push fp
  284  00001354  001df020	add	r30,r0,r29; fp = sp
  285  00001358  afbffff8	sw	-8(r29),r31; push ret addr
  286  0000135c  2fbd0010	subui	r29,r29,#16; alloc local storage
  287  00001360  afa20000	sw	0(r29),r2
  288  00001364  8fc10000	lw	r1,(r30)
  289  00001368  8c220000	lw	r2,(r1)
  290  0000136c  8c210004	lw	r1,4(r1)
  291  00001370  00411028	seq	r2,r2,r1
  292  00001374  20010001	addi	r1,r0,#1
  293  00001378  14400008	bnez	r2,L30_LF0
  294  0000137c  54000000	nop; not filled.
  295  00001380  20010000	addi	r1,r0,#0
  296  00001384          	L30_LF0:
  297  00001384  8fa20000	lw	r2,0(r29)
  298  00001388  8fdffff8	lw	r31,-8(r30)
  299  0000138c  001ee820	add	r29,r0,r30
  300  00001390  8fdefffc	lw	r30,-4(r30)
  301  00001394  4be00000	jr	r31
  302  00001398  54000000	nop
  303  0000139c          	.endproc _is_empty
  304  0000139c          	.data
  305  00003051          	.align 2
  306  00003054          	LC3_LF0:
  307  00003054  43697263	.ascii "Circular Buffer Initiated\n\000"
  307  00003058  756c6172	
  307  0000305c  20427566	
  307  00003060  66657220	
  307  00003064  496e6974	
  307  00003068  69617465	
  307  0000306c  640a00  	
  308  0000306f          	.text
  309  0000139c          	.align 2
  310  0000139c          	.proc _init_cb
  311  0000139c          	.global _init_cb
  312  0000139c          	_init_cb:
  313                      ;  Function 'init_cb'; 0 bytes of locals, 1 regs to save.
  314  0000139c  afbefffc	sw	-4(r29),r30; push fp
  315  000013a0  001df020	add	r30,r0,r29; fp = sp
  316  000013a4  afbffff8	sw	-8(r29),r31; push ret addr
  317  000013a8  2fbd0010	subui	r29,r29,#16; alloc local storage
  318  000013ac  afa20000	sw	0(r29),r2
  319  000013b0  8fc10000	lw	r1,(r30)
  320  000013b4  20020000	addi	r2,r0,#0
  321  000013b8  ac220000	sw	(r1),r2
  322  000013bc  ac220004	sw	4(r1),r2
  323  000013c0  23bdfff8	addi	r29,r29,#-8
  324  000013c4  3c020000	lhi	r2,((LC3_LF0)>>16)&0xffff
  325  000013c8  24423054	addui	r2,r2,(LC3_LF0)&0xffff
  326  000013cc  afa20000	sw	(r29),r2
  327  000013d0  0c00076c	jal	_Printf
  328  000013d4  54000000	nop; not filled.
  329  000013d8  23bd0008	addi	r29,r29,#8
  330  000013dc  8fa20000	lw	r2,0(r29)
  331  000013e0  8fdffff8	lw	r31,-8(r30)
  332  000013e4  001ee820	add	r29,r0,r30
  333  000013e8  8fdefffc	lw	r30,-4(r30)
  334  000013ec  4be00000	jr	r31
  335  000013f0  54000000	nop
  336  000013f4          	.endproc _init_cb
  337  000013f4          	.data
  338  0000306f          	.align 2
  339  00003070          	LC4_LF0:
  340  00003070  20436972	.ascii " Circular Buffer =>  \000"
  340  00003074  63756c61	
  340  00003078  72204275	
  340  0000307c  66666572	
  340  00003080  203d3e20	
  340  00003084  2000    	
  341  00003086          	.align 2
  342  00003088          	LC5_LF0:
  343  00003088  256300  	.ascii "%c\000"
  344  0000308b          	.align 2
  345  0000308c          	LC6_LF0:
  346  0000308c  0a00    	.ascii "\n\000"
  347  0000308e          	.text
  348  000013f4          	.align 2
  349  000013f4          	.proc _Print_cb
  350  000013f4          	.global _Print_cb
  351  000013f4          	_Print_cb:
  352                      ;  Function 'Print_cb'; 0 bytes of locals, 6 regs to save.
  353  000013f4  afbefffc	sw	-4(r29),r30; push fp
  354  000013f8  001df020	add	r30,r0,r29; fp = sp
  355  000013fc  afbffff8	sw	-8(r29),r31; push ret addr
  356  00001400  2fbd0020	subui	r29,r29,#32; alloc local storage
  357  00001404  afa20000	sw	0(r29),r2
  358  00001408  afa30004	sw	4(r29),r3
  359  0000140c  afa40008	sw	8(r29),r4
  360  00001410  afa5000c	sw	12(r29),r5
  361  00001414  afa60010	sw	16(r29),r6
  362  00001418  afa70014	sw	20(r29),r7
  363  0000141c  8fc50000	lw	r5,(r30)
  364  00001420  23bdfff8	addi	r29,r29,#-8
  365  00001424  3c070000	lhi	r7,((LC4_LF0)>>16)&0xffff
  366  00001428  24e73070	addui	r7,r7,(LC4_LF0)&0xffff
  367  0000142c  afa70000	sw	(r29),r7
  368  00001430  0c00070c	jal	_Printf
  369  00001434  54000000	nop; not filled.
  370  00001438  20040000	addi	r4,r0,#0
  371  0000143c  23bd0008	addi	r29,r29,#8
  372  00001440  2006000a	addi	r6,r0,#10
  373  00001444          	L45_LF0:
  374  00001444  23bdfff8	addi	r29,r29,#-8
  375  00001448  3c070000	lhi	r7,((LC5_LF0)>>16)&0xffff
  376  0000144c  24e73088	addui	r7,r7,(LC5_LF0)&0xffff
  377  00001450  afa70000	sw	(r29),r7
  378  00001454  8ca10004	lw	r1,4(r5)
  379  00001458  00811820	add	r3,r4,r1
  380  0000145c  00600035	movi2fp	f0,r3
  381  00001460  00c00835	movi2fp	f1,r6
  382  00001464  0401000f	div	f0,f0,f1
  383  00001468  00001034	movfp2i	r2,f0
  384  0000146c  50410002	slli	r1,r2,#0x2
  385  00001470  00220820	add	r1,r1,r2
  386  00001474  50210001	slli	r1,r1,#0x1
  387  00001478  00610822	sub	r1,r3,r1
  388  0000147c  00a10820	add	r1,r5,r1
  389  00001480  90210008	lbu	r1,8(r1)
  390  00001484  afa10004	sw	4(r29),r1
  391  00001488  0c0006b4	jal	_Printf
  392  0000148c  54000000	nop; not filled.
  393  00001490  23bd0008	addi	r29,r29,#8
  394  00001494  20840001	addi	r4,r4,#1
  395  00001498  70810009	slei	r1,r4,#9
  396  0000149c  1420ffa4	bnez	r1,L45_LF0
  397  000014a0  54000000	nop; not filled.
  398  000014a4  23bdfff8	addi	r29,r29,#-8
  399  000014a8  3c070000	lhi	r7,((LC6_LF0)>>16)&0xffff
  400  000014ac  24e7308c	addui	r7,r7,(LC6_LF0)&0xffff
  401  000014b0  afa70000	sw	(r29),r7
  402  000014b4  0c000688	jal	_Printf
  403  000014b8  54000000	nop; not filled.
  404  000014bc  23bd0008	addi	r29,r29,#8
  405  000014c0  8fa20000	lw	r2,0(r29)
  406  000014c4  8fa30004	lw	r3,4(r29)
  407  000014c8  8fa40008	lw	r4,8(r29)
  408  000014cc  8fa5000c	lw	r5,12(r29)
  409  000014d0  8fa60010	lw	r6,16(r29)
  410  000014d4  8fa70014	lw	r7,20(r29)
  411  000014d8  8fdffff8	lw	r31,-8(r30)
  412  000014dc  001ee820	add	r29,r0,r30
  413  000014e0  8fdefffc	lw	r30,-4(r30)
  414  000014e4  4be00000	jr	r31
  415  000014e8  54000000	nop
  416  000014ec          	.endproc _Print_cb
  417  000014ec          	.data
  418  0000308e          	.align 2
  419  00003090          	LC7_LF0:
  420  00003090  55736167	.ascii "Usage: \000"
  420  00003094  653a2000	
  421  00003098          	.align 2
  422  00003098          	LC8_LF0:
  423  00003098  203c6861	.ascii " <handle_to_shared_memory_page> <handle_to_page_mapped_semaphore> <han"
  423  0000309c  6e646c65	
  423  000030a0  5f746f5f	
  423  000030a4  73686172	
  423  000030a8  65645f6d	
  423  000030ac  656d6f72	
  423  000030b0  795f7061	
  423  000030b4  67653e20	
  423  000030b8  3c68616e	
  423  000030bc  646c655f	
  423  000030c0  746f5f70	
  423  000030c4  6167655f	
  423  000030c8  6d617070	
  423  000030cc  65645f73	
  423  000030d0  656d6170	
  423  000030d4  686f7265	
  423  000030d8  3e203c68	
  423  000030dc  616e    	
  424  000030de  646c6520	.ascii "dle to lock>\n\000"
  424  000030e2  746f206c	
  424  000030e6  6f636b3e	
  424  000030ea  0a00    	
  425  000030ec          	.align 2
  426  000030ec          	LC9_LF0:
  427  000030ec  436f756c	.ascii "Could not map the virtual address to the memory in \000"
  427  000030f0  64206e6f	
  427  000030f4  74206d61	
  427  000030f8  70207468	
  427  000030fc  65207669	
  427  00003100  72747561	
  427  00003104  6c206164	
  427  00003108  64726573	
  427  0000310c  7320746f	
  427  00003110  20746865	
  427  00003114  206d656d	
  427  00003118  6f727920	
  427  0000311c  696e2000	
  428  00003120          	.align 2
  429  00003120          	LC10_LF0:
  430  00003120  2c206578	.ascii ", exiting...\n\000"
  430  00003124  6974696e	
  430  00003128  672e2e2e	
  430  0000312c  0a00    	
  431  0000312e          	.align 2
  432  00003130          	LC11_LF0:
  433  00003130  434f4e53	.ascii "CONS - PID %d ---- Successful Wait for j =  %d \n\000"
  433  00003134  202d2050	
  433  00003138  49442025	
  433  0000313c  64202d2d	
  433  00003140  2d2d2053	
  433  00003144  75636365	
  433  00003148  73736675	
  433  0000314c  6c205761	
  433  00003150  69742066	
  433  00003154  6f72206a	
  433  00003158  203d2020	
  433  0000315c  2564200a	
  433  00003160  00      	
  434  00003161          	.align 2
  435  00003164          	LC12_LF0:
  436  00003164  0a434f4e	.ascii "\nCONS - PID %d ---- ACQUIRED LOCK \n\000"
  436  00003168  53202d20	
  436  0000316c  50494420	
  436  00003170  2564202d	
  436  00003174  2d2d2d20	
  436  00003178  41435155	
  436  0000317c  49524544	
  436  00003180  204c4f43	
  436  00003184  4b200a00	
  437  00003188          	.align 2
  438  00003188          	LC13_LF0:
  439  00003188  434f4e53	.ascii "CONS - PID %d ---- Got %c from cb \n\000"
  439  0000318c  202d2050	
  439  00003190  49442025	
  439  00003194  64202d2d	
  439  00003198  2d2d2047	
  439  0000319c  6f742025	
  439  000031a0  63206672	
  439  000031a4  6f6d2063	
  439  000031a8  62200a00	
  440  000031ac          	.align 2
  441  000031ac          	LC14_LF0:
  442  000031ac  434f4e53	.ascii "CONS - PID %d ---- Successful Signal For j =  %d \n\000"
  442  000031b0  202d2050	
  442  000031b4  49442025	
  442  000031b8  64202d2d	
  442  000031bc  2d2d2053	
  442  000031c0  75636365	
  442  000031c4  73736675	
  442  000031c8  6c205369	
  442  000031cc  676e616c	
  442  000031d0  20466f72	
  442  000031d4  206a203d	
  442  000031d8  20202564	
  442  000031dc  200a00  	
  443  000031df          	.align 2
  444  000031e0          	LC15_LF0:
  445  000031e0  434f4e53	.ascii "CONS - PID %d ---- Tried to Pick Wrong Data Now Signalling Full_Sem\n\000"
  445  000031e4  202d2050	
  445  000031e8  49442025	
  445  000031ec  64202d2d	
  445  000031f0  2d2d2054	
  445  000031f4  72696564	
  445  000031f8  20746f20	
  445  000031fc  5069636b	
  445  00003200  2057726f	
  445  00003204  6e672044	
  445  00003208  61746120	
  445  0000320c  4e6f7720	
  445  00003210  5369676e	
  445  00003214  616c6c69	
  445  00003218  6e672046	
  445  0000321c  756c6c5f	
  445  00003220  53656d0a	
  445  00003224  00      	
  446  00003225          	.align 2
  447  00003228          	LC16_LF0:
  448  00003228  434f4e53	.ascii "CONS - PID %d ---- Finally Got : \000"
  448  0000322c  202d2050	
  448  00003230  49442025	
  448  00003234  64202d2d	
  448  00003238  2d2d2046	
  448  0000323c  696e616c	
  448  00003240  6c792047	
  448  00003244  6f74203a	
  448  00003248  2000    	
  449  0000324a          	.align 2
  450  0000324c          	LC17_LF0:
  451  0000324c  434f4e53	.ascii "CONS - PID %d is complete.\n\000"
  451  00003250  202d2050	
  451  00003254  49442025	
  451  00003258  64206973	
  451  0000325c  20636f6d	
  451  00003260  706c6574	
  451  00003264  652e0a00	
  452  00003268          	.align 2
  453  00003268          	LC18_LF0:
  454  00003268  42616420	.ascii "Bad semaphore s_procs_completed (%d) in \000"
  454  0000326c  73656d61	
  454  00003270  70686f72	
  454  00003274  6520735f	
  454  00003278  70726f63	
  454  0000327c  735f636f	
  454  00003280  6d706c65	
  454  00003284  74656420	
  454  00003288  28256429	
  454  0000328c  20696e20	
  454  00003290  00      	
  455  00003291          	.text
  456  000014ec          	.align 2
  457  000014ec          	.proc _main
  458  000014ec          	.global _main
  459  000014ec          	_main:
  460                      ;  Function 'main'; 1000 bytes of locals, 0 regs to save.
  461  000014ec  afbefffc	sw	-4(r29),r30; push fp
  462  000014f0  001df020	add	r30,r0,r29; fp = sp
  463  000014f4  afbffff8	sw	-8(r29),r31; push ret addr
  464  000014f8  2fbd03f0	subui	r29,r29,#1008; alloc local storage
  465  000014fc  8fc20000	lw	r2,(r30)
  466  00001500  8fca0004	lw	r10,4(r30)
  467  00001504  0c001434	jal	___main
  468  00001508  54000000	nop; not filled.
  469  0000150c  20050000	addi	r5,r0,#0
  470  00001510  64410006	snei	r1,r2,#6
  471  00001514  1020004c	beqz	r1,L48_LF0
  472  00001518  54000000	nop; not filled.
  473  0000151c  23bdfff8	addi	r29,r29,#-8
  474  00001520  3c0d0000	lhi	r13,((LC7_LF0)>>16)&0xffff
  475  00001524  25ad3090	addui	r13,r13,(LC7_LF0)&0xffff
  476  00001528  afad0000	sw	(r29),r13
  477  0000152c  0c000610	jal	_Printf
  478  00001530  54000000	nop; not filled.
  479  00001534  8d4d0000	lw	r13,(r10)
  480  00001538  afad0000	sw	(r29),r13
  481  0000153c  0c000600	jal	_Printf
  482  00001540  54000000	nop; not filled.
  483  00001544  3c0d0000	lhi	r13,((LC8_LF0)>>16)&0xffff
  484  00001548  25ad3098	addui	r13,r13,(LC8_LF0)&0xffff
  485  0000154c  afad0000	sw	(r29),r13
  486  00001550  0c0005ec	jal	_Printf
  487  00001554  54000000	nop; not filled.
  488  00001558  0c00068c	jal	_Exit
  489  0000155c  54000000	nop; not filled.
  490  00001560  23bd0008	addi	r29,r29,#8
  491  00001564          	L48_LF0:
  492  00001564  23bdfff0	addi	r29,r29,#-16
  493  00001568  8d4d0004	lw	r13,4(r10)
  494  0000156c  afad0000	sw	(r29),r13
  495  00001570  200d0000	addi	r13,r0,#0
  496  00001574  afad0004	sw	4(r29),r13
  497  00001578  200d000a	addi	r13,r0,#10
  498  0000157c  afad0008	sw	8(r29),r13
  499  00001580  0c000f10	jal	_dstrtol
  500  00001584  54000000	nop; not filled.
  501  00001588  00011020	add	r2,r0,r1
  502  0000158c  8d4d0008	lw	r13,8(r10)
  503  00001590  afad0000	sw	(r29),r13
  504  00001594  200d0000	addi	r13,r0,#0
  505  00001598  afad0004	sw	4(r29),r13
  506  0000159c  200d000a	addi	r13,r0,#10
  507  000015a0  afad0008	sw	8(r29),r13
  508  000015a4  0c000eec	jal	_dstrtol
  509  000015a8  54000000	nop; not filled.
  510  000015ac  00016020	add	r12,r0,r1
  511  000015b0  8d4d000c	lw	r13,12(r10)
  512  000015b4  afad0000	sw	(r29),r13
  513  000015b8  200d0000	addi	r13,r0,#0
  514  000015bc  afad0004	sw	4(r29),r13
  515  000015c0  200d000a	addi	r13,r0,#10
  516  000015c4  afad0008	sw	8(r29),r13
  517  000015c8  0c000ec8	jal	_dstrtol
  518  000015cc  54000000	nop; not filled.
  519  000015d0  00014020	add	r8,r0,r1
  520  000015d4  8d4d0010	lw	r13,16(r10)
  521  000015d8  afad0000	sw	(r29),r13
  522  000015dc  200d0000	addi	r13,r0,#0
  523  000015e0  afad0004	sw	4(r29),r13
  524  000015e4  200d000a	addi	r13,r0,#10
  525  000015e8  afad0008	sw	8(r29),r13
  526  000015ec  0c000ea4	jal	_dstrtol
  527  000015f0  54000000	nop; not filled.
  528  000015f4  00014820	add	r9,r0,r1
  529  000015f8  8d4d0014	lw	r13,20(r10)
  530  000015fc  afad0000	sw	(r29),r13
  531  00001600  200d0000	addi	r13,r0,#0
  532  00001604  afad0004	sw	4(r29),r13
  533  00001608  200d000a	addi	r13,r0,#10
  534  0000160c  afad0008	sw	8(r29),r13
  535  00001610  0c000e80	jal	_dstrtol
  536  00001614  54000000	nop; not filled.
  537  00001618  00015820	add	r11,r0,r1
  538  0000161c  afa20000	sw	(r29),r2
  539  00001620  0c00054c	jal	_shmat
  540  00001624  54000000	nop; not filled.
  541  00001628  00011020	add	r2,r0,r1
  542  0000162c  23bd0010	addi	r29,r29,#16
  543  00001630  64410000	snei	r1,r2,#0
  544  00001634  1420004c	bnez	r1,L49_LF0
  545  00001638  54000000	nop; not filled.
  546  0000163c  23bdfff8	addi	r29,r29,#-8
  547  00001640  3c0d0000	lhi	r13,((LC9_LF0)>>16)&0xffff
  548  00001644  25ad30ec	addui	r13,r13,(LC9_LF0)&0xffff
  549  00001648  afad0000	sw	(r29),r13
  550  0000164c  0c0004f0	jal	_Printf
  551  00001650  54000000	nop; not filled.
  552  00001654  8d4d0000	lw	r13,(r10)
  553  00001658  afad0000	sw	(r29),r13
  554  0000165c  0c0004e0	jal	_Printf
  555  00001660  54000000	nop; not filled.
  556  00001664  3c0d0000	lhi	r13,((LC10_LF0)>>16)&0xffff
  557  00001668  25ad3120	addui	r13,r13,(LC10_LF0)&0xffff
  558  0000166c  afad0000	sw	(r29),r13
  559  00001670  0c0004cc	jal	_Printf
  560  00001674  54000000	nop; not filled.
  561  00001678  0c00056c	jal	_Exit
  562  0000167c  54000000	nop; not filled.
  563  00001680  23bd0008	addi	r29,r29,#8
  564  00001684          	L49_LF0:
  565  00001684  20440008	addi	r4,r2,#8
  566  00001688  23c6fc10	addi	r6,r30,#-1008
  567  0000168c  23c7fc0f	addi	r7,r30,#-1009
  568  00001690          	L50_LF0:
  569  00001690  80e20000	lb	r2,(r7)
  570  00001694  20030000	addi	r3,r0,#0
  571  00001698  2041ffd0	addi	r1,r2,#-48
  572  0000169c  302100ff	andi	r1,r1,#0x00ff
  573  000016a0  70210009	sleui	r1,r1,#9
  574  000016a4  14200028	bnez	r1,L55_LF0
  575  000016a8  54000000	nop; not filled.
  576  000016ac  2041ff9f	addi	r1,r2,#-97
  577  000016b0  302100ff	andi	r1,r1,#0x00ff
  578  000016b4  70210005	sleui	r1,r1,#5
  579  000016b8  14200014	bnez	r1,L55_LF0
  580  000016bc  54000000	nop; not filled.
  581  000016c0  304100ff	andi	r1,r2,#0x00ff
  582  000016c4  64210041	snei	r1,r1,#65
  583  000016c8  14200008	bnez	r1,L54_LF0
  584  000016cc  54000000	nop; not filled.
  585  000016d0          	L55_LF0:
  586  000016d0  20030001	addi	r3,r0,#1
  587  000016d4          	L54_LF0:
  588  000016d4  64610000	snei	r1,r3,#0
  589  000016d8  14200010	bnez	r1,L52_LF0
  590  000016dc  54000000	nop; not filled.
  591  000016e0  64a10000	snei	r1,r5,#0
  592  000016e4  142002ec	bnez	r1,L51_LF0
  593  000016e8  54000000	nop; not filled.
  594  000016ec          	L52_LF0:
  595  000016ec  23bdfff8	addi	r29,r29,#-8
  596  000016f0  afa90000	sw	(r29),r9
  597  000016f4  0c000490	jal	_sem_wait
  598  000016f8  54000000	nop; not filled.
  599  000016fc  23bd0008	addi	r29,r29,#8
  600  00001700  64210000	snei	r1,r1,#0
  601  00001704  10200030	beqz	r1,L56_LF0
  602  00001708  54000000	nop; not filled.
  603  0000170c  0c00043c	jal	_Getpid
  604  00001710  54000000	nop; not filled.
  605  00001714  23bdfff0	addi	r29,r29,#-16
  606  00001718  3c0d0000	lhi	r13,((LC11_LF0)>>16)&0xffff
  607  0000171c  25ad3130	addui	r13,r13,(LC11_LF0)&0xffff
  608  00001720  afad0000	sw	(r29),r13
  609  00001724  afa10004	sw	4(r29),r1
  610  00001728  afa50008	sw	8(r29),r5
  611  0000172c  0c000410	jal	_Printf
  612  00001730  54000000	nop; not filled.
  613  00001734  23bd0010	addi	r29,r29,#16
  614  00001738          	L56_LF0:
  615  00001738  23bdfff8	addi	r29,r29,#-8
  616  0000173c  afa80000	sw	(r29),r8
  617  00001740  0c000468	jal	_lock_acquire
  618  00001744  54000000	nop; not filled.
  619  00001748  0c000400	jal	_Getpid
  620  0000174c  54000000	nop; not filled.
  621  00001750  3c0d0000	lhi	r13,((LC12_LF0)>>16)&0xffff
  622  00001754  25ad3164	addui	r13,r13,(LC12_LF0)&0xffff
  623  00001758  afad0000	sw	(r29),r13
  624  0000175c  afa10004	sw	4(r29),r1
  625  00001760  0c0003dc	jal	_Printf
  626  00001764  54000000	nop; not filled.
  627  00001768  23c2fc10	addi	r2,r30,#-1008
  628  0000176c  00451020	add	r2,r2,r5
  629  00001770  23bd0008	addi	r29,r29,#8
  630  00001774  8c810004	lw	r1,4(r4)
  631  00001778  00810820	add	r1,r4,r1
  632  0000177c  80210008	lb	r1,8(r1)
  633  00001780  a0410000	sb	(r2),r1
  634  00001784  23bdfff0	addi	r29,r29,#-16
  635  00001788  3c0d0000	lhi	r13,((LC1_LF0)>>16)&0xffff
  636  0000178c  25ad3018	addui	r13,r13,(LC1_LF0)&0xffff
  637  00001790  afad0000	sw	(r29),r13
  638  00001794  90410000	lbu	r1,(r2)
  639  00001798  afa10004	sw	4(r29),r1
  640  0000179c  8c8d0004	lw	r13,4(r4)
  641  000017a0  afad0008	sw	8(r29),r13
  642  000017a4  0c000398	jal	_Printf
  643  000017a8  54000000	nop; not filled.
  644  000017ac  23bd0010	addi	r29,r29,#16
  645  000017b0  64a10000	snei	r1,r5,#0
  646  000017b4  1420001c	bnez	r1,L74_LF0
  647  000017b8  54000000	nop; not filled.
  648  000017bc  90c10000	lbu	r1,(r6)
  649  000017c0  60210030	seqi	r1,r1,#48
  650  000017c4  10200170	beqz	r1,L58_LF0
  651  000017c8  54000000	nop; not filled.
  652  000017cc  08000074	j	L59_LF0
  653  000017d0  54000000	nop; not filled.
  654  000017d4          	L74_LF0:
  655  000017d4  80c20000	lb	r2,(r6)
  656  000017d8  305f00ff	andi	r31,r2,#0x00ff
  657  000017dc  90e10000	lbu	r1,(r7)
  658  000017e0  20210001	addi	r1,r1,#1
  659  000017e4  03e10828	seq	r1,r31,r1
  660  000017e8  14200058	bnez	r1,L59_LF0
  661  000017ec  54000000	nop; not filled.
  662  000017f0  20030000	addi	r3,r0,#0
  663  000017f4  2041ffd0	addi	r1,r2,#-48
  664  000017f8  302100ff	andi	r1,r1,#0x00ff
  665  000017fc  70210009	sleui	r1,r1,#9
  666  00001800  14200024	bnez	r1,L63_LF0
  667  00001804  54000000	nop; not filled.
  668  00001808  2041ff9f	addi	r1,r2,#-97
  669  0000180c  302100ff	andi	r1,r1,#0x00ff
  670  00001810  70210005	sleui	r1,r1,#5
  671  00001814  14200010	bnez	r1,L63_LF0
  672  00001818  54000000	nop; not filled.
  673  0000181c  67e10041	snei	r1,r31,#65
  674  00001820  14200008	bnez	r1,L62_LF0
  675  00001824  54000000	nop; not filled.
  676  00001828          	L63_LF0:
  677  00001828  20030001	addi	r3,r0,#1
  678  0000182c          	L62_LF0:
  679  0000182c  64610000	snei	r1,r3,#0
  680  00001830  14200104	bnez	r1,L58_LF0
  681  00001834  54000000	nop; not filled.
  682  00001838  60a1000a	seqi	r1,r5,#10
  683  0000183c  102000f8	beqz	r1,L58_LF0
  684  00001840  54000000	nop; not filled.
  685  00001844          	L59_LF0:
  686  00001844  23c2fc10	addi	r2,r30,#-1008
  687  00001848  00451020	add	r2,r2,r5
  688  0000184c  8c810004	lw	r1,4(r4)
  689  00001850  00810820	add	r1,r4,r1
  690  00001854  80210008	lb	r1,8(r1)
  691  00001858  a0410000	sb	(r2),r1
  692  0000185c  23bdfff0	addi	r29,r29,#-16
  693  00001860  3c0d0000	lhi	r13,((LC2_LF0)>>16)&0xffff
  694  00001864  25ad3038	addui	r13,r13,(LC2_LF0)&0xffff
  695  00001868  afad0000	sw	(r29),r13
  696  0000186c  90410000	lbu	r1,(r2)
  697  00001870  afa10004	sw	4(r29),r1
  698  00001874  8c8d0004	lw	r13,4(r4)
  699  00001878  afad0008	sw	8(r29),r13
  700  0000187c  0c0002c0	jal	_Printf
  701  00001880  54000000	nop; not filled.
  702  00001884  8c810004	lw	r1,4(r4)
  703  00001888  20230001	addi	r3,r1,#1
  704  0000188c  2001000a	addi	r1,r0,#10
  705  00001890  00600035	movi2fp	f0,r3
  706  00001894  00200835	movi2fp	f1,r1
  707  00001898  0401000f	div	f0,f0,f1
  708  0000189c  00001034	movfp2i	r2,f0
  709  000018a0  50410002	slli	r1,r2,#0x2
  710  000018a4  00220820	add	r1,r1,r2
  711  000018a8  50210001	slli	r1,r1,#0x1
  712  000018ac  00610822	sub	r1,r3,r1
  713  000018b0  ac810004	sw	4(r4),r1
  714  000018b4  23bd0010	addi	r29,r29,#16
  715  000018b8  0c000290	jal	_Getpid
  716  000018bc  54000000	nop; not filled.
  717  000018c0  23bdfff0	addi	r29,r29,#-16
  718  000018c4  3c0d0000	lhi	r13,((LC13_LF0)>>16)&0xffff
  719  000018c8  25ad3188	addui	r13,r13,(LC13_LF0)&0xffff
  720  000018cc  afad0000	sw	(r29),r13
  721  000018d0  afa10004	sw	4(r29),r1
  722  000018d4  90c10000	lbu	r1,(r6)
  723  000018d8  afa10008	sw	8(r29),r1
  724  000018dc  0c000260	jal	_Printf
  725  000018e0  54000000	nop; not filled.
  726  000018e4  20c60001	addi	r6,r6,#1
  727  000018e8  20e70001	addi	r7,r7,#1
  728  000018ec  20a50001	addi	r5,r5,#1
  729  000018f0  afab0000	sw	(r29),r11
  730  000018f4  0c00029c	jal	_sem_signal
  731  000018f8  54000000	nop; not filled.
  732  000018fc  23bd0010	addi	r29,r29,#16
  733  00001900  64210000	snei	r1,r1,#0
  734  00001904  1020009c	beqz	r1,L66_LF0
  735  00001908  54000000	nop; not filled.
  736  0000190c  0c00023c	jal	_Getpid
  737  00001910  54000000	nop; not filled.
  738  00001914  23bdfff0	addi	r29,r29,#-16
  739  00001918  3c0d0000	lhi	r13,((LC14_LF0)>>16)&0xffff
  740  0000191c  25ad31ac	addui	r13,r13,(LC14_LF0)&0xffff
  741  00001920  afad0000	sw	(r29),r13
  742  00001924  afa10004	sw	4(r29),r1
  743  00001928  20a1ffff	addi	r1,r5,#-1
  744  0000192c  afa10008	sw	8(r29),r1
  745  00001930  08000064	j	L75_LF0
  746  00001934  54000000	nop; not filled.
  747  00001938          	L58_LF0:
  748  00001938  0c000210	jal	_Getpid
  749  0000193c  54000000	nop; not filled.
  750  00001940  23bdfff8	addi	r29,r29,#-8
  751  00001944  3c0d0000	lhi	r13,((LC15_LF0)>>16)&0xffff
  752  00001948  25ad31e0	addui	r13,r13,(LC15_LF0)&0xffff
  753  0000194c  afad0000	sw	(r29),r13
  754  00001950  afa10004	sw	4(r29),r1
  755  00001954  0c0001e8	jal	_Printf
  756  00001958  54000000	nop; not filled.
  757  0000195c  afa90000	sw	(r29),r9
  758  00001960  0c000230	jal	_sem_signal
  759  00001964  54000000	nop; not filled.
  760  00001968  23bd0008	addi	r29,r29,#8
  761  0000196c  64210000	snei	r1,r1,#0
  762  00001970  10200030	beqz	r1,L66_LF0
  763  00001974  54000000	nop; not filled.
  764  00001978  0c0001d0	jal	_Getpid
  765  0000197c  54000000	nop; not filled.
  766  00001980  23bdfff0	addi	r29,r29,#-16
  767  00001984  3c0d0000	lhi	r13,((LC14_LF0)>>16)&0xffff
  768  00001988  25ad31ac	addui	r13,r13,(LC14_LF0)&0xffff
  769  0000198c  afad0000	sw	(r29),r13
  770  00001990  afa10004	sw	4(r29),r1
  771  00001994  afa50008	sw	8(r29),r5
  772  00001998          	L75_LF0:
  773  00001998  0c0001a4	jal	_Printf
  774  0000199c  54000000	nop; not filled.
  775  000019a0  23bd0010	addi	r29,r29,#16
  776  000019a4          	L66_LF0:
  777  000019a4  23bdfff8	addi	r29,r29,#-8
  778  000019a8  3c0d0000	lhi	r13,((LC6_LF0)>>16)&0xffff
  779  000019ac  25ad308c	addui	r13,r13,(LC6_LF0)&0xffff
  780  000019b0  afad0000	sw	(r29),r13
  781  000019b4  0c000188	jal	_Printf
  782  000019b8  54000000	nop; not filled.
  783  000019bc  afa80000	sw	(r29),r8
  784  000019c0  0c0001f4	jal	_lock_release
  785  000019c4  54000000	nop; not filled.
  786  000019c8  23bd0008	addi	r29,r29,#8
  787  000019cc  0bfffcc0	j	L50_LF0
  788  000019d0  54000000	nop; not filled.
  789  000019d4          	L51_LF0:
  790  000019d4  23bdfff8	addi	r29,r29,#-8
  791  000019d8  afa80000	sw	(r29),r8
  792  000019dc  0c0001cc	jal	_lock_acquire
  793  000019e0  54000000	nop; not filled.
  794  000019e4  0c000164	jal	_Getpid
  795  000019e8  54000000	nop; not filled.
  796  000019ec  3c0d0000	lhi	r13,((LC16_LF0)>>16)&0xffff
  797  000019f0  25ad3228	addui	r13,r13,(LC16_LF0)&0xffff
  798  000019f4  afad0000	sw	(r29),r13
  799  000019f8  afa10004	sw	4(r29),r1
  800  000019fc  0c000140	jal	_Printf
  801  00001a00  54000000	nop; not filled.
  802  00001a04  23bd0008	addi	r29,r29,#8
  803  00001a08  23c2fc10	addi	r2,r30,#-1008
  804  00001a0c  23c3fc19	addi	r3,r30,#-999
  805  00001a10          	L71_LF0:
  806  00001a10  23bdfff8	addi	r29,r29,#-8
  807  00001a14  3c0d0000	lhi	r13,((LC5_LF0)>>16)&0xffff
  808  00001a18  25ad3088	addui	r13,r13,(LC5_LF0)&0xffff
  809  00001a1c  afad0000	sw	(r29),r13
  810  00001a20  90410000	lbu	r1,(r2)
  811  00001a24  afa10004	sw	4(r29),r1
  812  00001a28  0c000114	jal	_Printf
  813  00001a2c  54000000	nop; not filled.
  814  00001a30  23bd0008	addi	r29,r29,#8
  815  00001a34  20420001	addi	r2,r2,#1
  816  00001a38  0043082c	sle	r1,r2,r3
  817  00001a3c  1420ffd0	bnez	r1,L71_LF0
  818  00001a40  54000000	nop; not filled.
  819  00001a44  23bdfff8	addi	r29,r29,#-8
  820  00001a48  3c0d0000	lhi	r13,((LC6_LF0)>>16)&0xffff
  821  00001a4c  25ad308c	addui	r13,r13,(LC6_LF0)&0xffff
  822  00001a50  afad0000	sw	(r29),r13
  823  00001a54  0c0000e8	jal	_Printf
  824  00001a58  54000000	nop; not filled.
  825  00001a5c  0c0000ec	jal	_Getpid
  826  00001a60  54000000	nop; not filled.
  827  00001a64  3c0d0000	lhi	r13,((LC17_LF0)>>16)&0xffff
  828  00001a68  25ad324c	addui	r13,r13,(LC17_LF0)&0xffff
  829  00001a6c  afad0000	sw	(r29),r13
  830  00001a70  afa10004	sw	4(r29),r1
  831  00001a74  0c0000c8	jal	_Printf
  832  00001a78  54000000	nop; not filled.
  833  00001a7c  afa80000	sw	(r29),r8
  834  00001a80  0c000134	jal	_lock_release
  835  00001a84  54000000	nop; not filled.
  836  00001a88  afac0000	sw	(r29),r12
  837  00001a8c  0c000104	jal	_sem_signal
  838  00001a90  54000000	nop; not filled.
  839  00001a94  23bd0008	addi	r29,r29,#8
  840  00001a98  64210001	snei	r1,r1,#1
  841  00001a9c  10200050	beqz	r1,L73_LF0
  842  00001aa0  54000000	nop; not filled.
  843  00001aa4  23bdfff8	addi	r29,r29,#-8
  844  00001aa8  3c0d0000	lhi	r13,((LC18_LF0)>>16)&0xffff
  845  00001aac  25ad3268	addui	r13,r13,(LC18_LF0)&0xffff
  846  00001ab0  afad0000	sw	(r29),r13
  847  00001ab4  afac0004	sw	4(r29),r12
  848  00001ab8  0c000084	jal	_Printf
  849  00001abc  54000000	nop; not filled.
  850  00001ac0  8d4a0000	lw	r10,(r10)
  851  00001ac4  afaa0000	sw	(r29),r10
  852  00001ac8  0c000074	jal	_Printf
  853  00001acc  54000000	nop; not filled.
  854  00001ad0  3c0d0000	lhi	r13,((LC10_LF0)>>16)&0xffff
  855  00001ad4  25ad3120	addui	r13,r13,(LC10_LF0)&0xffff
  856  00001ad8  afad0000	sw	(r29),r13
  857  00001adc  0c000060	jal	_Printf
  858  00001ae0  54000000	nop; not filled.
  859  00001ae4  0c000100	jal	_Exit
  860  00001ae8  54000000	nop; not filled.
  861  00001aec  23bd0008	addi	r29,r29,#8
  862  00001af0          	L73_LF0:
  863  00001af0  0c000e3c	jal	_exit
  864  00001af4  54000000	nop
  865  00001af8          	.endproc _main
  866                      ;;;
  867                      ;;; Stub functions for DLX traps.
  868                      ;;;
  869                      ;;; Ethan L. Miller, 1999.  Released to the public domain.
  870                      ;;;
  871                      ;;; The traps such as Open and Close
  872                      ;;; (note the capital letters) are for use by user programs.  The traps
  873                      ;;; with names such as open and close (lower case) are for use by the OS.
  874                      ;;;
  877  00001af8          	.align 2
  879                      ;;; The following are the traps to be used by user-level programs
  880                      ;;;
  882  00001af8          	.align 2
  883  00001af8          	.proc _Open
  884  00001af8          	.global _Open
  885  00001af8          	_Open:
  886                      ;;; Note that trap #0x213 actually causes a trap vector in the OS of
  887                      ;;; 0x1213.  The same is true for other user traps.  Thus, a user trap
  888                      ;;; with trap #0x240 will result in a trap vector of 0x1240 in the OS.
  889  00001af8  44000213	trap	#0x213
  890  00001afc  4be00000	jr	r31
  891  00001b00  54000000	nop
  892  00001b04          	.endproc _Open
  894  00001b04          	.proc _Close
  895  00001b04          	.global _Close
  896  00001b04          	_Close:
  897  00001b04  44000214	trap	#0x214
  898  00001b08  4be00000	jr	r31
  899  00001b0c  54000000	nop
  900  00001b10          	.endproc _Close
  902  00001b10          	.proc _Read
  903  00001b10          	.global _Read
  904  00001b10          	_Read:
  905  00001b10  44000210	trap	#0x210
  906  00001b14  4be00000	jr	r31
  907  00001b18  54000000	nop
  908  00001b1c          	.endproc _Read
  910  00001b1c          	.proc _Write
  911  00001b1c          	.global _Write
  912  00001b1c          	_Write:
  913  00001b1c  44000211	trap	#0x211
  914  00001b20  4be00000	jr	r31
  915  00001b24  54000000	nop
  916  00001b28          	.endproc _Write
  918  00001b28          	.proc _Lseek
  919  00001b28          	.global _Lseek
  920  00001b28          	_Lseek:
  921  00001b28  44000212	trap	#0x212
  922  00001b2c  4be00000	jr	r31
  923  00001b30  54000000	nop
  924  00001b34          	.endproc _Lseek
  926  00001b34          	.proc _Putchar
  927  00001b34          	.global _Putchar
  928  00001b34          	_Putchar:
  929  00001b34  44000280	trap	#0x280
  930  00001b38  4be00000	jr	r31
  931  00001b3c  54000000	nop
  932  00001b40          	.endproc _Putchar
  934  00001b40          	.proc _Printf
  935  00001b40          	.global _Printf
  936  00001b40          	_Printf:
  937  00001b40  44000201	trap	#0x201
  938  00001b44  4be00000	jr	r31
  939  00001b48  54000000	nop
  940  00001b4c          	.endproc _Printf
  942  00001b4c          	.proc _Getpid
  943  00001b4c          	.global _Getpid
  944  00001b4c          	_Getpid:
  945  00001b4c  44000431	trap	#0x431
  946  00001b50  4be00000	jr	r31
  947  00001b54  54000000	nop
  948  00001b58          	.endproc _Getpid
  950  00001b58          	.proc _process_create
  951  00001b58          	.global _process_create
  952  00001b58          	_process_create:
  953  00001b58  44000432	trap	#0x432
  954  00001b5c  4be00000	jr	r31
  955  00001b60  54000000	nop
  956  00001b64          	.endproc _process_create
  958  00001b64          	.proc _shmget
  959  00001b64          	.global _shmget
  960  00001b64          	_shmget:
  961  00001b64  44000440	trap	#0x440
  962  00001b68  4be00000	jr	r31
  963  00001b6c  54000000	nop
  964  00001b70          	.endproc _shmget
  966  00001b70          	.proc _shmat
  967  00001b70          	.global _shmat
  968  00001b70          	_shmat:
  969  00001b70  44000441	trap	#0x441
  970  00001b74  4be00000	jr	r31
  971  00001b78  54000000	nop
  972  00001b7c          	.endproc _shmat
  974  00001b7c          	.proc _sem_create
  975  00001b7c          	.global _sem_create
  976  00001b7c          	_sem_create:
  977  00001b7c  44000450	trap	#0x450
  978  00001b80  4be00000	jr	r31
  979  00001b84  54000000	nop
  980  00001b88          	.endproc _sem_create
  982  00001b88          	.proc _sem_wait
  983  00001b88          	.global _sem_wait
  984  00001b88          	_sem_wait:
  985  00001b88  44000451	trap	#0x451
  986  00001b8c  4be00000	jr	r31
  987  00001b90  54000000	nop
  988  00001b94          	.endproc _sem_wait
  990  00001b94          	.proc _sem_signal
  991  00001b94          	.global _sem_signal
  992  00001b94          	_sem_signal:
  993  00001b94  44000452	trap	#0x452
  994  00001b98  4be00000	jr	r31
  995  00001b9c  54000000	nop
  996  00001ba0          	.endproc _sem_signal
  998  00001ba0          	.proc _lock_create
  999  00001ba0          	.global _lock_create
 1000  00001ba0          	_lock_create:
 1001  00001ba0  44000453	trap	#0x453
 1002  00001ba4  4be00000	jr	r31
 1003  00001ba8  54000000	nop
 1004  00001bac          	.endproc _lock_create
 1006  00001bac          	.proc _lock_acquire
 1007  00001bac          	.global _lock_acquire
 1008  00001bac          	_lock_acquire:
 1009  00001bac  44000454	trap	#0x454
 1010  00001bb0  4be00000	jr	r31
 1011  00001bb4  54000000	nop
 1012  00001bb8          	.endproc _lock_acquire
 1014  00001bb8          	.proc _lock_release
 1015  00001bb8          	.global _lock_release
 1016  00001bb8          	_lock_release:
 1017  00001bb8  44000455	trap	#0x455
 1018  00001bbc  4be00000	jr	r31
 1019  00001bc0  54000000	nop
 1020  00001bc4          	.endproc _lock_release
 1022  00001bc4          	.proc _cond_create
 1023  00001bc4          	.global _cond_create
 1024  00001bc4          	_cond_create:
 1025  00001bc4  44000456	trap	#0x456
 1026  00001bc8  4be00000	jr	r31
 1027  00001bcc  54000000	nop
 1028  00001bd0          	.endproc _cond_create
 1030  00001bd0          	.proc _cond_wait
 1031  00001bd0          	.global _cond_wait
 1032  00001bd0          	_cond_wait:
 1033  00001bd0  44000457	trap	#0x457
 1034  00001bd4  4be00000	jr	r31
 1035  00001bd8  54000000	nop
 1036  00001bdc          	.endproc _cond_wait
 1038  00001bdc          	.proc _cond_signal
 1039  00001bdc          	.global _cond_signal
 1040  00001bdc          	_cond_signal:
 1041  00001bdc  44000458	trap	#0x458
 1042  00001be0  4be00000	jr	r31
 1043  00001be4  54000000	nop
 1044  00001be8          	.endproc _cond_signal
 1046  00001be8          	.proc _Exit
 1047  00001be8          	.global _Exit
 1048  00001be8          	_Exit:
 1049  00001be8  44000500	trap	#0x500
 1050  00001bec  4be00000	jr	r31
 1051  00001bf0  54000000	nop
 1052  00001bf4          	.endproc _Exit
 1053                      ; Compiled by GCC
 1055  00001bf4          	.align 2
 1056  00001bf4          	.proc _isspace
 1057  00001bf4          	.global _isspace
 1058  00001bf4          	_isspace:
 1059                      ;  Function 'isspace'; 0 bytes of locals, 3 regs to save.
 1060  00001bf4  afbefffc	sw	-4(r29),r30; push fp
 1061  00001bf8  001df020	add	r30,r0,r29; fp = sp
 1062  00001bfc  afbffff8	sw	-8(r29),r31; push ret addr
 1063  00001c00  2fbd0018	subui	r29,r29,#24; alloc local storage
 1064  00001c04  afa20000	sw	0(r29),r2
 1065  00001c08  afa30004	sw	4(r29),r3
 1066  00001c0c  afa40008	sw	8(r29),r4
 1067  00001c10  83c20003	lb	r2,3(r30)
 1068  00001c14  20010000	addi	r1,r0,#0
 1069  00001c18  304300ff	andi	r3,r2,#0x00ff
 1070  00001c1c  60640020	seqi	r4,r3,#32
 1071  00001c20  1480002c	bnez	r4,L3_LF2
 1072  00001c24  54000000	nop; delay slot nop
 1073  00001c28  304300ff	andi	r3,r2,#0x00ff
 1074  00001c2c  60640009	seqi	r4,r3,#9
 1075  00001c30  1480001c	bnez	r4,L3_LF2
 1076  00001c34  54000000	nop; delay slot nop
 1077  00001c38  304300ff	andi	r3,r2,#0x00ff
 1078  00001c3c  6064000a	seqi	r4,r3,#10
 1079  00001c40  1480000c	bnez	r4,L3_LF2
 1080  00001c44  54000000	nop; delay slot nop
 1081  00001c48  08000008	j	L2_LF2
 1082  00001c4c  54000000	nop; delay slot nop
 1083  00001c50          	L3_LF2:
 1084  00001c50  20010001	addi	r1,r0,#1
 1085  00001c54          	L2_LF2:
 1086  00001c54  08000004	j	L1_LF2
 1087  00001c58  54000000	nop; delay slot nop
 1088  00001c5c          	L1_LF2:
 1089  00001c5c  8fa20000	lw	r2,0(r29)
 1090  00001c60  8fa30004	lw	r3,4(r29)
 1091  00001c64  8fa40008	lw	r4,8(r29)
 1092  00001c68  8fdffff8	lw	r31,-8(r30)
 1093  00001c6c  001ee820	add	r29,r0,r30
 1094  00001c70  8fdefffc	lw	r30,-4(r30)
 1095  00001c74  4be00000	jr	r31
 1096  00001c78  54000000	nop
 1097  00001c7c          	.endproc _isspace
 1098  00001c7c          	.align 2
 1099  00001c7c          	.proc _isxdigit
 1100  00001c7c          	.global _isxdigit
 1101  00001c7c          	_isxdigit:
 1102                      ;  Function 'isxdigit'; 0 bytes of locals, 3 regs to save.
 1103  00001c7c  afbefffc	sw	-4(r29),r30; push fp
 1104  00001c80  001df020	add	r30,r0,r29; fp = sp
 1105  00001c84  afbffff8	sw	-8(r29),r31; push ret addr
 1106  00001c88  2fbd0018	subui	r29,r29,#24; alloc local storage
 1107  00001c8c  afa20000	sw	0(r29),r2
 1108  00001c90  afa30004	sw	4(r29),r3
 1109  00001c94  afa40008	sw	8(r29),r4
 1110  00001c98  83c20003	lb	r2,3(r30)
 1111  00001c9c  20010000	addi	r1,r0,#0
 1112  00001ca0  304300ff	andi	r3,r2,#0x00ff
 1113  00001ca4  6c64002f	sgtui	r4,r3,#47
 1114  00001ca8  1080001c	beqz	r4,L7_LF2
 1115  00001cac  54000000	nop; delay slot nop
 1116  00001cb0  304300ff	andi	r3,r2,#0x00ff
 1117  00001cb4  70640039	sleui	r4,r3,#57
 1118  00001cb8  1480005c	bnez	r4,L6_LF2
 1119  00001cbc  54000000	nop; delay slot nop
 1120  00001cc0  08000004	j	L7_LF2
 1121  00001cc4  54000000	nop; delay slot nop
 1122  00001cc8          	L7_LF2:
 1123  00001cc8  304300ff	andi	r3,r2,#0x00ff
 1124  00001ccc  6c640060	sgtui	r4,r3,#96
 1125  00001cd0  1080001c	beqz	r4,L8_LF2
 1126  00001cd4  54000000	nop; delay slot nop
 1127  00001cd8  304300ff	andi	r3,r2,#0x00ff
 1128  00001cdc  70640066	sleui	r4,r3,#102
 1129  00001ce0  14800034	bnez	r4,L6_LF2
 1130  00001ce4  54000000	nop; delay slot nop
 1131  00001ce8  08000004	j	L8_LF2
 1132  00001cec  54000000	nop; delay slot nop
 1133  00001cf0          	L8_LF2:
 1134  00001cf0  304300ff	andi	r3,r2,#0x00ff
 1135  00001cf4  6c640040	sgtui	r4,r3,#64
 1136  00001cf8  10800020	beqz	r4,L5_LF2
 1137  00001cfc  54000000	nop; delay slot nop
 1138  00001d00  304300ff	andi	r3,r2,#0x00ff
 1139  00001d04  70640041	sleui	r4,r3,#65
 1140  00001d08  1480000c	bnez	r4,L6_LF2
 1141  00001d0c  54000000	nop; delay slot nop
 1142  00001d10  08000008	j	L5_LF2
 1143  00001d14  54000000	nop; delay slot nop
 1144  00001d18          	L6_LF2:
 1145  00001d18  20010001	addi	r1,r0,#1
 1146  00001d1c          	L5_LF2:
 1147  00001d1c  08000004	j	L4_LF2
 1148  00001d20  54000000	nop; delay slot nop
 1149  00001d24          	L4_LF2:
 1150  00001d24  8fa20000	lw	r2,0(r29)
 1151  00001d28  8fa30004	lw	r3,4(r29)
 1152  00001d2c  8fa40008	lw	r4,8(r29)
 1153  00001d30  8fdffff8	lw	r31,-8(r30)
 1154  00001d34  001ee820	add	r29,r0,r30
 1155  00001d38  8fdefffc	lw	r30,-4(r30)
 1156  00001d3c  4be00000	jr	r31
 1157  00001d40  54000000	nop
 1158  00001d44          	.endproc _isxdigit
 1159  00001d44          	.align 2
 1160  00001d44          	.proc _dstrcpy
 1161  00001d44          	.global _dstrcpy
 1162  00001d44          	_dstrcpy:
 1163                      ;  Function 'dstrcpy'; 8 bytes of locals, 2 regs to save.
 1164  00001d44  afbefffc	sw	-4(r29),r30; push fp
 1165  00001d48  001df020	add	r30,r0,r29; fp = sp
 1166  00001d4c  afbffff8	sw	-8(r29),r31; push ret addr
 1167  00001d50  2fbd0018	subui	r29,r29,#24; alloc local storage
 1168  00001d54  afa20000	sw	0(r29),r2
 1169  00001d58  afa30004	sw	4(r29),r3
 1170  00001d5c  8fc10000	lw	r1,(r30)
 1171  00001d60  afc1fff4	sw	-12(r30),r1
 1172  00001d64          	L10_LF2:
 1173  00001d64  8fc10000	lw	r1,(r30)
 1174  00001d68  20220001	addi	r2,r1,#1
 1175  00001d6c  afc20000	sw	(r30),r2
 1176  00001d70  8fc20004	lw	r2,4(r30)
 1177  00001d74  20430001	addi	r3,r2,#1
 1178  00001d78  afc30004	sw	4(r30),r3
 1179  00001d7c  80420000	lb	r2,(r2)
 1180  00001d80  a0220000	sb	(r1),r2
 1181  00001d84  a3c2fff3	sb	-13(r30),r2
 1182  00001d88          	L12_LF2:
 1183  00001d88  93c1fff3	lbu	r1,-13(r30)
 1184  00001d8c  64220000	snei	r2,r1,#0
 1185  00001d90  1440000c	bnez	r2,L13_LF2
 1186  00001d94  54000000	nop; delay slot nop
 1187  00001d98  0800000c	j	L11_LF2
 1188  00001d9c  54000000	nop; delay slot nop
 1189  00001da0          	L13_LF2:
 1190  00001da0  0bffffc0	j	L10_LF2
 1191  00001da4  54000000	nop; delay slot nop
 1192  00001da8          	L11_LF2:
 1193  00001da8  8fc1fff4	lw	r1,-12(r30)
 1194  00001dac  08000004	j	L9_LF2
 1195  00001db0  54000000	nop; delay slot nop
 1196  00001db4          	L9_LF2:
 1197  00001db4  8fa20000	lw	r2,0(r29)
 1198  00001db8  8fa30004	lw	r3,4(r29)
 1199  00001dbc  8fdffff8	lw	r31,-8(r30)
 1200  00001dc0  001ee820	add	r29,r0,r30
 1201  00001dc4  8fdefffc	lw	r30,-4(r30)
 1202  00001dc8  4be00000	jr	r31
 1203  00001dcc  54000000	nop
 1204  00001dd0          	.endproc _dstrcpy
 1205  00001dd0          	.align 2
 1206  00001dd0          	.proc _dstrncpy
 1207  00001dd0          	.global _dstrncpy
 1208  00001dd0          	_dstrncpy:
 1209                      ;  Function 'dstrncpy'; 8 bytes of locals, 2 regs to save.
 1210  00001dd0  afbefffc	sw	-4(r29),r30; push fp
 1211  00001dd4  001df020	add	r30,r0,r29; fp = sp
 1212  00001dd8  afbffff8	sw	-8(r29),r31; push ret addr
 1213  00001ddc  2fbd0018	subui	r29,r29,#24; alloc local storage
 1214  00001de0  afa20000	sw	0(r29),r2
 1215  00001de4  afa30004	sw	4(r29),r3
 1216  00001de8  8fc10000	lw	r1,(r30)
 1217  00001dec  afc1fff4	sw	-12(r30),r1
 1218  00001df0          	L15_LF2:
 1219  00001df0  8fc10008	lw	r1,8(r30)
 1220  00001df4  2022ffff	addi	r2,r1,#-1
 1221  00001df8  afc20008	sw	8(r30),r2
 1222  00001dfc  70210000	slei	r1,r1,#0
 1223  00001e00  1020000c	beqz	r1,L18_LF2
 1224  00001e04  54000000	nop; delay slot nop
 1225  00001e08  08000048	j	L16_LF2
 1226  00001e0c  54000000	nop; delay slot nop
 1227  00001e10          	L18_LF2:
 1228  00001e10  8fc10000	lw	r1,(r30)
 1229  00001e14  20220001	addi	r2,r1,#1
 1230  00001e18  afc20000	sw	(r30),r2
 1231  00001e1c  8fc20004	lw	r2,4(r30)
 1232  00001e20  20430001	addi	r3,r2,#1
 1233  00001e24  afc30004	sw	4(r30),r3
 1234  00001e28  80420000	lb	r2,(r2)
 1235  00001e2c  a0220000	sb	(r1),r2
 1236  00001e30  a3c2fff3	sb	-13(r30),r2
 1237  00001e34          	L17_LF2:
 1238  00001e34  93c1fff3	lbu	r1,-13(r30)
 1239  00001e38  64220000	snei	r2,r1,#0
 1240  00001e3c  1440000c	bnez	r2,L19_LF2
 1241  00001e40  54000000	nop; delay slot nop
 1242  00001e44  0800000c	j	L16_LF2
 1243  00001e48  54000000	nop; delay slot nop
 1244  00001e4c          	L19_LF2:
 1245  00001e4c  0bffffa0	j	L15_LF2
 1246  00001e50  54000000	nop; delay slot nop
 1247  00001e54          	L16_LF2:
 1248  00001e54  8fc1fff4	lw	r1,-12(r30)
 1249  00001e58  08000004	j	L14_LF2
 1250  00001e5c  54000000	nop; delay slot nop
 1251  00001e60          	L14_LF2:
 1252  00001e60  8fa20000	lw	r2,0(r29)
 1253  00001e64  8fa30004	lw	r3,4(r29)
 1254  00001e68  8fdffff8	lw	r31,-8(r30)
 1255  00001e6c  001ee820	add	r29,r0,r30
 1256  00001e70  8fdefffc	lw	r30,-4(r30)
 1257  00001e74  4be00000	jr	r31
 1258  00001e78  54000000	nop
 1259  00001e7c          	.endproc _dstrncpy
 1260  00001e7c          	.align 2
 1261  00001e7c          	.proc _dstrcat
 1262  00001e7c          	.global _dstrcat
 1263  00001e7c          	_dstrcat:
 1264                      ;  Function 'dstrcat'; 8 bytes of locals, 1 regs to save.
 1265  00001e7c  afbefffc	sw	-4(r29),r30; push fp
 1266  00001e80  001df020	add	r30,r0,r29; fp = sp
 1267  00001e84  afbffff8	sw	-8(r29),r31; push ret addr
 1268  00001e88  2fbd0018	subui	r29,r29,#24; alloc local storage
 1269  00001e8c  afa20000	sw	0(r29),r2
 1270  00001e90  8fc10000	lw	r1,(r30)
 1271  00001e94  afc1fff4	sw	-12(r30),r1
 1272  00001e98          	L21_LF2:
 1273  00001e98  8fc10000	lw	r1,(r30)
 1274  00001e9c  90220000	lbu	r2,(r1)
 1275  00001ea0  64410000	snei	r1,r2,#0
 1276  00001ea4  1420000c	bnez	r1,L23_LF2
 1277  00001ea8  54000000	nop; delay slot nop
 1278  00001eac  0800001c	j	L22_LF2
 1279  00001eb0  54000000	nop; delay slot nop
 1280  00001eb4          	L23_LF2:
 1281  00001eb4  8fc20000	lw	r2,(r30)
 1282  00001eb8  20410001	addi	r1,r2,#1
 1283  00001ebc  00011020	add	r2,r0,r1
 1284  00001ec0  afc20000	sw	(r30),r2
 1285  00001ec4  0bffffd0	j	L21_LF2
 1286  00001ec8  54000000	nop; delay slot nop
 1287  00001ecc          	L22_LF2:
 1288  00001ecc  23bdfff8	addi	r29,r29,#-8
 1289  00001ed0  001d0820	add	r1,r0,r29
 1290  00001ed4  8fc20000	lw	r2,(r30)
 1291  00001ed8  ac220000	sw	(r1),r2
 1292  00001edc  8fc20004	lw	r2,4(r30)
 1293  00001ee0  ac220004	sw	4(r1),r2
 1294  00001ee4  0ffffe5c	jal	_dstrcpy
 1295  00001ee8  54000000	nop; delay slot nop
 1296  00001eec  23bd0008	addi	r29,r29,#8
 1297  00001ef0  8fc1fff4	lw	r1,-12(r30)
 1298  00001ef4  08000004	j	L20_LF2
 1299  00001ef8  54000000	nop; delay slot nop
 1300  00001efc          	L20_LF2:
 1301  00001efc  8fa20000	lw	r2,0(r29)
 1302  00001f00  8fdffff8	lw	r31,-8(r30)
 1303  00001f04  001ee820	add	r29,r0,r30
 1304  00001f08  8fdefffc	lw	r30,-4(r30)
 1305  00001f0c  4be00000	jr	r31
 1306  00001f10  54000000	nop
 1307  00001f14          	.endproc _dstrcat
 1308  00001f14          	.align 2
 1309  00001f14          	.proc _dstrncmp
 1310  00001f14          	.global _dstrncmp
 1311  00001f14          	_dstrncmp:
 1312                      ;  Function 'dstrncmp'; 8 bytes of locals, 2 regs to save.
 1313  00001f14  afbefffc	sw	-4(r29),r30; push fp
 1314  00001f18  001df020	add	r30,r0,r29; fp = sp
 1315  00001f1c  afbffff8	sw	-8(r29),r31; push ret addr
 1316  00001f20  2fbd0018	subui	r29,r29,#24; alloc local storage
 1317  00001f24  afa20000	sw	0(r29),r2
 1318  00001f28  afa30004	sw	4(r29),r3
 1319  00001f2c  54000000	nop
 1320  00001f30  20010000	addi	r1,r0,#0
 1321  00001f34  afc1fff4	sw	-12(r30),r1
 1322  00001f38          	L25_LF2:
 1323  00001f38  8fc1fff4	lw	r1,-12(r30)
 1324  00001f3c  8fc20008	lw	r2,8(r30)
 1325  00001f40  0022082a	slt	r1,r1,r2
 1326  00001f44  1420000c	bnez	r1,L28_LF2
 1327  00001f48  54000000	nop; delay slot nop
 1328  00001f4c  08000088	j	L26_LF2
 1329  00001f50  54000000	nop; delay slot nop
 1330  00001f54          	L28_LF2:
 1331  00001f54  8fc10004	lw	r1,4(r30)
 1332  00001f58  90220000	lbu	r2,(r1)
 1333  00001f5c  64410000	snei	r1,r2,#0
 1334  00001f60  14200018	bnez	r1,L29_LF2
 1335  00001f64  54000000	nop; delay slot nop
 1336  00001f68  20010000	addi	r1,r0,#0
 1337  00001f6c  080000d8	j	L24_LF2
 1338  00001f70  54000000	nop; delay slot nop
 1339  00001f74  08000028	j	L30_LF2
 1340  00001f78  54000000	nop; delay slot nop
 1341  00001f7c          	L29_LF2:
 1342  00001f7c  8fc10000	lw	r1,(r30)
 1343  00001f80  8fc20004	lw	r2,4(r30)
 1344  00001f84  90210000	lbu	r1,(r1)
 1345  00001f88  90420000	lbu	r2,(r2)
 1346  00001f8c  00220829	sne	r1,r1,r2
 1347  00001f90  1020000c	beqz	r1,L30_LF2
 1348  00001f94  54000000	nop; delay slot nop
 1349  00001f98  0800003c	j	L26_LF2
 1350  00001f9c  54000000	nop; delay slot nop
 1351  00001fa0          	L31_LF2:
 1352  00001fa0          	L30_LF2:
 1353  00001fa0  8fc20000	lw	r2,(r30)
 1354  00001fa4  20410001	addi	r1,r2,#1
 1355  00001fa8  00011020	add	r2,r0,r1
 1356  00001fac  afc20000	sw	(r30),r2
 1357  00001fb0  8fc20004	lw	r2,4(r30)
 1358  00001fb4  20410001	addi	r1,r2,#1
 1359  00001fb8  00011020	add	r2,r0,r1
 1360  00001fbc  afc20004	sw	4(r30),r2
 1361  00001fc0          	L27_LF2:
 1362  00001fc0  8fc2fff4	lw	r2,-12(r30)
 1363  00001fc4  20410001	addi	r1,r2,#1
 1364  00001fc8  00011020	add	r2,r0,r1
 1365  00001fcc  afc2fff4	sw	-12(r30),r2
 1366  00001fd0  0bffff64	j	L25_LF2
 1367  00001fd4  54000000	nop; delay slot nop
 1368  00001fd8          	L26_LF2:
 1369  00001fd8  8fc1fff4	lw	r1,-12(r30)
 1370  00001fdc  8fc20008	lw	r2,8(r30)
 1371  00001fe0  00220828	seq	r1,r1,r2
 1372  00001fe4  10200018	beqz	r1,L32_LF2
 1373  00001fe8  54000000	nop; delay slot nop
 1374  00001fec  20010000	addi	r1,r0,#0
 1375  00001ff0  08000054	j	L24_LF2
 1376  00001ff4  54000000	nop; delay slot nop
 1377  00001ff8  0800004c	j	L33_LF2
 1378  00001ffc  54000000	nop; delay slot nop
 1379  00002000          	L32_LF2:
 1380  00002000  8fc20000	lw	r2,(r30)
 1381  00002004  90410000	lbu	r1,(r2)
 1382  00002008  8fc20004	lw	r2,4(r30)
 1383  0000200c  90430000	lbu	r3,(r2)
 1384  00002010  00230822	sub	r1,r1,r3
 1385  00002014  74220000	sgei	r2,r1,#0
 1386  00002018  10400020	beqz	r2,L34_LF2
 1387  0000201c  54000000	nop; delay slot nop
 1388  00002020  8fc10000	lw	r1,(r30)
 1389  00002024  8fc20004	lw	r2,4(r30)
 1390  00002028  90210000	lbu	r1,(r1)
 1391  0000202c  90420000	lbu	r2,(r2)
 1392  00002030  00220829	sne	r1,r1,r2
 1393  00002034  08000008	j	L35_LF2
 1394  00002038  54000000	nop; delay slot nop
 1395  0000203c          	L34_LF2:
 1396  0000203c  2001ffff	addi	r1,r0,#-1
 1397  00002040          	L35_LF2:
 1398  00002040  08000004	j	L24_LF2
 1399  00002044  54000000	nop; delay slot nop
 1400  00002048          	L33_LF2:
 1401  00002048          	L24_LF2:
 1402  00002048  8fa20000	lw	r2,0(r29)
 1403  0000204c  8fa30004	lw	r3,4(r29)
 1404  00002050  8fdffff8	lw	r31,-8(r30)
 1405  00002054  001ee820	add	r29,r0,r30
 1406  00002058  8fdefffc	lw	r30,-4(r30)
 1407  0000205c  4be00000	jr	r31
 1408  00002060  54000000	nop
 1409  00002064          	.endproc _dstrncmp
 1410  00002064          	.align 2
 1411  00002064          	.proc _dstrlen
 1412  00002064          	.global _dstrlen
 1413  00002064          	_dstrlen:
 1414                      ;  Function 'dstrlen'; 8 bytes of locals, 1 regs to save.
 1415  00002064  afbefffc	sw	-4(r29),r30; push fp
 1416  00002068  001df020	add	r30,r0,r29; fp = sp
 1417  0000206c  afbffff8	sw	-8(r29),r31; push ret addr
 1418  00002070  2fbd0018	subui	r29,r29,#24; alloc local storage
 1419  00002074  afa20000	sw	0(r29),r2
 1420  00002078  20010000	addi	r1,r0,#0
 1421  0000207c  afc1fff4	sw	-12(r30),r1
 1422  00002080          	L37_LF2:
 1423  00002080  8fc10000	lw	r1,(r30)
 1424  00002084  20220001	addi	r2,r1,#1
 1425  00002088  afc20000	sw	(r30),r2
 1426  0000208c  90210000	lbu	r1,(r1)
 1427  00002090  64220000	snei	r2,r1,#0
 1428  00002094  1440000c	bnez	r2,L39_LF2
 1429  00002098  54000000	nop; delay slot nop
 1430  0000209c  0800001c	j	L38_LF2
 1431  000020a0  54000000	nop; delay slot nop
 1432  000020a4          	L39_LF2:
 1433  000020a4  8fc2fff4	lw	r2,-12(r30)
 1434  000020a8  20410001	addi	r1,r2,#1
 1435  000020ac  00011020	add	r2,r0,r1
 1436  000020b0  afc2fff4	sw	-12(r30),r2
 1437  000020b4  0bffffc8	j	L37_LF2
 1438  000020b8  54000000	nop; delay slot nop
 1439  000020bc          	L38_LF2:
 1440  000020bc  8fc1fff4	lw	r1,-12(r30)
 1441  000020c0  08000004	j	L36_LF2
 1442  000020c4  54000000	nop; delay slot nop
 1443  000020c8          	L36_LF2:
 1444  000020c8  8fa20000	lw	r2,0(r29)
 1445  000020cc  8fdffff8	lw	r31,-8(r30)
 1446  000020d0  001ee820	add	r29,r0,r30
 1447  000020d4  8fdefffc	lw	r30,-4(r30)
 1448  000020d8  4be00000	jr	r31
 1449  000020dc  54000000	nop
 1450  000020e0          	.endproc _dstrlen
 1451  000020e0          	.align 2
 1452  000020e0          	.proc _dstrstr
 1453  000020e0          	.global _dstrstr
 1454  000020e0          	_dstrstr:
 1455                      ;  Function 'dstrstr'; 8 bytes of locals, 1 regs to save.
 1456  000020e0  afbefffc	sw	-4(r29),r30; push fp
 1457  000020e4  001df020	add	r30,r0,r29; fp = sp
 1458  000020e8  afbffff8	sw	-8(r29),r31; push ret addr
 1459  000020ec  2fbd0018	subui	r29,r29,#24; alloc local storage
 1460  000020f0  afa20000	sw	0(r29),r2
 1461  000020f4  23bdfff8	addi	r29,r29,#-8
 1462  000020f8  001d0820	add	r1,r0,r29
 1463  000020fc  8fc20004	lw	r2,4(r30)
 1464  00002100  ac220000	sw	(r1),r2
 1465  00002104  0fffff5c	jal	_dstrlen
 1466  00002108  54000000	nop; delay slot nop
 1467  0000210c  23bd0008	addi	r29,r29,#8
 1468  00002110  afc1fff4	sw	-12(r30),r1
 1469  00002114          	L41_LF2:
 1470  00002114  8fc10000	lw	r1,(r30)
 1471  00002118  90220000	lbu	r2,(r1)
 1472  0000211c  64410000	snei	r1,r2,#0
 1473  00002120  1420000c	bnez	r1,L43_LF2
 1474  00002124  54000000	nop; delay slot nop
 1475  00002128  08000060	j	L42_LF2
 1476  0000212c  54000000	nop; delay slot nop
 1477  00002130          	L43_LF2:
 1478  00002130  23bdfff0	addi	r29,r29,#-16
 1479  00002134  001d0820	add	r1,r0,r29
 1480  00002138  8fc20000	lw	r2,(r30)
 1481  0000213c  ac220000	sw	(r1),r2
 1482  00002140  8fc20004	lw	r2,4(r30)
 1483  00002144  ac220004	sw	4(r1),r2
 1484  00002148  8fc2fff4	lw	r2,-12(r30)
 1485  0000214c  ac220008	sw	8(r1),r2
 1486  00002150  0ffffdc0	jal	_dstrncmp
 1487  00002154  54000000	nop; delay slot nop
 1488  00002158  23bd0010	addi	r29,r29,#16
 1489  0000215c  64220000	snei	r2,r1,#0
 1490  00002160  14400010	bnez	r2,L44_LF2
 1491  00002164  54000000	nop; delay slot nop
 1492  00002168  8fc10000	lw	r1,(r30)
 1493  0000216c  08000028	j	L40_LF2
 1494  00002170  54000000	nop; delay slot nop
 1495  00002174          	L44_LF2:
 1496  00002174  8fc20000	lw	r2,(r30)
 1497  00002178  20410001	addi	r1,r2,#1
 1498  0000217c  00011020	add	r2,r0,r1
 1499  00002180  afc20000	sw	(r30),r2
 1500  00002184  0bffff8c	j	L41_LF2
 1501  00002188  54000000	nop; delay slot nop
 1502  0000218c          	L42_LF2:
 1503  0000218c  20010000	addi	r1,r0,#0
 1504  00002190  08000004	j	L40_LF2
 1505  00002194  54000000	nop; delay slot nop
 1506  00002198          	L40_LF2:
 1507  00002198  8fa20000	lw	r2,0(r29)
 1508  0000219c  8fdffff8	lw	r31,-8(r30)
 1509  000021a0  001ee820	add	r29,r0,r30
 1510  000021a4  8fdefffc	lw	r30,-4(r30)
 1511  000021a8  4be00000	jr	r31
 1512  000021ac  54000000	nop
 1513  000021b0          	.endproc _dstrstr
 1514  000021b0          	.align 2
 1515  000021b0          	.proc _dmindex
 1516  000021b0          	.global _dmindex
 1517  000021b0          	_dmindex:
 1518                      ;  Function 'dmindex'; 8 bytes of locals, 1 regs to save.
 1519  000021b0  afbefffc	sw	-4(r29),r30; push fp
 1520  000021b4  001df020	add	r30,r0,r29; fp = sp
 1521  000021b8  afbffff8	sw	-8(r29),r31; push ret addr
 1522  000021bc  2fbd0018	subui	r29,r29,#24; alloc local storage
 1523  000021c0  afa20000	sw	0(r29),r2
 1524  000021c4  54000000	nop
 1525  000021c8          	L46_LF2:
 1526  000021c8  8fc10000	lw	r1,(r30)
 1527  000021cc  90220000	lbu	r2,(r1)
 1528  000021d0  64410000	snei	r1,r2,#0
 1529  000021d4  1420000c	bnez	r1,L48_LF2
 1530  000021d8  54000000	nop; delay slot nop
 1531  000021dc  08000070	j	L47_LF2
 1532  000021e0  54000000	nop; delay slot nop
 1533  000021e4          	L48_LF2:
 1534  000021e4  8fc10004	lw	r1,4(r30)
 1535  000021e8  afc1fff4	sw	-12(r30),r1
 1536  000021ec          	L49_LF2:
 1537  000021ec  8fc1fff4	lw	r1,-12(r30)
 1538  000021f0  90220000	lbu	r2,(r1)
 1539  000021f4  64410000	snei	r1,r2,#0
 1540  000021f8  1420000c	bnez	r1,L52_LF2
 1541  000021fc  54000000	nop; delay slot nop
 1542  00002200  08000044	j	L50_LF2
 1543  00002204  54000000	nop; delay slot nop
 1544  00002208          	L52_LF2:
 1545  00002208  8fc10000	lw	r1,(r30)
 1546  0000220c  8fc2fff4	lw	r2,-12(r30)
 1547  00002210  90210000	lbu	r1,(r1)
 1548  00002214  90420000	lbu	r2,(r2)
 1549  00002218  00220828	seq	r1,r1,r2
 1550  0000221c  10200010	beqz	r1,L51_LF2
 1551  00002220  54000000	nop; delay slot nop
 1552  00002224  8fc10000	lw	r1,(r30)
 1553  00002228  08000030	j	L45_LF2
 1554  0000222c  54000000	nop; delay slot nop
 1555  00002230          	L53_LF2:
 1556  00002230          	L51_LF2:
 1557  00002230  8fc2fff4	lw	r2,-12(r30)
 1558  00002234  20410001	addi	r1,r2,#1
 1559  00002238  00011020	add	r2,r0,r1
 1560  0000223c  afc2fff4	sw	-12(r30),r2
 1561  00002240  0bffffa8	j	L49_LF2
 1562  00002244  54000000	nop; delay slot nop
 1563  00002248          	L50_LF2:
 1564  00002248  0bffff7c	j	L46_LF2
 1565  0000224c  54000000	nop; delay slot nop
 1566  00002250          	L47_LF2:
 1567  00002250  20010000	addi	r1,r0,#0
 1568  00002254  08000004	j	L45_LF2
 1569  00002258  54000000	nop; delay slot nop
 1570  0000225c          	L45_LF2:
 1571  0000225c  8fa20000	lw	r2,0(r29)
 1572  00002260  8fdffff8	lw	r31,-8(r30)
 1573  00002264  001ee820	add	r29,r0,r30
 1574  00002268  8fdefffc	lw	r30,-4(r30)
 1575  0000226c  4be00000	jr	r31
 1576  00002270  54000000	nop
 1577  00002274          	.endproc _dmindex
 1578  00002274          	.align 2
 1579  00002274          	.proc _dindex
 1580  00002274          	.global _dindex
 1581  00002274          	_dindex:
 1582                      ;  Function 'dindex'; 0 bytes of locals, 1 regs to save.
 1583  00002274  afbefffc	sw	-4(r29),r30; push fp
 1584  00002278  001df020	add	r30,r0,r29; fp = sp
 1585  0000227c  afbffff8	sw	-8(r29),r31; push ret addr
 1586  00002280  2fbd0010	subui	r29,r29,#16; alloc local storage
 1587  00002284  afa20000	sw	0(r29),r2
 1588  00002288  54000000	nop
 1589  0000228c          	L55_LF2:
 1590  0000228c  8fc10000	lw	r1,(r30)
 1591  00002290  90220000	lbu	r2,(r1)
 1592  00002294  64410000	snei	r1,r2,#0
 1593  00002298  1420000c	bnez	r1,L57_LF2
 1594  0000229c  54000000	nop; delay slot nop
 1595  000022a0  08000040	j	L56_LF2
 1596  000022a4  54000000	nop; delay slot nop
 1597  000022a8          	L57_LF2:
 1598  000022a8  8fc10000	lw	r1,(r30)
 1599  000022ac  90220000	lbu	r2,(r1)
 1600  000022b0  8fc10004	lw	r1,4(r30)
 1601  000022b4  00411028	seq	r2,r2,r1
 1602  000022b8  10400010	beqz	r2,L58_LF2
 1603  000022bc  54000000	nop; delay slot nop
 1604  000022c0  8fc10000	lw	r1,(r30)
 1605  000022c4  08000028	j	L54_LF2
 1606  000022c8  54000000	nop; delay slot nop
 1607  000022cc          	L58_LF2:
 1608  000022cc  8fc20000	lw	r2,(r30)
 1609  000022d0  20410001	addi	r1,r2,#1
 1610  000022d4  00011020	add	r2,r0,r1
 1611  000022d8  afc20000	sw	(r30),r2
 1612  000022dc  0bffffac	j	L55_LF2
 1613  000022e0  54000000	nop; delay slot nop
 1614  000022e4          	L56_LF2:
 1615  000022e4  20010000	addi	r1,r0,#0
 1616  000022e8  08000004	j	L54_LF2
 1617  000022ec  54000000	nop; delay slot nop
 1618  000022f0          	L54_LF2:
 1619  000022f0  8fa20000	lw	r2,0(r29)
 1620  000022f4  8fdffff8	lw	r31,-8(r30)
 1621  000022f8  001ee820	add	r29,r0,r30
 1622  000022fc  8fdefffc	lw	r30,-4(r30)
 1623  00002300  4be00000	jr	r31
 1624  00002304  54000000	nop
 1625  00002308          	.endproc _dindex
 1626  00002308          	.align 2
 1627  00002308          	.proc _ditoa
 1628  00002308          	.global _ditoa
 1629  00002308          	_ditoa:
 1630                      ;  Function 'ditoa'; 8 bytes of locals, 2 regs to save.
 1631  00002308  afbefffc	sw	-4(r29),r30; push fp
 1632  0000230c  001df020	add	r30,r0,r29; fp = sp
 1633  00002310  afbffff8	sw	-8(r29),r31; push ret addr
 1634  00002314  2fbd0018	subui	r29,r29,#24; alloc local storage
 1635  00002318  afa20000	sw	0(r29),r2
 1636  0000231c  afa30004	sw	4(r29),r3
 1637  00002320  8fc10000	lw	r1,(r30)
 1638  00002324  68220000	slti	r2,r1,#0
 1639  00002328  1040002c	beqz	r2,L60_LF2
 1640  0000232c  54000000	nop; delay slot nop
 1641  00002330  8fc10004	lw	r1,4(r30)
 1642  00002334  20220001	addi	r2,r1,#1
 1643  00002338  afc20004	sw	4(r30),r2
 1644  0000233c  2002002d	addi	r2,r0,(#0x2d)&0xff
 1645  00002340  a0220000	sb	(r1),r2
 1646  00002344  8fc10000	lw	r1,(r30)
 1647  00002348  00011022	sub	r2,r0,r1
 1648  0000234c  afc20000	sw	(r30),r2
 1649  00002350  08000118	j	L61_LF2
 1650  00002354  54000000	nop; delay slot nop
 1651  00002358          	L60_LF2:
 1652  00002358  8fc10000	lw	r1,(r30)
 1653  0000235c  64220000	snei	r2,r1,#0
 1654  00002360  14400020	bnez	r2,L62_LF2
 1655  00002364  54000000	nop; delay slot nop
 1656  00002368  8fc10004	lw	r1,4(r30)
 1657  0000236c  20220001	addi	r2,r1,#1
 1658  00002370  afc20004	sw	4(r30),r2
 1659  00002374  20020030	addi	r2,r0,(#0x30)&0xff
 1660  00002378  a0220000	sb	(r1),r2
 1661  0000237c  080000ec	j	L61_LF2
 1662  00002380  54000000	nop; delay slot nop
 1663  00002384          	L62_LF2:
 1664  00002384  20010001	addi	r1,r0,#1
 1665  00002388  afc1fff4	sw	-12(r30),r1
 1666  0000238c          	L64_LF2:
 1667  0000238c  8fc1fff4	lw	r1,-12(r30)
 1668  00002390  8fc20000	lw	r2,(r30)
 1669  00002394  0022082c	sle	r1,r1,r2
 1670  00002398  1420000c	bnez	r1,L66_LF2
 1671  0000239c  54000000	nop; delay slot nop
 1672  000023a0  08000024	j	L65_LF2
 1673  000023a4  54000000	nop; delay slot nop
 1674  000023a8          	L67_LF2:
 1675  000023a8          	L66_LF2:
 1676  000023a8  8fc1fff4	lw	r1,-12(r30)
 1677  000023ac  00011820	add	r3,r0,r1
 1678  000023b0  50620002	slli	r2,r3,#0x2
 1679  000023b4  00411020	add	r2,r2,r1
 1680  000023b8  50410001	slli	r1,r2,#0x1
 1681  000023bc  afc1fff4	sw	-12(r30),r1
 1682  000023c0  0bffffc8	j	L64_LF2
 1683  000023c4  54000000	nop; delay slot nop
 1684  000023c8          	L65_LF2:
 1685  000023c8  54000000	nop
 1686  000023cc          	L68_LF2:
 1687  000023cc  8fc1fff4	lw	r1,-12(r30)
 1688  000023d0  2002000a	addi	r2,r0,#10
 1689  000023d4  00200035	movi2fp	f0,r1
 1690  000023d8  00400835	movi2fp	f1,r2
 1691  000023dc  0401000f	div	f0,f0,f1
 1692  000023e0  00000834	movfp2i	r1,f0
 1693  000023e4  afc1fff4	sw	-12(r30),r1
 1694  000023e8  8fc10004	lw	r1,4(r30)
 1695  000023ec  20220001	addi	r2,r1,#1
 1696  000023f0  afc20004	sw	4(r30),r2
 1697  000023f4  8fc20000	lw	r2,(r30)
 1698  000023f8  8fc3fff4	lw	r3,-12(r30)
 1699  000023fc  00400035	movi2fp	f0,r2
 1700  00002400  00600835	movi2fp	f1,r3
 1701  00002404  0401000f	div	f0,f0,f1
 1702  00002408  00001034	movfp2i	r2,f0
 1703  0000240c  00021820	add	r3,r0,r2
 1704  00002410  20620030	addi	r2,r3,#48
 1705  00002414  a0220000	sb	(r1),r2
 1706  00002418  8fc10000	lw	r1,(r30)
 1707  0000241c  8fc3fff4	lw	r3,-12(r30)
 1708  00002420  00200035	movi2fp	f0,r1
 1709  00002424  00600835	movi2fp	f1,r3
 1710  00002428  0401000f	div	f0,f0,f1
 1711  0000242c  00001034	movfp2i	r2,f0
 1712  00002430  8fc3fff4	lw	r3,-12(r30)
 1713  00002434  00400035	movi2fp	f0,r2
 1714  00002438  00600835	movi2fp	f1,r3
 1715  0000243c  0401000e	mult	f0,f0,f1
 1716  00002440  00001034	movfp2i	r2,f0
 1717  00002444  00220822	sub	r1,r1,r2
 1718  00002448  afc10000	sw	(r30),r1
 1719  0000244c          	L70_LF2:
 1720  0000244c  8fc1fff4	lw	r1,-12(r30)
 1721  00002450  6c220001	sgti	r2,r1,#1
 1722  00002454  1440000c	bnez	r2,L71_LF2
 1723  00002458  54000000	nop; delay slot nop
 1724  0000245c  0800000c	j	L61_LF2
 1725  00002460  54000000	nop; delay slot nop
 1726  00002464          	L71_LF2:
 1727  00002464  0bffff64	j	L68_LF2
 1728  00002468  54000000	nop; delay slot nop
 1729  0000246c          	L69_LF2:
 1730  0000246c          	L63_LF2:
 1731  0000246c          	L61_LF2:
 1732  0000246c  8fc10004	lw	r1,4(r30)
 1733  00002470  20020000	addi	r2,r0,(#0x0)&0xff
 1734  00002474  a0220000	sb	(r1),r2
 1735  00002478          	L59_LF2:
 1736  00002478  8fa20000	lw	r2,0(r29)
 1737  0000247c  8fa30004	lw	r3,4(r29)
 1738  00002480  8fdffff8	lw	r31,-8(r30)
 1739  00002484  001ee820	add	r29,r0,r30
 1740  00002488  8fdefffc	lw	r30,-4(r30)
 1741  0000248c  4be00000	jr	r31
 1742  00002490  54000000	nop
 1743  00002494          	.endproc _ditoa
 1744  00002494          	.align 2
 1745  00002494          	.proc _dstrtol
 1746  00002494          	.global _dstrtol
 1747  00002494          	_dstrtol:
 1748                      ;  Function 'dstrtol'; 16 bytes of locals, 1 regs to save.
 1749  00002494  afbefffc	sw	-4(r29),r30; push fp
 1750  00002498  001df020	add	r30,r0,r29; fp = sp
 1751  0000249c  afbffff8	sw	-8(r29),r31; push ret addr
 1752  000024a0  2fbd0020	subui	r29,r29,#32; alloc local storage
 1753  000024a4  afa20000	sw	0(r29),r2
 1754  000024a8  20010000	addi	r1,r0,#0
 1755  000024ac  afc1fff4	sw	-12(r30),r1
 1756  000024b0          	L73_LF2:
 1757  000024b0  8fc10000	lw	r1,(r30)
 1758  000024b4  90220000	lbu	r2,(r1)
 1759  000024b8  60410020	seqi	r1,r2,#32
 1760  000024bc  14200034	bnez	r1,L75_LF2
 1761  000024c0  54000000	nop; delay slot nop
 1762  000024c4  8fc10000	lw	r1,(r30)
 1763  000024c8  90220000	lbu	r2,(r1)
 1764  000024cc  60410009	seqi	r1,r2,#9
 1765  000024d0  14200020	bnez	r1,L75_LF2
 1766  000024d4  54000000	nop; delay slot nop
 1767  000024d8  8fc10000	lw	r1,(r30)
 1768  000024dc  90220000	lbu	r2,(r1)
 1769  000024e0  6041000a	seqi	r1,r2,#10
 1770  000024e4  1420000c	bnez	r1,L75_LF2
 1771  000024e8  54000000	nop; delay slot nop
 1772  000024ec  0800001c	j	L74_LF2
 1773  000024f0  54000000	nop; delay slot nop
 1774  000024f4          	L75_LF2:
 1775  000024f4  8fc20000	lw	r2,(r30)
 1776  000024f8  20410001	addi	r1,r2,#1
 1777  000024fc  00011020	add	r2,r0,r1
 1778  00002500  afc20000	sw	(r30),r2
 1779  00002504  0bffffa8	j	L73_LF2
 1780  00002508  54000000	nop; delay slot nop
 1781  0000250c          	L74_LF2:
 1782  0000250c  8fc10004	lw	r1,4(r30)
 1783  00002510  64220000	snei	r2,r1,#0
 1784  00002514  10400010	beqz	r2,L76_LF2
 1785  00002518  54000000	nop; delay slot nop
 1786  0000251c  8fc10004	lw	r1,4(r30)
 1787  00002520  8fc20000	lw	r2,(r30)
 1788  00002524  ac220000	sw	(r1),r2
 1789  00002528          	L76_LF2:
 1790  00002528  8fc10000	lw	r1,(r30)
 1791  0000252c  90220000	lbu	r2,(r1)
 1792  00002530  64410000	snei	r1,r2,#0
 1793  00002534  14200010	bnez	r1,L77_LF2
 1794  00002538  54000000	nop; delay slot nop
 1795  0000253c  8fc1fff4	lw	r1,-12(r30)
 1796  00002540  08000294	j	L72_LF2
 1797  00002544  54000000	nop; delay slot nop
 1798  00002548          	L77_LF2:
 1799  00002548  8fc10000	lw	r1,(r30)
 1800  0000254c  90220000	lbu	r2,(r1)
 1801  00002550  6041002d	seqi	r1,r2,#45
 1802  00002554  10200024	beqz	r1,L78_LF2
 1803  00002558  54000000	nop; delay slot nop
 1804  0000255c  2001ffff	addi	r1,r0,#-1
 1805  00002560  afc1ffec	sw	-20(r30),r1
 1806  00002564  8fc20000	lw	r2,(r30)
 1807  00002568  20410001	addi	r1,r2,#1
 1808  0000256c  00011020	add	r2,r0,r1
 1809  00002570  afc20000	sw	(r30),r2
 1810  00002574  0800000c	j	L79_LF2
 1811  00002578  54000000	nop; delay slot nop
 1812  0000257c          	L78_LF2:
 1813  0000257c  20010001	addi	r1,r0,#1
 1814  00002580  afc1ffec	sw	-20(r30),r1
 1815  00002584          	L79_LF2:
 1816  00002584  8fc10008	lw	r1,8(r30)
 1817  00002588  64220000	snei	r2,r1,#0
 1818  0000258c  14400090	bnez	r2,L80_LF2
 1819  00002590  54000000	nop; delay slot nop
 1820  00002594  8fc10000	lw	r1,(r30)
 1821  00002598  90220000	lbu	r2,(r1)
 1822  0000259c  60410030	seqi	r1,r2,#48
 1823  000025a0  10200074	beqz	r1,L81_LF2
 1824  000025a4  54000000	nop; delay slot nop
 1825  000025a8  8fc20000	lw	r2,(r30)
 1826  000025ac  20410001	addi	r1,r2,#1
 1827  000025b0  00011020	add	r2,r0,r1
 1828  000025b4  afc20000	sw	(r30),r2
 1829  000025b8  8fc10000	lw	r1,(r30)
 1830  000025bc  90220000	lbu	r2,(r1)
 1831  000025c0  60410078	seqi	r1,r2,#120
 1832  000025c4  14200020	bnez	r1,L83_LF2
 1833  000025c8  54000000	nop; delay slot nop
 1834  000025cc  8fc10000	lw	r1,(r30)
 1835  000025d0  90220000	lbu	r2,(r1)
 1836  000025d4  60410058	seqi	r1,r2,#88
 1837  000025d8  1420000c	bnez	r1,L83_LF2
 1838  000025dc  54000000	nop; delay slot nop
 1839  000025e0  08000024	j	L82_LF2
 1840  000025e4  54000000	nop; delay slot nop
 1841  000025e8          	L83_LF2:
 1842  000025e8  20010010	addi	r1,r0,#16
 1843  000025ec  afc10008	sw	8(r30),r1
 1844  000025f0  8fc20000	lw	r2,(r30)
 1845  000025f4  20410001	addi	r1,r2,#1
 1846  000025f8  00011020	add	r2,r0,r1
 1847  000025fc  afc20000	sw	(r30),r2
 1848  00002600  0800000c	j	L84_LF2
 1849  00002604  54000000	nop; delay slot nop
 1850  00002608          	L82_LF2:
 1851  00002608  20010008	addi	r1,r0,#8
 1852  0000260c  afc10008	sw	8(r30),r1
 1853  00002610          	L84_LF2:
 1854  00002610  0800000c	j	L80_LF2
 1855  00002614  54000000	nop; delay slot nop
 1856  00002618          	L81_LF2:
 1857  00002618  2001000a	addi	r1,r0,#10
 1858  0000261c  afc10008	sw	8(r30),r1
 1859  00002620          	L85_LF2:
 1860  00002620          	L80_LF2:
 1861  00002620  8fc10008	lw	r1,8(r30)
 1862  00002624  70220000	slei	r2,r1,#0
 1863  00002628  1440001c	bnez	r2,L87_LF2
 1864  0000262c  54000000	nop; delay slot nop
 1865  00002630  8fc10008	lw	r1,8(r30)
 1866  00002634  6c220010	sgti	r2,r1,#16
 1867  00002638  1440000c	bnez	r2,L87_LF2
 1868  0000263c  54000000	nop; delay slot nop
 1869  00002640  08000010	j	L86_LF2
 1870  00002644  54000000	nop; delay slot nop
 1871  00002648          	L87_LF2:
 1872  00002648  8fc1fff4	lw	r1,-12(r30)
 1873  0000264c  08000188	j	L72_LF2
 1874  00002650  54000000	nop; delay slot nop
 1875  00002654          	L86_LF2:
 1876  00002654  54000000	nop
 1877  00002658          	L88_LF2:
 1878  00002658  8fc10000	lw	r1,(r30)
 1879  0000265c  90220000	lbu	r2,(r1)
 1880  00002660  6c41002f	sgtui	r1,r2,#47
 1881  00002664  10200030	beqz	r1,L91_LF2
 1882  00002668  54000000	nop; delay slot nop
 1883  0000266c  8fc10000	lw	r1,(r30)
 1884  00002670  90220000	lbu	r2,(r1)
 1885  00002674  70410039	sleui	r1,r2,#57
 1886  00002678  1020001c	beqz	r1,L91_LF2
 1887  0000267c  54000000	nop; delay slot nop
 1888  00002680  8fc10000	lw	r1,(r30)
 1889  00002684  90220000	lbu	r2,(r1)
 1890  00002688  2041ffd0	addi	r1,r2,#-48
 1891  0000268c  afc1fff0	sw	-16(r30),r1
 1892  00002690  0800008c	j	L92_LF2
 1893  00002694  54000000	nop; delay slot nop
 1894  00002698          	L91_LF2:
 1895  00002698  8fc10000	lw	r1,(r30)
 1896  0000269c  90220000	lbu	r2,(r1)
 1897  000026a0  6c410060	sgtui	r1,r2,#96
 1898  000026a4  10200030	beqz	r1,L93_LF2
 1899  000026a8  54000000	nop; delay slot nop
 1900  000026ac  8fc10000	lw	r1,(r30)
 1901  000026b0  90220000	lbu	r2,(r1)
 1902  000026b4  7041007a	sleui	r1,r2,#122
 1903  000026b8  1020001c	beqz	r1,L93_LF2
 1904  000026bc  54000000	nop; delay slot nop
 1905  000026c0  8fc10000	lw	r1,(r30)
 1906  000026c4  90220000	lbu	r2,(r1)
 1907  000026c8  2041ffa9	addi	r1,r2,#-87
 1908  000026cc  afc1fff0	sw	-16(r30),r1
 1909  000026d0  0800004c	j	L92_LF2
 1910  000026d4  54000000	nop; delay slot nop
 1911  000026d8          	L93_LF2:
 1912  000026d8  8fc10000	lw	r1,(r30)
 1913  000026dc  90220000	lbu	r2,(r1)
 1914  000026e0  6c410040	sgtui	r1,r2,#64
 1915  000026e4  10200030	beqz	r1,L95_LF2
 1916  000026e8  54000000	nop; delay slot nop
 1917  000026ec  8fc10000	lw	r1,(r30)
 1918  000026f0  90220000	lbu	r2,(r1)
 1919  000026f4  7041005a	sleui	r1,r2,#90
 1920  000026f8  1020001c	beqz	r1,L95_LF2
 1921  000026fc  54000000	nop; delay slot nop
 1922  00002700  8fc10000	lw	r1,(r30)
 1923  00002704  90220000	lbu	r2,(r1)
 1924  00002708  2041ffc9	addi	r1,r2,#-55
 1925  0000270c  afc1fff0	sw	-16(r30),r1
 1926  00002710  0800000c	j	L92_LF2
 1927  00002714  54000000	nop; delay slot nop
 1928  00002718          	L95_LF2:
 1929  00002718  200103e8	addi	r1,r0,#1000
 1930  0000271c  afc1fff0	sw	-16(r30),r1
 1931  00002720          	L96_LF2:
 1932  00002720          	L94_LF2:
 1933  00002720          	L92_LF2:
 1934  00002720  8fc1fff0	lw	r1,-16(r30)
 1935  00002724  8fc20008	lw	r2,8(r30)
 1936  00002728  0022082a	slt	r1,r1,r2
 1937  0000272c  10200040	beqz	r1,L90_LF2
 1938  00002730  54000000	nop; delay slot nop
 1939  00002734  8fc1fff4	lw	r1,-12(r30)
 1940  00002738  8fc20008	lw	r2,8(r30)
 1941  0000273c  00200035	movi2fp	f0,r1
 1942  00002740  00400835	movi2fp	f1,r2
 1943  00002744  0401000e	mult	f0,f0,f1
 1944  00002748  00000834	movfp2i	r1,f0
 1945  0000274c  afc1fff4	sw	-12(r30),r1
 1946  00002750  8fc1fff4	lw	r1,-12(r30)
 1947  00002754  8fc2fff0	lw	r2,-16(r30)
 1948  00002758  00220820	add	r1,r1,r2
 1949  0000275c  afc1fff4	sw	-12(r30),r1
 1950  00002760  8fc20000	lw	r2,(r30)
 1951  00002764  20410001	addi	r1,r2,#1
 1952  00002768  00011020	add	r2,r0,r1
 1953  0000276c  afc20000	sw	(r30),r2
 1954  00002770          	L97_LF2:
 1955  00002770          	L90_LF2:
 1956  00002770  8fc1fff0	lw	r1,-16(r30)
 1957  00002774  8fc20008	lw	r2,8(r30)
 1958  00002778  0022082a	slt	r1,r1,r2
 1959  0000277c  1420000c	bnez	r1,L98_LF2
 1960  00002780  54000000	nop; delay slot nop
 1961  00002784  0800000c	j	L89_LF2
 1962  00002788  54000000	nop; delay slot nop
 1963  0000278c          	L98_LF2:
 1964  0000278c  0bfffec8	j	L88_LF2
 1965  00002790  54000000	nop; delay slot nop
 1966  00002794          	L89_LF2:
 1967  00002794  8fc10004	lw	r1,4(r30)
 1968  00002798  64220000	snei	r2,r1,#0
 1969  0000279c  10400010	beqz	r2,L99_LF2
 1970  000027a0  54000000	nop; delay slot nop
 1971  000027a4  8fc10004	lw	r1,4(r30)
 1972  000027a8  8fc20000	lw	r2,(r30)
 1973  000027ac  ac220000	sw	(r1),r2
 1974  000027b0          	L99_LF2:
 1975  000027b0  8fc1fff4	lw	r1,-12(r30)
 1976  000027b4  8fc2ffec	lw	r2,-20(r30)
 1977  000027b8  00200035	movi2fp	f0,r1
 1978  000027bc  00400835	movi2fp	f1,r2
 1979  000027c0  0401000e	mult	f0,f0,f1
 1980  000027c4  00000834	movfp2i	r1,f0
 1981  000027c8  afc1fff4	sw	-12(r30),r1
 1982  000027cc  8fc1fff4	lw	r1,-12(r30)
 1983  000027d0  08000004	j	L72_LF2
 1984  000027d4  54000000	nop; delay slot nop
 1985  000027d8          	L72_LF2:
 1986  000027d8  8fa20000	lw	r2,0(r29)
 1987  000027dc  8fdffff8	lw	r31,-8(r30)
 1988  000027e0  001ee820	add	r29,r0,r30
 1989  000027e4  8fdefffc	lw	r30,-4(r30)
 1990  000027e8  4be00000	jr	r31
 1991  000027ec  54000000	nop
 1992  000027f0          	.endproc _dstrtol
 1993  000027f0          	.align 2
 1994  000027f0          	.proc _bcopy
 1995  000027f0          	.global _bcopy
 1996  000027f0          	_bcopy:
 1997                      ;  Function 'bcopy'; 0 bytes of locals, 2 regs to save.
 1998  000027f0  afbefffc	sw	-4(r29),r30; push fp
 1999  000027f4  001df020	add	r30,r0,r29; fp = sp
 2000  000027f8  afbffff8	sw	-8(r29),r31; push ret addr
 2001  000027fc  2fbd0010	subui	r29,r29,#16; alloc local storage
 2002  00002800  afa20000	sw	0(r29),r2
 2003  00002804  afa30004	sw	4(r29),r3
 2004  00002808  54000000	nop
 2005  0000280c          	L101_LF2:
 2006  0000280c  8fc10008	lw	r1,8(r30)
 2007  00002810  2022ffff	addi	r2,r1,#-1
 2008  00002814  afc20008	sw	8(r30),r2
 2009  00002818  6c210000	sgti	r1,r1,#0
 2010  0000281c  1420000c	bnez	r1,L103_LF2
 2011  00002820  54000000	nop; delay slot nop
 2012  00002824  0800002c	j	L102_LF2
 2013  00002828  54000000	nop; delay slot nop
 2014  0000282c          	L103_LF2:
 2015  0000282c  8fc10004	lw	r1,4(r30)
 2016  00002830  20220001	addi	r2,r1,#1
 2017  00002834  afc20004	sw	4(r30),r2
 2018  00002838  8fc20000	lw	r2,(r30)
 2019  0000283c  20430001	addi	r3,r2,#1
 2020  00002840  afc30000	sw	(r30),r3
 2021  00002844  80420000	lb	r2,(r2)
 2022  00002848  a0220000	sb	(r1),r2
 2023  0000284c  0bffffbc	j	L101_LF2
 2024  00002850  54000000	nop; delay slot nop
 2025  00002854          	L102_LF2:
 2026  00002854          	L100_LF2:
 2027  00002854  8fa20000	lw	r2,0(r29)
 2028  00002858  8fa30004	lw	r3,4(r29)
 2029  0000285c  8fdffff8	lw	r31,-8(r30)
 2030  00002860  001ee820	add	r29,r0,r30
 2031  00002864  8fdefffc	lw	r30,-4(r30)
 2032  00002868  4be00000	jr	r31
 2033  0000286c  54000000	nop
 2034  00002870          	.endproc _bcopy
 2035  00002870          	.align 2
 2036  00002870          	.proc _bzero
 2037  00002870          	.global _bzero
 2038  00002870          	_bzero:
 2039                      ;  Function 'bzero'; 0 bytes of locals, 1 regs to save.
 2040  00002870  afbefffc	sw	-4(r29),r30; push fp
 2041  00002874  001df020	add	r30,r0,r29; fp = sp
 2042  00002878  afbffff8	sw	-8(r29),r31; push ret addr
 2043  0000287c  2fbd0010	subui	r29,r29,#16; alloc local storage
 2044  00002880  afa20000	sw	0(r29),r2
 2045  00002884  54000000	nop
 2046  00002888          	L105_LF2:
 2047  00002888  8fc10004	lw	r1,4(r30)
 2048  0000288c  2022ffff	addi	r2,r1,#-1
 2049  00002890  afc20004	sw	4(r30),r2
 2050  00002894  6c210000	sgti	r1,r1,#0
 2051  00002898  1420000c	bnez	r1,L107_LF2
 2052  0000289c  54000000	nop; delay slot nop
 2053  000028a0  08000020	j	L106_LF2
 2054  000028a4  54000000	nop; delay slot nop
 2055  000028a8          	L107_LF2:
 2056  000028a8  8fc10000	lw	r1,(r30)
 2057  000028ac  20220001	addi	r2,r1,#1
 2058  000028b0  afc20000	sw	(r30),r2
 2059  000028b4  20020000	addi	r2,r0,(#0x0)&0xff
 2060  000028b8  a0220000	sb	(r1),r2
 2061  000028bc  0bffffc8	j	L105_LF2
 2062  000028c0  54000000	nop; delay slot nop
 2063  000028c4          	L106_LF2:
 2064  000028c4          	L104_LF2:
 2065  000028c4  8fa20000	lw	r2,0(r29)
 2066  000028c8  8fdffff8	lw	r31,-8(r30)
 2067  000028cc  001ee820	add	r29,r0,r30
 2068  000028d0  8fdefffc	lw	r30,-4(r30)
 2069  000028d4  4be00000	jr	r31
 2070  000028d8  54000000	nop
 2071  000028dc          	.endproc _bzero
 2072  000028dc          	.align 2
 2073  000028dc          	.proc _min
 2074  000028dc          	.global _min
 2075  000028dc          	_min:
 2076                      ;  Function 'min'; 0 bytes of locals, 2 regs to save.
 2077  000028dc  afbefffc	sw	-4(r29),r30; push fp
 2078  000028e0  001df020	add	r30,r0,r29; fp = sp
 2079  000028e4  afbffff8	sw	-8(r29),r31; push ret addr
 2080  000028e8  2fbd0010	subui	r29,r29,#16; alloc local storage
 2081  000028ec  afa20000	sw	0(r29),r2
 2082  000028f0  afa30004	sw	4(r29),r3
 2083  000028f4  8fc10000	lw	r1,(r30)
 2084  000028f8  8fc20004	lw	r2,4(r30)
 2085  000028fc  0022182c	sle	r3,r1,r2
 2086  00002900  14600008	bnez	r3,L109_LF2
 2087  00002904  54000000	nop; delay slot nop
 2088  00002908  8fc10004	lw	r1,4(r30)
 2089  0000290c          	L109_LF2:
 2090  0000290c  08000004	j	L108_LF2
 2091  00002910  54000000	nop; delay slot nop
 2092  00002914          	L108_LF2:
 2093  00002914  8fa20000	lw	r2,0(r29)
 2094  00002918  8fa30004	lw	r3,4(r29)
 2095  0000291c  8fdffff8	lw	r31,-8(r30)
 2096  00002920  001ee820	add	r29,r0,r30
 2097  00002924  8fdefffc	lw	r30,-4(r30)
 2098  00002928  4be00000	jr	r31
 2099  0000292c  54000000	nop
 2100  00002930          	.endproc _min
 2101                      ;;; Ethan L. Miller, 1999.  Released to the public domain
 2102                      ;;;
 2103                      ;;; Most of the traps are called in files from libtraps.
 2106  00002930          	.align 2
 2107  00002930          	.proc _exit
 2108  00002930          	.global _exit
 2109  00002930          	_exit:
 2110  00002930  44000300	trap	#0x300
 2111  00002934  4be00000	jr	r31
 2112  00002938  54000000	nop
 2113  0000293c          	.endproc _exit
 2115                      ; for the benefit of gcc.
 2116  0000293c          	.proc ___main
 2117  0000293c          	.global ___main
 2118  0000293c          	___main:
 2119  0000293c  4be00000	jr	r31
 2120  00002940  54000000	nop
 2121  00002944          	.endproc ___main
 2122  00002944          	.text
 2123  00002944          	.global _etext
 2124  00002944          	_etext:
 2125  00002944          	.align 3
 2126  00002948          	.data
 2127  00003291          	.global _edata
 2128  00003291          	_edata:
