 line   address	contents
    1                      ; Linked by DLX-LD.
    2                      ; MemSize 24576
    3                      ; Data size: 589
    4                      ; Text size: 6084
    5                      ; Stack size: 8192
    6  00000000          	.text 0x1000
    7  00001000          	.data 0x3000
    8                      ; Compiled by GCC
    9  00003000          	.text
   10  00001000          	.align 2
   11  00001000          	.proc _isspace
   12  00001000          	.global _isspace
   13  00001000          	_isspace:
   14                      ;  Function 'isspace'; 0 bytes of locals, 1 regs to save.
   15  00001000  afbefffc	sw	-4(r29),r30; push fp
   16  00001004  001df020	add	r30,r0,r29; fp = sp
   17  00001008  afbffff8	sw	-8(r29),r31; push ret addr
   18  0000100c  2fbd0010	subui	r29,r29,#16; alloc local storage
   19  00001010  afa20000	sw	0(r29),r2
   20  00001014  83c20003	lb	r2,3(r30)
   21  00001018  201f0000	addi	r31,r0,#0
   22  0000101c  304100ff	andi	r1,r2,#0x00ff
   23  00001020  60210020	seqi	r1,r1,#32
   24  00001024  14200018	bnez	r1,L6_LF0
   25  00001028  54000000	nop; not filled.
   26  0000102c  2041fff7	addi	r1,r2,#-9
   27  00001030  302100ff	andi	r1,r1,#0x00ff
   28  00001034  70210001	sleui	r1,r1,#1
   29  00001038  10200008	beqz	r1,L5_LF0
   30  0000103c  54000000	nop; not filled.
   31  00001040          	L6_LF0:
   32  00001040  201f0001	addi	r31,r0,#1
   33  00001044          	L5_LF0:
   34  00001044  001f0820	add	r1,r0,r31
   35  00001048  8fa20000	lw	r2,0(r29)
   36  0000104c  8fdffff8	lw	r31,-8(r30)
   37  00001050  001ee820	add	r29,r0,r30
   38  00001054  8fdefffc	lw	r30,-4(r30)
   39  00001058  4be00000	jr	r31
   40  0000105c  54000000	nop
   41  00001060          	.endproc _isspace
   42  00001060          	.align 2
   43  00001060          	.proc _isxdigit
   44  00001060          	.global _isxdigit
   45  00001060          	_isxdigit:
   46                      ;  Function 'isxdigit'; 0 bytes of locals, 1 regs to save.
   47  00001060  afbefffc	sw	-4(r29),r30; push fp
   48  00001064  001df020	add	r30,r0,r29; fp = sp
   49  00001068  afbffff8	sw	-8(r29),r31; push ret addr
   50  0000106c  2fbd0010	subui	r29,r29,#16; alloc local storage
   51  00001070  afa20000	sw	0(r29),r2
   52  00001074  83df0003	lb	r31,3(r30)
   53  00001078  20020000	addi	r2,r0,#0
   54  0000107c  23e1ffd0	addi	r1,r31,#-48
   55  00001080  302100ff	andi	r1,r1,#0x00ff
   56  00001084  70210009	sleui	r1,r1,#9
   57  00001088  14200028	bnez	r1,L12_LF0
   58  0000108c  54000000	nop; not filled.
   59  00001090  23e1ff9f	addi	r1,r31,#-97
   60  00001094  302100ff	andi	r1,r1,#0x00ff
   61  00001098  70210005	sleui	r1,r1,#5
   62  0000109c  14200014	bnez	r1,L12_LF0
   63  000010a0  54000000	nop; not filled.
   64  000010a4  33e100ff	andi	r1,r31,#0x00ff
   65  000010a8  64210041	snei	r1,r1,#65
   66  000010ac  14200008	bnez	r1,L11_LF0
   67  000010b0  54000000	nop; not filled.
   68  000010b4          	L12_LF0:
   69  000010b4  20020001	addi	r2,r0,#1
   70  000010b8          	L11_LF0:
   71  000010b8  00020820	add	r1,r0,r2
   72  000010bc  8fa20000	lw	r2,0(r29)
   73  000010c0  8fdffff8	lw	r31,-8(r30)
   74  000010c4  001ee820	add	r29,r0,r30
   75  000010c8  8fdefffc	lw	r30,-4(r30)
   76  000010cc  4be00000	jr	r31
   77  000010d0  54000000	nop
   78  000010d4          	.endproc _isxdigit
   79  000010d4          	.data
   80  00003000          	.align 2
   81  00003000          	LC0_LF0:
   82  00003000  4342202d	.ascii "CB ---- Put %c in %d\n\000"
   82  00003004  2d2d2d20	
   82  00003008  50757420	
   82  0000300c  25632069	
   82  00003010  6e202564	
   82  00003014  0a00    	
   83  00003016          	.text
   84  000010d4          	.align 2
   85  000010d4          	.proc _put_item_cb
   86  000010d4          	.global _put_item_cb
   87  000010d4          	_put_item_cb:
   88                      ;  Function 'put_item_cb'; 0 bytes of locals, 4 regs to save.
   89  000010d4  afbefffc	sw	-4(r29),r30; push fp
   90  000010d8  001df020	add	r30,r0,r29; fp = sp
   91  000010dc  afbffff8	sw	-8(r29),r31; push ret addr
   92  000010e0  2fbd0018	subui	r29,r29,#24; alloc local storage
   93  000010e4  afa20000	sw	0(r29),r2
   94  000010e8  afa30004	sw	4(r29),r3
   95  000010ec  afa40008	sw	8(r29),r4
   96  000010f0  afa5000c	sw	12(r29),r5
   97  000010f4  83c20003	lb	r2,3(r30)
   98  000010f8  8fc30004	lw	r3,4(r30)
   99  000010fc  8c610000	lw	r1,(r3)
  100  00001100  00610820	add	r1,r3,r1
  101  00001104  a0220008	sb	8(r1),r2
  102  00001108  23bdfff0	addi	r29,r29,#-16
  103  0000110c  3c050000	lhi	r5,((LC0_LF0)>>16)&0xffff
  104  00001110  24a53000	addui	r5,r5,(LC0_LF0)&0xffff
  105  00001114  afa50000	sw	(r29),r5
  106  00001118  304100ff	andi	r1,r2,#0x00ff
  107  0000111c  afa10004	sw	4(r29),r1
  108  00001120  8c650000	lw	r5,(r3)
  109  00001124  afa50008	sw	8(r29),r5
  110  00001128  0c000894	jal	_Printf
  111  0000112c  54000000	nop; not filled.
  112  00001130  8c610000	lw	r1,(r3)
  113  00001134  20240001	addi	r4,r1,#1
  114  00001138  2001000a	addi	r1,r0,#10
  115  0000113c  00800035	movi2fp	f0,r4
  116  00001140  00200835	movi2fp	f1,r1
  117  00001144  0401000f	div	f0,f0,f1
  118  00001148  00001034	movfp2i	r2,f0
  119  0000114c  50410002	slli	r1,r2,#0x2
  120  00001150  00220820	add	r1,r1,r2
  121  00001154  50210001	slli	r1,r1,#0x1
  122  00001158  00810822	sub	r1,r4,r1
  123  0000115c  ac610000	sw	(r3),r1
  124  00001160  20010001	addi	r1,r0,#1
  125  00001164  23bd0010	addi	r29,r29,#16
  126  00001168  8fa20000	lw	r2,0(r29)
  127  0000116c  8fa30004	lw	r3,4(r29)
  128  00001170  8fa40008	lw	r4,8(r29)
  129  00001174  8fa5000c	lw	r5,12(r29)
  130  00001178  8fdffff8	lw	r31,-8(r30)
  131  0000117c  001ee820	add	r29,r0,r30
  132  00001180  8fdefffc	lw	r30,-4(r30)
  133  00001184  4be00000	jr	r31
  134  00001188  54000000	nop
  135  0000118c          	.endproc _put_item_cb
  136  0000118c          	.data
  137  00003016          	.align 2
  138  00003018          	LC1_LF0:
  139  00003018  4342202d	.ascii "CB ----  Got %c from %d\n\000"
  139  0000301c  2d2d2d20	
  139  00003020  20476f74	
  139  00003024  20256320	
  139  00003028  66726f6d	
  139  0000302c  2025640a	
  139  00003030  00      	
  140  00003031          	.text
  141  0000118c          	.align 2
  142  0000118c          	.proc _check_item_cb
  143  0000118c          	.global _check_item_cb
  144  0000118c          	_check_item_cb:
  145                      ;  Function 'check_item_cb'; 0 bytes of locals, 3 regs to save.
  146  0000118c  afbefffc	sw	-4(r29),r30; push fp
  147  00001190  001df020	add	r30,r0,r29; fp = sp
  148  00001194  afbffff8	sw	-8(r29),r31; push ret addr
  149  00001198  2fbd0018	subui	r29,r29,#24; alloc local storage
  150  0000119c  afa20000	sw	0(r29),r2
  151  000011a0  afa30004	sw	4(r29),r3
  152  000011a4  afa40008	sw	8(r29),r4
  153  000011a8  8fc30000	lw	r3,(r30)
  154  000011ac  8fc20004	lw	r2,4(r30)
  155  000011b0  8c410004	lw	r1,4(r2)
  156  000011b4  00410820	add	r1,r2,r1
  157  000011b8  80210008	lb	r1,8(r1)
  158  000011bc  a0610000	sb	(r3),r1
  159  000011c0  23bdfff0	addi	r29,r29,#-16
  160  000011c4  3c040000	lhi	r4,((LC1_LF0)>>16)&0xffff
  161  000011c8  24843018	addui	r4,r4,(LC1_LF0)&0xffff
  162  000011cc  afa40000	sw	(r29),r4
  163  000011d0  90610000	lbu	r1,(r3)
  164  000011d4  afa10004	sw	4(r29),r1
  165  000011d8  8c420004	lw	r2,4(r2)
  166  000011dc  afa20008	sw	8(r29),r2
  167  000011e0  0c0007dc	jal	_Printf
  168  000011e4  54000000	nop; not filled.
  169  000011e8  20010001	addi	r1,r0,#1
  170  000011ec  23bd0010	addi	r29,r29,#16
  171  000011f0  8fa20000	lw	r2,0(r29)
  172  000011f4  8fa30004	lw	r3,4(r29)
  173  000011f8  8fa40008	lw	r4,8(r29)
  174  000011fc  8fdffff8	lw	r31,-8(r30)
  175  00001200  001ee820	add	r29,r0,r30
  176  00001204  8fdefffc	lw	r30,-4(r30)
  177  00001208  4be00000	jr	r31
  178  0000120c  54000000	nop
  179  00001210          	.endproc _check_item_cb
  180  00001210          	.align 2
  181  00001210          	.proc _get_item_cb
  182  00001210          	.global _get_item_cb
  183  00001210          	_get_item_cb:
  184                      ;  Function 'get_item_cb'; 0 bytes of locals, 4 regs to save.
  185  00001210  afbefffc	sw	-4(r29),r30; push fp
  186  00001214  001df020	add	r30,r0,r29; fp = sp
  187  00001218  afbffff8	sw	-8(r29),r31; push ret addr
  188  0000121c  2fbd0018	subui	r29,r29,#24; alloc local storage
  189  00001220  afa20000	sw	0(r29),r2
  190  00001224  afa30004	sw	4(r29),r3
  191  00001228  afa40008	sw	8(r29),r4
  192  0000122c  afa5000c	sw	12(r29),r5
  193  00001230  8fc20000	lw	r2,(r30)
  194  00001234  8fc30004	lw	r3,4(r30)
  195  00001238  8c610004	lw	r1,4(r3)
  196  0000123c  00610820	add	r1,r3,r1
  197  00001240  80210008	lb	r1,8(r1)
  198  00001244  a0410000	sb	(r2),r1
  199  00001248  23bdfff0	addi	r29,r29,#-16
  200  0000124c  3c050000	lhi	r5,((LC1_LF0)>>16)&0xffff
  201  00001250  24a53018	addui	r5,r5,(LC1_LF0)&0xffff
  202  00001254  afa50000	sw	(r29),r5
  203  00001258  90410000	lbu	r1,(r2)
  204  0000125c  afa10004	sw	4(r29),r1
  205  00001260  8c650004	lw	r5,4(r3)
  206  00001264  afa50008	sw	8(r29),r5
  207  00001268  0c000754	jal	_Printf
  208  0000126c  54000000	nop; not filled.
  209  00001270  8c610004	lw	r1,4(r3)
  210  00001274  20240001	addi	r4,r1,#1
  211  00001278  2001000a	addi	r1,r0,#10
  212  0000127c  00800035	movi2fp	f0,r4
  213  00001280  00200835	movi2fp	f1,r1
  214  00001284  0401000f	div	f0,f0,f1
  215  00001288  00001034	movfp2i	r2,f0
  216  0000128c  50410002	slli	r1,r2,#0x2
  217  00001290  00220820	add	r1,r1,r2
  218  00001294  50210001	slli	r1,r1,#0x1
  219  00001298  00810822	sub	r1,r4,r1
  220  0000129c  ac610004	sw	4(r3),r1
  221  000012a0  20010001	addi	r1,r0,#1
  222  000012a4  23bd0010	addi	r29,r29,#16
  223  000012a8  8fa20000	lw	r2,0(r29)
  224  000012ac  8fa30004	lw	r3,4(r29)
  225  000012b0  8fa40008	lw	r4,8(r29)
  226  000012b4  8fa5000c	lw	r5,12(r29)
  227  000012b8  8fdffff8	lw	r31,-8(r30)
  228  000012bc  001ee820	add	r29,r0,r30
  229  000012c0  8fdefffc	lw	r30,-4(r30)
  230  000012c4  4be00000	jr	r31
  231  000012c8  54000000	nop
  232  000012cc          	.endproc _get_item_cb
  233  000012cc          	.align 2
  234  000012cc          	.proc _is_full
  235  000012cc          	.global _is_full
  236  000012cc          	_is_full:
  237                      ;  Function 'is_full'; 0 bytes of locals, 3 regs to save.
  238  000012cc  afbefffc	sw	-4(r29),r30; push fp
  239  000012d0  001df020	add	r30,r0,r29; fp = sp
  240  000012d4  afbffff8	sw	-8(r29),r31; push ret addr
  241  000012d8  2fbd0018	subui	r29,r29,#24; alloc local storage
  242  000012dc  afa20000	sw	0(r29),r2
  243  000012e0  afa30004	sw	4(r29),r3
  244  000012e4  afa40008	sw	8(r29),r4
  245  000012e8  8fc40000	lw	r4,(r30)
  246  000012ec  8c810000	lw	r1,(r4)
  247  000012f0  20230001	addi	r3,r1,#1
  248  000012f4  2001000a	addi	r1,r0,#10
  249  000012f8  00600035	movi2fp	f0,r3
  250  000012fc  00200835	movi2fp	f1,r1
  251  00001300  0401000f	div	f0,f0,f1
  252  00001304  00001034	movfp2i	r2,f0
  253  00001308  50410002	slli	r1,r2,#0x2
  254  0000130c  00220820	add	r1,r1,r2
  255  00001310  50210001	slli	r1,r1,#0x1
  256  00001314  00611022	sub	r2,r3,r1
  257  00001318  8c810004	lw	r1,4(r4)
  258  0000131c  00411028	seq	r2,r2,r1
  259  00001320  20010001	addi	r1,r0,#1
  260  00001324  14400008	bnez	r2,L23_LF0
  261  00001328  54000000	nop; not filled.
  262  0000132c  20010000	addi	r1,r0,#0
  263  00001330          	L23_LF0:
  264  00001330  8fa20000	lw	r2,0(r29)
  265  00001334  8fa30004	lw	r3,4(r29)
  266  00001338  8fa40008	lw	r4,8(r29)
  267  0000133c  8fdffff8	lw	r31,-8(r30)
  268  00001340  001ee820	add	r29,r0,r30
  269  00001344  8fdefffc	lw	r30,-4(r30)
  270  00001348  4be00000	jr	r31
  271  0000134c  54000000	nop
  272  00001350          	.endproc _is_full
  273  00001350          	.align 2
  274  00001350          	.proc _is_empty
  275  00001350          	.global _is_empty
  276  00001350          	_is_empty:
  277                      ;  Function 'is_empty'; 0 bytes of locals, 1 regs to save.
  278  00001350  afbefffc	sw	-4(r29),r30; push fp
  279  00001354  001df020	add	r30,r0,r29; fp = sp
  280  00001358  afbffff8	sw	-8(r29),r31; push ret addr
  281  0000135c  2fbd0010	subui	r29,r29,#16; alloc local storage
  282  00001360  afa20000	sw	0(r29),r2
  283  00001364  8fc10000	lw	r1,(r30)
  284  00001368  8c220000	lw	r2,(r1)
  285  0000136c  8c210004	lw	r1,4(r1)
  286  00001370  00411028	seq	r2,r2,r1
  287  00001374  20010001	addi	r1,r0,#1
  288  00001378  14400008	bnez	r2,L30_LF0
  289  0000137c  54000000	nop; not filled.
  290  00001380  20010000	addi	r1,r0,#0
  291  00001384          	L30_LF0:
  292  00001384  8fa20000	lw	r2,0(r29)
  293  00001388  8fdffff8	lw	r31,-8(r30)
  294  0000138c  001ee820	add	r29,r0,r30
  295  00001390  8fdefffc	lw	r30,-4(r30)
  296  00001394  4be00000	jr	r31
  297  00001398  54000000	nop
  298  0000139c          	.endproc _is_empty
  299  0000139c          	.data
  300  00003031          	.align 2
  301  00003034          	LC2_LF0:
  302  00003034  43697263	.ascii "Circular Buffer Initiated\n\000"
  302  00003038  756c6172	
  302  0000303c  20427566	
  302  00003040  66657220	
  302  00003044  496e6974	
  302  00003048  69617465	
  302  0000304c  640a00  	
  303  0000304f          	.text
  304  0000139c          	.align 2
  305  0000139c          	.proc _init_cb
  306  0000139c          	.global _init_cb
  307  0000139c          	_init_cb:
  308                      ;  Function 'init_cb'; 0 bytes of locals, 1 regs to save.
  309  0000139c  afbefffc	sw	-4(r29),r30; push fp
  310  000013a0  001df020	add	r30,r0,r29; fp = sp
  311  000013a4  afbffff8	sw	-8(r29),r31; push ret addr
  312  000013a8  2fbd0010	subui	r29,r29,#16; alloc local storage
  313  000013ac  afa20000	sw	0(r29),r2
  314  000013b0  8fc10000	lw	r1,(r30)
  315  000013b4  20020000	addi	r2,r0,#0
  316  000013b8  ac220000	sw	(r1),r2
  317  000013bc  ac220004	sw	4(r1),r2
  318  000013c0  23bdfff8	addi	r29,r29,#-8
  319  000013c4  3c020000	lhi	r2,((LC2_LF0)>>16)&0xffff
  320  000013c8  24423034	addui	r2,r2,(LC2_LF0)&0xffff
  321  000013cc  afa20000	sw	(r29),r2
  322  000013d0  0c0005ec	jal	_Printf
  323  000013d4  54000000	nop; not filled.
  324  000013d8  23bd0008	addi	r29,r29,#8
  325  000013dc  8fa20000	lw	r2,0(r29)
  326  000013e0  8fdffff8	lw	r31,-8(r30)
  327  000013e4  001ee820	add	r29,r0,r30
  328  000013e8  8fdefffc	lw	r30,-4(r30)
  329  000013ec  4be00000	jr	r31
  330  000013f0  54000000	nop
  331  000013f4          	.endproc _init_cb
  332  000013f4          	.data
  333  0000304f          	.align 2
  334  00003050          	LC3_LF0:
  335  00003050  55736167	.ascii "Usage: \000"
  335  00003054  653a2000	
  336  00003058          	.align 2
  337  00003058          	LC4_LF0:
  338  00003058  203c6861	.ascii " <handle_to_shared_memory_page> <handle_to_page_mapped_semaphore> <han"
  338  0000305c  6e646c65	
  338  00003060  5f746f5f	
  338  00003064  73686172	
  338  00003068  65645f6d	
  338  0000306c  656d6f72	
  338  00003070  795f7061	
  338  00003074  67653e20	
  338  00003078  3c68616e	
  338  0000307c  646c655f	
  338  00003080  746f5f70	
  338  00003084  6167655f	
  338  00003088  6d617070	
  338  0000308c  65645f73	
  338  00003090  656d6170	
  338  00003094  686f7265	
  338  00003098  3e203c68	
  338  0000309c  616e    	
  339  0000309e  646c6520	.ascii "dle to lock>\n\000"
  339  000030a2  746f206c	
  339  000030a6  6f636b3e	
  339  000030aa  0a00    	
  340  000030ac          	.align 2
  341  000030ac          	LC5_LF0:
  342  000030ac  2050726f	.ascii " Producer Consumer LOck For CONS ---PID %d = %d \n\000"
  342  000030b0  64756365	
  342  000030b4  7220436f	
  342  000030b8  6e73756d	
  342  000030bc  6572204c	
  342  000030c0  4f636b20	
  342  000030c4  466f7220	
  342  000030c8  434f4e53	
  342  000030cc  202d2d2d	
  342  000030d0  50494420	
  342  000030d4  2564203d	
  342  000030d8  20256420	
  342  000030dc  0a00    	
  343  000030de          	.align 2
  344  000030e0          	LC6_LF0:
  345  000030e0  436f756c	.ascii "Could not map the virtual address to the memory in \000"
  345  000030e4  64206e6f	
  345  000030e8  74206d61	
  345  000030ec  70207468	
  345  000030f0  65207669	
  345  000030f4  72747561	
  345  000030f8  6c206164	
  345  000030fc  64726573	
  345  00003100  7320746f	
  345  00003104  20746865	
  345  00003108  206d656d	
  345  0000310c  6f727920	
  345  00003110  696e2000	
  346  00003114          	.align 2
  347  00003114          	LC7_LF0:
  348  00003114  2c206578	.ascii ", exiting...\n\000"
  348  00003118  6974696e	
  348  0000311c  672e2e2e	
  348  00003120  0a00    	
  349  00003122          	.align 2
  350  00003124          	LC8_LF0:
  351  00003124  434f4e53	.ascii "CONS - %d: This is one of the %d instances you created.  \000"
  351  00003128  202d2025	
  351  0000312c  643a2054	
  351  00003130  68697320	
  351  00003134  6973206f	
  351  00003138  6e65206f	
  351  0000313c  66207468	
  351  00003140  65202564	
  351  00003144  20696e73	
  351  00003148  74616e63	
  351  0000314c  65732079	
  351  00003150  6f752063	
  351  00003154  72656174	
  351  00003158  65642e20	
  351  0000315c  2000    	
  352  0000315e          	.align 2
  353  00003160          	LC9_LF0:
  354  00003160  434f4e53	.ascii "CONS - PID %d ---- Got %c from cb \n\000"
  354  00003164  202d2050	
  354  00003168  49442025	
  354  0000316c  64202d2d	
  354  00003170  2d2d2047	
  354  00003174  6f742025	
  354  00003178  63206672	
  354  0000317c  6f6d2063	
  354  00003180  62200a00	
  355  00003184          	.align 2
  356  00003184          	LC10_LF0:
  357  00003184  434f4e53	.ascii "CONS - PID %d ---- Tried to Pick Wrong Data \n\000"
  357  00003188  202d2050	
  357  0000318c  49442025	
  357  00003190  64202d2d	
  357  00003194  2d2d2054	
  357  00003198  72696564	
  357  0000319c  20746f20	
  357  000031a0  5069636b	
  357  000031a4  2057726f	
  357  000031a8  6e672044	
  357  000031ac  61746120	
  357  000031b0  0a00    	
  358  000031b2          	.align 2
  359  000031b4          	LC11_LF0:
  360  000031b4  434f4e53	.ascii "CONS - PID %d ---- Buffer is Empty \n\000"
  360  000031b8  202d2050	
  360  000031bc  49442025	
  360  000031c0  64202d2d	
  360  000031c4  2d2d2042	
  360  000031c8  75666665	
  360  000031cc  72206973	
  360  000031d0  20456d70	
  360  000031d4  7479200a	
  360  000031d8  00      	
  361  000031d9          	.align 2
  362  000031dc          	LC12_LF0:
  363  000031dc  0a00    	.ascii "\n\000"
  364  000031de          	.align 2
  365  000031e0          	LC13_LF0:
  366  000031e0  434f4e53	.ascii "CONS - PID %d ---- Finally Got : \000"
  366  000031e4  202d2050	
  366  000031e8  49442025	
  366  000031ec  64202d2d	
  366  000031f0  2d2d2046	
  366  000031f4  696e616c	
  366  000031f8  6c792047	
  366  000031fc  6f74203a	
  366  00003200  2000    	
  367  00003202          	.align 2
  368  00003204          	LC14_LF0:
  369  00003204  256300  	.ascii "%c\000"
  370  00003207          	.align 2
  371  00003208          	LC15_LF0:
  372  00003208  434f4e53	.ascii "CONS - PID %d is complete.\n\000"
  372  0000320c  202d2050	
  372  00003210  49442025	
  372  00003214  64206973	
  372  00003218  20636f6d	
  372  0000321c  706c6574	
  372  00003220  652e0a00	
  373  00003224          	.align 2
  374  00003224          	LC16_LF0:
  375  00003224  42616420	.ascii "Bad semaphore s_procs_completed (%d) in \000"
  375  00003228  73656d61	
  375  0000322c  70686f72	
  375  00003230  6520735f	
  375  00003234  70726f63	
  375  00003238  735f636f	
  375  0000323c  6d706c65	
  375  00003240  74656420	
  375  00003244  28256429	
  375  00003248  20696e20	
  375  0000324c  00      	
  376  0000324d          	.text
  377  000013f4          	.align 2
  378  000013f4          	.proc _main
  379  000013f4          	.global _main
  380  000013f4          	_main:
  381                      ;  Function 'main'; 1000 bytes of locals, 0 regs to save.
  382  000013f4  afbefffc	sw	-4(r29),r30; push fp
  383  000013f8  001df020	add	r30,r0,r29; fp = sp
  384  000013fc  afbffff8	sw	-8(r29),r31; push ret addr
  385  00001400  2fbd03f0	subui	r29,r29,#1008; alloc local storage
  386  00001404  8fc20000	lw	r2,(r30)
  387  00001408  8fc90004	lw	r9,4(r30)
  388  0000140c  0c0013ac	jal	___main
  389  00001410  54000000	nop; not filled.
  390  00001414  20070000	addi	r7,r0,#0
  391  00001418  64410005	snei	r1,r2,#5
  392  0000141c  1020004c	beqz	r1,L36_LF0
  393  00001420  54000000	nop; not filled.
  394  00001424  23bdfff8	addi	r29,r29,#-8
  395  00001428  3c0b0000	lhi	r11,((LC3_LF0)>>16)&0xffff
  396  0000142c  256b3050	addui	r11,r11,(LC3_LF0)&0xffff
  397  00001430  afab0000	sw	(r29),r11
  398  00001434  0c000588	jal	_Printf
  399  00001438  54000000	nop; not filled.
  400  0000143c  8d2b0000	lw	r11,(r9)
  401  00001440  afab0000	sw	(r29),r11
  402  00001444  0c000578	jal	_Printf
  403  00001448  54000000	nop; not filled.
  404  0000144c  3c0b0000	lhi	r11,((LC4_LF0)>>16)&0xffff
  405  00001450  256b3058	addui	r11,r11,(LC4_LF0)&0xffff
  406  00001454  afab0000	sw	(r29),r11
  407  00001458  0c000564	jal	_Printf
  408  0000145c  54000000	nop; not filled.
  409  00001460  0c000604	jal	_Exit
  410  00001464  54000000	nop; not filled.
  411  00001468  23bd0008	addi	r29,r29,#8
  412  0000146c          	L36_LF0:
  413  0000146c  23bdfff0	addi	r29,r29,#-16
  414  00001470  8d2b0004	lw	r11,4(r9)
  415  00001474  afab0000	sw	(r29),r11
  416  00001478  200b0000	addi	r11,r0,#0
  417  0000147c  afab0004	sw	4(r29),r11
  418  00001480  200b000a	addi	r11,r0,#10
  419  00001484  afab0008	sw	8(r29),r11
  420  00001488  0c000e88	jal	_dstrtol
  421  0000148c  54000000	nop; not filled.
  422  00001490  00011820	add	r3,r0,r1
  423  00001494  8d2b0008	lw	r11,8(r9)
  424  00001498  afab0000	sw	(r29),r11
  425  0000149c  200b0000	addi	r11,r0,#0
  426  000014a0  afab0004	sw	4(r29),r11
  427  000014a4  200b000a	addi	r11,r0,#10
  428  000014a8  afab0008	sw	8(r29),r11
  429  000014ac  0c000e64	jal	_dstrtol
  430  000014b0  54000000	nop; not filled.
  431  000014b4  00015020	add	r10,r0,r1
  432  000014b8  8d2b000c	lw	r11,12(r9)
  433  000014bc  afab0000	sw	(r29),r11
  434  000014c0  200b0000	addi	r11,r0,#0
  435  000014c4  afab0004	sw	4(r29),r11
  436  000014c8  200b000a	addi	r11,r0,#10
  437  000014cc  afab0008	sw	8(r29),r11
  438  000014d0  0c000e40	jal	_dstrtol
  439  000014d4  54000000	nop; not filled.
  440  000014d8  00014020	add	r8,r0,r1
  441  000014dc  8d2b0010	lw	r11,16(r9)
  442  000014e0  afab0000	sw	(r29),r11
  443  000014e4  200b0000	addi	r11,r0,#0
  444  000014e8  afab0004	sw	4(r29),r11
  445  000014ec  200b000a	addi	r11,r0,#10
  446  000014f0  afab0008	sw	8(r29),r11
  447  000014f4  0c000e1c	jal	_dstrtol
  448  000014f8  54000000	nop; not filled.
  449  000014fc  00011020	add	r2,r0,r1
  450  00001500  0c0004c8	jal	_Getpid
  451  00001504  54000000	nop; not filled.
  452  00001508  3c0b0000	lhi	r11,((LC5_LF0)>>16)&0xffff
  453  0000150c  256b30ac	addui	r11,r11,(LC5_LF0)&0xffff
  454  00001510  afab0000	sw	(r29),r11
  455  00001514  afa10004	sw	4(r29),r1
  456  00001518  afa20008	sw	8(r29),r2
  457  0000151c  0c0004a0	jal	_Printf
  458  00001520  54000000	nop; not filled.
  459  00001524  afa30000	sw	(r29),r3
  460  00001528  0c0004c4	jal	_shmat
  461  0000152c  54000000	nop; not filled.
  462  00001530  00011020	add	r2,r0,r1
  463  00001534  23bd0010	addi	r29,r29,#16
  464  00001538  64410000	snei	r1,r2,#0
  465  0000153c  1420004c	bnez	r1,L37_LF0
  466  00001540  54000000	nop; not filled.
  467  00001544  23bdfff8	addi	r29,r29,#-8
  468  00001548  3c0b0000	lhi	r11,((LC6_LF0)>>16)&0xffff
  469  0000154c  256b30e0	addui	r11,r11,(LC6_LF0)&0xffff
  470  00001550  afab0000	sw	(r29),r11
  471  00001554  0c000468	jal	_Printf
  472  00001558  54000000	nop; not filled.
  473  0000155c  8d2b0000	lw	r11,(r9)
  474  00001560  afab0000	sw	(r29),r11
  475  00001564  0c000458	jal	_Printf
  476  00001568  54000000	nop; not filled.
  477  0000156c  3c0b0000	lhi	r11,((LC7_LF0)>>16)&0xffff
  478  00001570  256b3114	addui	r11,r11,(LC7_LF0)&0xffff
  479  00001574  afab0000	sw	(r29),r11
  480  00001578  0c000444	jal	_Printf
  481  0000157c  54000000	nop; not filled.
  482  00001580  0c0004e4	jal	_Exit
  483  00001584  54000000	nop; not filled.
  484  00001588  23bd0008	addi	r29,r29,#8
  485  0000158c          	L37_LF0:
  486  0000158c  0c00043c	jal	_Getpid
  487  00001590  54000000	nop; not filled.
  488  00001594  23bdfff0	addi	r29,r29,#-16
  489  00001598  3c0b0000	lhi	r11,((LC8_LF0)>>16)&0xffff
  490  0000159c  256b3124	addui	r11,r11,(LC8_LF0)&0xffff
  491  000015a0  afab0000	sw	(r29),r11
  492  000015a4  afa10004	sw	4(r29),r1
  493  000015a8  8c4b0000	lw	r11,(r2)
  494  000015ac  afab0008	sw	8(r29),r11
  495  000015b0  0c00040c	jal	_Printf
  496  000015b4  54000000	nop; not filled.
  497  000015b8  20440008	addi	r4,r2,#8
  498  000015bc  23bd0010	addi	r29,r29,#16
  499  000015c0  23c5fc10	addi	r5,r30,#-1008
  500  000015c4  23c6fc0f	addi	r6,r30,#-1009
  501  000015c8          	L38_LF0:
  502  000015c8  80c20000	lb	r2,(r6)
  503  000015cc  20030000	addi	r3,r0,#0
  504  000015d0  2041ffd0	addi	r1,r2,#-48
  505  000015d4  302100ff	andi	r1,r1,#0x00ff
  506  000015d8  70210009	sleui	r1,r1,#9
  507  000015dc  14200028	bnez	r1,L43_LF0
  508  000015e0  54000000	nop; not filled.
  509  000015e4  2041ff9f	addi	r1,r2,#-97
  510  000015e8  302100ff	andi	r1,r1,#0x00ff
  511  000015ec  70210005	sleui	r1,r1,#5
  512  000015f0  14200014	bnez	r1,L43_LF0
  513  000015f4  54000000	nop; not filled.
  514  000015f8  304100ff	andi	r1,r2,#0x00ff
  515  000015fc  64210041	snei	r1,r1,#65
  516  00001600  14200008	bnez	r1,L42_LF0
  517  00001604  54000000	nop; not filled.
  518  00001608          	L43_LF0:
  519  00001608  20030001	addi	r3,r0,#1
  520  0000160c          	L42_LF0:
  521  0000160c  64610000	snei	r1,r3,#0
  522  00001610  14200010	bnez	r1,L40_LF0
  523  00001614  54000000	nop; not filled.
  524  00001618  64e10000	snei	r1,r7,#0
  525  0000161c  14200234	bnez	r1,L39_LF0
  526  00001620  54000000	nop; not filled.
  527  00001624          	L40_LF0:
  528  00001624  23bdfff8	addi	r29,r29,#-8
  529  00001628  afa80000	sw	(r29),r8
  530  0000162c  0c0003fc	jal	_lock_acquire
  531  00001630  54000000	nop; not filled.
  532  00001634  23bd0008	addi	r29,r29,#8
  533  00001638  8c810000	lw	r1,(r4)
  534  0000163c  8c830004	lw	r3,4(r4)
  535  00001640  00230828	seq	r1,r1,r3
  536  00001644  20020000	addi	r2,r0,#0
  537  00001648  10200008	beqz	r1,L46_LF0
  538  0000164c  54000000	nop; not filled.
  539  00001650  20020001	addi	r2,r0,#1
  540  00001654          	L46_LF0:
  541  00001654  64410000	snei	r1,r2,#0
  542  00001658  142001a0	bnez	r1,L44_LF0
  543  0000165c  54000000	nop; not filled.
  544  00001660  23c2fc10	addi	r2,r30,#-1008
  545  00001664  00471020	add	r2,r2,r7
  546  00001668  00830820	add	r1,r4,r3
  547  0000166c  80210008	lb	r1,8(r1)
  548  00001670  a0410000	sb	(r2),r1
  549  00001674  23bdfff0	addi	r29,r29,#-16
  550  00001678  3c0b0000	lhi	r11,((LC1_LF0)>>16)&0xffff
  551  0000167c  256b3018	addui	r11,r11,(LC1_LF0)&0xffff
  552  00001680  afab0000	sw	(r29),r11
  553  00001684  90410000	lbu	r1,(r2)
  554  00001688  afa10004	sw	4(r29),r1
  555  0000168c  8c8b0004	lw	r11,4(r4)
  556  00001690  afab0008	sw	8(r29),r11
  557  00001694  0c000328	jal	_Printf
  558  00001698  54000000	nop; not filled.
  559  0000169c  23bd0010	addi	r29,r29,#16
  560  000016a0  64e10000	snei	r1,r7,#0
  561  000016a4  1420001c	bnez	r1,L64_LF0
  562  000016a8  54000000	nop; not filled.
  563  000016ac  90a10000	lbu	r1,(r5)
  564  000016b0  60210030	seqi	r1,r1,#48
  565  000016b4  10200128	beqz	r1,L49_LF0
  566  000016b8  54000000	nop; not filled.
  567  000016bc  08000068	j	L50_LF0
  568  000016c0  54000000	nop; not filled.
  569  000016c4          	L64_LF0:
  570  000016c4  80a20000	lb	r2,(r5)
  571  000016c8  305f00ff	andi	r31,r2,#0x00ff
  572  000016cc  90c10000	lbu	r1,(r6)
  573  000016d0  20210001	addi	r1,r1,#1
  574  000016d4  03e10828	seq	r1,r31,r1
  575  000016d8  1420004c	bnez	r1,L50_LF0
  576  000016dc  54000000	nop; not filled.
  577  000016e0  20030000	addi	r3,r0,#0
  578  000016e4  2041ffd0	addi	r1,r2,#-48
  579  000016e8  302100ff	andi	r1,r1,#0x00ff
  580  000016ec  70210009	sleui	r1,r1,#9
  581  000016f0  14200024	bnez	r1,L54_LF0
  582  000016f4  54000000	nop; not filled.
  583  000016f8  2041ff9f	addi	r1,r2,#-97
  584  000016fc  302100ff	andi	r1,r1,#0x00ff
  585  00001700  70210005	sleui	r1,r1,#5
  586  00001704  14200010	bnez	r1,L54_LF0
  587  00001708  54000000	nop; not filled.
  588  0000170c  67e10041	snei	r1,r31,#65
  589  00001710  14200008	bnez	r1,L53_LF0
  590  00001714  54000000	nop; not filled.
  591  00001718          	L54_LF0:
  592  00001718  20030001	addi	r3,r0,#1
  593  0000171c          	L53_LF0:
  594  0000171c  64610000	snei	r1,r3,#0
  595  00001720  142000bc	bnez	r1,L49_LF0
  596  00001724  54000000	nop; not filled.
  597  00001728          	L50_LF0:
  598  00001728  23c2fc10	addi	r2,r30,#-1008
  599  0000172c  00471020	add	r2,r2,r7
  600  00001730  8c810004	lw	r1,4(r4)
  601  00001734  00810820	add	r1,r4,r1
  602  00001738  80210008	lb	r1,8(r1)
  603  0000173c  a0410000	sb	(r2),r1
  604  00001740  23bdfff0	addi	r29,r29,#-16
  605  00001744  3c0b0000	lhi	r11,((LC1_LF0)>>16)&0xffff
  606  00001748  256b3018	addui	r11,r11,(LC1_LF0)&0xffff
  607  0000174c  afab0000	sw	(r29),r11
  608  00001750  90410000	lbu	r1,(r2)
  609  00001754  afa10004	sw	4(r29),r1
  610  00001758  8c8b0004	lw	r11,4(r4)
  611  0000175c  afab0008	sw	8(r29),r11
  612  00001760  0c00025c	jal	_Printf
  613  00001764  54000000	nop; not filled.
  614  00001768  8c810004	lw	r1,4(r4)
  615  0000176c  20230001	addi	r3,r1,#1
  616  00001770  2001000a	addi	r1,r0,#10
  617  00001774  00600035	movi2fp	f0,r3
  618  00001778  00200835	movi2fp	f1,r1
  619  0000177c  0401000f	div	f0,f0,f1
  620  00001780  00001034	movfp2i	r2,f0
  621  00001784  50410002	slli	r1,r2,#0x2
  622  00001788  00220820	add	r1,r1,r2
  623  0000178c  50210001	slli	r1,r1,#0x1
  624  00001790  00610822	sub	r1,r3,r1
  625  00001794  ac810004	sw	4(r4),r1
  626  00001798  23bd0010	addi	r29,r29,#16
  627  0000179c  0c00022c	jal	_Getpid
  628  000017a0  54000000	nop; not filled.
  629  000017a4  23bdfff0	addi	r29,r29,#-16
  630  000017a8  3c0b0000	lhi	r11,((LC9_LF0)>>16)&0xffff
  631  000017ac  256b3160	addui	r11,r11,(LC9_LF0)&0xffff
  632  000017b0  afab0000	sw	(r29),r11
  633  000017b4  afa10004	sw	4(r29),r1
  634  000017b8  90a10000	lbu	r1,(r5)
  635  000017bc  afa10008	sw	8(r29),r1
  636  000017c0  0c0001fc	jal	_Printf
  637  000017c4  54000000	nop; not filled.
  638  000017c8  20a50001	addi	r5,r5,#1
  639  000017cc  20c60001	addi	r6,r6,#1
  640  000017d0  20e70001	addi	r7,r7,#1
  641  000017d4  23bd0010	addi	r29,r29,#16
  642  000017d8  08000048	j	L57_LF0
  643  000017dc  54000000	nop; not filled.
  644  000017e0          	L49_LF0:
  645  000017e0  0c0001e8	jal	_Getpid
  646  000017e4  54000000	nop; not filled.
  647  000017e8  23bdfff8	addi	r29,r29,#-8
  648  000017ec  3c0b0000	lhi	r11,((LC10_LF0)>>16)&0xffff
  649  000017f0  256b3184	addui	r11,r11,(LC10_LF0)&0xffff
  650  000017f4  08000018	j	L65_LF0
  651  000017f8  54000000	nop; not filled.
  652  000017fc          	L44_LF0:
  653  000017fc  0c0001cc	jal	_Getpid
  654  00001800  54000000	nop; not filled.
  655  00001804  23bdfff8	addi	r29,r29,#-8
  656  00001808  3c0b0000	lhi	r11,((LC11_LF0)>>16)&0xffff
  657  0000180c  256b31b4	addui	r11,r11,(LC11_LF0)&0xffff
  658  00001810          	L65_LF0:
  659  00001810  afab0000	sw	(r29),r11
  660  00001814  afa10004	sw	4(r29),r1
  661  00001818  0c0001a4	jal	_Printf
  662  0000181c  54000000	nop; not filled.
  663  00001820  23bd0008	addi	r29,r29,#8
  664  00001824          	L57_LF0:
  665  00001824  23bdfff8	addi	r29,r29,#-8
  666  00001828  3c0b0000	lhi	r11,((LC12_LF0)>>16)&0xffff
  667  0000182c  256b31dc	addui	r11,r11,(LC12_LF0)&0xffff
  668  00001830  afab0000	sw	(r29),r11
  669  00001834  0c000188	jal	_Printf
  670  00001838  54000000	nop; not filled.
  671  0000183c  afa80000	sw	(r29),r8
  672  00001840  0c0001f4	jal	_lock_release
  673  00001844  54000000	nop; not filled.
  674  00001848  23bd0008	addi	r29,r29,#8
  675  0000184c  0bfffd78	j	L38_LF0
  676  00001850  54000000	nop; not filled.
  677  00001854          	L39_LF0:
  678  00001854  23bdfff8	addi	r29,r29,#-8
  679  00001858  afa80000	sw	(r29),r8
  680  0000185c  0c0001cc	jal	_lock_acquire
  681  00001860  54000000	nop; not filled.
  682  00001864  0c000164	jal	_Getpid
  683  00001868  54000000	nop; not filled.
  684  0000186c  3c0b0000	lhi	r11,((LC13_LF0)>>16)&0xffff
  685  00001870  256b31e0	addui	r11,r11,(LC13_LF0)&0xffff
  686  00001874  afab0000	sw	(r29),r11
  687  00001878  afa10004	sw	4(r29),r1
  688  0000187c  0c000140	jal	_Printf
  689  00001880  54000000	nop; not filled.
  690  00001884  23bd0008	addi	r29,r29,#8
  691  00001888  23c2fc10	addi	r2,r30,#-1008
  692  0000188c  23c3fc19	addi	r3,r30,#-999
  693  00001890          	L61_LF0:
  694  00001890  23bdfff8	addi	r29,r29,#-8
  695  00001894  3c0b0000	lhi	r11,((LC14_LF0)>>16)&0xffff
  696  00001898  256b3204	addui	r11,r11,(LC14_LF0)&0xffff
  697  0000189c  afab0000	sw	(r29),r11
  698  000018a0  90410000	lbu	r1,(r2)
  699  000018a4  afa10004	sw	4(r29),r1
  700  000018a8  0c000114	jal	_Printf
  701  000018ac  54000000	nop; not filled.
  702  000018b0  23bd0008	addi	r29,r29,#8
  703  000018b4  20420001	addi	r2,r2,#1
  704  000018b8  0043082c	sle	r1,r2,r3
  705  000018bc  1420ffd0	bnez	r1,L61_LF0
  706  000018c0  54000000	nop; not filled.
  707  000018c4  23bdfff8	addi	r29,r29,#-8
  708  000018c8  3c0b0000	lhi	r11,((LC12_LF0)>>16)&0xffff
  709  000018cc  256b31dc	addui	r11,r11,(LC12_LF0)&0xffff
  710  000018d0  afab0000	sw	(r29),r11
  711  000018d4  0c0000e8	jal	_Printf
  712  000018d8  54000000	nop; not filled.
  713  000018dc  0c0000ec	jal	_Getpid
  714  000018e0  54000000	nop; not filled.
  715  000018e4  3c0b0000	lhi	r11,((LC15_LF0)>>16)&0xffff
  716  000018e8  256b3208	addui	r11,r11,(LC15_LF0)&0xffff
  717  000018ec  afab0000	sw	(r29),r11
  718  000018f0  afa10004	sw	4(r29),r1
  719  000018f4  0c0000c8	jal	_Printf
  720  000018f8  54000000	nop; not filled.
  721  000018fc  afa80000	sw	(r29),r8
  722  00001900  0c000134	jal	_lock_release
  723  00001904  54000000	nop; not filled.
  724  00001908  afaa0000	sw	(r29),r10
  725  0000190c  0c000104	jal	_sem_signal
  726  00001910  54000000	nop; not filled.
  727  00001914  23bd0008	addi	r29,r29,#8
  728  00001918  64210001	snei	r1,r1,#1
  729  0000191c  10200050	beqz	r1,L63_LF0
  730  00001920  54000000	nop; not filled.
  731  00001924  23bdfff8	addi	r29,r29,#-8
  732  00001928  3c0b0000	lhi	r11,((LC16_LF0)>>16)&0xffff
  733  0000192c  256b3224	addui	r11,r11,(LC16_LF0)&0xffff
  734  00001930  afab0000	sw	(r29),r11
  735  00001934  afaa0004	sw	4(r29),r10
  736  00001938  0c000084	jal	_Printf
  737  0000193c  54000000	nop; not filled.
  738  00001940  8d290000	lw	r9,(r9)
  739  00001944  afa90000	sw	(r29),r9
  740  00001948  0c000074	jal	_Printf
  741  0000194c  54000000	nop; not filled.
  742  00001950  3c0b0000	lhi	r11,((LC7_LF0)>>16)&0xffff
  743  00001954  256b3114	addui	r11,r11,(LC7_LF0)&0xffff
  744  00001958  afab0000	sw	(r29),r11
  745  0000195c  0c000060	jal	_Printf
  746  00001960  54000000	nop; not filled.
  747  00001964  0c000100	jal	_Exit
  748  00001968  54000000	nop; not filled.
  749  0000196c  23bd0008	addi	r29,r29,#8
  750  00001970          	L63_LF0:
  751  00001970  0c000e3c	jal	_exit
  752  00001974  54000000	nop
  753  00001978          	.endproc _main
  754                      ;;;
  755                      ;;; Stub functions for DLX traps.
  756                      ;;;
  757                      ;;; Ethan L. Miller, 1999.  Released to the public domain.
  758                      ;;;
  759                      ;;; The traps such as Open and Close
  760                      ;;; (note the capital letters) are for use by user programs.  The traps
  761                      ;;; with names such as open and close (lower case) are for use by the OS.
  762                      ;;;
  765  00001978          	.align 2
  767                      ;;; The following are the traps to be used by user-level programs
  768                      ;;;
  770  00001978          	.align 2
  771  00001978          	.proc _Open
  772  00001978          	.global _Open
  773  00001978          	_Open:
  774                      ;;; Note that trap #0x213 actually causes a trap vector in the OS of
  775                      ;;; 0x1213.  The same is true for other user traps.  Thus, a user trap
  776                      ;;; with trap #0x240 will result in a trap vector of 0x1240 in the OS.
  777  00001978  44000213	trap	#0x213
  778  0000197c  4be00000	jr	r31
  779  00001980  54000000	nop
  780  00001984          	.endproc _Open
  782  00001984          	.proc _Close
  783  00001984          	.global _Close
  784  00001984          	_Close:
  785  00001984  44000214	trap	#0x214
  786  00001988  4be00000	jr	r31
  787  0000198c  54000000	nop
  788  00001990          	.endproc _Close
  790  00001990          	.proc _Read
  791  00001990          	.global _Read
  792  00001990          	_Read:
  793  00001990  44000210	trap	#0x210
  794  00001994  4be00000	jr	r31
  795  00001998  54000000	nop
  796  0000199c          	.endproc _Read
  798  0000199c          	.proc _Write
  799  0000199c          	.global _Write
  800  0000199c          	_Write:
  801  0000199c  44000211	trap	#0x211
  802  000019a0  4be00000	jr	r31
  803  000019a4  54000000	nop
  804  000019a8          	.endproc _Write
  806  000019a8          	.proc _Lseek
  807  000019a8          	.global _Lseek
  808  000019a8          	_Lseek:
  809  000019a8  44000212	trap	#0x212
  810  000019ac  4be00000	jr	r31
  811  000019b0  54000000	nop
  812  000019b4          	.endproc _Lseek
  814  000019b4          	.proc _Putchar
  815  000019b4          	.global _Putchar
  816  000019b4          	_Putchar:
  817  000019b4  44000280	trap	#0x280
  818  000019b8  4be00000	jr	r31
  819  000019bc  54000000	nop
  820  000019c0          	.endproc _Putchar
  822  000019c0          	.proc _Printf
  823  000019c0          	.global _Printf
  824  000019c0          	_Printf:
  825  000019c0  44000201	trap	#0x201
  826  000019c4  4be00000	jr	r31
  827  000019c8  54000000	nop
  828  000019cc          	.endproc _Printf
  830  000019cc          	.proc _Getpid
  831  000019cc          	.global _Getpid
  832  000019cc          	_Getpid:
  833  000019cc  44000431	trap	#0x431
  834  000019d0  4be00000	jr	r31
  835  000019d4  54000000	nop
  836  000019d8          	.endproc _Getpid
  838  000019d8          	.proc _process_create
  839  000019d8          	.global _process_create
  840  000019d8          	_process_create:
  841  000019d8  44000432	trap	#0x432
  842  000019dc  4be00000	jr	r31
  843  000019e0  54000000	nop
  844  000019e4          	.endproc _process_create
  846  000019e4          	.proc _shmget
  847  000019e4          	.global _shmget
  848  000019e4          	_shmget:
  849  000019e4  44000440	trap	#0x440
  850  000019e8  4be00000	jr	r31
  851  000019ec  54000000	nop
  852  000019f0          	.endproc _shmget
  854  000019f0          	.proc _shmat
  855  000019f0          	.global _shmat
  856  000019f0          	_shmat:
  857  000019f0  44000441	trap	#0x441
  858  000019f4  4be00000	jr	r31
  859  000019f8  54000000	nop
  860  000019fc          	.endproc _shmat
  862  000019fc          	.proc _sem_create
  863  000019fc          	.global _sem_create
  864  000019fc          	_sem_create:
  865  000019fc  44000450	trap	#0x450
  866  00001a00  4be00000	jr	r31
  867  00001a04  54000000	nop
  868  00001a08          	.endproc _sem_create
  870  00001a08          	.proc _sem_wait
  871  00001a08          	.global _sem_wait
  872  00001a08          	_sem_wait:
  873  00001a08  44000451	trap	#0x451
  874  00001a0c  4be00000	jr	r31
  875  00001a10  54000000	nop
  876  00001a14          	.endproc _sem_wait
  878  00001a14          	.proc _sem_signal
  879  00001a14          	.global _sem_signal
  880  00001a14          	_sem_signal:
  881  00001a14  44000452	trap	#0x452
  882  00001a18  4be00000	jr	r31
  883  00001a1c  54000000	nop
  884  00001a20          	.endproc _sem_signal
  886  00001a20          	.proc _lock_create
  887  00001a20          	.global _lock_create
  888  00001a20          	_lock_create:
  889  00001a20  44000453	trap	#0x453
  890  00001a24  4be00000	jr	r31
  891  00001a28  54000000	nop
  892  00001a2c          	.endproc _lock_create
  894  00001a2c          	.proc _lock_acquire
  895  00001a2c          	.global _lock_acquire
  896  00001a2c          	_lock_acquire:
  897  00001a2c  44000454	trap	#0x454
  898  00001a30  4be00000	jr	r31
  899  00001a34  54000000	nop
  900  00001a38          	.endproc _lock_acquire
  902  00001a38          	.proc _lock_release
  903  00001a38          	.global _lock_release
  904  00001a38          	_lock_release:
  905  00001a38  44000455	trap	#0x455
  906  00001a3c  4be00000	jr	r31
  907  00001a40  54000000	nop
  908  00001a44          	.endproc _lock_release
  910  00001a44          	.proc _cond_create
  911  00001a44          	.global _cond_create
  912  00001a44          	_cond_create:
  913  00001a44  44000456	trap	#0x456
  914  00001a48  4be00000	jr	r31
  915  00001a4c  54000000	nop
  916  00001a50          	.endproc _cond_create
  918  00001a50          	.proc _cond_wait
  919  00001a50          	.global _cond_wait
  920  00001a50          	_cond_wait:
  921  00001a50  44000457	trap	#0x457
  922  00001a54  4be00000	jr	r31
  923  00001a58  54000000	nop
  924  00001a5c          	.endproc _cond_wait
  926  00001a5c          	.proc _cond_signal
  927  00001a5c          	.global _cond_signal
  928  00001a5c          	_cond_signal:
  929  00001a5c  44000458	trap	#0x458
  930  00001a60  4be00000	jr	r31
  931  00001a64  54000000	nop
  932  00001a68          	.endproc _cond_signal
  934  00001a68          	.proc _Exit
  935  00001a68          	.global _Exit
  936  00001a68          	_Exit:
  937  00001a68  44000500	trap	#0x500
  938  00001a6c  4be00000	jr	r31
  939  00001a70  54000000	nop
  940  00001a74          	.endproc _Exit
  941                      ; Compiled by GCC
  943  00001a74          	.align 2
  944  00001a74          	.proc _isspace
  945  00001a74          	.global _isspace
  946  00001a74          	_isspace:
  947                      ;  Function 'isspace'; 0 bytes of locals, 3 regs to save.
  948  00001a74  afbefffc	sw	-4(r29),r30; push fp
  949  00001a78  001df020	add	r30,r0,r29; fp = sp
  950  00001a7c  afbffff8	sw	-8(r29),r31; push ret addr
  951  00001a80  2fbd0018	subui	r29,r29,#24; alloc local storage
  952  00001a84  afa20000	sw	0(r29),r2
  953  00001a88  afa30004	sw	4(r29),r3
  954  00001a8c  afa40008	sw	8(r29),r4
  955  00001a90  83c20003	lb	r2,3(r30)
  956  00001a94  20010000	addi	r1,r0,#0
  957  00001a98  304300ff	andi	r3,r2,#0x00ff
  958  00001a9c  60640020	seqi	r4,r3,#32
  959  00001aa0  1480002c	bnez	r4,L3_LF2
  960  00001aa4  54000000	nop; delay slot nop
  961  00001aa8  304300ff	andi	r3,r2,#0x00ff
  962  00001aac  60640009	seqi	r4,r3,#9
  963  00001ab0  1480001c	bnez	r4,L3_LF2
  964  00001ab4  54000000	nop; delay slot nop
  965  00001ab8  304300ff	andi	r3,r2,#0x00ff
  966  00001abc  6064000a	seqi	r4,r3,#10
  967  00001ac0  1480000c	bnez	r4,L3_LF2
  968  00001ac4  54000000	nop; delay slot nop
  969  00001ac8  08000008	j	L2_LF2
  970  00001acc  54000000	nop; delay slot nop
  971  00001ad0          	L3_LF2:
  972  00001ad0  20010001	addi	r1,r0,#1
  973  00001ad4          	L2_LF2:
  974  00001ad4  08000004	j	L1_LF2
  975  00001ad8  54000000	nop; delay slot nop
  976  00001adc          	L1_LF2:
  977  00001adc  8fa20000	lw	r2,0(r29)
  978  00001ae0  8fa30004	lw	r3,4(r29)
  979  00001ae4  8fa40008	lw	r4,8(r29)
  980  00001ae8  8fdffff8	lw	r31,-8(r30)
  981  00001aec  001ee820	add	r29,r0,r30
  982  00001af0  8fdefffc	lw	r30,-4(r30)
  983  00001af4  4be00000	jr	r31
  984  00001af8  54000000	nop
  985  00001afc          	.endproc _isspace
  986  00001afc          	.align 2
  987  00001afc          	.proc _isxdigit
  988  00001afc          	.global _isxdigit
  989  00001afc          	_isxdigit:
  990                      ;  Function 'isxdigit'; 0 bytes of locals, 3 regs to save.
  991  00001afc  afbefffc	sw	-4(r29),r30; push fp
  992  00001b00  001df020	add	r30,r0,r29; fp = sp
  993  00001b04  afbffff8	sw	-8(r29),r31; push ret addr
  994  00001b08  2fbd0018	subui	r29,r29,#24; alloc local storage
  995  00001b0c  afa20000	sw	0(r29),r2
  996  00001b10  afa30004	sw	4(r29),r3
  997  00001b14  afa40008	sw	8(r29),r4
  998  00001b18  83c20003	lb	r2,3(r30)
  999  00001b1c  20010000	addi	r1,r0,#0
 1000  00001b20  304300ff	andi	r3,r2,#0x00ff
 1001  00001b24  6c64002f	sgtui	r4,r3,#47
 1002  00001b28  1080001c	beqz	r4,L7_LF2
 1003  00001b2c  54000000	nop; delay slot nop
 1004  00001b30  304300ff	andi	r3,r2,#0x00ff
 1005  00001b34  70640039	sleui	r4,r3,#57
 1006  00001b38  1480005c	bnez	r4,L6_LF2
 1007  00001b3c  54000000	nop; delay slot nop
 1008  00001b40  08000004	j	L7_LF2
 1009  00001b44  54000000	nop; delay slot nop
 1010  00001b48          	L7_LF2:
 1011  00001b48  304300ff	andi	r3,r2,#0x00ff
 1012  00001b4c  6c640060	sgtui	r4,r3,#96
 1013  00001b50  1080001c	beqz	r4,L8_LF2
 1014  00001b54  54000000	nop; delay slot nop
 1015  00001b58  304300ff	andi	r3,r2,#0x00ff
 1016  00001b5c  70640066	sleui	r4,r3,#102
 1017  00001b60  14800034	bnez	r4,L6_LF2
 1018  00001b64  54000000	nop; delay slot nop
 1019  00001b68  08000004	j	L8_LF2
 1020  00001b6c  54000000	nop; delay slot nop
 1021  00001b70          	L8_LF2:
 1022  00001b70  304300ff	andi	r3,r2,#0x00ff
 1023  00001b74  6c640040	sgtui	r4,r3,#64
 1024  00001b78  10800020	beqz	r4,L5_LF2
 1025  00001b7c  54000000	nop; delay slot nop
 1026  00001b80  304300ff	andi	r3,r2,#0x00ff
 1027  00001b84  70640041	sleui	r4,r3,#65
 1028  00001b88  1480000c	bnez	r4,L6_LF2
 1029  00001b8c  54000000	nop; delay slot nop
 1030  00001b90  08000008	j	L5_LF2
 1031  00001b94  54000000	nop; delay slot nop
 1032  00001b98          	L6_LF2:
 1033  00001b98  20010001	addi	r1,r0,#1
 1034  00001b9c          	L5_LF2:
 1035  00001b9c  08000004	j	L4_LF2
 1036  00001ba0  54000000	nop; delay slot nop
 1037  00001ba4          	L4_LF2:
 1038  00001ba4  8fa20000	lw	r2,0(r29)
 1039  00001ba8  8fa30004	lw	r3,4(r29)
 1040  00001bac  8fa40008	lw	r4,8(r29)
 1041  00001bb0  8fdffff8	lw	r31,-8(r30)
 1042  00001bb4  001ee820	add	r29,r0,r30
 1043  00001bb8  8fdefffc	lw	r30,-4(r30)
 1044  00001bbc  4be00000	jr	r31
 1045  00001bc0  54000000	nop
 1046  00001bc4          	.endproc _isxdigit
 1047  00001bc4          	.align 2
 1048  00001bc4          	.proc _dstrcpy
 1049  00001bc4          	.global _dstrcpy
 1050  00001bc4          	_dstrcpy:
 1051                      ;  Function 'dstrcpy'; 8 bytes of locals, 2 regs to save.
 1052  00001bc4  afbefffc	sw	-4(r29),r30; push fp
 1053  00001bc8  001df020	add	r30,r0,r29; fp = sp
 1054  00001bcc  afbffff8	sw	-8(r29),r31; push ret addr
 1055  00001bd0  2fbd0018	subui	r29,r29,#24; alloc local storage
 1056  00001bd4  afa20000	sw	0(r29),r2
 1057  00001bd8  afa30004	sw	4(r29),r3
 1058  00001bdc  8fc10000	lw	r1,(r30)
 1059  00001be0  afc1fff4	sw	-12(r30),r1
 1060  00001be4          	L10_LF2:
 1061  00001be4  8fc10000	lw	r1,(r30)
 1062  00001be8  20220001	addi	r2,r1,#1
 1063  00001bec  afc20000	sw	(r30),r2
 1064  00001bf0  8fc20004	lw	r2,4(r30)
 1065  00001bf4  20430001	addi	r3,r2,#1
 1066  00001bf8  afc30004	sw	4(r30),r3
 1067  00001bfc  80420000	lb	r2,(r2)
 1068  00001c00  a0220000	sb	(r1),r2
 1069  00001c04  a3c2fff3	sb	-13(r30),r2
 1070  00001c08          	L12_LF2:
 1071  00001c08  93c1fff3	lbu	r1,-13(r30)
 1072  00001c0c  64220000	snei	r2,r1,#0
 1073  00001c10  1440000c	bnez	r2,L13_LF2
 1074  00001c14  54000000	nop; delay slot nop
 1075  00001c18  0800000c	j	L11_LF2
 1076  00001c1c  54000000	nop; delay slot nop
 1077  00001c20          	L13_LF2:
 1078  00001c20  0bffffc0	j	L10_LF2
 1079  00001c24  54000000	nop; delay slot nop
 1080  00001c28          	L11_LF2:
 1081  00001c28  8fc1fff4	lw	r1,-12(r30)
 1082  00001c2c  08000004	j	L9_LF2
 1083  00001c30  54000000	nop; delay slot nop
 1084  00001c34          	L9_LF2:
 1085  00001c34  8fa20000	lw	r2,0(r29)
 1086  00001c38  8fa30004	lw	r3,4(r29)
 1087  00001c3c  8fdffff8	lw	r31,-8(r30)
 1088  00001c40  001ee820	add	r29,r0,r30
 1089  00001c44  8fdefffc	lw	r30,-4(r30)
 1090  00001c48  4be00000	jr	r31
 1091  00001c4c  54000000	nop
 1092  00001c50          	.endproc _dstrcpy
 1093  00001c50          	.align 2
 1094  00001c50          	.proc _dstrncpy
 1095  00001c50          	.global _dstrncpy
 1096  00001c50          	_dstrncpy:
 1097                      ;  Function 'dstrncpy'; 8 bytes of locals, 2 regs to save.
 1098  00001c50  afbefffc	sw	-4(r29),r30; push fp
 1099  00001c54  001df020	add	r30,r0,r29; fp = sp
 1100  00001c58  afbffff8	sw	-8(r29),r31; push ret addr
 1101  00001c5c  2fbd0018	subui	r29,r29,#24; alloc local storage
 1102  00001c60  afa20000	sw	0(r29),r2
 1103  00001c64  afa30004	sw	4(r29),r3
 1104  00001c68  8fc10000	lw	r1,(r30)
 1105  00001c6c  afc1fff4	sw	-12(r30),r1
 1106  00001c70          	L15_LF2:
 1107  00001c70  8fc10008	lw	r1,8(r30)
 1108  00001c74  2022ffff	addi	r2,r1,#-1
 1109  00001c78  afc20008	sw	8(r30),r2
 1110  00001c7c  70210000	slei	r1,r1,#0
 1111  00001c80  1020000c	beqz	r1,L18_LF2
 1112  00001c84  54000000	nop; delay slot nop
 1113  00001c88  08000048	j	L16_LF2
 1114  00001c8c  54000000	nop; delay slot nop
 1115  00001c90          	L18_LF2:
 1116  00001c90  8fc10000	lw	r1,(r30)
 1117  00001c94  20220001	addi	r2,r1,#1
 1118  00001c98  afc20000	sw	(r30),r2
 1119  00001c9c  8fc20004	lw	r2,4(r30)
 1120  00001ca0  20430001	addi	r3,r2,#1
 1121  00001ca4  afc30004	sw	4(r30),r3
 1122  00001ca8  80420000	lb	r2,(r2)
 1123  00001cac  a0220000	sb	(r1),r2
 1124  00001cb0  a3c2fff3	sb	-13(r30),r2
 1125  00001cb4          	L17_LF2:
 1126  00001cb4  93c1fff3	lbu	r1,-13(r30)
 1127  00001cb8  64220000	snei	r2,r1,#0
 1128  00001cbc  1440000c	bnez	r2,L19_LF2
 1129  00001cc0  54000000	nop; delay slot nop
 1130  00001cc4  0800000c	j	L16_LF2
 1131  00001cc8  54000000	nop; delay slot nop
 1132  00001ccc          	L19_LF2:
 1133  00001ccc  0bffffa0	j	L15_LF2
 1134  00001cd0  54000000	nop; delay slot nop
 1135  00001cd4          	L16_LF2:
 1136  00001cd4  8fc1fff4	lw	r1,-12(r30)
 1137  00001cd8  08000004	j	L14_LF2
 1138  00001cdc  54000000	nop; delay slot nop
 1139  00001ce0          	L14_LF2:
 1140  00001ce0  8fa20000	lw	r2,0(r29)
 1141  00001ce4  8fa30004	lw	r3,4(r29)
 1142  00001ce8  8fdffff8	lw	r31,-8(r30)
 1143  00001cec  001ee820	add	r29,r0,r30
 1144  00001cf0  8fdefffc	lw	r30,-4(r30)
 1145  00001cf4  4be00000	jr	r31
 1146  00001cf8  54000000	nop
 1147  00001cfc          	.endproc _dstrncpy
 1148  00001cfc          	.align 2
 1149  00001cfc          	.proc _dstrcat
 1150  00001cfc          	.global _dstrcat
 1151  00001cfc          	_dstrcat:
 1152                      ;  Function 'dstrcat'; 8 bytes of locals, 1 regs to save.
 1153  00001cfc  afbefffc	sw	-4(r29),r30; push fp
 1154  00001d00  001df020	add	r30,r0,r29; fp = sp
 1155  00001d04  afbffff8	sw	-8(r29),r31; push ret addr
 1156  00001d08  2fbd0018	subui	r29,r29,#24; alloc local storage
 1157  00001d0c  afa20000	sw	0(r29),r2
 1158  00001d10  8fc10000	lw	r1,(r30)
 1159  00001d14  afc1fff4	sw	-12(r30),r1
 1160  00001d18          	L21_LF2:
 1161  00001d18  8fc10000	lw	r1,(r30)
 1162  00001d1c  90220000	lbu	r2,(r1)
 1163  00001d20  64410000	snei	r1,r2,#0
 1164  00001d24  1420000c	bnez	r1,L23_LF2
 1165  00001d28  54000000	nop; delay slot nop
 1166  00001d2c  0800001c	j	L22_LF2
 1167  00001d30  54000000	nop; delay slot nop
 1168  00001d34          	L23_LF2:
 1169  00001d34  8fc20000	lw	r2,(r30)
 1170  00001d38  20410001	addi	r1,r2,#1
 1171  00001d3c  00011020	add	r2,r0,r1
 1172  00001d40  afc20000	sw	(r30),r2
 1173  00001d44  0bffffd0	j	L21_LF2
 1174  00001d48  54000000	nop; delay slot nop
 1175  00001d4c          	L22_LF2:
 1176  00001d4c  23bdfff8	addi	r29,r29,#-8
 1177  00001d50  001d0820	add	r1,r0,r29
 1178  00001d54  8fc20000	lw	r2,(r30)
 1179  00001d58  ac220000	sw	(r1),r2
 1180  00001d5c  8fc20004	lw	r2,4(r30)
 1181  00001d60  ac220004	sw	4(r1),r2
 1182  00001d64  0ffffe5c	jal	_dstrcpy
 1183  00001d68  54000000	nop; delay slot nop
 1184  00001d6c  23bd0008	addi	r29,r29,#8
 1185  00001d70  8fc1fff4	lw	r1,-12(r30)
 1186  00001d74  08000004	j	L20_LF2
 1187  00001d78  54000000	nop; delay slot nop
 1188  00001d7c          	L20_LF2:
 1189  00001d7c  8fa20000	lw	r2,0(r29)
 1190  00001d80  8fdffff8	lw	r31,-8(r30)
 1191  00001d84  001ee820	add	r29,r0,r30
 1192  00001d88  8fdefffc	lw	r30,-4(r30)
 1193  00001d8c  4be00000	jr	r31
 1194  00001d90  54000000	nop
 1195  00001d94          	.endproc _dstrcat
 1196  00001d94          	.align 2
 1197  00001d94          	.proc _dstrncmp
 1198  00001d94          	.global _dstrncmp
 1199  00001d94          	_dstrncmp:
 1200                      ;  Function 'dstrncmp'; 8 bytes of locals, 2 regs to save.
 1201  00001d94  afbefffc	sw	-4(r29),r30; push fp
 1202  00001d98  001df020	add	r30,r0,r29; fp = sp
 1203  00001d9c  afbffff8	sw	-8(r29),r31; push ret addr
 1204  00001da0  2fbd0018	subui	r29,r29,#24; alloc local storage
 1205  00001da4  afa20000	sw	0(r29),r2
 1206  00001da8  afa30004	sw	4(r29),r3
 1207  00001dac  54000000	nop
 1208  00001db0  20010000	addi	r1,r0,#0
 1209  00001db4  afc1fff4	sw	-12(r30),r1
 1210  00001db8          	L25_LF2:
 1211  00001db8  8fc1fff4	lw	r1,-12(r30)
 1212  00001dbc  8fc20008	lw	r2,8(r30)
 1213  00001dc0  0022082a	slt	r1,r1,r2
 1214  00001dc4  1420000c	bnez	r1,L28_LF2
 1215  00001dc8  54000000	nop; delay slot nop
 1216  00001dcc  08000088	j	L26_LF2
 1217  00001dd0  54000000	nop; delay slot nop
 1218  00001dd4          	L28_LF2:
 1219  00001dd4  8fc10004	lw	r1,4(r30)
 1220  00001dd8  90220000	lbu	r2,(r1)
 1221  00001ddc  64410000	snei	r1,r2,#0
 1222  00001de0  14200018	bnez	r1,L29_LF2
 1223  00001de4  54000000	nop; delay slot nop
 1224  00001de8  20010000	addi	r1,r0,#0
 1225  00001dec  080000d8	j	L24_LF2
 1226  00001df0  54000000	nop; delay slot nop
 1227  00001df4  08000028	j	L30_LF2
 1228  00001df8  54000000	nop; delay slot nop
 1229  00001dfc          	L29_LF2:
 1230  00001dfc  8fc10000	lw	r1,(r30)
 1231  00001e00  8fc20004	lw	r2,4(r30)
 1232  00001e04  90210000	lbu	r1,(r1)
 1233  00001e08  90420000	lbu	r2,(r2)
 1234  00001e0c  00220829	sne	r1,r1,r2
 1235  00001e10  1020000c	beqz	r1,L30_LF2
 1236  00001e14  54000000	nop; delay slot nop
 1237  00001e18  0800003c	j	L26_LF2
 1238  00001e1c  54000000	nop; delay slot nop
 1239  00001e20          	L31_LF2:
 1240  00001e20          	L30_LF2:
 1241  00001e20  8fc20000	lw	r2,(r30)
 1242  00001e24  20410001	addi	r1,r2,#1
 1243  00001e28  00011020	add	r2,r0,r1
 1244  00001e2c  afc20000	sw	(r30),r2
 1245  00001e30  8fc20004	lw	r2,4(r30)
 1246  00001e34  20410001	addi	r1,r2,#1
 1247  00001e38  00011020	add	r2,r0,r1
 1248  00001e3c  afc20004	sw	4(r30),r2
 1249  00001e40          	L27_LF2:
 1250  00001e40  8fc2fff4	lw	r2,-12(r30)
 1251  00001e44  20410001	addi	r1,r2,#1
 1252  00001e48  00011020	add	r2,r0,r1
 1253  00001e4c  afc2fff4	sw	-12(r30),r2
 1254  00001e50  0bffff64	j	L25_LF2
 1255  00001e54  54000000	nop; delay slot nop
 1256  00001e58          	L26_LF2:
 1257  00001e58  8fc1fff4	lw	r1,-12(r30)
 1258  00001e5c  8fc20008	lw	r2,8(r30)
 1259  00001e60  00220828	seq	r1,r1,r2
 1260  00001e64  10200018	beqz	r1,L32_LF2
 1261  00001e68  54000000	nop; delay slot nop
 1262  00001e6c  20010000	addi	r1,r0,#0
 1263  00001e70  08000054	j	L24_LF2
 1264  00001e74  54000000	nop; delay slot nop
 1265  00001e78  0800004c	j	L33_LF2
 1266  00001e7c  54000000	nop; delay slot nop
 1267  00001e80          	L32_LF2:
 1268  00001e80  8fc20000	lw	r2,(r30)
 1269  00001e84  90410000	lbu	r1,(r2)
 1270  00001e88  8fc20004	lw	r2,4(r30)
 1271  00001e8c  90430000	lbu	r3,(r2)
 1272  00001e90  00230822	sub	r1,r1,r3
 1273  00001e94  74220000	sgei	r2,r1,#0
 1274  00001e98  10400020	beqz	r2,L34_LF2
 1275  00001e9c  54000000	nop; delay slot nop
 1276  00001ea0  8fc10000	lw	r1,(r30)
 1277  00001ea4  8fc20004	lw	r2,4(r30)
 1278  00001ea8  90210000	lbu	r1,(r1)
 1279  00001eac  90420000	lbu	r2,(r2)
 1280  00001eb0  00220829	sne	r1,r1,r2
 1281  00001eb4  08000008	j	L35_LF2
 1282  00001eb8  54000000	nop; delay slot nop
 1283  00001ebc          	L34_LF2:
 1284  00001ebc  2001ffff	addi	r1,r0,#-1
 1285  00001ec0          	L35_LF2:
 1286  00001ec0  08000004	j	L24_LF2
 1287  00001ec4  54000000	nop; delay slot nop
 1288  00001ec8          	L33_LF2:
 1289  00001ec8          	L24_LF2:
 1290  00001ec8  8fa20000	lw	r2,0(r29)
 1291  00001ecc  8fa30004	lw	r3,4(r29)
 1292  00001ed0  8fdffff8	lw	r31,-8(r30)
 1293  00001ed4  001ee820	add	r29,r0,r30
 1294  00001ed8  8fdefffc	lw	r30,-4(r30)
 1295  00001edc  4be00000	jr	r31
 1296  00001ee0  54000000	nop
 1297  00001ee4          	.endproc _dstrncmp
 1298  00001ee4          	.align 2
 1299  00001ee4          	.proc _dstrlen
 1300  00001ee4          	.global _dstrlen
 1301  00001ee4          	_dstrlen:
 1302                      ;  Function 'dstrlen'; 8 bytes of locals, 1 regs to save.
 1303  00001ee4  afbefffc	sw	-4(r29),r30; push fp
 1304  00001ee8  001df020	add	r30,r0,r29; fp = sp
 1305  00001eec  afbffff8	sw	-8(r29),r31; push ret addr
 1306  00001ef0  2fbd0018	subui	r29,r29,#24; alloc local storage
 1307  00001ef4  afa20000	sw	0(r29),r2
 1308  00001ef8  20010000	addi	r1,r0,#0
 1309  00001efc  afc1fff4	sw	-12(r30),r1
 1310  00001f00          	L37_LF2:
 1311  00001f00  8fc10000	lw	r1,(r30)
 1312  00001f04  20220001	addi	r2,r1,#1
 1313  00001f08  afc20000	sw	(r30),r2
 1314  00001f0c  90210000	lbu	r1,(r1)
 1315  00001f10  64220000	snei	r2,r1,#0
 1316  00001f14  1440000c	bnez	r2,L39_LF2
 1317  00001f18  54000000	nop; delay slot nop
 1318  00001f1c  0800001c	j	L38_LF2
 1319  00001f20  54000000	nop; delay slot nop
 1320  00001f24          	L39_LF2:
 1321  00001f24  8fc2fff4	lw	r2,-12(r30)
 1322  00001f28  20410001	addi	r1,r2,#1
 1323  00001f2c  00011020	add	r2,r0,r1
 1324  00001f30  afc2fff4	sw	-12(r30),r2
 1325  00001f34  0bffffc8	j	L37_LF2
 1326  00001f38  54000000	nop; delay slot nop
 1327  00001f3c          	L38_LF2:
 1328  00001f3c  8fc1fff4	lw	r1,-12(r30)
 1329  00001f40  08000004	j	L36_LF2
 1330  00001f44  54000000	nop; delay slot nop
 1331  00001f48          	L36_LF2:
 1332  00001f48  8fa20000	lw	r2,0(r29)
 1333  00001f4c  8fdffff8	lw	r31,-8(r30)
 1334  00001f50  001ee820	add	r29,r0,r30
 1335  00001f54  8fdefffc	lw	r30,-4(r30)
 1336  00001f58  4be00000	jr	r31
 1337  00001f5c  54000000	nop
 1338  00001f60          	.endproc _dstrlen
 1339  00001f60          	.align 2
 1340  00001f60          	.proc _dstrstr
 1341  00001f60          	.global _dstrstr
 1342  00001f60          	_dstrstr:
 1343                      ;  Function 'dstrstr'; 8 bytes of locals, 1 regs to save.
 1344  00001f60  afbefffc	sw	-4(r29),r30; push fp
 1345  00001f64  001df020	add	r30,r0,r29; fp = sp
 1346  00001f68  afbffff8	sw	-8(r29),r31; push ret addr
 1347  00001f6c  2fbd0018	subui	r29,r29,#24; alloc local storage
 1348  00001f70  afa20000	sw	0(r29),r2
 1349  00001f74  23bdfff8	addi	r29,r29,#-8
 1350  00001f78  001d0820	add	r1,r0,r29
 1351  00001f7c  8fc20004	lw	r2,4(r30)
 1352  00001f80  ac220000	sw	(r1),r2
 1353  00001f84  0fffff5c	jal	_dstrlen
 1354  00001f88  54000000	nop; delay slot nop
 1355  00001f8c  23bd0008	addi	r29,r29,#8
 1356  00001f90  afc1fff4	sw	-12(r30),r1
 1357  00001f94          	L41_LF2:
 1358  00001f94  8fc10000	lw	r1,(r30)
 1359  00001f98  90220000	lbu	r2,(r1)
 1360  00001f9c  64410000	snei	r1,r2,#0
 1361  00001fa0  1420000c	bnez	r1,L43_LF2
 1362  00001fa4  54000000	nop; delay slot nop
 1363  00001fa8  08000060	j	L42_LF2
 1364  00001fac  54000000	nop; delay slot nop
 1365  00001fb0          	L43_LF2:
 1366  00001fb0  23bdfff0	addi	r29,r29,#-16
 1367  00001fb4  001d0820	add	r1,r0,r29
 1368  00001fb8  8fc20000	lw	r2,(r30)
 1369  00001fbc  ac220000	sw	(r1),r2
 1370  00001fc0  8fc20004	lw	r2,4(r30)
 1371  00001fc4  ac220004	sw	4(r1),r2
 1372  00001fc8  8fc2fff4	lw	r2,-12(r30)
 1373  00001fcc  ac220008	sw	8(r1),r2
 1374  00001fd0  0ffffdc0	jal	_dstrncmp
 1375  00001fd4  54000000	nop; delay slot nop
 1376  00001fd8  23bd0010	addi	r29,r29,#16
 1377  00001fdc  64220000	snei	r2,r1,#0
 1378  00001fe0  14400010	bnez	r2,L44_LF2
 1379  00001fe4  54000000	nop; delay slot nop
 1380  00001fe8  8fc10000	lw	r1,(r30)
 1381  00001fec  08000028	j	L40_LF2
 1382  00001ff0  54000000	nop; delay slot nop
 1383  00001ff4          	L44_LF2:
 1384  00001ff4  8fc20000	lw	r2,(r30)
 1385  00001ff8  20410001	addi	r1,r2,#1
 1386  00001ffc  00011020	add	r2,r0,r1
 1387  00002000  afc20000	sw	(r30),r2
 1388  00002004  0bffff8c	j	L41_LF2
 1389  00002008  54000000	nop; delay slot nop
 1390  0000200c          	L42_LF2:
 1391  0000200c  20010000	addi	r1,r0,#0
 1392  00002010  08000004	j	L40_LF2
 1393  00002014  54000000	nop; delay slot nop
 1394  00002018          	L40_LF2:
 1395  00002018  8fa20000	lw	r2,0(r29)
 1396  0000201c  8fdffff8	lw	r31,-8(r30)
 1397  00002020  001ee820	add	r29,r0,r30
 1398  00002024  8fdefffc	lw	r30,-4(r30)
 1399  00002028  4be00000	jr	r31
 1400  0000202c  54000000	nop
 1401  00002030          	.endproc _dstrstr
 1402  00002030          	.align 2
 1403  00002030          	.proc _dmindex
 1404  00002030          	.global _dmindex
 1405  00002030          	_dmindex:
 1406                      ;  Function 'dmindex'; 8 bytes of locals, 1 regs to save.
 1407  00002030  afbefffc	sw	-4(r29),r30; push fp
 1408  00002034  001df020	add	r30,r0,r29; fp = sp
 1409  00002038  afbffff8	sw	-8(r29),r31; push ret addr
 1410  0000203c  2fbd0018	subui	r29,r29,#24; alloc local storage
 1411  00002040  afa20000	sw	0(r29),r2
 1412  00002044  54000000	nop
 1413  00002048          	L46_LF2:
 1414  00002048  8fc10000	lw	r1,(r30)
 1415  0000204c  90220000	lbu	r2,(r1)
 1416  00002050  64410000	snei	r1,r2,#0
 1417  00002054  1420000c	bnez	r1,L48_LF2
 1418  00002058  54000000	nop; delay slot nop
 1419  0000205c  08000070	j	L47_LF2
 1420  00002060  54000000	nop; delay slot nop
 1421  00002064          	L48_LF2:
 1422  00002064  8fc10004	lw	r1,4(r30)
 1423  00002068  afc1fff4	sw	-12(r30),r1
 1424  0000206c          	L49_LF2:
 1425  0000206c  8fc1fff4	lw	r1,-12(r30)
 1426  00002070  90220000	lbu	r2,(r1)
 1427  00002074  64410000	snei	r1,r2,#0
 1428  00002078  1420000c	bnez	r1,L52_LF2
 1429  0000207c  54000000	nop; delay slot nop
 1430  00002080  08000044	j	L50_LF2
 1431  00002084  54000000	nop; delay slot nop
 1432  00002088          	L52_LF2:
 1433  00002088  8fc10000	lw	r1,(r30)
 1434  0000208c  8fc2fff4	lw	r2,-12(r30)
 1435  00002090  90210000	lbu	r1,(r1)
 1436  00002094  90420000	lbu	r2,(r2)
 1437  00002098  00220828	seq	r1,r1,r2
 1438  0000209c  10200010	beqz	r1,L51_LF2
 1439  000020a0  54000000	nop; delay slot nop
 1440  000020a4  8fc10000	lw	r1,(r30)
 1441  000020a8  08000030	j	L45_LF2
 1442  000020ac  54000000	nop; delay slot nop
 1443  000020b0          	L53_LF2:
 1444  000020b0          	L51_LF2:
 1445  000020b0  8fc2fff4	lw	r2,-12(r30)
 1446  000020b4  20410001	addi	r1,r2,#1
 1447  000020b8  00011020	add	r2,r0,r1
 1448  000020bc  afc2fff4	sw	-12(r30),r2
 1449  000020c0  0bffffa8	j	L49_LF2
 1450  000020c4  54000000	nop; delay slot nop
 1451  000020c8          	L50_LF2:
 1452  000020c8  0bffff7c	j	L46_LF2
 1453  000020cc  54000000	nop; delay slot nop
 1454  000020d0          	L47_LF2:
 1455  000020d0  20010000	addi	r1,r0,#0
 1456  000020d4  08000004	j	L45_LF2
 1457  000020d8  54000000	nop; delay slot nop
 1458  000020dc          	L45_LF2:
 1459  000020dc  8fa20000	lw	r2,0(r29)
 1460  000020e0  8fdffff8	lw	r31,-8(r30)
 1461  000020e4  001ee820	add	r29,r0,r30
 1462  000020e8  8fdefffc	lw	r30,-4(r30)
 1463  000020ec  4be00000	jr	r31
 1464  000020f0  54000000	nop
 1465  000020f4          	.endproc _dmindex
 1466  000020f4          	.align 2
 1467  000020f4          	.proc _dindex
 1468  000020f4          	.global _dindex
 1469  000020f4          	_dindex:
 1470                      ;  Function 'dindex'; 0 bytes of locals, 1 regs to save.
 1471  000020f4  afbefffc	sw	-4(r29),r30; push fp
 1472  000020f8  001df020	add	r30,r0,r29; fp = sp
 1473  000020fc  afbffff8	sw	-8(r29),r31; push ret addr
 1474  00002100  2fbd0010	subui	r29,r29,#16; alloc local storage
 1475  00002104  afa20000	sw	0(r29),r2
 1476  00002108  54000000	nop
 1477  0000210c          	L55_LF2:
 1478  0000210c  8fc10000	lw	r1,(r30)
 1479  00002110  90220000	lbu	r2,(r1)
 1480  00002114  64410000	snei	r1,r2,#0
 1481  00002118  1420000c	bnez	r1,L57_LF2
 1482  0000211c  54000000	nop; delay slot nop
 1483  00002120  08000040	j	L56_LF2
 1484  00002124  54000000	nop; delay slot nop
 1485  00002128          	L57_LF2:
 1486  00002128  8fc10000	lw	r1,(r30)
 1487  0000212c  90220000	lbu	r2,(r1)
 1488  00002130  8fc10004	lw	r1,4(r30)
 1489  00002134  00411028	seq	r2,r2,r1
 1490  00002138  10400010	beqz	r2,L58_LF2
 1491  0000213c  54000000	nop; delay slot nop
 1492  00002140  8fc10000	lw	r1,(r30)
 1493  00002144  08000028	j	L54_LF2
 1494  00002148  54000000	nop; delay slot nop
 1495  0000214c          	L58_LF2:
 1496  0000214c  8fc20000	lw	r2,(r30)
 1497  00002150  20410001	addi	r1,r2,#1
 1498  00002154  00011020	add	r2,r0,r1
 1499  00002158  afc20000	sw	(r30),r2
 1500  0000215c  0bffffac	j	L55_LF2
 1501  00002160  54000000	nop; delay slot nop
 1502  00002164          	L56_LF2:
 1503  00002164  20010000	addi	r1,r0,#0
 1504  00002168  08000004	j	L54_LF2
 1505  0000216c  54000000	nop; delay slot nop
 1506  00002170          	L54_LF2:
 1507  00002170  8fa20000	lw	r2,0(r29)
 1508  00002174  8fdffff8	lw	r31,-8(r30)
 1509  00002178  001ee820	add	r29,r0,r30
 1510  0000217c  8fdefffc	lw	r30,-4(r30)
 1511  00002180  4be00000	jr	r31
 1512  00002184  54000000	nop
 1513  00002188          	.endproc _dindex
 1514  00002188          	.align 2
 1515  00002188          	.proc _ditoa
 1516  00002188          	.global _ditoa
 1517  00002188          	_ditoa:
 1518                      ;  Function 'ditoa'; 8 bytes of locals, 2 regs to save.
 1519  00002188  afbefffc	sw	-4(r29),r30; push fp
 1520  0000218c  001df020	add	r30,r0,r29; fp = sp
 1521  00002190  afbffff8	sw	-8(r29),r31; push ret addr
 1522  00002194  2fbd0018	subui	r29,r29,#24; alloc local storage
 1523  00002198  afa20000	sw	0(r29),r2
 1524  0000219c  afa30004	sw	4(r29),r3
 1525  000021a0  8fc10000	lw	r1,(r30)
 1526  000021a4  68220000	slti	r2,r1,#0
 1527  000021a8  1040002c	beqz	r2,L60_LF2
 1528  000021ac  54000000	nop; delay slot nop
 1529  000021b0  8fc10004	lw	r1,4(r30)
 1530  000021b4  20220001	addi	r2,r1,#1
 1531  000021b8  afc20004	sw	4(r30),r2
 1532  000021bc  2002002d	addi	r2,r0,(#0x2d)&0xff
 1533  000021c0  a0220000	sb	(r1),r2
 1534  000021c4  8fc10000	lw	r1,(r30)
 1535  000021c8  00011022	sub	r2,r0,r1
 1536  000021cc  afc20000	sw	(r30),r2
 1537  000021d0  08000118	j	L61_LF2
 1538  000021d4  54000000	nop; delay slot nop
 1539  000021d8          	L60_LF2:
 1540  000021d8  8fc10000	lw	r1,(r30)
 1541  000021dc  64220000	snei	r2,r1,#0
 1542  000021e0  14400020	bnez	r2,L62_LF2
 1543  000021e4  54000000	nop; delay slot nop
 1544  000021e8  8fc10004	lw	r1,4(r30)
 1545  000021ec  20220001	addi	r2,r1,#1
 1546  000021f0  afc20004	sw	4(r30),r2
 1547  000021f4  20020030	addi	r2,r0,(#0x30)&0xff
 1548  000021f8  a0220000	sb	(r1),r2
 1549  000021fc  080000ec	j	L61_LF2
 1550  00002200  54000000	nop; delay slot nop
 1551  00002204          	L62_LF2:
 1552  00002204  20010001	addi	r1,r0,#1
 1553  00002208  afc1fff4	sw	-12(r30),r1
 1554  0000220c          	L64_LF2:
 1555  0000220c  8fc1fff4	lw	r1,-12(r30)
 1556  00002210  8fc20000	lw	r2,(r30)
 1557  00002214  0022082c	sle	r1,r1,r2
 1558  00002218  1420000c	bnez	r1,L66_LF2
 1559  0000221c  54000000	nop; delay slot nop
 1560  00002220  08000024	j	L65_LF2
 1561  00002224  54000000	nop; delay slot nop
 1562  00002228          	L67_LF2:
 1563  00002228          	L66_LF2:
 1564  00002228  8fc1fff4	lw	r1,-12(r30)
 1565  0000222c  00011820	add	r3,r0,r1
 1566  00002230  50620002	slli	r2,r3,#0x2
 1567  00002234  00411020	add	r2,r2,r1
 1568  00002238  50410001	slli	r1,r2,#0x1
 1569  0000223c  afc1fff4	sw	-12(r30),r1
 1570  00002240  0bffffc8	j	L64_LF2
 1571  00002244  54000000	nop; delay slot nop
 1572  00002248          	L65_LF2:
 1573  00002248  54000000	nop
 1574  0000224c          	L68_LF2:
 1575  0000224c  8fc1fff4	lw	r1,-12(r30)
 1576  00002250  2002000a	addi	r2,r0,#10
 1577  00002254  00200035	movi2fp	f0,r1
 1578  00002258  00400835	movi2fp	f1,r2
 1579  0000225c  0401000f	div	f0,f0,f1
 1580  00002260  00000834	movfp2i	r1,f0
 1581  00002264  afc1fff4	sw	-12(r30),r1
 1582  00002268  8fc10004	lw	r1,4(r30)
 1583  0000226c  20220001	addi	r2,r1,#1
 1584  00002270  afc20004	sw	4(r30),r2
 1585  00002274  8fc20000	lw	r2,(r30)
 1586  00002278  8fc3fff4	lw	r3,-12(r30)
 1587  0000227c  00400035	movi2fp	f0,r2
 1588  00002280  00600835	movi2fp	f1,r3
 1589  00002284  0401000f	div	f0,f0,f1
 1590  00002288  00001034	movfp2i	r2,f0
 1591  0000228c  00021820	add	r3,r0,r2
 1592  00002290  20620030	addi	r2,r3,#48
 1593  00002294  a0220000	sb	(r1),r2
 1594  00002298  8fc10000	lw	r1,(r30)
 1595  0000229c  8fc3fff4	lw	r3,-12(r30)
 1596  000022a0  00200035	movi2fp	f0,r1
 1597  000022a4  00600835	movi2fp	f1,r3
 1598  000022a8  0401000f	div	f0,f0,f1
 1599  000022ac  00001034	movfp2i	r2,f0
 1600  000022b0  8fc3fff4	lw	r3,-12(r30)
 1601  000022b4  00400035	movi2fp	f0,r2
 1602  000022b8  00600835	movi2fp	f1,r3
 1603  000022bc  0401000e	mult	f0,f0,f1
 1604  000022c0  00001034	movfp2i	r2,f0
 1605  000022c4  00220822	sub	r1,r1,r2
 1606  000022c8  afc10000	sw	(r30),r1
 1607  000022cc          	L70_LF2:
 1608  000022cc  8fc1fff4	lw	r1,-12(r30)
 1609  000022d0  6c220001	sgti	r2,r1,#1
 1610  000022d4  1440000c	bnez	r2,L71_LF2
 1611  000022d8  54000000	nop; delay slot nop
 1612  000022dc  0800000c	j	L61_LF2
 1613  000022e0  54000000	nop; delay slot nop
 1614  000022e4          	L71_LF2:
 1615  000022e4  0bffff64	j	L68_LF2
 1616  000022e8  54000000	nop; delay slot nop
 1617  000022ec          	L69_LF2:
 1618  000022ec          	L63_LF2:
 1619  000022ec          	L61_LF2:
 1620  000022ec  8fc10004	lw	r1,4(r30)
 1621  000022f0  20020000	addi	r2,r0,(#0x0)&0xff
 1622  000022f4  a0220000	sb	(r1),r2
 1623  000022f8          	L59_LF2:
 1624  000022f8  8fa20000	lw	r2,0(r29)
 1625  000022fc  8fa30004	lw	r3,4(r29)
 1626  00002300  8fdffff8	lw	r31,-8(r30)
 1627  00002304  001ee820	add	r29,r0,r30
 1628  00002308  8fdefffc	lw	r30,-4(r30)
 1629  0000230c  4be00000	jr	r31
 1630  00002310  54000000	nop
 1631  00002314          	.endproc _ditoa
 1632  00002314          	.align 2
 1633  00002314          	.proc _dstrtol
 1634  00002314          	.global _dstrtol
 1635  00002314          	_dstrtol:
 1636                      ;  Function 'dstrtol'; 16 bytes of locals, 1 regs to save.
 1637  00002314  afbefffc	sw	-4(r29),r30; push fp
 1638  00002318  001df020	add	r30,r0,r29; fp = sp
 1639  0000231c  afbffff8	sw	-8(r29),r31; push ret addr
 1640  00002320  2fbd0020	subui	r29,r29,#32; alloc local storage
 1641  00002324  afa20000	sw	0(r29),r2
 1642  00002328  20010000	addi	r1,r0,#0
 1643  0000232c  afc1fff4	sw	-12(r30),r1
 1644  00002330          	L73_LF2:
 1645  00002330  8fc10000	lw	r1,(r30)
 1646  00002334  90220000	lbu	r2,(r1)
 1647  00002338  60410020	seqi	r1,r2,#32
 1648  0000233c  14200034	bnez	r1,L75_LF2
 1649  00002340  54000000	nop; delay slot nop
 1650  00002344  8fc10000	lw	r1,(r30)
 1651  00002348  90220000	lbu	r2,(r1)
 1652  0000234c  60410009	seqi	r1,r2,#9
 1653  00002350  14200020	bnez	r1,L75_LF2
 1654  00002354  54000000	nop; delay slot nop
 1655  00002358  8fc10000	lw	r1,(r30)
 1656  0000235c  90220000	lbu	r2,(r1)
 1657  00002360  6041000a	seqi	r1,r2,#10
 1658  00002364  1420000c	bnez	r1,L75_LF2
 1659  00002368  54000000	nop; delay slot nop
 1660  0000236c  0800001c	j	L74_LF2
 1661  00002370  54000000	nop; delay slot nop
 1662  00002374          	L75_LF2:
 1663  00002374  8fc20000	lw	r2,(r30)
 1664  00002378  20410001	addi	r1,r2,#1
 1665  0000237c  00011020	add	r2,r0,r1
 1666  00002380  afc20000	sw	(r30),r2
 1667  00002384  0bffffa8	j	L73_LF2
 1668  00002388  54000000	nop; delay slot nop
 1669  0000238c          	L74_LF2:
 1670  0000238c  8fc10004	lw	r1,4(r30)
 1671  00002390  64220000	snei	r2,r1,#0
 1672  00002394  10400010	beqz	r2,L76_LF2
 1673  00002398  54000000	nop; delay slot nop
 1674  0000239c  8fc10004	lw	r1,4(r30)
 1675  000023a0  8fc20000	lw	r2,(r30)
 1676  000023a4  ac220000	sw	(r1),r2
 1677  000023a8          	L76_LF2:
 1678  000023a8  8fc10000	lw	r1,(r30)
 1679  000023ac  90220000	lbu	r2,(r1)
 1680  000023b0  64410000	snei	r1,r2,#0
 1681  000023b4  14200010	bnez	r1,L77_LF2
 1682  000023b8  54000000	nop; delay slot nop
 1683  000023bc  8fc1fff4	lw	r1,-12(r30)
 1684  000023c0  08000294	j	L72_LF2
 1685  000023c4  54000000	nop; delay slot nop
 1686  000023c8          	L77_LF2:
 1687  000023c8  8fc10000	lw	r1,(r30)
 1688  000023cc  90220000	lbu	r2,(r1)
 1689  000023d0  6041002d	seqi	r1,r2,#45
 1690  000023d4  10200024	beqz	r1,L78_LF2
 1691  000023d8  54000000	nop; delay slot nop
 1692  000023dc  2001ffff	addi	r1,r0,#-1
 1693  000023e0  afc1ffec	sw	-20(r30),r1
 1694  000023e4  8fc20000	lw	r2,(r30)
 1695  000023e8  20410001	addi	r1,r2,#1
 1696  000023ec  00011020	add	r2,r0,r1
 1697  000023f0  afc20000	sw	(r30),r2
 1698  000023f4  0800000c	j	L79_LF2
 1699  000023f8  54000000	nop; delay slot nop
 1700  000023fc          	L78_LF2:
 1701  000023fc  20010001	addi	r1,r0,#1
 1702  00002400  afc1ffec	sw	-20(r30),r1
 1703  00002404          	L79_LF2:
 1704  00002404  8fc10008	lw	r1,8(r30)
 1705  00002408  64220000	snei	r2,r1,#0
 1706  0000240c  14400090	bnez	r2,L80_LF2
 1707  00002410  54000000	nop; delay slot nop
 1708  00002414  8fc10000	lw	r1,(r30)
 1709  00002418  90220000	lbu	r2,(r1)
 1710  0000241c  60410030	seqi	r1,r2,#48
 1711  00002420  10200074	beqz	r1,L81_LF2
 1712  00002424  54000000	nop; delay slot nop
 1713  00002428  8fc20000	lw	r2,(r30)
 1714  0000242c  20410001	addi	r1,r2,#1
 1715  00002430  00011020	add	r2,r0,r1
 1716  00002434  afc20000	sw	(r30),r2
 1717  00002438  8fc10000	lw	r1,(r30)
 1718  0000243c  90220000	lbu	r2,(r1)
 1719  00002440  60410078	seqi	r1,r2,#120
 1720  00002444  14200020	bnez	r1,L83_LF2
 1721  00002448  54000000	nop; delay slot nop
 1722  0000244c  8fc10000	lw	r1,(r30)
 1723  00002450  90220000	lbu	r2,(r1)
 1724  00002454  60410058	seqi	r1,r2,#88
 1725  00002458  1420000c	bnez	r1,L83_LF2
 1726  0000245c  54000000	nop; delay slot nop
 1727  00002460  08000024	j	L82_LF2
 1728  00002464  54000000	nop; delay slot nop
 1729  00002468          	L83_LF2:
 1730  00002468  20010010	addi	r1,r0,#16
 1731  0000246c  afc10008	sw	8(r30),r1
 1732  00002470  8fc20000	lw	r2,(r30)
 1733  00002474  20410001	addi	r1,r2,#1
 1734  00002478  00011020	add	r2,r0,r1
 1735  0000247c  afc20000	sw	(r30),r2
 1736  00002480  0800000c	j	L84_LF2
 1737  00002484  54000000	nop; delay slot nop
 1738  00002488          	L82_LF2:
 1739  00002488  20010008	addi	r1,r0,#8
 1740  0000248c  afc10008	sw	8(r30),r1
 1741  00002490          	L84_LF2:
 1742  00002490  0800000c	j	L80_LF2
 1743  00002494  54000000	nop; delay slot nop
 1744  00002498          	L81_LF2:
 1745  00002498  2001000a	addi	r1,r0,#10
 1746  0000249c  afc10008	sw	8(r30),r1
 1747  000024a0          	L85_LF2:
 1748  000024a0          	L80_LF2:
 1749  000024a0  8fc10008	lw	r1,8(r30)
 1750  000024a4  70220000	slei	r2,r1,#0
 1751  000024a8  1440001c	bnez	r2,L87_LF2
 1752  000024ac  54000000	nop; delay slot nop
 1753  000024b0  8fc10008	lw	r1,8(r30)
 1754  000024b4  6c220010	sgti	r2,r1,#16
 1755  000024b8  1440000c	bnez	r2,L87_LF2
 1756  000024bc  54000000	nop; delay slot nop
 1757  000024c0  08000010	j	L86_LF2
 1758  000024c4  54000000	nop; delay slot nop
 1759  000024c8          	L87_LF2:
 1760  000024c8  8fc1fff4	lw	r1,-12(r30)
 1761  000024cc  08000188	j	L72_LF2
 1762  000024d0  54000000	nop; delay slot nop
 1763  000024d4          	L86_LF2:
 1764  000024d4  54000000	nop
 1765  000024d8          	L88_LF2:
 1766  000024d8  8fc10000	lw	r1,(r30)
 1767  000024dc  90220000	lbu	r2,(r1)
 1768  000024e0  6c41002f	sgtui	r1,r2,#47
 1769  000024e4  10200030	beqz	r1,L91_LF2
 1770  000024e8  54000000	nop; delay slot nop
 1771  000024ec  8fc10000	lw	r1,(r30)
 1772  000024f0  90220000	lbu	r2,(r1)
 1773  000024f4  70410039	sleui	r1,r2,#57
 1774  000024f8  1020001c	beqz	r1,L91_LF2
 1775  000024fc  54000000	nop; delay slot nop
 1776  00002500  8fc10000	lw	r1,(r30)
 1777  00002504  90220000	lbu	r2,(r1)
 1778  00002508  2041ffd0	addi	r1,r2,#-48
 1779  0000250c  afc1fff0	sw	-16(r30),r1
 1780  00002510  0800008c	j	L92_LF2
 1781  00002514  54000000	nop; delay slot nop
 1782  00002518          	L91_LF2:
 1783  00002518  8fc10000	lw	r1,(r30)
 1784  0000251c  90220000	lbu	r2,(r1)
 1785  00002520  6c410060	sgtui	r1,r2,#96
 1786  00002524  10200030	beqz	r1,L93_LF2
 1787  00002528  54000000	nop; delay slot nop
 1788  0000252c  8fc10000	lw	r1,(r30)
 1789  00002530  90220000	lbu	r2,(r1)
 1790  00002534  7041007a	sleui	r1,r2,#122
 1791  00002538  1020001c	beqz	r1,L93_LF2
 1792  0000253c  54000000	nop; delay slot nop
 1793  00002540  8fc10000	lw	r1,(r30)
 1794  00002544  90220000	lbu	r2,(r1)
 1795  00002548  2041ffa9	addi	r1,r2,#-87
 1796  0000254c  afc1fff0	sw	-16(r30),r1
 1797  00002550  0800004c	j	L92_LF2
 1798  00002554  54000000	nop; delay slot nop
 1799  00002558          	L93_LF2:
 1800  00002558  8fc10000	lw	r1,(r30)
 1801  0000255c  90220000	lbu	r2,(r1)
 1802  00002560  6c410040	sgtui	r1,r2,#64
 1803  00002564  10200030	beqz	r1,L95_LF2
 1804  00002568  54000000	nop; delay slot nop
 1805  0000256c  8fc10000	lw	r1,(r30)
 1806  00002570  90220000	lbu	r2,(r1)
 1807  00002574  7041005a	sleui	r1,r2,#90
 1808  00002578  1020001c	beqz	r1,L95_LF2
 1809  0000257c  54000000	nop; delay slot nop
 1810  00002580  8fc10000	lw	r1,(r30)
 1811  00002584  90220000	lbu	r2,(r1)
 1812  00002588  2041ffc9	addi	r1,r2,#-55
 1813  0000258c  afc1fff0	sw	-16(r30),r1
 1814  00002590  0800000c	j	L92_LF2
 1815  00002594  54000000	nop; delay slot nop
 1816  00002598          	L95_LF2:
 1817  00002598  200103e8	addi	r1,r0,#1000
 1818  0000259c  afc1fff0	sw	-16(r30),r1
 1819  000025a0          	L96_LF2:
 1820  000025a0          	L94_LF2:
 1821  000025a0          	L92_LF2:
 1822  000025a0  8fc1fff0	lw	r1,-16(r30)
 1823  000025a4  8fc20008	lw	r2,8(r30)
 1824  000025a8  0022082a	slt	r1,r1,r2
 1825  000025ac  10200040	beqz	r1,L90_LF2
 1826  000025b0  54000000	nop; delay slot nop
 1827  000025b4  8fc1fff4	lw	r1,-12(r30)
 1828  000025b8  8fc20008	lw	r2,8(r30)
 1829  000025bc  00200035	movi2fp	f0,r1
 1830  000025c0  00400835	movi2fp	f1,r2
 1831  000025c4  0401000e	mult	f0,f0,f1
 1832  000025c8  00000834	movfp2i	r1,f0
 1833  000025cc  afc1fff4	sw	-12(r30),r1
 1834  000025d0  8fc1fff4	lw	r1,-12(r30)
 1835  000025d4  8fc2fff0	lw	r2,-16(r30)
 1836  000025d8  00220820	add	r1,r1,r2
 1837  000025dc  afc1fff4	sw	-12(r30),r1
 1838  000025e0  8fc20000	lw	r2,(r30)
 1839  000025e4  20410001	addi	r1,r2,#1
 1840  000025e8  00011020	add	r2,r0,r1
 1841  000025ec  afc20000	sw	(r30),r2
 1842  000025f0          	L97_LF2:
 1843  000025f0          	L90_LF2:
 1844  000025f0  8fc1fff0	lw	r1,-16(r30)
 1845  000025f4  8fc20008	lw	r2,8(r30)
 1846  000025f8  0022082a	slt	r1,r1,r2
 1847  000025fc  1420000c	bnez	r1,L98_LF2
 1848  00002600  54000000	nop; delay slot nop
 1849  00002604  0800000c	j	L89_LF2
 1850  00002608  54000000	nop; delay slot nop
 1851  0000260c          	L98_LF2:
 1852  0000260c  0bfffec8	j	L88_LF2
 1853  00002610  54000000	nop; delay slot nop
 1854  00002614          	L89_LF2:
 1855  00002614  8fc10004	lw	r1,4(r30)
 1856  00002618  64220000	snei	r2,r1,#0
 1857  0000261c  10400010	beqz	r2,L99_LF2
 1858  00002620  54000000	nop; delay slot nop
 1859  00002624  8fc10004	lw	r1,4(r30)
 1860  00002628  8fc20000	lw	r2,(r30)
 1861  0000262c  ac220000	sw	(r1),r2
 1862  00002630          	L99_LF2:
 1863  00002630  8fc1fff4	lw	r1,-12(r30)
 1864  00002634  8fc2ffec	lw	r2,-20(r30)
 1865  00002638  00200035	movi2fp	f0,r1
 1866  0000263c  00400835	movi2fp	f1,r2
 1867  00002640  0401000e	mult	f0,f0,f1
 1868  00002644  00000834	movfp2i	r1,f0
 1869  00002648  afc1fff4	sw	-12(r30),r1
 1870  0000264c  8fc1fff4	lw	r1,-12(r30)
 1871  00002650  08000004	j	L72_LF2
 1872  00002654  54000000	nop; delay slot nop
 1873  00002658          	L72_LF2:
 1874  00002658  8fa20000	lw	r2,0(r29)
 1875  0000265c  8fdffff8	lw	r31,-8(r30)
 1876  00002660  001ee820	add	r29,r0,r30
 1877  00002664  8fdefffc	lw	r30,-4(r30)
 1878  00002668  4be00000	jr	r31
 1879  0000266c  54000000	nop
 1880  00002670          	.endproc _dstrtol
 1881  00002670          	.align 2
 1882  00002670          	.proc _bcopy
 1883  00002670          	.global _bcopy
 1884  00002670          	_bcopy:
 1885                      ;  Function 'bcopy'; 0 bytes of locals, 2 regs to save.
 1886  00002670  afbefffc	sw	-4(r29),r30; push fp
 1887  00002674  001df020	add	r30,r0,r29; fp = sp
 1888  00002678  afbffff8	sw	-8(r29),r31; push ret addr
 1889  0000267c  2fbd0010	subui	r29,r29,#16; alloc local storage
 1890  00002680  afa20000	sw	0(r29),r2
 1891  00002684  afa30004	sw	4(r29),r3
 1892  00002688  54000000	nop
 1893  0000268c          	L101_LF2:
 1894  0000268c  8fc10008	lw	r1,8(r30)
 1895  00002690  2022ffff	addi	r2,r1,#-1
 1896  00002694  afc20008	sw	8(r30),r2
 1897  00002698  6c210000	sgti	r1,r1,#0
 1898  0000269c  1420000c	bnez	r1,L103_LF2
 1899  000026a0  54000000	nop; delay slot nop
 1900  000026a4  0800002c	j	L102_LF2
 1901  000026a8  54000000	nop; delay slot nop
 1902  000026ac          	L103_LF2:
 1903  000026ac  8fc10004	lw	r1,4(r30)
 1904  000026b0  20220001	addi	r2,r1,#1
 1905  000026b4  afc20004	sw	4(r30),r2
 1906  000026b8  8fc20000	lw	r2,(r30)
 1907  000026bc  20430001	addi	r3,r2,#1
 1908  000026c0  afc30000	sw	(r30),r3
 1909  000026c4  80420000	lb	r2,(r2)
 1910  000026c8  a0220000	sb	(r1),r2
 1911  000026cc  0bffffbc	j	L101_LF2
 1912  000026d0  54000000	nop; delay slot nop
 1913  000026d4          	L102_LF2:
 1914  000026d4          	L100_LF2:
 1915  000026d4  8fa20000	lw	r2,0(r29)
 1916  000026d8  8fa30004	lw	r3,4(r29)
 1917  000026dc  8fdffff8	lw	r31,-8(r30)
 1918  000026e0  001ee820	add	r29,r0,r30
 1919  000026e4  8fdefffc	lw	r30,-4(r30)
 1920  000026e8  4be00000	jr	r31
 1921  000026ec  54000000	nop
 1922  000026f0          	.endproc _bcopy
 1923  000026f0          	.align 2
 1924  000026f0          	.proc _bzero
 1925  000026f0          	.global _bzero
 1926  000026f0          	_bzero:
 1927                      ;  Function 'bzero'; 0 bytes of locals, 1 regs to save.
 1928  000026f0  afbefffc	sw	-4(r29),r30; push fp
 1929  000026f4  001df020	add	r30,r0,r29; fp = sp
 1930  000026f8  afbffff8	sw	-8(r29),r31; push ret addr
 1931  000026fc  2fbd0010	subui	r29,r29,#16; alloc local storage
 1932  00002700  afa20000	sw	0(r29),r2
 1933  00002704  54000000	nop
 1934  00002708          	L105_LF2:
 1935  00002708  8fc10004	lw	r1,4(r30)
 1936  0000270c  2022ffff	addi	r2,r1,#-1
 1937  00002710  afc20004	sw	4(r30),r2
 1938  00002714  6c210000	sgti	r1,r1,#0
 1939  00002718  1420000c	bnez	r1,L107_LF2
 1940  0000271c  54000000	nop; delay slot nop
 1941  00002720  08000020	j	L106_LF2
 1942  00002724  54000000	nop; delay slot nop
 1943  00002728          	L107_LF2:
 1944  00002728  8fc10000	lw	r1,(r30)
 1945  0000272c  20220001	addi	r2,r1,#1
 1946  00002730  afc20000	sw	(r30),r2
 1947  00002734  20020000	addi	r2,r0,(#0x0)&0xff
 1948  00002738  a0220000	sb	(r1),r2
 1949  0000273c  0bffffc8	j	L105_LF2
 1950  00002740  54000000	nop; delay slot nop
 1951  00002744          	L106_LF2:
 1952  00002744          	L104_LF2:
 1953  00002744  8fa20000	lw	r2,0(r29)
 1954  00002748  8fdffff8	lw	r31,-8(r30)
 1955  0000274c  001ee820	add	r29,r0,r30
 1956  00002750  8fdefffc	lw	r30,-4(r30)
 1957  00002754  4be00000	jr	r31
 1958  00002758  54000000	nop
 1959  0000275c          	.endproc _bzero
 1960  0000275c          	.align 2
 1961  0000275c          	.proc _min
 1962  0000275c          	.global _min
 1963  0000275c          	_min:
 1964                      ;  Function 'min'; 0 bytes of locals, 2 regs to save.
 1965  0000275c  afbefffc	sw	-4(r29),r30; push fp
 1966  00002760  001df020	add	r30,r0,r29; fp = sp
 1967  00002764  afbffff8	sw	-8(r29),r31; push ret addr
 1968  00002768  2fbd0010	subui	r29,r29,#16; alloc local storage
 1969  0000276c  afa20000	sw	0(r29),r2
 1970  00002770  afa30004	sw	4(r29),r3
 1971  00002774  8fc10000	lw	r1,(r30)
 1972  00002778  8fc20004	lw	r2,4(r30)
 1973  0000277c  0022182c	sle	r3,r1,r2
 1974  00002780  14600008	bnez	r3,L109_LF2
 1975  00002784  54000000	nop; delay slot nop
 1976  00002788  8fc10004	lw	r1,4(r30)
 1977  0000278c          	L109_LF2:
 1978  0000278c  08000004	j	L108_LF2
 1979  00002790  54000000	nop; delay slot nop
 1980  00002794          	L108_LF2:
 1981  00002794  8fa20000	lw	r2,0(r29)
 1982  00002798  8fa30004	lw	r3,4(r29)
 1983  0000279c  8fdffff8	lw	r31,-8(r30)
 1984  000027a0  001ee820	add	r29,r0,r30
 1985  000027a4  8fdefffc	lw	r30,-4(r30)
 1986  000027a8  4be00000	jr	r31
 1987  000027ac  54000000	nop
 1988  000027b0          	.endproc _min
 1989                      ;;; Ethan L. Miller, 1999.  Released to the public domain
 1990                      ;;;
 1991                      ;;; Most of the traps are called in files from libtraps.
 1994  000027b0          	.align 2
 1995  000027b0          	.proc _exit
 1996  000027b0          	.global _exit
 1997  000027b0          	_exit:
 1998  000027b0  44000300	trap	#0x300
 1999  000027b4  4be00000	jr	r31
 2000  000027b8  54000000	nop
 2001  000027bc          	.endproc _exit
 2003                      ; for the benefit of gcc.
 2004  000027bc          	.proc ___main
 2005  000027bc          	.global ___main
 2006  000027bc          	___main:
 2007  000027bc  4be00000	jr	r31
 2008  000027c0  54000000	nop
 2009  000027c4          	.endproc ___main
 2010  000027c4          	.text
 2011  000027c4          	.global _etext
 2012  000027c4          	_etext:
 2013  000027c4          	.align 3
 2014  000027c8          	.data
 2015  0000324d          	.global _edata
 2016  0000324d          	_edata:
