 line   address	contents
    1                      ; Linked by DLX-LD.
    2                      ; MemSize 24576
    3                      ; Data size: 705
    4                      ; Text size: 6536
    5                      ; Stack size: 8192
    6  00000000          	.text 0x1000
    7  00001000          	.data 0x3000
    8                      ; Compiled by GCC
    9  00003000          	.text
   10  00001000          	.align 2
   11  00001000          	.proc _isspace
   12  00001000          	.global _isspace
   13  00001000          	_isspace:
   14                      ;  Function 'isspace'; 0 bytes of locals, 1 regs to save.
   15  00001000  afbefffc	sw	-4(r29),r30; push fp
   16  00001004  001df020	add	r30,r0,r29; fp = sp
   17  00001008  afbffff8	sw	-8(r29),r31; push ret addr
   18  0000100c  2fbd0010	subui	r29,r29,#16; alloc local storage
   19  00001010  afa20000	sw	0(r29),r2
   20  00001014  83c20003	lb	r2,3(r30)
   21  00001018  201f0000	addi	r31,r0,#0
   22  0000101c  304100ff	andi	r1,r2,#0x00ff
   23  00001020  60210020	seqi	r1,r1,#32
   24  00001024  14200018	bnez	r1,L6_LF0
   25  00001028  54000000	nop; not filled.
   26  0000102c  2041fff7	addi	r1,r2,#-9
   27  00001030  302100ff	andi	r1,r1,#0x00ff
   28  00001034  70210001	sleui	r1,r1,#1
   29  00001038  10200008	beqz	r1,L5_LF0
   30  0000103c  54000000	nop; not filled.
   31  00001040          	L6_LF0:
   32  00001040  201f0001	addi	r31,r0,#1
   33  00001044          	L5_LF0:
   34  00001044  001f0820	add	r1,r0,r31
   35  00001048  8fa20000	lw	r2,0(r29)
   36  0000104c  8fdffff8	lw	r31,-8(r30)
   37  00001050  001ee820	add	r29,r0,r30
   38  00001054  8fdefffc	lw	r30,-4(r30)
   39  00001058  4be00000	jr	r31
   40  0000105c  54000000	nop
   41  00001060          	.endproc _isspace
   42  00001060          	.align 2
   43  00001060          	.proc _isxdigit
   44  00001060          	.global _isxdigit
   45  00001060          	_isxdigit:
   46                      ;  Function 'isxdigit'; 0 bytes of locals, 1 regs to save.
   47  00001060  afbefffc	sw	-4(r29),r30; push fp
   48  00001064  001df020	add	r30,r0,r29; fp = sp
   49  00001068  afbffff8	sw	-8(r29),r31; push ret addr
   50  0000106c  2fbd0010	subui	r29,r29,#16; alloc local storage
   51  00001070  afa20000	sw	0(r29),r2
   52  00001074  83df0003	lb	r31,3(r30)
   53  00001078  20020000	addi	r2,r0,#0
   54  0000107c  23e1ffd0	addi	r1,r31,#-48
   55  00001080  302100ff	andi	r1,r1,#0x00ff
   56  00001084  70210009	sleui	r1,r1,#9
   57  00001088  14200028	bnez	r1,L12_LF0
   58  0000108c  54000000	nop; not filled.
   59  00001090  23e1ff9f	addi	r1,r31,#-97
   60  00001094  302100ff	andi	r1,r1,#0x00ff
   61  00001098  70210005	sleui	r1,r1,#5
   62  0000109c  14200014	bnez	r1,L12_LF0
   63  000010a0  54000000	nop; not filled.
   64  000010a4  33e100ff	andi	r1,r31,#0x00ff
   65  000010a8  64210041	snei	r1,r1,#65
   66  000010ac  14200008	bnez	r1,L11_LF0
   67  000010b0  54000000	nop; not filled.
   68  000010b4          	L12_LF0:
   69  000010b4  20020001	addi	r2,r0,#1
   70  000010b8          	L11_LF0:
   71  000010b8  00020820	add	r1,r0,r2
   72  000010bc  8fa20000	lw	r2,0(r29)
   73  000010c0  8fdffff8	lw	r31,-8(r30)
   74  000010c4  001ee820	add	r29,r0,r30
   75  000010c8  8fdefffc	lw	r30,-4(r30)
   76  000010cc  4be00000	jr	r31
   77  000010d0  54000000	nop
   78  000010d4          	.endproc _isxdigit
   79  000010d4          	.data
   80  00003000          	.align 2
   81  00003000          	LC0_LF0:
   82  00003000  4342202d	.ascii "CB ---- Put %c in %d\n\000"
   82  00003004  2d2d2d20	
   82  00003008  50757420	
   82  0000300c  25632069	
   82  00003010  6e202564	
   82  00003014  0a00    	
   83  00003016          	.text
   84  000010d4          	.align 2
   85  000010d4          	.proc _put_item_cb
   86  000010d4          	.global _put_item_cb
   87  000010d4          	_put_item_cb:
   88                      ;  Function 'put_item_cb'; 0 bytes of locals, 4 regs to save.
   89  000010d4  afbefffc	sw	-4(r29),r30; push fp
   90  000010d8  001df020	add	r30,r0,r29; fp = sp
   91  000010dc  afbffff8	sw	-8(r29),r31; push ret addr
   92  000010e0  2fbd0018	subui	r29,r29,#24; alloc local storage
   93  000010e4  afa20000	sw	0(r29),r2
   94  000010e8  afa30004	sw	4(r29),r3
   95  000010ec  afa40008	sw	8(r29),r4
   96  000010f0  afa5000c	sw	12(r29),r5
   97  000010f4  83c20003	lb	r2,3(r30)
   98  000010f8  8fc30004	lw	r3,4(r30)
   99  000010fc  8c610000	lw	r1,(r3)
  100  00001100  00610820	add	r1,r3,r1
  101  00001104  a0220008	sb	8(r1),r2
  102  00001108  23bdfff0	addi	r29,r29,#-16
  103  0000110c  3c050000	lhi	r5,((LC0_LF0)>>16)&0xffff
  104  00001110  24a53000	addui	r5,r5,(LC0_LF0)&0xffff
  105  00001114  afa50000	sw	(r29),r5
  106  00001118  304100ff	andi	r1,r2,#0x00ff
  107  0000111c  afa10004	sw	4(r29),r1
  108  00001120  8c650000	lw	r5,(r3)
  109  00001124  afa50008	sw	8(r29),r5
  110  00001128  0c000a58	jal	_Printf
  111  0000112c  54000000	nop; not filled.
  112  00001130  8c610000	lw	r1,(r3)
  113  00001134  20240001	addi	r4,r1,#1
  114  00001138  2001000a	addi	r1,r0,#10
  115  0000113c  00800035	movi2fp	f0,r4
  116  00001140  00200835	movi2fp	f1,r1
  117  00001144  0401000f	div	f0,f0,f1
  118  00001148  00001034	movfp2i	r2,f0
  119  0000114c  50410002	slli	r1,r2,#0x2
  120  00001150  00220820	add	r1,r1,r2
  121  00001154  50210001	slli	r1,r1,#0x1
  122  00001158  00810822	sub	r1,r4,r1
  123  0000115c  ac610000	sw	(r3),r1
  124  00001160  20010001	addi	r1,r0,#1
  125  00001164  23bd0010	addi	r29,r29,#16
  126  00001168  8fa20000	lw	r2,0(r29)
  127  0000116c  8fa30004	lw	r3,4(r29)
  128  00001170  8fa40008	lw	r4,8(r29)
  129  00001174  8fa5000c	lw	r5,12(r29)
  130  00001178  8fdffff8	lw	r31,-8(r30)
  131  0000117c  001ee820	add	r29,r0,r30
  132  00001180  8fdefffc	lw	r30,-4(r30)
  133  00001184  4be00000	jr	r31
  134  00001188  54000000	nop
  135  0000118c          	.endproc _put_item_cb
  136  0000118c          	.data
  137  00003016          	.align 2
  138  00003018          	LC1_LF0:
  139  00003018  4342202d	.ascii "CB ----  checking %c from %d\n\000"
  139  0000301c  2d2d2d20	
  139  00003020  20636865	
  139  00003024  636b696e	
  139  00003028  67202563	
  139  0000302c  2066726f	
  139  00003030  6d202564	
  139  00003034  0a00    	
  140  00003036          	.text
  141  0000118c          	.align 2
  142  0000118c          	.proc _check_item_cb
  143  0000118c          	.global _check_item_cb
  144  0000118c          	_check_item_cb:
  145                      ;  Function 'check_item_cb'; 0 bytes of locals, 3 regs to save.
  146  0000118c  afbefffc	sw	-4(r29),r30; push fp
  147  00001190  001df020	add	r30,r0,r29; fp = sp
  148  00001194  afbffff8	sw	-8(r29),r31; push ret addr
  149  00001198  2fbd0018	subui	r29,r29,#24; alloc local storage
  150  0000119c  afa20000	sw	0(r29),r2
  151  000011a0  afa30004	sw	4(r29),r3
  152  000011a4  afa40008	sw	8(r29),r4
  153  000011a8  8fc30000	lw	r3,(r30)
  154  000011ac  8fc20004	lw	r2,4(r30)
  155  000011b0  8c410004	lw	r1,4(r2)
  156  000011b4  00410820	add	r1,r2,r1
  157  000011b8  80210008	lb	r1,8(r1)
  158  000011bc  a0610000	sb	(r3),r1
  159  000011c0  23bdfff0	addi	r29,r29,#-16
  160  000011c4  3c040000	lhi	r4,((LC1_LF0)>>16)&0xffff
  161  000011c8  24843018	addui	r4,r4,(LC1_LF0)&0xffff
  162  000011cc  afa40000	sw	(r29),r4
  163  000011d0  90610000	lbu	r1,(r3)
  164  000011d4  afa10004	sw	4(r29),r1
  165  000011d8  8c420004	lw	r2,4(r2)
  166  000011dc  afa20008	sw	8(r29),r2
  167  000011e0  0c0009a0	jal	_Printf
  168  000011e4  54000000	nop; not filled.
  169  000011e8  20010001	addi	r1,r0,#1
  170  000011ec  23bd0010	addi	r29,r29,#16
  171  000011f0  8fa20000	lw	r2,0(r29)
  172  000011f4  8fa30004	lw	r3,4(r29)
  173  000011f8  8fa40008	lw	r4,8(r29)
  174  000011fc  8fdffff8	lw	r31,-8(r30)
  175  00001200  001ee820	add	r29,r0,r30
  176  00001204  8fdefffc	lw	r30,-4(r30)
  177  00001208  4be00000	jr	r31
  178  0000120c  54000000	nop
  179  00001210          	.endproc _check_item_cb
  180  00001210          	.data
  181  00003036          	.align 2
  182  00003038          	LC2_LF0:
  183  00003038  4342202d	.ascii "CB ----  Got %c from %d\n\000"
  183  0000303c  2d2d2d20	
  183  00003040  20476f74	
  183  00003044  20256320	
  183  00003048  66726f6d	
  183  0000304c  2025640a	
  183  00003050  00      	
  184  00003051          	.text
  185  00001210          	.align 2
  186  00001210          	.proc _get_item_cb
  187  00001210          	.global _get_item_cb
  188  00001210          	_get_item_cb:
  189                      ;  Function 'get_item_cb'; 0 bytes of locals, 4 regs to save.
  190  00001210  afbefffc	sw	-4(r29),r30; push fp
  191  00001214  001df020	add	r30,r0,r29; fp = sp
  192  00001218  afbffff8	sw	-8(r29),r31; push ret addr
  193  0000121c  2fbd0018	subui	r29,r29,#24; alloc local storage
  194  00001220  afa20000	sw	0(r29),r2
  195  00001224  afa30004	sw	4(r29),r3
  196  00001228  afa40008	sw	8(r29),r4
  197  0000122c  afa5000c	sw	12(r29),r5
  198  00001230  8fc20000	lw	r2,(r30)
  199  00001234  8fc30004	lw	r3,4(r30)
  200  00001238  8c610004	lw	r1,4(r3)
  201  0000123c  00610820	add	r1,r3,r1
  202  00001240  80210008	lb	r1,8(r1)
  203  00001244  a0410000	sb	(r2),r1
  204  00001248  23bdfff0	addi	r29,r29,#-16
  205  0000124c  3c050000	lhi	r5,((LC2_LF0)>>16)&0xffff
  206  00001250  24a53038	addui	r5,r5,(LC2_LF0)&0xffff
  207  00001254  afa50000	sw	(r29),r5
  208  00001258  90410000	lbu	r1,(r2)
  209  0000125c  afa10004	sw	4(r29),r1
  210  00001260  8c650004	lw	r5,4(r3)
  211  00001264  afa50008	sw	8(r29),r5
  212  00001268  0c000918	jal	_Printf
  213  0000126c  54000000	nop; not filled.
  214  00001270  8c610004	lw	r1,4(r3)
  215  00001274  20240001	addi	r4,r1,#1
  216  00001278  2001000a	addi	r1,r0,#10
  217  0000127c  00800035	movi2fp	f0,r4
  218  00001280  00200835	movi2fp	f1,r1
  219  00001284  0401000f	div	f0,f0,f1
  220  00001288  00001034	movfp2i	r2,f0
  221  0000128c  50410002	slli	r1,r2,#0x2
  222  00001290  00220820	add	r1,r1,r2
  223  00001294  50210001	slli	r1,r1,#0x1
  224  00001298  00810822	sub	r1,r4,r1
  225  0000129c  ac610004	sw	4(r3),r1
  226  000012a0  20010001	addi	r1,r0,#1
  227  000012a4  23bd0010	addi	r29,r29,#16
  228  000012a8  8fa20000	lw	r2,0(r29)
  229  000012ac  8fa30004	lw	r3,4(r29)
  230  000012b0  8fa40008	lw	r4,8(r29)
  231  000012b4  8fa5000c	lw	r5,12(r29)
  232  000012b8  8fdffff8	lw	r31,-8(r30)
  233  000012bc  001ee820	add	r29,r0,r30
  234  000012c0  8fdefffc	lw	r30,-4(r30)
  235  000012c4  4be00000	jr	r31
  236  000012c8  54000000	nop
  237  000012cc          	.endproc _get_item_cb
  238  000012cc          	.align 2
  239  000012cc          	.proc _is_full
  240  000012cc          	.global _is_full
  241  000012cc          	_is_full:
  242                      ;  Function 'is_full'; 0 bytes of locals, 3 regs to save.
  243  000012cc  afbefffc	sw	-4(r29),r30; push fp
  244  000012d0  001df020	add	r30,r0,r29; fp = sp
  245  000012d4  afbffff8	sw	-8(r29),r31; push ret addr
  246  000012d8  2fbd0018	subui	r29,r29,#24; alloc local storage
  247  000012dc  afa20000	sw	0(r29),r2
  248  000012e0  afa30004	sw	4(r29),r3
  249  000012e4  afa40008	sw	8(r29),r4
  250  000012e8  8fc40000	lw	r4,(r30)
  251  000012ec  8c810000	lw	r1,(r4)
  252  000012f0  20230001	addi	r3,r1,#1
  253  000012f4  2001000a	addi	r1,r0,#10
  254  000012f8  00600035	movi2fp	f0,r3
  255  000012fc  00200835	movi2fp	f1,r1
  256  00001300  0401000f	div	f0,f0,f1
  257  00001304  00001034	movfp2i	r2,f0
  258  00001308  50410002	slli	r1,r2,#0x2
  259  0000130c  00220820	add	r1,r1,r2
  260  00001310  50210001	slli	r1,r1,#0x1
  261  00001314  00611022	sub	r2,r3,r1
  262  00001318  8c810004	lw	r1,4(r4)
  263  0000131c  00411028	seq	r2,r2,r1
  264  00001320  20010001	addi	r1,r0,#1
  265  00001324  14400008	bnez	r2,L23_LF0
  266  00001328  54000000	nop; not filled.
  267  0000132c  20010000	addi	r1,r0,#0
  268  00001330          	L23_LF0:
  269  00001330  8fa20000	lw	r2,0(r29)
  270  00001334  8fa30004	lw	r3,4(r29)
  271  00001338  8fa40008	lw	r4,8(r29)
  272  0000133c  8fdffff8	lw	r31,-8(r30)
  273  00001340  001ee820	add	r29,r0,r30
  274  00001344  8fdefffc	lw	r30,-4(r30)
  275  00001348  4be00000	jr	r31
  276  0000134c  54000000	nop
  277  00001350          	.endproc _is_full
  278  00001350          	.align 2
  279  00001350          	.proc _is_empty
  280  00001350          	.global _is_empty
  281  00001350          	_is_empty:
  282                      ;  Function 'is_empty'; 0 bytes of locals, 1 regs to save.
  283  00001350  afbefffc	sw	-4(r29),r30; push fp
  284  00001354  001df020	add	r30,r0,r29; fp = sp
  285  00001358  afbffff8	sw	-8(r29),r31; push ret addr
  286  0000135c  2fbd0010	subui	r29,r29,#16; alloc local storage
  287  00001360  afa20000	sw	0(r29),r2
  288  00001364  8fc10000	lw	r1,(r30)
  289  00001368  8c220000	lw	r2,(r1)
  290  0000136c  8c210004	lw	r1,4(r1)
  291  00001370  00411028	seq	r2,r2,r1
  292  00001374  20010001	addi	r1,r0,#1
  293  00001378  14400008	bnez	r2,L30_LF0
  294  0000137c  54000000	nop; not filled.
  295  00001380  20010000	addi	r1,r0,#0
  296  00001384          	L30_LF0:
  297  00001384  8fa20000	lw	r2,0(r29)
  298  00001388  8fdffff8	lw	r31,-8(r30)
  299  0000138c  001ee820	add	r29,r0,r30
  300  00001390  8fdefffc	lw	r30,-4(r30)
  301  00001394  4be00000	jr	r31
  302  00001398  54000000	nop
  303  0000139c          	.endproc _is_empty
  304  0000139c          	.data
  305  00003051          	.align 2
  306  00003054          	LC3_LF0:
  307  00003054  43697263	.ascii "Circular Buffer Initiated\n\000"
  307  00003058  756c6172	
  307  0000305c  20427566	
  307  00003060  66657220	
  307  00003064  496e6974	
  307  00003068  69617465	
  307  0000306c  640a00  	
  308  0000306f          	.text
  309  0000139c          	.align 2
  310  0000139c          	.proc _init_cb
  311  0000139c          	.global _init_cb
  312  0000139c          	_init_cb:
  313                      ;  Function 'init_cb'; 0 bytes of locals, 1 regs to save.
  314  0000139c  afbefffc	sw	-4(r29),r30; push fp
  315  000013a0  001df020	add	r30,r0,r29; fp = sp
  316  000013a4  afbffff8	sw	-8(r29),r31; push ret addr
  317  000013a8  2fbd0010	subui	r29,r29,#16; alloc local storage
  318  000013ac  afa20000	sw	0(r29),r2
  319  000013b0  8fc10000	lw	r1,(r30)
  320  000013b4  20020000	addi	r2,r0,#0
  321  000013b8  ac220000	sw	(r1),r2
  322  000013bc  ac220004	sw	4(r1),r2
  323  000013c0  23bdfff8	addi	r29,r29,#-8
  324  000013c4  3c020000	lhi	r2,((LC3_LF0)>>16)&0xffff
  325  000013c8  24423054	addui	r2,r2,(LC3_LF0)&0xffff
  326  000013cc  afa20000	sw	(r29),r2
  327  000013d0  0c0007b0	jal	_Printf
  328  000013d4  54000000	nop; not filled.
  329  000013d8  23bd0008	addi	r29,r29,#8
  330  000013dc  8fa20000	lw	r2,0(r29)
  331  000013e0  8fdffff8	lw	r31,-8(r30)
  332  000013e4  001ee820	add	r29,r0,r30
  333  000013e8  8fdefffc	lw	r30,-4(r30)
  334  000013ec  4be00000	jr	r31
  335  000013f0  54000000	nop
  336  000013f4          	.endproc _init_cb
  337  000013f4          	.data
  338  0000306f          	.align 2
  339  00003070          	LC4_LF0:
  340  00003070  20436972	.ascii " Circular Buffer =>  \000"
  340  00003074  63756c61	
  340  00003078  72204275	
  340  0000307c  66666572	
  340  00003080  203d3e20	
  340  00003084  2000    	
  341  00003086          	.align 2
  342  00003088          	LC5_LF0:
  343  00003088  256300  	.ascii "%c\000"
  344  0000308b          	.align 2
  345  0000308c          	LC6_LF0:
  346  0000308c  0a00    	.ascii "\n\000"
  347  0000308e          	.text
  348  000013f4          	.align 2
  349  000013f4          	.proc _Print_cb
  350  000013f4          	.global _Print_cb
  351  000013f4          	_Print_cb:
  352                      ;  Function 'Print_cb'; 0 bytes of locals, 6 regs to save.
  353  000013f4  afbefffc	sw	-4(r29),r30; push fp
  354  000013f8  001df020	add	r30,r0,r29; fp = sp
  355  000013fc  afbffff8	sw	-8(r29),r31; push ret addr
  356  00001400  2fbd0020	subui	r29,r29,#32; alloc local storage
  357  00001404  afa20000	sw	0(r29),r2
  358  00001408  afa30004	sw	4(r29),r3
  359  0000140c  afa40008	sw	8(r29),r4
  360  00001410  afa5000c	sw	12(r29),r5
  361  00001414  afa60010	sw	16(r29),r6
  362  00001418  afa70014	sw	20(r29),r7
  363  0000141c  8fc50000	lw	r5,(r30)
  364  00001420  23bdfff8	addi	r29,r29,#-8
  365  00001424  3c070000	lhi	r7,((LC4_LF0)>>16)&0xffff
  366  00001428  24e73070	addui	r7,r7,(LC4_LF0)&0xffff
  367  0000142c  afa70000	sw	(r29),r7
  368  00001430  0c000750	jal	_Printf
  369  00001434  54000000	nop; not filled.
  370  00001438  20040000	addi	r4,r0,#0
  371  0000143c  23bd0008	addi	r29,r29,#8
  372  00001440  2006000a	addi	r6,r0,#10
  373  00001444          	L45_LF0:
  374  00001444  23bdfff8	addi	r29,r29,#-8
  375  00001448  3c070000	lhi	r7,((LC5_LF0)>>16)&0xffff
  376  0000144c  24e73088	addui	r7,r7,(LC5_LF0)&0xffff
  377  00001450  afa70000	sw	(r29),r7
  378  00001454  8ca10004	lw	r1,4(r5)
  379  00001458  00811820	add	r3,r4,r1
  380  0000145c  00600035	movi2fp	f0,r3
  381  00001460  00c00835	movi2fp	f1,r6
  382  00001464  0401000f	div	f0,f0,f1
  383  00001468  00001034	movfp2i	r2,f0
  384  0000146c  50410002	slli	r1,r2,#0x2
  385  00001470  00220820	add	r1,r1,r2
  386  00001474  50210001	slli	r1,r1,#0x1
  387  00001478  00610822	sub	r1,r3,r1
  388  0000147c  00a10820	add	r1,r5,r1
  389  00001480  90210008	lbu	r1,8(r1)
  390  00001484  afa10004	sw	4(r29),r1
  391  00001488  0c0006f8	jal	_Printf
  392  0000148c  54000000	nop; not filled.
  393  00001490  23bd0008	addi	r29,r29,#8
  394  00001494  20840001	addi	r4,r4,#1
  395  00001498  70810009	slei	r1,r4,#9
  396  0000149c  1420ffa4	bnez	r1,L45_LF0
  397  000014a0  54000000	nop; not filled.
  398  000014a4  23bdfff8	addi	r29,r29,#-8
  399  000014a8  3c070000	lhi	r7,((LC6_LF0)>>16)&0xffff
  400  000014ac  24e7308c	addui	r7,r7,(LC6_LF0)&0xffff
  401  000014b0  afa70000	sw	(r29),r7
  402  000014b4  0c0006cc	jal	_Printf
  403  000014b8  54000000	nop; not filled.
  404  000014bc  23bd0008	addi	r29,r29,#8
  405  000014c0  8fa20000	lw	r2,0(r29)
  406  000014c4  8fa30004	lw	r3,4(r29)
  407  000014c8  8fa40008	lw	r4,8(r29)
  408  000014cc  8fa5000c	lw	r5,12(r29)
  409  000014d0  8fa60010	lw	r6,16(r29)
  410  000014d4  8fa70014	lw	r7,20(r29)
  411  000014d8  8fdffff8	lw	r31,-8(r30)
  412  000014dc  001ee820	add	r29,r0,r30
  413  000014e0  8fdefffc	lw	r30,-4(r30)
  414  000014e4  4be00000	jr	r31
  415  000014e8  54000000	nop
  416  000014ec          	.endproc _Print_cb
  417  000014ec          	.data
  418  0000308e          	.align 2
  419  00003090          	LC7_LF0:
  420  00003090  55736167	.ascii "Usage: \000"
  420  00003094  653a2000	
  421  00003098          	.align 2
  422  00003098          	LC8_LF0:
  423  00003098  203c6861	.ascii " <handle_to_shared_memory_page> <handle_to_page_mapped_semaphore> <han"
  423  0000309c  6e646c65	
  423  000030a0  5f746f5f	
  423  000030a4  73686172	
  423  000030a8  65645f6d	
  423  000030ac  656d6f72	
  423  000030b0  795f7061	
  423  000030b4  67653e20	
  423  000030b8  3c68616e	
  423  000030bc  646c655f	
  423  000030c0  746f5f70	
  423  000030c4  6167655f	
  423  000030c8  6d617070	
  423  000030cc  65645f73	
  423  000030d0  656d6170	
  423  000030d4  686f7265	
  423  000030d8  3e203c68	
  423  000030dc  616e    	
  424  000030de  646c6520	.ascii "dle to lock>\n\000"
  424  000030e2  746f206c	
  424  000030e6  6f636b3e	
  424  000030ea  0a00    	
  425  000030ec          	.align 2
  426  000030ec          	LC9_LF0:
  427  000030ec  436f756c	.ascii "Could not map the virtual address to the memory in \000"
  427  000030f0  64206e6f	
  427  000030f4  74206d61	
  427  000030f8  70207468	
  427  000030fc  65207669	
  427  00003100  72747561	
  427  00003104  6c206164	
  427  00003108  64726573	
  427  0000310c  7320746f	
  427  00003110  20746865	
  427  00003114  206d656d	
  427  00003118  6f727920	
  427  0000311c  696e2000	
  428  00003120          	.align 2
  429  00003120          	LC10_LF0:
  430  00003120  2c206578	.ascii ", exiting...\n\000"
  430  00003124  6974696e	
  430  00003128  672e2e2e	
  430  0000312c  0a00    	
  431  0000312e          	.align 2
  432  00003130          	LC11_LF0:
  433  00003130  0a434f4e	.ascii "\nCONS - PID %d ---- ACQUIRED LOCK \n\000"
  433  00003134  53202d20	
  433  00003138  50494420	
  433  0000313c  2564202d	
  433  00003140  2d2d2d20	
  433  00003144  41435155	
  433  00003148  49524544	
  433  0000314c  204c4f43	
  433  00003150  4b200a00	
  434  00003154          	.align 2
  435  00003154          	LC12_LF0:
  436  00003154  50524f44	.ascii "PROD - PID %d ---- Found to be Empty\n\000"
  436  00003158  202d2050	
  436  0000315c  49442025	
  436  00003160  64202d2d	
  436  00003164  2d2d2046	
  436  00003168  6f756e64	
  436  0000316c  20746f20	
  436  00003170  62652045	
  436  00003174  6d707479	
  436  00003178  0a00    	
  437  0000317a          	.align 2
  438  0000317c          	LC13_LF0:
  439  0000317c  434f4e53	.ascii "CONS - PID %d ---- Failed Wait for j =  %d \n\000"
  439  00003180  202d2050	
  439  00003184  49442025	
  439  00003188  64202d2d	
  439  0000318c  2d2d2046	
  439  00003190  61696c65	
  439  00003194  64205761	
  439  00003198  69742066	
  439  0000319c  6f72206a	
  439  000031a0  203d2020	
  439  000031a4  2564200a	
  439  000031a8  00      	
  440  000031a9          	.align 2
  441  000031ac          	LC14_LF0:
  442  000031ac  434f4e53	.ascii "CONS - PID %d ---- Got %c from cb \n\000"
  442  000031b0  202d2050	
  442  000031b4  49442025	
  442  000031b8  64202d2d	
  442  000031bc  2d2d2047	
  442  000031c0  6f742025	
  442  000031c4  63206672	
  442  000031c8  6f6d2063	
  442  000031cc  62200a00	
  443  000031d0          	.align 2
  444  000031d0          	LC15_LF0:
  445  000031d0  434f4e53	.ascii "CONS - PID %d ---- Successful Signal For j =  %d \n\000"
  445  000031d4  202d2050	
  445  000031d8  49442025	
  445  000031dc  64202d2d	
  445  000031e0  2d2d2053	
  445  000031e4  75636365	
  445  000031e8  73736675	
  445  000031ec  6c205369	
  445  000031f0  676e616c	
  445  000031f4  20466f72	
  445  000031f8  206a203d	
  445  000031fc  20202564	
  445  00003200  200a00  	
  446  00003203          	.align 2
  447  00003204          	LC16_LF0:
  448  00003204  434f4e53	.ascii "CONS - PID %d ---- Tried to Pick Wrong Data \n\000"
  448  00003208  202d2050	
  448  0000320c  49442025	
  448  00003210  64202d2d	
  448  00003214  2d2d2054	
  448  00003218  72696564	
  448  0000321c  20746f20	
  448  00003220  5069636b	
  448  00003224  2057726f	
  448  00003228  6e672044	
  448  0000322c  61746120	
  448  00003230  0a00    	
  449  00003232          	.align 2
  450  00003234          	LC17_LF0:
  451  00003234  434f4e53	.ascii "CONS - PID %d ---- RELEASED LOCK \n\000"
  451  00003238  202d2050	
  451  0000323c  49442025	
  451  00003240  64202d2d	
  451  00003244  2d2d2052	
  451  00003248  454c4541	
  451  0000324c  53454420	
  451  00003250  4c4f434b	
  451  00003254  200a00  	
  452  00003257          	.align 2
  453  00003258          	LC18_LF0:
  454  00003258  434f4e53	.ascii "CONS - PID %d ---- Finally Got : \000"
  454  0000325c  202d2050	
  454  00003260  49442025	
  454  00003264  64202d2d	
  454  00003268  2d2d2046	
  454  0000326c  696e616c	
  454  00003270  6c792047	
  454  00003274  6f74203a	
  454  00003278  2000    	
  455  0000327a          	.align 2
  456  0000327c          	LC19_LF0:
  457  0000327c  434f4e53	.ascii "CONS - PID %d is complete.\n\000"
  457  00003280  202d2050	
  457  00003284  49442025	
  457  00003288  64206973	
  457  0000328c  20636f6d	
  457  00003290  706c6574	
  457  00003294  652e0a00	
  458  00003298          	.align 2
  459  00003298          	LC20_LF0:
  460  00003298  42616420	.ascii "Bad semaphore s_procs_completed (%d) in \000"
  460  0000329c  73656d61	
  460  000032a0  70686f72	
  460  000032a4  6520735f	
  460  000032a8  70726f63	
  460  000032ac  735f636f	
  460  000032b0  6d706c65	
  460  000032b4  74656420	
  460  000032b8  28256429	
  460  000032bc  20696e20	
  460  000032c0  00      	
  461  000032c1          	.text
  462  000014ec          	.align 2
  463  000014ec          	.proc _main
  464  000014ec          	.global _main
  465  000014ec          	_main:
  466                      ;  Function 'main'; 1000 bytes of locals, 0 regs to save.
  467  000014ec  afbefffc	sw	-4(r29),r30; push fp
  468  000014f0  001df020	add	r30,r0,r29; fp = sp
  469  000014f4  afbffff8	sw	-8(r29),r31; push ret addr
  470  000014f8  2fbd03f0	subui	r29,r29,#1008; alloc local storage
  471  000014fc  8fc20000	lw	r2,(r30)
  472  00001500  8fc90004	lw	r9,4(r30)
  473  00001504  0c001478	jal	___main
  474  00001508  54000000	nop; not filled.
  475  0000150c  20050000	addi	r5,r0,#0
  476  00001510  64410006	snei	r1,r2,#6
  477  00001514  1020004c	beqz	r1,L48_LF0
  478  00001518  54000000	nop; not filled.
  479  0000151c  23bdfff8	addi	r29,r29,#-8
  480  00001520  3c0d0000	lhi	r13,((LC7_LF0)>>16)&0xffff
  481  00001524  25ad3090	addui	r13,r13,(LC7_LF0)&0xffff
  482  00001528  afad0000	sw	(r29),r13
  483  0000152c  0c000654	jal	_Printf
  484  00001530  54000000	nop; not filled.
  485  00001534  8d2d0000	lw	r13,(r9)
  486  00001538  afad0000	sw	(r29),r13
  487  0000153c  0c000644	jal	_Printf
  488  00001540  54000000	nop; not filled.
  489  00001544  3c0d0000	lhi	r13,((LC8_LF0)>>16)&0xffff
  490  00001548  25ad3098	addui	r13,r13,(LC8_LF0)&0xffff
  491  0000154c  afad0000	sw	(r29),r13
  492  00001550  0c000630	jal	_Printf
  493  00001554  54000000	nop; not filled.
  494  00001558  0c0006d0	jal	_Exit
  495  0000155c  54000000	nop; not filled.
  496  00001560  23bd0008	addi	r29,r29,#8
  497  00001564          	L48_LF0:
  498  00001564  23bdfff0	addi	r29,r29,#-16
  499  00001568  8d2d0004	lw	r13,4(r9)
  500  0000156c  afad0000	sw	(r29),r13
  501  00001570  200d0000	addi	r13,r0,#0
  502  00001574  afad0004	sw	4(r29),r13
  503  00001578  200d000a	addi	r13,r0,#10
  504  0000157c  afad0008	sw	8(r29),r13
  505  00001580  0c000f54	jal	_dstrtol
  506  00001584  54000000	nop; not filled.
  507  00001588  00011020	add	r2,r0,r1
  508  0000158c  8d2d0008	lw	r13,8(r9)
  509  00001590  afad0000	sw	(r29),r13
  510  00001594  200d0000	addi	r13,r0,#0
  511  00001598  afad0004	sw	4(r29),r13
  512  0000159c  200d000a	addi	r13,r0,#10
  513  000015a0  afad0008	sw	8(r29),r13
  514  000015a4  0c000f30	jal	_dstrtol
  515  000015a8  54000000	nop; not filled.
  516  000015ac  00016020	add	r12,r0,r1
  517  000015b0  8d2d000c	lw	r13,12(r9)
  518  000015b4  afad0000	sw	(r29),r13
  519  000015b8  200d0000	addi	r13,r0,#0
  520  000015bc  afad0004	sw	4(r29),r13
  521  000015c0  200d000a	addi	r13,r0,#10
  522  000015c4  afad0008	sw	8(r29),r13
  523  000015c8  0c000f0c	jal	_dstrtol
  524  000015cc  54000000	nop; not filled.
  525  000015d0  00014020	add	r8,r0,r1
  526  000015d4  8d2d0010	lw	r13,16(r9)
  527  000015d8  afad0000	sw	(r29),r13
  528  000015dc  200d0000	addi	r13,r0,#0
  529  000015e0  afad0004	sw	4(r29),r13
  530  000015e4  200d000a	addi	r13,r0,#10
  531  000015e8  afad0008	sw	8(r29),r13
  532  000015ec  0c000ee8	jal	_dstrtol
  533  000015f0  54000000	nop; not filled.
  534  000015f4  00015820	add	r11,r0,r1
  535  000015f8  8d2d0014	lw	r13,20(r9)
  536  000015fc  afad0000	sw	(r29),r13
  537  00001600  200d0000	addi	r13,r0,#0
  538  00001604  afad0004	sw	4(r29),r13
  539  00001608  200d000a	addi	r13,r0,#10
  540  0000160c  afad0008	sw	8(r29),r13
  541  00001610  0c000ec4	jal	_dstrtol
  542  00001614  54000000	nop; not filled.
  543  00001618  00015020	add	r10,r0,r1
  544  0000161c  afa20000	sw	(r29),r2
  545  00001620  0c000590	jal	_shmat
  546  00001624  54000000	nop; not filled.
  547  00001628  00011020	add	r2,r0,r1
  548  0000162c  23bd0010	addi	r29,r29,#16
  549  00001630  64410000	snei	r1,r2,#0
  550  00001634  1420004c	bnez	r1,L49_LF0
  551  00001638  54000000	nop; not filled.
  552  0000163c  23bdfff8	addi	r29,r29,#-8
  553  00001640  3c0d0000	lhi	r13,((LC9_LF0)>>16)&0xffff
  554  00001644  25ad30ec	addui	r13,r13,(LC9_LF0)&0xffff
  555  00001648  afad0000	sw	(r29),r13
  556  0000164c  0c000534	jal	_Printf
  557  00001650  54000000	nop; not filled.
  558  00001654  8d2d0000	lw	r13,(r9)
  559  00001658  afad0000	sw	(r29),r13
  560  0000165c  0c000524	jal	_Printf
  561  00001660  54000000	nop; not filled.
  562  00001664  3c0d0000	lhi	r13,((LC10_LF0)>>16)&0xffff
  563  00001668  25ad3120	addui	r13,r13,(LC10_LF0)&0xffff
  564  0000166c  afad0000	sw	(r29),r13
  565  00001670  0c000510	jal	_Printf
  566  00001674  54000000	nop; not filled.
  567  00001678  0c0005b0	jal	_Exit
  568  0000167c  54000000	nop; not filled.
  569  00001680  23bd0008	addi	r29,r29,#8
  570  00001684          	L49_LF0:
  571  00001684  20440008	addi	r4,r2,#8
  572  00001688  23c6fc10	addi	r6,r30,#-1008
  573  0000168c  23c7fc0f	addi	r7,r30,#-1009
  574  00001690          	L50_LF0:
  575  00001690  80e20000	lb	r2,(r7)
  576  00001694  20030000	addi	r3,r0,#0
  577  00001698  2041ffd0	addi	r1,r2,#-48
  578  0000169c  302100ff	andi	r1,r1,#0x00ff
  579  000016a0  70210009	sleui	r1,r1,#9
  580  000016a4  14200028	bnez	r1,L55_LF0
  581  000016a8  54000000	nop; not filled.
  582  000016ac  2041ff9f	addi	r1,r2,#-97
  583  000016b0  302100ff	andi	r1,r1,#0x00ff
  584  000016b4  70210005	sleui	r1,r1,#5
  585  000016b8  14200014	bnez	r1,L55_LF0
  586  000016bc  54000000	nop; not filled.
  587  000016c0  304100ff	andi	r1,r2,#0x00ff
  588  000016c4  64210041	snei	r1,r1,#65
  589  000016c8  14200008	bnez	r1,L54_LF0
  590  000016cc  54000000	nop; not filled.
  591  000016d0          	L55_LF0:
  592  000016d0  20030001	addi	r3,r0,#1
  593  000016d4          	L54_LF0:
  594  000016d4  64610000	snei	r1,r3,#0
  595  000016d8  14200010	bnez	r1,L52_LF0
  596  000016dc  54000000	nop; not filled.
  597  000016e0  64a10000	snei	r1,r5,#0
  598  000016e4  14200330	bnez	r1,L51_LF0
  599  000016e8  54000000	nop; not filled.
  600  000016ec          	L52_LF0:
  601  000016ec  23bdfff8	addi	r29,r29,#-8
  602  000016f0  afa80000	sw	(r29),r8
  603  000016f4  0c0004f8	jal	_lock_acquire
  604  000016f8  54000000	nop; not filled.
  605  000016fc  0c000490	jal	_Getpid
  606  00001700  54000000	nop; not filled.
  607  00001704  3c0d0000	lhi	r13,((LC11_LF0)>>16)&0xffff
  608  00001708  25ad3130	addui	r13,r13,(LC11_LF0)&0xffff
  609  0000170c  afad0000	sw	(r29),r13
  610  00001710  afa10004	sw	4(r29),r1
  611  00001714  0c00046c	jal	_Printf
  612  00001718  54000000	nop; not filled.
  613  0000171c  23bd0008	addi	r29,r29,#8
  614  00001720  8c820000	lw	r2,(r4)
  615  00001724  8c810004	lw	r1,4(r4)
  616  00001728  00410828	seq	r1,r2,r1
  617  0000172c  20020000	addi	r2,r0,#0
  618  00001730  10200008	beqz	r1,L58_LF0
  619  00001734  54000000	nop; not filled.
  620  00001738  20020001	addi	r2,r0,#1
  621  0000173c          	L58_LF0:
  622  0000173c  64410000	snei	r1,r2,#0
  623  00001740  10200070	beqz	r1,L56_LF0
  624  00001744  54000000	nop; not filled.
  625  00001748  0c000444	jal	_Getpid
  626  0000174c  54000000	nop; not filled.
  627  00001750  23bdfff8	addi	r29,r29,#-8
  628  00001754  3c0d0000	lhi	r13,((LC12_LF0)>>16)&0xffff
  629  00001758  25ad3154	addui	r13,r13,(LC12_LF0)&0xffff
  630  0000175c  afad0000	sw	(r29),r13
  631  00001760  afa10004	sw	4(r29),r1
  632  00001764  0c00041c	jal	_Printf
  633  00001768  54000000	nop; not filled.
  634  0000176c  afaa0000	sw	(r29),r10
  635  00001770  0c0004a0	jal	_cond_wait
  636  00001774  54000000	nop; not filled.
  637  00001778  23bd0008	addi	r29,r29,#8
  638  0000177c  64210000	snei	r1,r1,#0
  639  00001780  14200030	bnez	r1,L56_LF0
  640  00001784  54000000	nop; not filled.
  641  00001788  0c000404	jal	_Getpid
  642  0000178c  54000000	nop; not filled.
  643  00001790  23bdfff0	addi	r29,r29,#-16
  644  00001794  3c0d0000	lhi	r13,((LC13_LF0)>>16)&0xffff
  645  00001798  25ad317c	addui	r13,r13,(LC13_LF0)&0xffff
  646  0000179c  afad0000	sw	(r29),r13
  647  000017a0  afa10004	sw	4(r29),r1
  648  000017a4  afa50008	sw	8(r29),r5
  649  000017a8  0c0003d8	jal	_Printf
  650  000017ac  54000000	nop; not filled.
  651  000017b0  23bd0010	addi	r29,r29,#16
  652  000017b4          	L56_LF0:
  653  000017b4  23c2fc10	addi	r2,r30,#-1008
  654  000017b8  00451020	add	r2,r2,r5
  655  000017bc  8c810004	lw	r1,4(r4)
  656  000017c0  00810820	add	r1,r4,r1
  657  000017c4  80210008	lb	r1,8(r1)
  658  000017c8  a0410000	sb	(r2),r1
  659  000017cc  23bdfff0	addi	r29,r29,#-16
  660  000017d0  3c0d0000	lhi	r13,((LC1_LF0)>>16)&0xffff
  661  000017d4  25ad3018	addui	r13,r13,(LC1_LF0)&0xffff
  662  000017d8  afad0000	sw	(r29),r13
  663  000017dc  90410000	lbu	r1,(r2)
  664  000017e0  afa10004	sw	4(r29),r1
  665  000017e4  8c8d0004	lw	r13,4(r4)
  666  000017e8  afad0008	sw	8(r29),r13
  667  000017ec  0c000394	jal	_Printf
  668  000017f0  54000000	nop; not filled.
  669  000017f4  23bd0010	addi	r29,r29,#16
  670  000017f8  64a10000	snei	r1,r5,#0
  671  000017fc  1420001c	bnez	r1,L78_LF0
  672  00001800  54000000	nop; not filled.
  673  00001804  90c10000	lbu	r1,(r6)
  674  00001808  60210030	seqi	r1,r1,#48
  675  0000180c  1020017c	beqz	r1,L62_LF0
  676  00001810  54000000	nop; not filled.
  677  00001814  08000074	j	L63_LF0
  678  00001818  54000000	nop; not filled.
  679  0000181c          	L78_LF0:
  680  0000181c  80c20000	lb	r2,(r6)
  681  00001820  305f00ff	andi	r31,r2,#0x00ff
  682  00001824  90e10000	lbu	r1,(r7)
  683  00001828  20210001	addi	r1,r1,#1
  684  0000182c  03e10828	seq	r1,r31,r1
  685  00001830  14200058	bnez	r1,L63_LF0
  686  00001834  54000000	nop; not filled.
  687  00001838  20030000	addi	r3,r0,#0
  688  0000183c  2041ffd0	addi	r1,r2,#-48
  689  00001840  302100ff	andi	r1,r1,#0x00ff
  690  00001844  70210009	sleui	r1,r1,#9
  691  00001848  14200024	bnez	r1,L67_LF0
  692  0000184c  54000000	nop; not filled.
  693  00001850  2041ff9f	addi	r1,r2,#-97
  694  00001854  302100ff	andi	r1,r1,#0x00ff
  695  00001858  70210005	sleui	r1,r1,#5
  696  0000185c  14200010	bnez	r1,L67_LF0
  697  00001860  54000000	nop; not filled.
  698  00001864  67e10041	snei	r1,r31,#65
  699  00001868  14200008	bnez	r1,L66_LF0
  700  0000186c  54000000	nop; not filled.
  701  00001870          	L67_LF0:
  702  00001870  20030001	addi	r3,r0,#1
  703  00001874          	L66_LF0:
  704  00001874  64610000	snei	r1,r3,#0
  705  00001878  14200110	bnez	r1,L62_LF0
  706  0000187c  54000000	nop; not filled.
  707  00001880  60a1000a	seqi	r1,r5,#10
  708  00001884  10200104	beqz	r1,L62_LF0
  709  00001888  54000000	nop; not filled.
  710  0000188c          	L63_LF0:
  711  0000188c  23c2fc10	addi	r2,r30,#-1008
  712  00001890  00451020	add	r2,r2,r5
  713  00001894  8c810004	lw	r1,4(r4)
  714  00001898  00810820	add	r1,r4,r1
  715  0000189c  80210008	lb	r1,8(r1)
  716  000018a0  a0410000	sb	(r2),r1
  717  000018a4  23bdfff0	addi	r29,r29,#-16
  718  000018a8  3c0d0000	lhi	r13,((LC2_LF0)>>16)&0xffff
  719  000018ac  25ad3038	addui	r13,r13,(LC2_LF0)&0xffff
  720  000018b0  afad0000	sw	(r29),r13
  721  000018b4  90410000	lbu	r1,(r2)
  722  000018b8  afa10004	sw	4(r29),r1
  723  000018bc  8c8d0004	lw	r13,4(r4)
  724  000018c0  afad0008	sw	8(r29),r13
  725  000018c4  0c0002bc	jal	_Printf
  726  000018c8  54000000	nop; not filled.
  727  000018cc  8c810004	lw	r1,4(r4)
  728  000018d0  20230001	addi	r3,r1,#1
  729  000018d4  2001000a	addi	r1,r0,#10
  730  000018d8  00600035	movi2fp	f0,r3
  731  000018dc  00200835	movi2fp	f1,r1
  732  000018e0  0401000f	div	f0,f0,f1
  733  000018e4  00001034	movfp2i	r2,f0
  734  000018e8  50410002	slli	r1,r2,#0x2
  735  000018ec  00220820	add	r1,r1,r2
  736  000018f0  50210001	slli	r1,r1,#0x1
  737  000018f4  00610822	sub	r1,r3,r1
  738  000018f8  ac810004	sw	4(r4),r1
  739  000018fc  23bd0010	addi	r29,r29,#16
  740  00001900  0c00028c	jal	_Getpid
  741  00001904  54000000	nop; not filled.
  742  00001908  23bdfff0	addi	r29,r29,#-16
  743  0000190c  3c0d0000	lhi	r13,((LC14_LF0)>>16)&0xffff
  744  00001910  25ad31ac	addui	r13,r13,(LC14_LF0)&0xffff
  745  00001914  afad0000	sw	(r29),r13
  746  00001918  afa10004	sw	4(r29),r1
  747  0000191c  90c10000	lbu	r1,(r6)
  748  00001920  afa10008	sw	8(r29),r1
  749  00001924  0c00025c	jal	_Printf
  750  00001928  54000000	nop; not filled.
  751  0000192c  20c60001	addi	r6,r6,#1
  752  00001930  20e70001	addi	r7,r7,#1
  753  00001934  20a50001	addi	r5,r5,#1
  754  00001938  afab0000	sw	(r29),r11
  755  0000193c  0c0002e0	jal	_cond_signal
  756  00001940  54000000	nop; not filled.
  757  00001944  23bd0010	addi	r29,r29,#16
  758  00001948  64210000	snei	r1,r1,#0
  759  0000194c  10200064	beqz	r1,L70_LF0
  760  00001950  54000000	nop; not filled.
  761  00001954  0c000238	jal	_Getpid
  762  00001958  54000000	nop; not filled.
  763  0000195c  23bdfff0	addi	r29,r29,#-16
  764  00001960  3c0d0000	lhi	r13,((LC15_LF0)>>16)&0xffff
  765  00001964  25ad31d0	addui	r13,r13,(LC15_LF0)&0xffff
  766  00001968  afad0000	sw	(r29),r13
  767  0000196c  afa10004	sw	4(r29),r1
  768  00001970  20a1ffff	addi	r1,r5,#-1
  769  00001974  afa10008	sw	8(r29),r1
  770  00001978  0c000208	jal	_Printf
  771  0000197c  54000000	nop; not filled.
  772  00001980  23bd0010	addi	r29,r29,#16
  773  00001984  0800002c	j	L70_LF0
  774  00001988  54000000	nop; not filled.
  775  0000198c          	L62_LF0:
  776  0000198c  0c000200	jal	_Getpid
  777  00001990  54000000	nop; not filled.
  778  00001994  23bdfff8	addi	r29,r29,#-8
  779  00001998  3c0d0000	lhi	r13,((LC16_LF0)>>16)&0xffff
  780  0000199c  25ad3204	addui	r13,r13,(LC16_LF0)&0xffff
  781  000019a0  afad0000	sw	(r29),r13
  782  000019a4  afa10004	sw	4(r29),r1
  783  000019a8  0c0001d8	jal	_Printf
  784  000019ac  54000000	nop; not filled.
  785  000019b0  23bd0008	addi	r29,r29,#8
  786  000019b4          	L70_LF0:
  787  000019b4  23bdfff8	addi	r29,r29,#-8
  788  000019b8  3c0d0000	lhi	r13,((LC6_LF0)>>16)&0xffff
  789  000019bc  25ad308c	addui	r13,r13,(LC6_LF0)&0xffff
  790  000019c0  afad0000	sw	(r29),r13
  791  000019c4  0c0001bc	jal	_Printf
  792  000019c8  54000000	nop; not filled.
  793  000019cc  afa80000	sw	(r29),r8
  794  000019d0  0c000228	jal	_lock_release
  795  000019d4  54000000	nop; not filled.
  796  000019d8  23bd0008	addi	r29,r29,#8
  797  000019dc  64210000	snei	r1,r1,#0
  798  000019e0  1020fcac	beqz	r1,L50_LF0
  799  000019e4  54000000	nop; not filled.
  800  000019e8  0c0001a4	jal	_Getpid
  801  000019ec  54000000	nop; not filled.
  802  000019f0  23bdfff8	addi	r29,r29,#-8
  803  000019f4  3c0d0000	lhi	r13,((LC17_LF0)>>16)&0xffff
  804  000019f8  25ad3234	addui	r13,r13,(LC17_LF0)&0xffff
  805  000019fc  afad0000	sw	(r29),r13
  806  00001a00  afa10004	sw	4(r29),r1
  807  00001a04  0c00017c	jal	_Printf
  808  00001a08  54000000	nop; not filled.
  809  00001a0c  23bd0008	addi	r29,r29,#8
  810  00001a10  0bfffc7c	j	L50_LF0
  811  00001a14  54000000	nop; not filled.
  812  00001a18          	L51_LF0:
  813  00001a18  23bdfff8	addi	r29,r29,#-8
  814  00001a1c  afa80000	sw	(r29),r8
  815  00001a20  0c0001cc	jal	_lock_acquire
  816  00001a24  54000000	nop; not filled.
  817  00001a28  0c000164	jal	_Getpid
  818  00001a2c  54000000	nop; not filled.
  819  00001a30  3c0d0000	lhi	r13,((LC18_LF0)>>16)&0xffff
  820  00001a34  25ad3258	addui	r13,r13,(LC18_LF0)&0xffff
  821  00001a38  afad0000	sw	(r29),r13
  822  00001a3c  afa10004	sw	4(r29),r1
  823  00001a40  0c000140	jal	_Printf
  824  00001a44  54000000	nop; not filled.
  825  00001a48  23bd0008	addi	r29,r29,#8
  826  00001a4c  23c2fc10	addi	r2,r30,#-1008
  827  00001a50  23c3fc19	addi	r3,r30,#-999
  828  00001a54          	L75_LF0:
  829  00001a54  23bdfff8	addi	r29,r29,#-8
  830  00001a58  3c0d0000	lhi	r13,((LC5_LF0)>>16)&0xffff
  831  00001a5c  25ad3088	addui	r13,r13,(LC5_LF0)&0xffff
  832  00001a60  afad0000	sw	(r29),r13
  833  00001a64  90410000	lbu	r1,(r2)
  834  00001a68  afa10004	sw	4(r29),r1
  835  00001a6c  0c000114	jal	_Printf
  836  00001a70  54000000	nop; not filled.
  837  00001a74  23bd0008	addi	r29,r29,#8
  838  00001a78  20420001	addi	r2,r2,#1
  839  00001a7c  0043082c	sle	r1,r2,r3
  840  00001a80  1420ffd0	bnez	r1,L75_LF0
  841  00001a84  54000000	nop; not filled.
  842  00001a88  23bdfff8	addi	r29,r29,#-8
  843  00001a8c  3c0d0000	lhi	r13,((LC6_LF0)>>16)&0xffff
  844  00001a90  25ad308c	addui	r13,r13,(LC6_LF0)&0xffff
  845  00001a94  afad0000	sw	(r29),r13
  846  00001a98  0c0000e8	jal	_Printf
  847  00001a9c  54000000	nop; not filled.
  848  00001aa0  0c0000ec	jal	_Getpid
  849  00001aa4  54000000	nop; not filled.
  850  00001aa8  3c0d0000	lhi	r13,((LC19_LF0)>>16)&0xffff
  851  00001aac  25ad327c	addui	r13,r13,(LC19_LF0)&0xffff
  852  00001ab0  afad0000	sw	(r29),r13
  853  00001ab4  afa10004	sw	4(r29),r1
  854  00001ab8  0c0000c8	jal	_Printf
  855  00001abc  54000000	nop; not filled.
  856  00001ac0  afa80000	sw	(r29),r8
  857  00001ac4  0c000134	jal	_lock_release
  858  00001ac8  54000000	nop; not filled.
  859  00001acc  afac0000	sw	(r29),r12
  860  00001ad0  0c000104	jal	_sem_signal
  861  00001ad4  54000000	nop; not filled.
  862  00001ad8  23bd0008	addi	r29,r29,#8
  863  00001adc  64210001	snei	r1,r1,#1
  864  00001ae0  10200050	beqz	r1,L77_LF0
  865  00001ae4  54000000	nop; not filled.
  866  00001ae8  23bdfff8	addi	r29,r29,#-8
  867  00001aec  3c0d0000	lhi	r13,((LC20_LF0)>>16)&0xffff
  868  00001af0  25ad3298	addui	r13,r13,(LC20_LF0)&0xffff
  869  00001af4  afad0000	sw	(r29),r13
  870  00001af8  afac0004	sw	4(r29),r12
  871  00001afc  0c000084	jal	_Printf
  872  00001b00  54000000	nop; not filled.
  873  00001b04  8d290000	lw	r9,(r9)
  874  00001b08  afa90000	sw	(r29),r9
  875  00001b0c  0c000074	jal	_Printf
  876  00001b10  54000000	nop; not filled.
  877  00001b14  3c0d0000	lhi	r13,((LC10_LF0)>>16)&0xffff
  878  00001b18  25ad3120	addui	r13,r13,(LC10_LF0)&0xffff
  879  00001b1c  afad0000	sw	(r29),r13
  880  00001b20  0c000060	jal	_Printf
  881  00001b24  54000000	nop; not filled.
  882  00001b28  0c000100	jal	_Exit
  883  00001b2c  54000000	nop; not filled.
  884  00001b30  23bd0008	addi	r29,r29,#8
  885  00001b34          	L77_LF0:
  886  00001b34  0c000e3c	jal	_exit
  887  00001b38  54000000	nop
  888  00001b3c          	.endproc _main
  889                      ;;;
  890                      ;;; Stub functions for DLX traps.
  891                      ;;;
  892                      ;;; Ethan L. Miller, 1999.  Released to the public domain.
  893                      ;;;
  894                      ;;; The traps such as Open and Close
  895                      ;;; (note the capital letters) are for use by user programs.  The traps
  896                      ;;; with names such as open and close (lower case) are for use by the OS.
  897                      ;;;
  900  00001b3c          	.align 2
  902                      ;;; The following are the traps to be used by user-level programs
  903                      ;;;
  905  00001b3c          	.align 2
  906  00001b3c          	.proc _Open
  907  00001b3c          	.global _Open
  908  00001b3c          	_Open:
  909                      ;;; Note that trap #0x213 actually causes a trap vector in the OS of
  910                      ;;; 0x1213.  The same is true for other user traps.  Thus, a user trap
  911                      ;;; with trap #0x240 will result in a trap vector of 0x1240 in the OS.
  912  00001b3c  44000213	trap	#0x213
  913  00001b40  4be00000	jr	r31
  914  00001b44  54000000	nop
  915  00001b48          	.endproc _Open
  917  00001b48          	.proc _Close
  918  00001b48          	.global _Close
  919  00001b48          	_Close:
  920  00001b48  44000214	trap	#0x214
  921  00001b4c  4be00000	jr	r31
  922  00001b50  54000000	nop
  923  00001b54          	.endproc _Close
  925  00001b54          	.proc _Read
  926  00001b54          	.global _Read
  927  00001b54          	_Read:
  928  00001b54  44000210	trap	#0x210
  929  00001b58  4be00000	jr	r31
  930  00001b5c  54000000	nop
  931  00001b60          	.endproc _Read
  933  00001b60          	.proc _Write
  934  00001b60          	.global _Write
  935  00001b60          	_Write:
  936  00001b60  44000211	trap	#0x211
  937  00001b64  4be00000	jr	r31
  938  00001b68  54000000	nop
  939  00001b6c          	.endproc _Write
  941  00001b6c          	.proc _Lseek
  942  00001b6c          	.global _Lseek
  943  00001b6c          	_Lseek:
  944  00001b6c  44000212	trap	#0x212
  945  00001b70  4be00000	jr	r31
  946  00001b74  54000000	nop
  947  00001b78          	.endproc _Lseek
  949  00001b78          	.proc _Putchar
  950  00001b78          	.global _Putchar
  951  00001b78          	_Putchar:
  952  00001b78  44000280	trap	#0x280
  953  00001b7c  4be00000	jr	r31
  954  00001b80  54000000	nop
  955  00001b84          	.endproc _Putchar
  957  00001b84          	.proc _Printf
  958  00001b84          	.global _Printf
  959  00001b84          	_Printf:
  960  00001b84  44000201	trap	#0x201
  961  00001b88  4be00000	jr	r31
  962  00001b8c  54000000	nop
  963  00001b90          	.endproc _Printf
  965  00001b90          	.proc _Getpid
  966  00001b90          	.global _Getpid
  967  00001b90          	_Getpid:
  968  00001b90  44000431	trap	#0x431
  969  00001b94  4be00000	jr	r31
  970  00001b98  54000000	nop
  971  00001b9c          	.endproc _Getpid
  973  00001b9c          	.proc _process_create
  974  00001b9c          	.global _process_create
  975  00001b9c          	_process_create:
  976  00001b9c  44000432	trap	#0x432
  977  00001ba0  4be00000	jr	r31
  978  00001ba4  54000000	nop
  979  00001ba8          	.endproc _process_create
  981  00001ba8          	.proc _shmget
  982  00001ba8          	.global _shmget
  983  00001ba8          	_shmget:
  984  00001ba8  44000440	trap	#0x440
  985  00001bac  4be00000	jr	r31
  986  00001bb0  54000000	nop
  987  00001bb4          	.endproc _shmget
  989  00001bb4          	.proc _shmat
  990  00001bb4          	.global _shmat
  991  00001bb4          	_shmat:
  992  00001bb4  44000441	trap	#0x441
  993  00001bb8  4be00000	jr	r31
  994  00001bbc  54000000	nop
  995  00001bc0          	.endproc _shmat
  997  00001bc0          	.proc _sem_create
  998  00001bc0          	.global _sem_create
  999  00001bc0          	_sem_create:
 1000  00001bc0  44000450	trap	#0x450
 1001  00001bc4  4be00000	jr	r31
 1002  00001bc8  54000000	nop
 1003  00001bcc          	.endproc _sem_create
 1005  00001bcc          	.proc _sem_wait
 1006  00001bcc          	.global _sem_wait
 1007  00001bcc          	_sem_wait:
 1008  00001bcc  44000451	trap	#0x451
 1009  00001bd0  4be00000	jr	r31
 1010  00001bd4  54000000	nop
 1011  00001bd8          	.endproc _sem_wait
 1013  00001bd8          	.proc _sem_signal
 1014  00001bd8          	.global _sem_signal
 1015  00001bd8          	_sem_signal:
 1016  00001bd8  44000452	trap	#0x452
 1017  00001bdc  4be00000	jr	r31
 1018  00001be0  54000000	nop
 1019  00001be4          	.endproc _sem_signal
 1021  00001be4          	.proc _lock_create
 1022  00001be4          	.global _lock_create
 1023  00001be4          	_lock_create:
 1024  00001be4  44000453	trap	#0x453
 1025  00001be8  4be00000	jr	r31
 1026  00001bec  54000000	nop
 1027  00001bf0          	.endproc _lock_create
 1029  00001bf0          	.proc _lock_acquire
 1030  00001bf0          	.global _lock_acquire
 1031  00001bf0          	_lock_acquire:
 1032  00001bf0  44000454	trap	#0x454
 1033  00001bf4  4be00000	jr	r31
 1034  00001bf8  54000000	nop
 1035  00001bfc          	.endproc _lock_acquire
 1037  00001bfc          	.proc _lock_release
 1038  00001bfc          	.global _lock_release
 1039  00001bfc          	_lock_release:
 1040  00001bfc  44000455	trap	#0x455
 1041  00001c00  4be00000	jr	r31
 1042  00001c04  54000000	nop
 1043  00001c08          	.endproc _lock_release
 1045  00001c08          	.proc _cond_create
 1046  00001c08          	.global _cond_create
 1047  00001c08          	_cond_create:
 1048  00001c08  44000456	trap	#0x456
 1049  00001c0c  4be00000	jr	r31
 1050  00001c10  54000000	nop
 1051  00001c14          	.endproc _cond_create
 1053  00001c14          	.proc _cond_wait
 1054  00001c14          	.global _cond_wait
 1055  00001c14          	_cond_wait:
 1056  00001c14  44000457	trap	#0x457
 1057  00001c18  4be00000	jr	r31
 1058  00001c1c  54000000	nop
 1059  00001c20          	.endproc _cond_wait
 1061  00001c20          	.proc _cond_signal
 1062  00001c20          	.global _cond_signal
 1063  00001c20          	_cond_signal:
 1064  00001c20  44000458	trap	#0x458
 1065  00001c24  4be00000	jr	r31
 1066  00001c28  54000000	nop
 1067  00001c2c          	.endproc _cond_signal
 1069  00001c2c          	.proc _Exit
 1070  00001c2c          	.global _Exit
 1071  00001c2c          	_Exit:
 1072  00001c2c  44000500	trap	#0x500
 1073  00001c30  4be00000	jr	r31
 1074  00001c34  54000000	nop
 1075  00001c38          	.endproc _Exit
 1076                      ; Compiled by GCC
 1078  00001c38          	.align 2
 1079  00001c38          	.proc _isspace
 1080  00001c38          	.global _isspace
 1081  00001c38          	_isspace:
 1082                      ;  Function 'isspace'; 0 bytes of locals, 3 regs to save.
 1083  00001c38  afbefffc	sw	-4(r29),r30; push fp
 1084  00001c3c  001df020	add	r30,r0,r29; fp = sp
 1085  00001c40  afbffff8	sw	-8(r29),r31; push ret addr
 1086  00001c44  2fbd0018	subui	r29,r29,#24; alloc local storage
 1087  00001c48  afa20000	sw	0(r29),r2
 1088  00001c4c  afa30004	sw	4(r29),r3
 1089  00001c50  afa40008	sw	8(r29),r4
 1090  00001c54  83c20003	lb	r2,3(r30)
 1091  00001c58  20010000	addi	r1,r0,#0
 1092  00001c5c  304300ff	andi	r3,r2,#0x00ff
 1093  00001c60  60640020	seqi	r4,r3,#32
 1094  00001c64  1480002c	bnez	r4,L3_LF2
 1095  00001c68  54000000	nop; delay slot nop
 1096  00001c6c  304300ff	andi	r3,r2,#0x00ff
 1097  00001c70  60640009	seqi	r4,r3,#9
 1098  00001c74  1480001c	bnez	r4,L3_LF2
 1099  00001c78  54000000	nop; delay slot nop
 1100  00001c7c  304300ff	andi	r3,r2,#0x00ff
 1101  00001c80  6064000a	seqi	r4,r3,#10
 1102  00001c84  1480000c	bnez	r4,L3_LF2
 1103  00001c88  54000000	nop; delay slot nop
 1104  00001c8c  08000008	j	L2_LF2
 1105  00001c90  54000000	nop; delay slot nop
 1106  00001c94          	L3_LF2:
 1107  00001c94  20010001	addi	r1,r0,#1
 1108  00001c98          	L2_LF2:
 1109  00001c98  08000004	j	L1_LF2
 1110  00001c9c  54000000	nop; delay slot nop
 1111  00001ca0          	L1_LF2:
 1112  00001ca0  8fa20000	lw	r2,0(r29)
 1113  00001ca4  8fa30004	lw	r3,4(r29)
 1114  00001ca8  8fa40008	lw	r4,8(r29)
 1115  00001cac  8fdffff8	lw	r31,-8(r30)
 1116  00001cb0  001ee820	add	r29,r0,r30
 1117  00001cb4  8fdefffc	lw	r30,-4(r30)
 1118  00001cb8  4be00000	jr	r31
 1119  00001cbc  54000000	nop
 1120  00001cc0          	.endproc _isspace
 1121  00001cc0          	.align 2
 1122  00001cc0          	.proc _isxdigit
 1123  00001cc0          	.global _isxdigit
 1124  00001cc0          	_isxdigit:
 1125                      ;  Function 'isxdigit'; 0 bytes of locals, 3 regs to save.
 1126  00001cc0  afbefffc	sw	-4(r29),r30; push fp
 1127  00001cc4  001df020	add	r30,r0,r29; fp = sp
 1128  00001cc8  afbffff8	sw	-8(r29),r31; push ret addr
 1129  00001ccc  2fbd0018	subui	r29,r29,#24; alloc local storage
 1130  00001cd0  afa20000	sw	0(r29),r2
 1131  00001cd4  afa30004	sw	4(r29),r3
 1132  00001cd8  afa40008	sw	8(r29),r4
 1133  00001cdc  83c20003	lb	r2,3(r30)
 1134  00001ce0  20010000	addi	r1,r0,#0
 1135  00001ce4  304300ff	andi	r3,r2,#0x00ff
 1136  00001ce8  6c64002f	sgtui	r4,r3,#47
 1137  00001cec  1080001c	beqz	r4,L7_LF2
 1138  00001cf0  54000000	nop; delay slot nop
 1139  00001cf4  304300ff	andi	r3,r2,#0x00ff
 1140  00001cf8  70640039	sleui	r4,r3,#57
 1141  00001cfc  1480005c	bnez	r4,L6_LF2
 1142  00001d00  54000000	nop; delay slot nop
 1143  00001d04  08000004	j	L7_LF2
 1144  00001d08  54000000	nop; delay slot nop
 1145  00001d0c          	L7_LF2:
 1146  00001d0c  304300ff	andi	r3,r2,#0x00ff
 1147  00001d10  6c640060	sgtui	r4,r3,#96
 1148  00001d14  1080001c	beqz	r4,L8_LF2
 1149  00001d18  54000000	nop; delay slot nop
 1150  00001d1c  304300ff	andi	r3,r2,#0x00ff
 1151  00001d20  70640066	sleui	r4,r3,#102
 1152  00001d24  14800034	bnez	r4,L6_LF2
 1153  00001d28  54000000	nop; delay slot nop
 1154  00001d2c  08000004	j	L8_LF2
 1155  00001d30  54000000	nop; delay slot nop
 1156  00001d34          	L8_LF2:
 1157  00001d34  304300ff	andi	r3,r2,#0x00ff
 1158  00001d38  6c640040	sgtui	r4,r3,#64
 1159  00001d3c  10800020	beqz	r4,L5_LF2
 1160  00001d40  54000000	nop; delay slot nop
 1161  00001d44  304300ff	andi	r3,r2,#0x00ff
 1162  00001d48  70640041	sleui	r4,r3,#65
 1163  00001d4c  1480000c	bnez	r4,L6_LF2
 1164  00001d50  54000000	nop; delay slot nop
 1165  00001d54  08000008	j	L5_LF2
 1166  00001d58  54000000	nop; delay slot nop
 1167  00001d5c          	L6_LF2:
 1168  00001d5c  20010001	addi	r1,r0,#1
 1169  00001d60          	L5_LF2:
 1170  00001d60  08000004	j	L4_LF2
 1171  00001d64  54000000	nop; delay slot nop
 1172  00001d68          	L4_LF2:
 1173  00001d68  8fa20000	lw	r2,0(r29)
 1174  00001d6c  8fa30004	lw	r3,4(r29)
 1175  00001d70  8fa40008	lw	r4,8(r29)
 1176  00001d74  8fdffff8	lw	r31,-8(r30)
 1177  00001d78  001ee820	add	r29,r0,r30
 1178  00001d7c  8fdefffc	lw	r30,-4(r30)
 1179  00001d80  4be00000	jr	r31
 1180  00001d84  54000000	nop
 1181  00001d88          	.endproc _isxdigit
 1182  00001d88          	.align 2
 1183  00001d88          	.proc _dstrcpy
 1184  00001d88          	.global _dstrcpy
 1185  00001d88          	_dstrcpy:
 1186                      ;  Function 'dstrcpy'; 8 bytes of locals, 2 regs to save.
 1187  00001d88  afbefffc	sw	-4(r29),r30; push fp
 1188  00001d8c  001df020	add	r30,r0,r29; fp = sp
 1189  00001d90  afbffff8	sw	-8(r29),r31; push ret addr
 1190  00001d94  2fbd0018	subui	r29,r29,#24; alloc local storage
 1191  00001d98  afa20000	sw	0(r29),r2
 1192  00001d9c  afa30004	sw	4(r29),r3
 1193  00001da0  8fc10000	lw	r1,(r30)
 1194  00001da4  afc1fff4	sw	-12(r30),r1
 1195  00001da8          	L10_LF2:
 1196  00001da8  8fc10000	lw	r1,(r30)
 1197  00001dac  20220001	addi	r2,r1,#1
 1198  00001db0  afc20000	sw	(r30),r2
 1199  00001db4  8fc20004	lw	r2,4(r30)
 1200  00001db8  20430001	addi	r3,r2,#1
 1201  00001dbc  afc30004	sw	4(r30),r3
 1202  00001dc0  80420000	lb	r2,(r2)
 1203  00001dc4  a0220000	sb	(r1),r2
 1204  00001dc8  a3c2fff3	sb	-13(r30),r2
 1205  00001dcc          	L12_LF2:
 1206  00001dcc  93c1fff3	lbu	r1,-13(r30)
 1207  00001dd0  64220000	snei	r2,r1,#0
 1208  00001dd4  1440000c	bnez	r2,L13_LF2
 1209  00001dd8  54000000	nop; delay slot nop
 1210  00001ddc  0800000c	j	L11_LF2
 1211  00001de0  54000000	nop; delay slot nop
 1212  00001de4          	L13_LF2:
 1213  00001de4  0bffffc0	j	L10_LF2
 1214  00001de8  54000000	nop; delay slot nop
 1215  00001dec          	L11_LF2:
 1216  00001dec  8fc1fff4	lw	r1,-12(r30)
 1217  00001df0  08000004	j	L9_LF2
 1218  00001df4  54000000	nop; delay slot nop
 1219  00001df8          	L9_LF2:
 1220  00001df8  8fa20000	lw	r2,0(r29)
 1221  00001dfc  8fa30004	lw	r3,4(r29)
 1222  00001e00  8fdffff8	lw	r31,-8(r30)
 1223  00001e04  001ee820	add	r29,r0,r30
 1224  00001e08  8fdefffc	lw	r30,-4(r30)
 1225  00001e0c  4be00000	jr	r31
 1226  00001e10  54000000	nop
 1227  00001e14          	.endproc _dstrcpy
 1228  00001e14          	.align 2
 1229  00001e14          	.proc _dstrncpy
 1230  00001e14          	.global _dstrncpy
 1231  00001e14          	_dstrncpy:
 1232                      ;  Function 'dstrncpy'; 8 bytes of locals, 2 regs to save.
 1233  00001e14  afbefffc	sw	-4(r29),r30; push fp
 1234  00001e18  001df020	add	r30,r0,r29; fp = sp
 1235  00001e1c  afbffff8	sw	-8(r29),r31; push ret addr
 1236  00001e20  2fbd0018	subui	r29,r29,#24; alloc local storage
 1237  00001e24  afa20000	sw	0(r29),r2
 1238  00001e28  afa30004	sw	4(r29),r3
 1239  00001e2c  8fc10000	lw	r1,(r30)
 1240  00001e30  afc1fff4	sw	-12(r30),r1
 1241  00001e34          	L15_LF2:
 1242  00001e34  8fc10008	lw	r1,8(r30)
 1243  00001e38  2022ffff	addi	r2,r1,#-1
 1244  00001e3c  afc20008	sw	8(r30),r2
 1245  00001e40  70210000	slei	r1,r1,#0
 1246  00001e44  1020000c	beqz	r1,L18_LF2
 1247  00001e48  54000000	nop; delay slot nop
 1248  00001e4c  08000048	j	L16_LF2
 1249  00001e50  54000000	nop; delay slot nop
 1250  00001e54          	L18_LF2:
 1251  00001e54  8fc10000	lw	r1,(r30)
 1252  00001e58  20220001	addi	r2,r1,#1
 1253  00001e5c  afc20000	sw	(r30),r2
 1254  00001e60  8fc20004	lw	r2,4(r30)
 1255  00001e64  20430001	addi	r3,r2,#1
 1256  00001e68  afc30004	sw	4(r30),r3
 1257  00001e6c  80420000	lb	r2,(r2)
 1258  00001e70  a0220000	sb	(r1),r2
 1259  00001e74  a3c2fff3	sb	-13(r30),r2
 1260  00001e78          	L17_LF2:
 1261  00001e78  93c1fff3	lbu	r1,-13(r30)
 1262  00001e7c  64220000	snei	r2,r1,#0
 1263  00001e80  1440000c	bnez	r2,L19_LF2
 1264  00001e84  54000000	nop; delay slot nop
 1265  00001e88  0800000c	j	L16_LF2
 1266  00001e8c  54000000	nop; delay slot nop
 1267  00001e90          	L19_LF2:
 1268  00001e90  0bffffa0	j	L15_LF2
 1269  00001e94  54000000	nop; delay slot nop
 1270  00001e98          	L16_LF2:
 1271  00001e98  8fc1fff4	lw	r1,-12(r30)
 1272  00001e9c  08000004	j	L14_LF2
 1273  00001ea0  54000000	nop; delay slot nop
 1274  00001ea4          	L14_LF2:
 1275  00001ea4  8fa20000	lw	r2,0(r29)
 1276  00001ea8  8fa30004	lw	r3,4(r29)
 1277  00001eac  8fdffff8	lw	r31,-8(r30)
 1278  00001eb0  001ee820	add	r29,r0,r30
 1279  00001eb4  8fdefffc	lw	r30,-4(r30)
 1280  00001eb8  4be00000	jr	r31
 1281  00001ebc  54000000	nop
 1282  00001ec0          	.endproc _dstrncpy
 1283  00001ec0          	.align 2
 1284  00001ec0          	.proc _dstrcat
 1285  00001ec0          	.global _dstrcat
 1286  00001ec0          	_dstrcat:
 1287                      ;  Function 'dstrcat'; 8 bytes of locals, 1 regs to save.
 1288  00001ec0  afbefffc	sw	-4(r29),r30; push fp
 1289  00001ec4  001df020	add	r30,r0,r29; fp = sp
 1290  00001ec8  afbffff8	sw	-8(r29),r31; push ret addr
 1291  00001ecc  2fbd0018	subui	r29,r29,#24; alloc local storage
 1292  00001ed0  afa20000	sw	0(r29),r2
 1293  00001ed4  8fc10000	lw	r1,(r30)
 1294  00001ed8  afc1fff4	sw	-12(r30),r1
 1295  00001edc          	L21_LF2:
 1296  00001edc  8fc10000	lw	r1,(r30)
 1297  00001ee0  90220000	lbu	r2,(r1)
 1298  00001ee4  64410000	snei	r1,r2,#0
 1299  00001ee8  1420000c	bnez	r1,L23_LF2
 1300  00001eec  54000000	nop; delay slot nop
 1301  00001ef0  0800001c	j	L22_LF2
 1302  00001ef4  54000000	nop; delay slot nop
 1303  00001ef8          	L23_LF2:
 1304  00001ef8  8fc20000	lw	r2,(r30)
 1305  00001efc  20410001	addi	r1,r2,#1
 1306  00001f00  00011020	add	r2,r0,r1
 1307  00001f04  afc20000	sw	(r30),r2
 1308  00001f08  0bffffd0	j	L21_LF2
 1309  00001f0c  54000000	nop; delay slot nop
 1310  00001f10          	L22_LF2:
 1311  00001f10  23bdfff8	addi	r29,r29,#-8
 1312  00001f14  001d0820	add	r1,r0,r29
 1313  00001f18  8fc20000	lw	r2,(r30)
 1314  00001f1c  ac220000	sw	(r1),r2
 1315  00001f20  8fc20004	lw	r2,4(r30)
 1316  00001f24  ac220004	sw	4(r1),r2
 1317  00001f28  0ffffe5c	jal	_dstrcpy
 1318  00001f2c  54000000	nop; delay slot nop
 1319  00001f30  23bd0008	addi	r29,r29,#8
 1320  00001f34  8fc1fff4	lw	r1,-12(r30)
 1321  00001f38  08000004	j	L20_LF2
 1322  00001f3c  54000000	nop; delay slot nop
 1323  00001f40          	L20_LF2:
 1324  00001f40  8fa20000	lw	r2,0(r29)
 1325  00001f44  8fdffff8	lw	r31,-8(r30)
 1326  00001f48  001ee820	add	r29,r0,r30
 1327  00001f4c  8fdefffc	lw	r30,-4(r30)
 1328  00001f50  4be00000	jr	r31
 1329  00001f54  54000000	nop
 1330  00001f58          	.endproc _dstrcat
 1331  00001f58          	.align 2
 1332  00001f58          	.proc _dstrncmp
 1333  00001f58          	.global _dstrncmp
 1334  00001f58          	_dstrncmp:
 1335                      ;  Function 'dstrncmp'; 8 bytes of locals, 2 regs to save.
 1336  00001f58  afbefffc	sw	-4(r29),r30; push fp
 1337  00001f5c  001df020	add	r30,r0,r29; fp = sp
 1338  00001f60  afbffff8	sw	-8(r29),r31; push ret addr
 1339  00001f64  2fbd0018	subui	r29,r29,#24; alloc local storage
 1340  00001f68  afa20000	sw	0(r29),r2
 1341  00001f6c  afa30004	sw	4(r29),r3
 1342  00001f70  54000000	nop
 1343  00001f74  20010000	addi	r1,r0,#0
 1344  00001f78  afc1fff4	sw	-12(r30),r1
 1345  00001f7c          	L25_LF2:
 1346  00001f7c  8fc1fff4	lw	r1,-12(r30)
 1347  00001f80  8fc20008	lw	r2,8(r30)
 1348  00001f84  0022082a	slt	r1,r1,r2
 1349  00001f88  1420000c	bnez	r1,L28_LF2
 1350  00001f8c  54000000	nop; delay slot nop
 1351  00001f90  08000088	j	L26_LF2
 1352  00001f94  54000000	nop; delay slot nop
 1353  00001f98          	L28_LF2:
 1354  00001f98  8fc10004	lw	r1,4(r30)
 1355  00001f9c  90220000	lbu	r2,(r1)
 1356  00001fa0  64410000	snei	r1,r2,#0
 1357  00001fa4  14200018	bnez	r1,L29_LF2
 1358  00001fa8  54000000	nop; delay slot nop
 1359  00001fac  20010000	addi	r1,r0,#0
 1360  00001fb0  080000d8	j	L24_LF2
 1361  00001fb4  54000000	nop; delay slot nop
 1362  00001fb8  08000028	j	L30_LF2
 1363  00001fbc  54000000	nop; delay slot nop
 1364  00001fc0          	L29_LF2:
 1365  00001fc0  8fc10000	lw	r1,(r30)
 1366  00001fc4  8fc20004	lw	r2,4(r30)
 1367  00001fc8  90210000	lbu	r1,(r1)
 1368  00001fcc  90420000	lbu	r2,(r2)
 1369  00001fd0  00220829	sne	r1,r1,r2
 1370  00001fd4  1020000c	beqz	r1,L30_LF2
 1371  00001fd8  54000000	nop; delay slot nop
 1372  00001fdc  0800003c	j	L26_LF2
 1373  00001fe0  54000000	nop; delay slot nop
 1374  00001fe4          	L31_LF2:
 1375  00001fe4          	L30_LF2:
 1376  00001fe4  8fc20000	lw	r2,(r30)
 1377  00001fe8  20410001	addi	r1,r2,#1
 1378  00001fec  00011020	add	r2,r0,r1
 1379  00001ff0  afc20000	sw	(r30),r2
 1380  00001ff4  8fc20004	lw	r2,4(r30)
 1381  00001ff8  20410001	addi	r1,r2,#1
 1382  00001ffc  00011020	add	r2,r0,r1
 1383  00002000  afc20004	sw	4(r30),r2
 1384  00002004          	L27_LF2:
 1385  00002004  8fc2fff4	lw	r2,-12(r30)
 1386  00002008  20410001	addi	r1,r2,#1
 1387  0000200c  00011020	add	r2,r0,r1
 1388  00002010  afc2fff4	sw	-12(r30),r2
 1389  00002014  0bffff64	j	L25_LF2
 1390  00002018  54000000	nop; delay slot nop
 1391  0000201c          	L26_LF2:
 1392  0000201c  8fc1fff4	lw	r1,-12(r30)
 1393  00002020  8fc20008	lw	r2,8(r30)
 1394  00002024  00220828	seq	r1,r1,r2
 1395  00002028  10200018	beqz	r1,L32_LF2
 1396  0000202c  54000000	nop; delay slot nop
 1397  00002030  20010000	addi	r1,r0,#0
 1398  00002034  08000054	j	L24_LF2
 1399  00002038  54000000	nop; delay slot nop
 1400  0000203c  0800004c	j	L33_LF2
 1401  00002040  54000000	nop; delay slot nop
 1402  00002044          	L32_LF2:
 1403  00002044  8fc20000	lw	r2,(r30)
 1404  00002048  90410000	lbu	r1,(r2)
 1405  0000204c  8fc20004	lw	r2,4(r30)
 1406  00002050  90430000	lbu	r3,(r2)
 1407  00002054  00230822	sub	r1,r1,r3
 1408  00002058  74220000	sgei	r2,r1,#0
 1409  0000205c  10400020	beqz	r2,L34_LF2
 1410  00002060  54000000	nop; delay slot nop
 1411  00002064  8fc10000	lw	r1,(r30)
 1412  00002068  8fc20004	lw	r2,4(r30)
 1413  0000206c  90210000	lbu	r1,(r1)
 1414  00002070  90420000	lbu	r2,(r2)
 1415  00002074  00220829	sne	r1,r1,r2
 1416  00002078  08000008	j	L35_LF2
 1417  0000207c  54000000	nop; delay slot nop
 1418  00002080          	L34_LF2:
 1419  00002080  2001ffff	addi	r1,r0,#-1
 1420  00002084          	L35_LF2:
 1421  00002084  08000004	j	L24_LF2
 1422  00002088  54000000	nop; delay slot nop
 1423  0000208c          	L33_LF2:
 1424  0000208c          	L24_LF2:
 1425  0000208c  8fa20000	lw	r2,0(r29)
 1426  00002090  8fa30004	lw	r3,4(r29)
 1427  00002094  8fdffff8	lw	r31,-8(r30)
 1428  00002098  001ee820	add	r29,r0,r30
 1429  0000209c  8fdefffc	lw	r30,-4(r30)
 1430  000020a0  4be00000	jr	r31
 1431  000020a4  54000000	nop
 1432  000020a8          	.endproc _dstrncmp
 1433  000020a8          	.align 2
 1434  000020a8          	.proc _dstrlen
 1435  000020a8          	.global _dstrlen
 1436  000020a8          	_dstrlen:
 1437                      ;  Function 'dstrlen'; 8 bytes of locals, 1 regs to save.
 1438  000020a8  afbefffc	sw	-4(r29),r30; push fp
 1439  000020ac  001df020	add	r30,r0,r29; fp = sp
 1440  000020b0  afbffff8	sw	-8(r29),r31; push ret addr
 1441  000020b4  2fbd0018	subui	r29,r29,#24; alloc local storage
 1442  000020b8  afa20000	sw	0(r29),r2
 1443  000020bc  20010000	addi	r1,r0,#0
 1444  000020c0  afc1fff4	sw	-12(r30),r1
 1445  000020c4          	L37_LF2:
 1446  000020c4  8fc10000	lw	r1,(r30)
 1447  000020c8  20220001	addi	r2,r1,#1
 1448  000020cc  afc20000	sw	(r30),r2
 1449  000020d0  90210000	lbu	r1,(r1)
 1450  000020d4  64220000	snei	r2,r1,#0
 1451  000020d8  1440000c	bnez	r2,L39_LF2
 1452  000020dc  54000000	nop; delay slot nop
 1453  000020e0  0800001c	j	L38_LF2
 1454  000020e4  54000000	nop; delay slot nop
 1455  000020e8          	L39_LF2:
 1456  000020e8  8fc2fff4	lw	r2,-12(r30)
 1457  000020ec  20410001	addi	r1,r2,#1
 1458  000020f0  00011020	add	r2,r0,r1
 1459  000020f4  afc2fff4	sw	-12(r30),r2
 1460  000020f8  0bffffc8	j	L37_LF2
 1461  000020fc  54000000	nop; delay slot nop
 1462  00002100          	L38_LF2:
 1463  00002100  8fc1fff4	lw	r1,-12(r30)
 1464  00002104  08000004	j	L36_LF2
 1465  00002108  54000000	nop; delay slot nop
 1466  0000210c          	L36_LF2:
 1467  0000210c  8fa20000	lw	r2,0(r29)
 1468  00002110  8fdffff8	lw	r31,-8(r30)
 1469  00002114  001ee820	add	r29,r0,r30
 1470  00002118  8fdefffc	lw	r30,-4(r30)
 1471  0000211c  4be00000	jr	r31
 1472  00002120  54000000	nop
 1473  00002124          	.endproc _dstrlen
 1474  00002124          	.align 2
 1475  00002124          	.proc _dstrstr
 1476  00002124          	.global _dstrstr
 1477  00002124          	_dstrstr:
 1478                      ;  Function 'dstrstr'; 8 bytes of locals, 1 regs to save.
 1479  00002124  afbefffc	sw	-4(r29),r30; push fp
 1480  00002128  001df020	add	r30,r0,r29; fp = sp
 1481  0000212c  afbffff8	sw	-8(r29),r31; push ret addr
 1482  00002130  2fbd0018	subui	r29,r29,#24; alloc local storage
 1483  00002134  afa20000	sw	0(r29),r2
 1484  00002138  23bdfff8	addi	r29,r29,#-8
 1485  0000213c  001d0820	add	r1,r0,r29
 1486  00002140  8fc20004	lw	r2,4(r30)
 1487  00002144  ac220000	sw	(r1),r2
 1488  00002148  0fffff5c	jal	_dstrlen
 1489  0000214c  54000000	nop; delay slot nop
 1490  00002150  23bd0008	addi	r29,r29,#8
 1491  00002154  afc1fff4	sw	-12(r30),r1
 1492  00002158          	L41_LF2:
 1493  00002158  8fc10000	lw	r1,(r30)
 1494  0000215c  90220000	lbu	r2,(r1)
 1495  00002160  64410000	snei	r1,r2,#0
 1496  00002164  1420000c	bnez	r1,L43_LF2
 1497  00002168  54000000	nop; delay slot nop
 1498  0000216c  08000060	j	L42_LF2
 1499  00002170  54000000	nop; delay slot nop
 1500  00002174          	L43_LF2:
 1501  00002174  23bdfff0	addi	r29,r29,#-16
 1502  00002178  001d0820	add	r1,r0,r29
 1503  0000217c  8fc20000	lw	r2,(r30)
 1504  00002180  ac220000	sw	(r1),r2
 1505  00002184  8fc20004	lw	r2,4(r30)
 1506  00002188  ac220004	sw	4(r1),r2
 1507  0000218c  8fc2fff4	lw	r2,-12(r30)
 1508  00002190  ac220008	sw	8(r1),r2
 1509  00002194  0ffffdc0	jal	_dstrncmp
 1510  00002198  54000000	nop; delay slot nop
 1511  0000219c  23bd0010	addi	r29,r29,#16
 1512  000021a0  64220000	snei	r2,r1,#0
 1513  000021a4  14400010	bnez	r2,L44_LF2
 1514  000021a8  54000000	nop; delay slot nop
 1515  000021ac  8fc10000	lw	r1,(r30)
 1516  000021b0  08000028	j	L40_LF2
 1517  000021b4  54000000	nop; delay slot nop
 1518  000021b8          	L44_LF2:
 1519  000021b8  8fc20000	lw	r2,(r30)
 1520  000021bc  20410001	addi	r1,r2,#1
 1521  000021c0  00011020	add	r2,r0,r1
 1522  000021c4  afc20000	sw	(r30),r2
 1523  000021c8  0bffff8c	j	L41_LF2
 1524  000021cc  54000000	nop; delay slot nop
 1525  000021d0          	L42_LF2:
 1526  000021d0  20010000	addi	r1,r0,#0
 1527  000021d4  08000004	j	L40_LF2
 1528  000021d8  54000000	nop; delay slot nop
 1529  000021dc          	L40_LF2:
 1530  000021dc  8fa20000	lw	r2,0(r29)
 1531  000021e0  8fdffff8	lw	r31,-8(r30)
 1532  000021e4  001ee820	add	r29,r0,r30
 1533  000021e8  8fdefffc	lw	r30,-4(r30)
 1534  000021ec  4be00000	jr	r31
 1535  000021f0  54000000	nop
 1536  000021f4          	.endproc _dstrstr
 1537  000021f4          	.align 2
 1538  000021f4          	.proc _dmindex
 1539  000021f4          	.global _dmindex
 1540  000021f4          	_dmindex:
 1541                      ;  Function 'dmindex'; 8 bytes of locals, 1 regs to save.
 1542  000021f4  afbefffc	sw	-4(r29),r30; push fp
 1543  000021f8  001df020	add	r30,r0,r29; fp = sp
 1544  000021fc  afbffff8	sw	-8(r29),r31; push ret addr
 1545  00002200  2fbd0018	subui	r29,r29,#24; alloc local storage
 1546  00002204  afa20000	sw	0(r29),r2
 1547  00002208  54000000	nop
 1548  0000220c          	L46_LF2:
 1549  0000220c  8fc10000	lw	r1,(r30)
 1550  00002210  90220000	lbu	r2,(r1)
 1551  00002214  64410000	snei	r1,r2,#0
 1552  00002218  1420000c	bnez	r1,L48_LF2
 1553  0000221c  54000000	nop; delay slot nop
 1554  00002220  08000070	j	L47_LF2
 1555  00002224  54000000	nop; delay slot nop
 1556  00002228          	L48_LF2:
 1557  00002228  8fc10004	lw	r1,4(r30)
 1558  0000222c  afc1fff4	sw	-12(r30),r1
 1559  00002230          	L49_LF2:
 1560  00002230  8fc1fff4	lw	r1,-12(r30)
 1561  00002234  90220000	lbu	r2,(r1)
 1562  00002238  64410000	snei	r1,r2,#0
 1563  0000223c  1420000c	bnez	r1,L52_LF2
 1564  00002240  54000000	nop; delay slot nop
 1565  00002244  08000044	j	L50_LF2
 1566  00002248  54000000	nop; delay slot nop
 1567  0000224c          	L52_LF2:
 1568  0000224c  8fc10000	lw	r1,(r30)
 1569  00002250  8fc2fff4	lw	r2,-12(r30)
 1570  00002254  90210000	lbu	r1,(r1)
 1571  00002258  90420000	lbu	r2,(r2)
 1572  0000225c  00220828	seq	r1,r1,r2
 1573  00002260  10200010	beqz	r1,L51_LF2
 1574  00002264  54000000	nop; delay slot nop
 1575  00002268  8fc10000	lw	r1,(r30)
 1576  0000226c  08000030	j	L45_LF2
 1577  00002270  54000000	nop; delay slot nop
 1578  00002274          	L53_LF2:
 1579  00002274          	L51_LF2:
 1580  00002274  8fc2fff4	lw	r2,-12(r30)
 1581  00002278  20410001	addi	r1,r2,#1
 1582  0000227c  00011020	add	r2,r0,r1
 1583  00002280  afc2fff4	sw	-12(r30),r2
 1584  00002284  0bffffa8	j	L49_LF2
 1585  00002288  54000000	nop; delay slot nop
 1586  0000228c          	L50_LF2:
 1587  0000228c  0bffff7c	j	L46_LF2
 1588  00002290  54000000	nop; delay slot nop
 1589  00002294          	L47_LF2:
 1590  00002294  20010000	addi	r1,r0,#0
 1591  00002298  08000004	j	L45_LF2
 1592  0000229c  54000000	nop; delay slot nop
 1593  000022a0          	L45_LF2:
 1594  000022a0  8fa20000	lw	r2,0(r29)
 1595  000022a4  8fdffff8	lw	r31,-8(r30)
 1596  000022a8  001ee820	add	r29,r0,r30
 1597  000022ac  8fdefffc	lw	r30,-4(r30)
 1598  000022b0  4be00000	jr	r31
 1599  000022b4  54000000	nop
 1600  000022b8          	.endproc _dmindex
 1601  000022b8          	.align 2
 1602  000022b8          	.proc _dindex
 1603  000022b8          	.global _dindex
 1604  000022b8          	_dindex:
 1605                      ;  Function 'dindex'; 0 bytes of locals, 1 regs to save.
 1606  000022b8  afbefffc	sw	-4(r29),r30; push fp
 1607  000022bc  001df020	add	r30,r0,r29; fp = sp
 1608  000022c0  afbffff8	sw	-8(r29),r31; push ret addr
 1609  000022c4  2fbd0010	subui	r29,r29,#16; alloc local storage
 1610  000022c8  afa20000	sw	0(r29),r2
 1611  000022cc  54000000	nop
 1612  000022d0          	L55_LF2:
 1613  000022d0  8fc10000	lw	r1,(r30)
 1614  000022d4  90220000	lbu	r2,(r1)
 1615  000022d8  64410000	snei	r1,r2,#0
 1616  000022dc  1420000c	bnez	r1,L57_LF2
 1617  000022e0  54000000	nop; delay slot nop
 1618  000022e4  08000040	j	L56_LF2
 1619  000022e8  54000000	nop; delay slot nop
 1620  000022ec          	L57_LF2:
 1621  000022ec  8fc10000	lw	r1,(r30)
 1622  000022f0  90220000	lbu	r2,(r1)
 1623  000022f4  8fc10004	lw	r1,4(r30)
 1624  000022f8  00411028	seq	r2,r2,r1
 1625  000022fc  10400010	beqz	r2,L58_LF2
 1626  00002300  54000000	nop; delay slot nop
 1627  00002304  8fc10000	lw	r1,(r30)
 1628  00002308  08000028	j	L54_LF2
 1629  0000230c  54000000	nop; delay slot nop
 1630  00002310          	L58_LF2:
 1631  00002310  8fc20000	lw	r2,(r30)
 1632  00002314  20410001	addi	r1,r2,#1
 1633  00002318  00011020	add	r2,r0,r1
 1634  0000231c  afc20000	sw	(r30),r2
 1635  00002320  0bffffac	j	L55_LF2
 1636  00002324  54000000	nop; delay slot nop
 1637  00002328          	L56_LF2:
 1638  00002328  20010000	addi	r1,r0,#0
 1639  0000232c  08000004	j	L54_LF2
 1640  00002330  54000000	nop; delay slot nop
 1641  00002334          	L54_LF2:
 1642  00002334  8fa20000	lw	r2,0(r29)
 1643  00002338  8fdffff8	lw	r31,-8(r30)
 1644  0000233c  001ee820	add	r29,r0,r30
 1645  00002340  8fdefffc	lw	r30,-4(r30)
 1646  00002344  4be00000	jr	r31
 1647  00002348  54000000	nop
 1648  0000234c          	.endproc _dindex
 1649  0000234c          	.align 2
 1650  0000234c          	.proc _ditoa
 1651  0000234c          	.global _ditoa
 1652  0000234c          	_ditoa:
 1653                      ;  Function 'ditoa'; 8 bytes of locals, 2 regs to save.
 1654  0000234c  afbefffc	sw	-4(r29),r30; push fp
 1655  00002350  001df020	add	r30,r0,r29; fp = sp
 1656  00002354  afbffff8	sw	-8(r29),r31; push ret addr
 1657  00002358  2fbd0018	subui	r29,r29,#24; alloc local storage
 1658  0000235c  afa20000	sw	0(r29),r2
 1659  00002360  afa30004	sw	4(r29),r3
 1660  00002364  8fc10000	lw	r1,(r30)
 1661  00002368  68220000	slti	r2,r1,#0
 1662  0000236c  1040002c	beqz	r2,L60_LF2
 1663  00002370  54000000	nop; delay slot nop
 1664  00002374  8fc10004	lw	r1,4(r30)
 1665  00002378  20220001	addi	r2,r1,#1
 1666  0000237c  afc20004	sw	4(r30),r2
 1667  00002380  2002002d	addi	r2,r0,(#0x2d)&0xff
 1668  00002384  a0220000	sb	(r1),r2
 1669  00002388  8fc10000	lw	r1,(r30)
 1670  0000238c  00011022	sub	r2,r0,r1
 1671  00002390  afc20000	sw	(r30),r2
 1672  00002394  08000118	j	L61_LF2
 1673  00002398  54000000	nop; delay slot nop
 1674  0000239c          	L60_LF2:
 1675  0000239c  8fc10000	lw	r1,(r30)
 1676  000023a0  64220000	snei	r2,r1,#0
 1677  000023a4  14400020	bnez	r2,L62_LF2
 1678  000023a8  54000000	nop; delay slot nop
 1679  000023ac  8fc10004	lw	r1,4(r30)
 1680  000023b0  20220001	addi	r2,r1,#1
 1681  000023b4  afc20004	sw	4(r30),r2
 1682  000023b8  20020030	addi	r2,r0,(#0x30)&0xff
 1683  000023bc  a0220000	sb	(r1),r2
 1684  000023c0  080000ec	j	L61_LF2
 1685  000023c4  54000000	nop; delay slot nop
 1686  000023c8          	L62_LF2:
 1687  000023c8  20010001	addi	r1,r0,#1
 1688  000023cc  afc1fff4	sw	-12(r30),r1
 1689  000023d0          	L64_LF2:
 1690  000023d0  8fc1fff4	lw	r1,-12(r30)
 1691  000023d4  8fc20000	lw	r2,(r30)
 1692  000023d8  0022082c	sle	r1,r1,r2
 1693  000023dc  1420000c	bnez	r1,L66_LF2
 1694  000023e0  54000000	nop; delay slot nop
 1695  000023e4  08000024	j	L65_LF2
 1696  000023e8  54000000	nop; delay slot nop
 1697  000023ec          	L67_LF2:
 1698  000023ec          	L66_LF2:
 1699  000023ec  8fc1fff4	lw	r1,-12(r30)
 1700  000023f0  00011820	add	r3,r0,r1
 1701  000023f4  50620002	slli	r2,r3,#0x2
 1702  000023f8  00411020	add	r2,r2,r1
 1703  000023fc  50410001	slli	r1,r2,#0x1
 1704  00002400  afc1fff4	sw	-12(r30),r1
 1705  00002404  0bffffc8	j	L64_LF2
 1706  00002408  54000000	nop; delay slot nop
 1707  0000240c          	L65_LF2:
 1708  0000240c  54000000	nop
 1709  00002410          	L68_LF2:
 1710  00002410  8fc1fff4	lw	r1,-12(r30)
 1711  00002414  2002000a	addi	r2,r0,#10
 1712  00002418  00200035	movi2fp	f0,r1
 1713  0000241c  00400835	movi2fp	f1,r2
 1714  00002420  0401000f	div	f0,f0,f1
 1715  00002424  00000834	movfp2i	r1,f0
 1716  00002428  afc1fff4	sw	-12(r30),r1
 1717  0000242c  8fc10004	lw	r1,4(r30)
 1718  00002430  20220001	addi	r2,r1,#1
 1719  00002434  afc20004	sw	4(r30),r2
 1720  00002438  8fc20000	lw	r2,(r30)
 1721  0000243c  8fc3fff4	lw	r3,-12(r30)
 1722  00002440  00400035	movi2fp	f0,r2
 1723  00002444  00600835	movi2fp	f1,r3
 1724  00002448  0401000f	div	f0,f0,f1
 1725  0000244c  00001034	movfp2i	r2,f0
 1726  00002450  00021820	add	r3,r0,r2
 1727  00002454  20620030	addi	r2,r3,#48
 1728  00002458  a0220000	sb	(r1),r2
 1729  0000245c  8fc10000	lw	r1,(r30)
 1730  00002460  8fc3fff4	lw	r3,-12(r30)
 1731  00002464  00200035	movi2fp	f0,r1
 1732  00002468  00600835	movi2fp	f1,r3
 1733  0000246c  0401000f	div	f0,f0,f1
 1734  00002470  00001034	movfp2i	r2,f0
 1735  00002474  8fc3fff4	lw	r3,-12(r30)
 1736  00002478  00400035	movi2fp	f0,r2
 1737  0000247c  00600835	movi2fp	f1,r3
 1738  00002480  0401000e	mult	f0,f0,f1
 1739  00002484  00001034	movfp2i	r2,f0
 1740  00002488  00220822	sub	r1,r1,r2
 1741  0000248c  afc10000	sw	(r30),r1
 1742  00002490          	L70_LF2:
 1743  00002490  8fc1fff4	lw	r1,-12(r30)
 1744  00002494  6c220001	sgti	r2,r1,#1
 1745  00002498  1440000c	bnez	r2,L71_LF2
 1746  0000249c  54000000	nop; delay slot nop
 1747  000024a0  0800000c	j	L61_LF2
 1748  000024a4  54000000	nop; delay slot nop
 1749  000024a8          	L71_LF2:
 1750  000024a8  0bffff64	j	L68_LF2
 1751  000024ac  54000000	nop; delay slot nop
 1752  000024b0          	L69_LF2:
 1753  000024b0          	L63_LF2:
 1754  000024b0          	L61_LF2:
 1755  000024b0  8fc10004	lw	r1,4(r30)
 1756  000024b4  20020000	addi	r2,r0,(#0x0)&0xff
 1757  000024b8  a0220000	sb	(r1),r2
 1758  000024bc          	L59_LF2:
 1759  000024bc  8fa20000	lw	r2,0(r29)
 1760  000024c0  8fa30004	lw	r3,4(r29)
 1761  000024c4  8fdffff8	lw	r31,-8(r30)
 1762  000024c8  001ee820	add	r29,r0,r30
 1763  000024cc  8fdefffc	lw	r30,-4(r30)
 1764  000024d0  4be00000	jr	r31
 1765  000024d4  54000000	nop
 1766  000024d8          	.endproc _ditoa
 1767  000024d8          	.align 2
 1768  000024d8          	.proc _dstrtol
 1769  000024d8          	.global _dstrtol
 1770  000024d8          	_dstrtol:
 1771                      ;  Function 'dstrtol'; 16 bytes of locals, 1 regs to save.
 1772  000024d8  afbefffc	sw	-4(r29),r30; push fp
 1773  000024dc  001df020	add	r30,r0,r29; fp = sp
 1774  000024e0  afbffff8	sw	-8(r29),r31; push ret addr
 1775  000024e4  2fbd0020	subui	r29,r29,#32; alloc local storage
 1776  000024e8  afa20000	sw	0(r29),r2
 1777  000024ec  20010000	addi	r1,r0,#0
 1778  000024f0  afc1fff4	sw	-12(r30),r1
 1779  000024f4          	L73_LF2:
 1780  000024f4  8fc10000	lw	r1,(r30)
 1781  000024f8  90220000	lbu	r2,(r1)
 1782  000024fc  60410020	seqi	r1,r2,#32
 1783  00002500  14200034	bnez	r1,L75_LF2
 1784  00002504  54000000	nop; delay slot nop
 1785  00002508  8fc10000	lw	r1,(r30)
 1786  0000250c  90220000	lbu	r2,(r1)
 1787  00002510  60410009	seqi	r1,r2,#9
 1788  00002514  14200020	bnez	r1,L75_LF2
 1789  00002518  54000000	nop; delay slot nop
 1790  0000251c  8fc10000	lw	r1,(r30)
 1791  00002520  90220000	lbu	r2,(r1)
 1792  00002524  6041000a	seqi	r1,r2,#10
 1793  00002528  1420000c	bnez	r1,L75_LF2
 1794  0000252c  54000000	nop; delay slot nop
 1795  00002530  0800001c	j	L74_LF2
 1796  00002534  54000000	nop; delay slot nop
 1797  00002538          	L75_LF2:
 1798  00002538  8fc20000	lw	r2,(r30)
 1799  0000253c  20410001	addi	r1,r2,#1
 1800  00002540  00011020	add	r2,r0,r1
 1801  00002544  afc20000	sw	(r30),r2
 1802  00002548  0bffffa8	j	L73_LF2
 1803  0000254c  54000000	nop; delay slot nop
 1804  00002550          	L74_LF2:
 1805  00002550  8fc10004	lw	r1,4(r30)
 1806  00002554  64220000	snei	r2,r1,#0
 1807  00002558  10400010	beqz	r2,L76_LF2
 1808  0000255c  54000000	nop; delay slot nop
 1809  00002560  8fc10004	lw	r1,4(r30)
 1810  00002564  8fc20000	lw	r2,(r30)
 1811  00002568  ac220000	sw	(r1),r2
 1812  0000256c          	L76_LF2:
 1813  0000256c  8fc10000	lw	r1,(r30)
 1814  00002570  90220000	lbu	r2,(r1)
 1815  00002574  64410000	snei	r1,r2,#0
 1816  00002578  14200010	bnez	r1,L77_LF2
 1817  0000257c  54000000	nop; delay slot nop
 1818  00002580  8fc1fff4	lw	r1,-12(r30)
 1819  00002584  08000294	j	L72_LF2
 1820  00002588  54000000	nop; delay slot nop
 1821  0000258c          	L77_LF2:
 1822  0000258c  8fc10000	lw	r1,(r30)
 1823  00002590  90220000	lbu	r2,(r1)
 1824  00002594  6041002d	seqi	r1,r2,#45
 1825  00002598  10200024	beqz	r1,L78_LF2
 1826  0000259c  54000000	nop; delay slot nop
 1827  000025a0  2001ffff	addi	r1,r0,#-1
 1828  000025a4  afc1ffec	sw	-20(r30),r1
 1829  000025a8  8fc20000	lw	r2,(r30)
 1830  000025ac  20410001	addi	r1,r2,#1
 1831  000025b0  00011020	add	r2,r0,r1
 1832  000025b4  afc20000	sw	(r30),r2
 1833  000025b8  0800000c	j	L79_LF2
 1834  000025bc  54000000	nop; delay slot nop
 1835  000025c0          	L78_LF2:
 1836  000025c0  20010001	addi	r1,r0,#1
 1837  000025c4  afc1ffec	sw	-20(r30),r1
 1838  000025c8          	L79_LF2:
 1839  000025c8  8fc10008	lw	r1,8(r30)
 1840  000025cc  64220000	snei	r2,r1,#0
 1841  000025d0  14400090	bnez	r2,L80_LF2
 1842  000025d4  54000000	nop; delay slot nop
 1843  000025d8  8fc10000	lw	r1,(r30)
 1844  000025dc  90220000	lbu	r2,(r1)
 1845  000025e0  60410030	seqi	r1,r2,#48
 1846  000025e4  10200074	beqz	r1,L81_LF2
 1847  000025e8  54000000	nop; delay slot nop
 1848  000025ec  8fc20000	lw	r2,(r30)
 1849  000025f0  20410001	addi	r1,r2,#1
 1850  000025f4  00011020	add	r2,r0,r1
 1851  000025f8  afc20000	sw	(r30),r2
 1852  000025fc  8fc10000	lw	r1,(r30)
 1853  00002600  90220000	lbu	r2,(r1)
 1854  00002604  60410078	seqi	r1,r2,#120
 1855  00002608  14200020	bnez	r1,L83_LF2
 1856  0000260c  54000000	nop; delay slot nop
 1857  00002610  8fc10000	lw	r1,(r30)
 1858  00002614  90220000	lbu	r2,(r1)
 1859  00002618  60410058	seqi	r1,r2,#88
 1860  0000261c  1420000c	bnez	r1,L83_LF2
 1861  00002620  54000000	nop; delay slot nop
 1862  00002624  08000024	j	L82_LF2
 1863  00002628  54000000	nop; delay slot nop
 1864  0000262c          	L83_LF2:
 1865  0000262c  20010010	addi	r1,r0,#16
 1866  00002630  afc10008	sw	8(r30),r1
 1867  00002634  8fc20000	lw	r2,(r30)
 1868  00002638  20410001	addi	r1,r2,#1
 1869  0000263c  00011020	add	r2,r0,r1
 1870  00002640  afc20000	sw	(r30),r2
 1871  00002644  0800000c	j	L84_LF2
 1872  00002648  54000000	nop; delay slot nop
 1873  0000264c          	L82_LF2:
 1874  0000264c  20010008	addi	r1,r0,#8
 1875  00002650  afc10008	sw	8(r30),r1
 1876  00002654          	L84_LF2:
 1877  00002654  0800000c	j	L80_LF2
 1878  00002658  54000000	nop; delay slot nop
 1879  0000265c          	L81_LF2:
 1880  0000265c  2001000a	addi	r1,r0,#10
 1881  00002660  afc10008	sw	8(r30),r1
 1882  00002664          	L85_LF2:
 1883  00002664          	L80_LF2:
 1884  00002664  8fc10008	lw	r1,8(r30)
 1885  00002668  70220000	slei	r2,r1,#0
 1886  0000266c  1440001c	bnez	r2,L87_LF2
 1887  00002670  54000000	nop; delay slot nop
 1888  00002674  8fc10008	lw	r1,8(r30)
 1889  00002678  6c220010	sgti	r2,r1,#16
 1890  0000267c  1440000c	bnez	r2,L87_LF2
 1891  00002680  54000000	nop; delay slot nop
 1892  00002684  08000010	j	L86_LF2
 1893  00002688  54000000	nop; delay slot nop
 1894  0000268c          	L87_LF2:
 1895  0000268c  8fc1fff4	lw	r1,-12(r30)
 1896  00002690  08000188	j	L72_LF2
 1897  00002694  54000000	nop; delay slot nop
 1898  00002698          	L86_LF2:
 1899  00002698  54000000	nop
 1900  0000269c          	L88_LF2:
 1901  0000269c  8fc10000	lw	r1,(r30)
 1902  000026a0  90220000	lbu	r2,(r1)
 1903  000026a4  6c41002f	sgtui	r1,r2,#47
 1904  000026a8  10200030	beqz	r1,L91_LF2
 1905  000026ac  54000000	nop; delay slot nop
 1906  000026b0  8fc10000	lw	r1,(r30)
 1907  000026b4  90220000	lbu	r2,(r1)
 1908  000026b8  70410039	sleui	r1,r2,#57
 1909  000026bc  1020001c	beqz	r1,L91_LF2
 1910  000026c0  54000000	nop; delay slot nop
 1911  000026c4  8fc10000	lw	r1,(r30)
 1912  000026c8  90220000	lbu	r2,(r1)
 1913  000026cc  2041ffd0	addi	r1,r2,#-48
 1914  000026d0  afc1fff0	sw	-16(r30),r1
 1915  000026d4  0800008c	j	L92_LF2
 1916  000026d8  54000000	nop; delay slot nop
 1917  000026dc          	L91_LF2:
 1918  000026dc  8fc10000	lw	r1,(r30)
 1919  000026e0  90220000	lbu	r2,(r1)
 1920  000026e4  6c410060	sgtui	r1,r2,#96
 1921  000026e8  10200030	beqz	r1,L93_LF2
 1922  000026ec  54000000	nop; delay slot nop
 1923  000026f0  8fc10000	lw	r1,(r30)
 1924  000026f4  90220000	lbu	r2,(r1)
 1925  000026f8  7041007a	sleui	r1,r2,#122
 1926  000026fc  1020001c	beqz	r1,L93_LF2
 1927  00002700  54000000	nop; delay slot nop
 1928  00002704  8fc10000	lw	r1,(r30)
 1929  00002708  90220000	lbu	r2,(r1)
 1930  0000270c  2041ffa9	addi	r1,r2,#-87
 1931  00002710  afc1fff0	sw	-16(r30),r1
 1932  00002714  0800004c	j	L92_LF2
 1933  00002718  54000000	nop; delay slot nop
 1934  0000271c          	L93_LF2:
 1935  0000271c  8fc10000	lw	r1,(r30)
 1936  00002720  90220000	lbu	r2,(r1)
 1937  00002724  6c410040	sgtui	r1,r2,#64
 1938  00002728  10200030	beqz	r1,L95_LF2
 1939  0000272c  54000000	nop; delay slot nop
 1940  00002730  8fc10000	lw	r1,(r30)
 1941  00002734  90220000	lbu	r2,(r1)
 1942  00002738  7041005a	sleui	r1,r2,#90
 1943  0000273c  1020001c	beqz	r1,L95_LF2
 1944  00002740  54000000	nop; delay slot nop
 1945  00002744  8fc10000	lw	r1,(r30)
 1946  00002748  90220000	lbu	r2,(r1)
 1947  0000274c  2041ffc9	addi	r1,r2,#-55
 1948  00002750  afc1fff0	sw	-16(r30),r1
 1949  00002754  0800000c	j	L92_LF2
 1950  00002758  54000000	nop; delay slot nop
 1951  0000275c          	L95_LF2:
 1952  0000275c  200103e8	addi	r1,r0,#1000
 1953  00002760  afc1fff0	sw	-16(r30),r1
 1954  00002764          	L96_LF2:
 1955  00002764          	L94_LF2:
 1956  00002764          	L92_LF2:
 1957  00002764  8fc1fff0	lw	r1,-16(r30)
 1958  00002768  8fc20008	lw	r2,8(r30)
 1959  0000276c  0022082a	slt	r1,r1,r2
 1960  00002770  10200040	beqz	r1,L90_LF2
 1961  00002774  54000000	nop; delay slot nop
 1962  00002778  8fc1fff4	lw	r1,-12(r30)
 1963  0000277c  8fc20008	lw	r2,8(r30)
 1964  00002780  00200035	movi2fp	f0,r1
 1965  00002784  00400835	movi2fp	f1,r2
 1966  00002788  0401000e	mult	f0,f0,f1
 1967  0000278c  00000834	movfp2i	r1,f0
 1968  00002790  afc1fff4	sw	-12(r30),r1
 1969  00002794  8fc1fff4	lw	r1,-12(r30)
 1970  00002798  8fc2fff0	lw	r2,-16(r30)
 1971  0000279c  00220820	add	r1,r1,r2
 1972  000027a0  afc1fff4	sw	-12(r30),r1
 1973  000027a4  8fc20000	lw	r2,(r30)
 1974  000027a8  20410001	addi	r1,r2,#1
 1975  000027ac  00011020	add	r2,r0,r1
 1976  000027b0  afc20000	sw	(r30),r2
 1977  000027b4          	L97_LF2:
 1978  000027b4          	L90_LF2:
 1979  000027b4  8fc1fff0	lw	r1,-16(r30)
 1980  000027b8  8fc20008	lw	r2,8(r30)
 1981  000027bc  0022082a	slt	r1,r1,r2
 1982  000027c0  1420000c	bnez	r1,L98_LF2
 1983  000027c4  54000000	nop; delay slot nop
 1984  000027c8  0800000c	j	L89_LF2
 1985  000027cc  54000000	nop; delay slot nop
 1986  000027d0          	L98_LF2:
 1987  000027d0  0bfffec8	j	L88_LF2
 1988  000027d4  54000000	nop; delay slot nop
 1989  000027d8          	L89_LF2:
 1990  000027d8  8fc10004	lw	r1,4(r30)
 1991  000027dc  64220000	snei	r2,r1,#0
 1992  000027e0  10400010	beqz	r2,L99_LF2
 1993  000027e4  54000000	nop; delay slot nop
 1994  000027e8  8fc10004	lw	r1,4(r30)
 1995  000027ec  8fc20000	lw	r2,(r30)
 1996  000027f0  ac220000	sw	(r1),r2
 1997  000027f4          	L99_LF2:
 1998  000027f4  8fc1fff4	lw	r1,-12(r30)
 1999  000027f8  8fc2ffec	lw	r2,-20(r30)
 2000  000027fc  00200035	movi2fp	f0,r1
 2001  00002800  00400835	movi2fp	f1,r2
 2002  00002804  0401000e	mult	f0,f0,f1
 2003  00002808  00000834	movfp2i	r1,f0
 2004  0000280c  afc1fff4	sw	-12(r30),r1
 2005  00002810  8fc1fff4	lw	r1,-12(r30)
 2006  00002814  08000004	j	L72_LF2
 2007  00002818  54000000	nop; delay slot nop
 2008  0000281c          	L72_LF2:
 2009  0000281c  8fa20000	lw	r2,0(r29)
 2010  00002820  8fdffff8	lw	r31,-8(r30)
 2011  00002824  001ee820	add	r29,r0,r30
 2012  00002828  8fdefffc	lw	r30,-4(r30)
 2013  0000282c  4be00000	jr	r31
 2014  00002830  54000000	nop
 2015  00002834          	.endproc _dstrtol
 2016  00002834          	.align 2
 2017  00002834          	.proc _bcopy
 2018  00002834          	.global _bcopy
 2019  00002834          	_bcopy:
 2020                      ;  Function 'bcopy'; 0 bytes of locals, 2 regs to save.
 2021  00002834  afbefffc	sw	-4(r29),r30; push fp
 2022  00002838  001df020	add	r30,r0,r29; fp = sp
 2023  0000283c  afbffff8	sw	-8(r29),r31; push ret addr
 2024  00002840  2fbd0010	subui	r29,r29,#16; alloc local storage
 2025  00002844  afa20000	sw	0(r29),r2
 2026  00002848  afa30004	sw	4(r29),r3
 2027  0000284c  54000000	nop
 2028  00002850          	L101_LF2:
 2029  00002850  8fc10008	lw	r1,8(r30)
 2030  00002854  2022ffff	addi	r2,r1,#-1
 2031  00002858  afc20008	sw	8(r30),r2
 2032  0000285c  6c210000	sgti	r1,r1,#0
 2033  00002860  1420000c	bnez	r1,L103_LF2
 2034  00002864  54000000	nop; delay slot nop
 2035  00002868  0800002c	j	L102_LF2
 2036  0000286c  54000000	nop; delay slot nop
 2037  00002870          	L103_LF2:
 2038  00002870  8fc10004	lw	r1,4(r30)
 2039  00002874  20220001	addi	r2,r1,#1
 2040  00002878  afc20004	sw	4(r30),r2
 2041  0000287c  8fc20000	lw	r2,(r30)
 2042  00002880  20430001	addi	r3,r2,#1
 2043  00002884  afc30000	sw	(r30),r3
 2044  00002888  80420000	lb	r2,(r2)
 2045  0000288c  a0220000	sb	(r1),r2
 2046  00002890  0bffffbc	j	L101_LF2
 2047  00002894  54000000	nop; delay slot nop
 2048  00002898          	L102_LF2:
 2049  00002898          	L100_LF2:
 2050  00002898  8fa20000	lw	r2,0(r29)
 2051  0000289c  8fa30004	lw	r3,4(r29)
 2052  000028a0  8fdffff8	lw	r31,-8(r30)
 2053  000028a4  001ee820	add	r29,r0,r30
 2054  000028a8  8fdefffc	lw	r30,-4(r30)
 2055  000028ac  4be00000	jr	r31
 2056  000028b0  54000000	nop
 2057  000028b4          	.endproc _bcopy
 2058  000028b4          	.align 2
 2059  000028b4          	.proc _bzero
 2060  000028b4          	.global _bzero
 2061  000028b4          	_bzero:
 2062                      ;  Function 'bzero'; 0 bytes of locals, 1 regs to save.
 2063  000028b4  afbefffc	sw	-4(r29),r30; push fp
 2064  000028b8  001df020	add	r30,r0,r29; fp = sp
 2065  000028bc  afbffff8	sw	-8(r29),r31; push ret addr
 2066  000028c0  2fbd0010	subui	r29,r29,#16; alloc local storage
 2067  000028c4  afa20000	sw	0(r29),r2
 2068  000028c8  54000000	nop
 2069  000028cc          	L105_LF2:
 2070  000028cc  8fc10004	lw	r1,4(r30)
 2071  000028d0  2022ffff	addi	r2,r1,#-1
 2072  000028d4  afc20004	sw	4(r30),r2
 2073  000028d8  6c210000	sgti	r1,r1,#0
 2074  000028dc  1420000c	bnez	r1,L107_LF2
 2075  000028e0  54000000	nop; delay slot nop
 2076  000028e4  08000020	j	L106_LF2
 2077  000028e8  54000000	nop; delay slot nop
 2078  000028ec          	L107_LF2:
 2079  000028ec  8fc10000	lw	r1,(r30)
 2080  000028f0  20220001	addi	r2,r1,#1
 2081  000028f4  afc20000	sw	(r30),r2
 2082  000028f8  20020000	addi	r2,r0,(#0x0)&0xff
 2083  000028fc  a0220000	sb	(r1),r2
 2084  00002900  0bffffc8	j	L105_LF2
 2085  00002904  54000000	nop; delay slot nop
 2086  00002908          	L106_LF2:
 2087  00002908          	L104_LF2:
 2088  00002908  8fa20000	lw	r2,0(r29)
 2089  0000290c  8fdffff8	lw	r31,-8(r30)
 2090  00002910  001ee820	add	r29,r0,r30
 2091  00002914  8fdefffc	lw	r30,-4(r30)
 2092  00002918  4be00000	jr	r31
 2093  0000291c  54000000	nop
 2094  00002920          	.endproc _bzero
 2095  00002920          	.align 2
 2096  00002920          	.proc _min
 2097  00002920          	.global _min
 2098  00002920          	_min:
 2099                      ;  Function 'min'; 0 bytes of locals, 2 regs to save.
 2100  00002920  afbefffc	sw	-4(r29),r30; push fp
 2101  00002924  001df020	add	r30,r0,r29; fp = sp
 2102  00002928  afbffff8	sw	-8(r29),r31; push ret addr
 2103  0000292c  2fbd0010	subui	r29,r29,#16; alloc local storage
 2104  00002930  afa20000	sw	0(r29),r2
 2105  00002934  afa30004	sw	4(r29),r3
 2106  00002938  8fc10000	lw	r1,(r30)
 2107  0000293c  8fc20004	lw	r2,4(r30)
 2108  00002940  0022182c	sle	r3,r1,r2
 2109  00002944  14600008	bnez	r3,L109_LF2
 2110  00002948  54000000	nop; delay slot nop
 2111  0000294c  8fc10004	lw	r1,4(r30)
 2112  00002950          	L109_LF2:
 2113  00002950  08000004	j	L108_LF2
 2114  00002954  54000000	nop; delay slot nop
 2115  00002958          	L108_LF2:
 2116  00002958  8fa20000	lw	r2,0(r29)
 2117  0000295c  8fa30004	lw	r3,4(r29)
 2118  00002960  8fdffff8	lw	r31,-8(r30)
 2119  00002964  001ee820	add	r29,r0,r30
 2120  00002968  8fdefffc	lw	r30,-4(r30)
 2121  0000296c  4be00000	jr	r31
 2122  00002970  54000000	nop
 2123  00002974          	.endproc _min
 2124                      ;;; Ethan L. Miller, 1999.  Released to the public domain
 2125                      ;;;
 2126                      ;;; Most of the traps are called in files from libtraps.
 2129  00002974          	.align 2
 2130  00002974          	.proc _exit
 2131  00002974          	.global _exit
 2132  00002974          	_exit:
 2133  00002974  44000300	trap	#0x300
 2134  00002978  4be00000	jr	r31
 2135  0000297c  54000000	nop
 2136  00002980          	.endproc _exit
 2138                      ; for the benefit of gcc.
 2139  00002980          	.proc ___main
 2140  00002980          	.global ___main
 2141  00002980          	___main:
 2142  00002980  4be00000	jr	r31
 2143  00002984  54000000	nop
 2144  00002988          	.endproc ___main
 2145  00002988          	.text
 2146  00002988          	.global _etext
 2147  00002988          	_etext:
 2148  00002988          	.align 3
 2149  00002988          	.data
 2150  000032c1          	.global _edata
 2151  000032c1          	_edata:
