 line   address	contents
    1                      ; Linked by DLX-LD.
    2                      ; MemSize 24576
    3                      ; Data size: 478
    4                      ; Text size: 6324
    5                      ; Stack size: 8192
    6  00000000          	.text 0x1000
    7  00001000          	.data 0x3000
    8                      ; Compiled by GCC
    9  00003000          	.text
   10  00001000          	.align 2
   11  00001000          	.proc _isspace
   12  00001000          	.global _isspace
   13  00001000          	_isspace:
   14                      ;  Function 'isspace'; 0 bytes of locals, 1 regs to save.
   15  00001000  afbefffc	sw	-4(r29),r30; push fp
   16  00001004  001df020	add	r30,r0,r29; fp = sp
   17  00001008  afbffff8	sw	-8(r29),r31; push ret addr
   18  0000100c  2fbd0010	subui	r29,r29,#16; alloc local storage
   19  00001010  afa20000	sw	0(r29),r2
   20  00001014  83c20003	lb	r2,3(r30)
   21  00001018  201f0000	addi	r31,r0,#0
   22  0000101c  304100ff	andi	r1,r2,#0x00ff
   23  00001020  60210020	seqi	r1,r1,#32
   24  00001024  14200018	bnez	r1,L6_LF0
   25  00001028  54000000	nop; not filled.
   26  0000102c  2041fff7	addi	r1,r2,#-9
   27  00001030  302100ff	andi	r1,r1,#0x00ff
   28  00001034  70210001	sleui	r1,r1,#1
   29  00001038  10200008	beqz	r1,L5_LF0
   30  0000103c  54000000	nop; not filled.
   31  00001040          	L6_LF0:
   32  00001040  201f0001	addi	r31,r0,#1
   33  00001044          	L5_LF0:
   34  00001044  001f0820	add	r1,r0,r31
   35  00001048  8fa20000	lw	r2,0(r29)
   36  0000104c  8fdffff8	lw	r31,-8(r30)
   37  00001050  001ee820	add	r29,r0,r30
   38  00001054  8fdefffc	lw	r30,-4(r30)
   39  00001058  4be00000	jr	r31
   40  0000105c  54000000	nop
   41  00001060          	.endproc _isspace
   42  00001060          	.align 2
   43  00001060          	.proc _isxdigit
   44  00001060          	.global _isxdigit
   45  00001060          	_isxdigit:
   46                      ;  Function 'isxdigit'; 0 bytes of locals, 1 regs to save.
   47  00001060  afbefffc	sw	-4(r29),r30; push fp
   48  00001064  001df020	add	r30,r0,r29; fp = sp
   49  00001068  afbffff8	sw	-8(r29),r31; push ret addr
   50  0000106c  2fbd0010	subui	r29,r29,#16; alloc local storage
   51  00001070  afa20000	sw	0(r29),r2
   52  00001074  83df0003	lb	r31,3(r30)
   53  00001078  20020000	addi	r2,r0,#0
   54  0000107c  23e1ffd0	addi	r1,r31,#-48
   55  00001080  302100ff	andi	r1,r1,#0x00ff
   56  00001084  70210009	sleui	r1,r1,#9
   57  00001088  14200028	bnez	r1,L12_LF0
   58  0000108c  54000000	nop; not filled.
   59  00001090  23e1ff9f	addi	r1,r31,#-97
   60  00001094  302100ff	andi	r1,r1,#0x00ff
   61  00001098  70210005	sleui	r1,r1,#5
   62  0000109c  14200014	bnez	r1,L12_LF0
   63  000010a0  54000000	nop; not filled.
   64  000010a4  33e100ff	andi	r1,r31,#0x00ff
   65  000010a8  64210041	snei	r1,r1,#65
   66  000010ac  14200008	bnez	r1,L11_LF0
   67  000010b0  54000000	nop; not filled.
   68  000010b4          	L12_LF0:
   69  000010b4  20020001	addi	r2,r0,#1
   70  000010b8          	L11_LF0:
   71  000010b8  00020820	add	r1,r0,r2
   72  000010bc  8fa20000	lw	r2,0(r29)
   73  000010c0  8fdffff8	lw	r31,-8(r30)
   74  000010c4  001ee820	add	r29,r0,r30
   75  000010c8  8fdefffc	lw	r30,-4(r30)
   76  000010cc  4be00000	jr	r31
   77  000010d0  54000000	nop
   78  000010d4          	.endproc _isxdigit
   79  000010d4          	.data
   80  00003000          	.align 2
   81  00003000          	LC0_LF0:
   82  00003000  4342202d	.ascii "CB ---- Put %c in %d\n\000"
   82  00003004  2d2d2d20	
   82  00003008  50757420	
   82  0000300c  25632069	
   82  00003010  6e202564	
   82  00003014  0a00    	
   83  00003016          	.text
   84  000010d4          	.align 2
   85  000010d4          	.proc _put_item_cb
   86  000010d4          	.global _put_item_cb
   87  000010d4          	_put_item_cb:
   88                      ;  Function 'put_item_cb'; 0 bytes of locals, 4 regs to save.
   89  000010d4  afbefffc	sw	-4(r29),r30; push fp
   90  000010d8  001df020	add	r30,r0,r29; fp = sp
   91  000010dc  afbffff8	sw	-8(r29),r31; push ret addr
   92  000010e0  2fbd0018	subui	r29,r29,#24; alloc local storage
   93  000010e4  afa20000	sw	0(r29),r2
   94  000010e8  afa30004	sw	4(r29),r3
   95  000010ec  afa40008	sw	8(r29),r4
   96  000010f0  afa5000c	sw	12(r29),r5
   97  000010f4  83c20003	lb	r2,3(r30)
   98  000010f8  8fc30004	lw	r3,4(r30)
   99  000010fc  8c610000	lw	r1,(r3)
  100  00001100  00610820	add	r1,r3,r1
  101  00001104  a0220008	sb	8(r1),r2
  102  00001108  23bdfff0	addi	r29,r29,#-16
  103  0000110c  3c050000	lhi	r5,((LC0_LF0)>>16)&0xffff
  104  00001110  24a53000	addui	r5,r5,(LC0_LF0)&0xffff
  105  00001114  afa50000	sw	(r29),r5
  106  00001118  304100ff	andi	r1,r2,#0x00ff
  107  0000111c  afa10004	sw	4(r29),r1
  108  00001120  8c650000	lw	r5,(r3)
  109  00001124  afa50008	sw	8(r29),r5
  110  00001128  0c000984	jal	_Printf
  111  0000112c  54000000	nop; not filled.
  112  00001130  8c610000	lw	r1,(r3)
  113  00001134  20240001	addi	r4,r1,#1
  114  00001138  2001000a	addi	r1,r0,#10
  115  0000113c  00800035	movi2fp	f0,r4
  116  00001140  00200835	movi2fp	f1,r1
  117  00001144  0401000f	div	f0,f0,f1
  118  00001148  00001034	movfp2i	r2,f0
  119  0000114c  50410002	slli	r1,r2,#0x2
  120  00001150  00220820	add	r1,r1,r2
  121  00001154  50210001	slli	r1,r1,#0x1
  122  00001158  00810822	sub	r1,r4,r1
  123  0000115c  ac610000	sw	(r3),r1
  124  00001160  20010001	addi	r1,r0,#1
  125  00001164  23bd0010	addi	r29,r29,#16
  126  00001168  8fa20000	lw	r2,0(r29)
  127  0000116c  8fa30004	lw	r3,4(r29)
  128  00001170  8fa40008	lw	r4,8(r29)
  129  00001174  8fa5000c	lw	r5,12(r29)
  130  00001178  8fdffff8	lw	r31,-8(r30)
  131  0000117c  001ee820	add	r29,r0,r30
  132  00001180  8fdefffc	lw	r30,-4(r30)
  133  00001184  4be00000	jr	r31
  134  00001188  54000000	nop
  135  0000118c          	.endproc _put_item_cb
  136  0000118c          	.data
  137  00003016          	.align 2
  138  00003018          	LC1_LF0:
  139  00003018  4342202d	.ascii "CB ----  checking %c from %d\n\000"
  139  0000301c  2d2d2d20	
  139  00003020  20636865	
  139  00003024  636b696e	
  139  00003028  67202563	
  139  0000302c  2066726f	
  139  00003030  6d202564	
  139  00003034  0a00    	
  140  00003036          	.text
  141  0000118c          	.align 2
  142  0000118c          	.proc _check_item_cb
  143  0000118c          	.global _check_item_cb
  144  0000118c          	_check_item_cb:
  145                      ;  Function 'check_item_cb'; 0 bytes of locals, 3 regs to save.
  146  0000118c  afbefffc	sw	-4(r29),r30; push fp
  147  00001190  001df020	add	r30,r0,r29; fp = sp
  148  00001194  afbffff8	sw	-8(r29),r31; push ret addr
  149  00001198  2fbd0018	subui	r29,r29,#24; alloc local storage
  150  0000119c  afa20000	sw	0(r29),r2
  151  000011a0  afa30004	sw	4(r29),r3
  152  000011a4  afa40008	sw	8(r29),r4
  153  000011a8  8fc30000	lw	r3,(r30)
  154  000011ac  8fc20004	lw	r2,4(r30)
  155  000011b0  8c410004	lw	r1,4(r2)
  156  000011b4  00410820	add	r1,r2,r1
  157  000011b8  80210008	lb	r1,8(r1)
  158  000011bc  a0610000	sb	(r3),r1
  159  000011c0  23bdfff0	addi	r29,r29,#-16
  160  000011c4  3c040000	lhi	r4,((LC1_LF0)>>16)&0xffff
  161  000011c8  24843018	addui	r4,r4,(LC1_LF0)&0xffff
  162  000011cc  afa40000	sw	(r29),r4
  163  000011d0  90610000	lbu	r1,(r3)
  164  000011d4  afa10004	sw	4(r29),r1
  165  000011d8  8c420004	lw	r2,4(r2)
  166  000011dc  afa20008	sw	8(r29),r2
  167  000011e0  0c0008cc	jal	_Printf
  168  000011e4  54000000	nop; not filled.
  169  000011e8  20010001	addi	r1,r0,#1
  170  000011ec  23bd0010	addi	r29,r29,#16
  171  000011f0  8fa20000	lw	r2,0(r29)
  172  000011f4  8fa30004	lw	r3,4(r29)
  173  000011f8  8fa40008	lw	r4,8(r29)
  174  000011fc  8fdffff8	lw	r31,-8(r30)
  175  00001200  001ee820	add	r29,r0,r30
  176  00001204  8fdefffc	lw	r30,-4(r30)
  177  00001208  4be00000	jr	r31
  178  0000120c  54000000	nop
  179  00001210          	.endproc _check_item_cb
  180  00001210          	.data
  181  00003036          	.align 2
  182  00003038          	LC2_LF0:
  183  00003038  4342202d	.ascii "CB ----  Got %c from %d\n\000"
  183  0000303c  2d2d2d20	
  183  00003040  20476f74	
  183  00003044  20256320	
  183  00003048  66726f6d	
  183  0000304c  2025640a	
  183  00003050  00      	
  184  00003051          	.text
  185  00001210          	.align 2
  186  00001210          	.proc _get_item_cb
  187  00001210          	.global _get_item_cb
  188  00001210          	_get_item_cb:
  189                      ;  Function 'get_item_cb'; 0 bytes of locals, 4 regs to save.
  190  00001210  afbefffc	sw	-4(r29),r30; push fp
  191  00001214  001df020	add	r30,r0,r29; fp = sp
  192  00001218  afbffff8	sw	-8(r29),r31; push ret addr
  193  0000121c  2fbd0018	subui	r29,r29,#24; alloc local storage
  194  00001220  afa20000	sw	0(r29),r2
  195  00001224  afa30004	sw	4(r29),r3
  196  00001228  afa40008	sw	8(r29),r4
  197  0000122c  afa5000c	sw	12(r29),r5
  198  00001230  8fc20000	lw	r2,(r30)
  199  00001234  8fc30004	lw	r3,4(r30)
  200  00001238  8c610004	lw	r1,4(r3)
  201  0000123c  00610820	add	r1,r3,r1
  202  00001240  80210008	lb	r1,8(r1)
  203  00001244  a0410000	sb	(r2),r1
  204  00001248  23bdfff0	addi	r29,r29,#-16
  205  0000124c  3c050000	lhi	r5,((LC2_LF0)>>16)&0xffff
  206  00001250  24a53038	addui	r5,r5,(LC2_LF0)&0xffff
  207  00001254  afa50000	sw	(r29),r5
  208  00001258  90410000	lbu	r1,(r2)
  209  0000125c  afa10004	sw	4(r29),r1
  210  00001260  8c650004	lw	r5,4(r3)
  211  00001264  afa50008	sw	8(r29),r5
  212  00001268  0c000844	jal	_Printf
  213  0000126c  54000000	nop; not filled.
  214  00001270  8c610004	lw	r1,4(r3)
  215  00001274  20240001	addi	r4,r1,#1
  216  00001278  2001000a	addi	r1,r0,#10
  217  0000127c  00800035	movi2fp	f0,r4
  218  00001280  00200835	movi2fp	f1,r1
  219  00001284  0401000f	div	f0,f0,f1
  220  00001288  00001034	movfp2i	r2,f0
  221  0000128c  50410002	slli	r1,r2,#0x2
  222  00001290  00220820	add	r1,r1,r2
  223  00001294  50210001	slli	r1,r1,#0x1
  224  00001298  00810822	sub	r1,r4,r1
  225  0000129c  ac610004	sw	4(r3),r1
  226  000012a0  20010001	addi	r1,r0,#1
  227  000012a4  23bd0010	addi	r29,r29,#16
  228  000012a8  8fa20000	lw	r2,0(r29)
  229  000012ac  8fa30004	lw	r3,4(r29)
  230  000012b0  8fa40008	lw	r4,8(r29)
  231  000012b4  8fa5000c	lw	r5,12(r29)
  232  000012b8  8fdffff8	lw	r31,-8(r30)
  233  000012bc  001ee820	add	r29,r0,r30
  234  000012c0  8fdefffc	lw	r30,-4(r30)
  235  000012c4  4be00000	jr	r31
  236  000012c8  54000000	nop
  237  000012cc          	.endproc _get_item_cb
  238  000012cc          	.align 2
  239  000012cc          	.proc _is_full
  240  000012cc          	.global _is_full
  241  000012cc          	_is_full:
  242                      ;  Function 'is_full'; 0 bytes of locals, 3 regs to save.
  243  000012cc  afbefffc	sw	-4(r29),r30; push fp
  244  000012d0  001df020	add	r30,r0,r29; fp = sp
  245  000012d4  afbffff8	sw	-8(r29),r31; push ret addr
  246  000012d8  2fbd0018	subui	r29,r29,#24; alloc local storage
  247  000012dc  afa20000	sw	0(r29),r2
  248  000012e0  afa30004	sw	4(r29),r3
  249  000012e4  afa40008	sw	8(r29),r4
  250  000012e8  8fc40000	lw	r4,(r30)
  251  000012ec  8c810000	lw	r1,(r4)
  252  000012f0  20230001	addi	r3,r1,#1
  253  000012f4  2001000a	addi	r1,r0,#10
  254  000012f8  00600035	movi2fp	f0,r3
  255  000012fc  00200835	movi2fp	f1,r1
  256  00001300  0401000f	div	f0,f0,f1
  257  00001304  00001034	movfp2i	r2,f0
  258  00001308  50410002	slli	r1,r2,#0x2
  259  0000130c  00220820	add	r1,r1,r2
  260  00001310  50210001	slli	r1,r1,#0x1
  261  00001314  00611022	sub	r2,r3,r1
  262  00001318  8c810004	lw	r1,4(r4)
  263  0000131c  00411028	seq	r2,r2,r1
  264  00001320  20010001	addi	r1,r0,#1
  265  00001324  14400008	bnez	r2,L23_LF0
  266  00001328  54000000	nop; not filled.
  267  0000132c  20010000	addi	r1,r0,#0
  268  00001330          	L23_LF0:
  269  00001330  8fa20000	lw	r2,0(r29)
  270  00001334  8fa30004	lw	r3,4(r29)
  271  00001338  8fa40008	lw	r4,8(r29)
  272  0000133c  8fdffff8	lw	r31,-8(r30)
  273  00001340  001ee820	add	r29,r0,r30
  274  00001344  8fdefffc	lw	r30,-4(r30)
  275  00001348  4be00000	jr	r31
  276  0000134c  54000000	nop
  277  00001350          	.endproc _is_full
  278  00001350          	.align 2
  279  00001350          	.proc _is_empty
  280  00001350          	.global _is_empty
  281  00001350          	_is_empty:
  282                      ;  Function 'is_empty'; 0 bytes of locals, 1 regs to save.
  283  00001350  afbefffc	sw	-4(r29),r30; push fp
  284  00001354  001df020	add	r30,r0,r29; fp = sp
  285  00001358  afbffff8	sw	-8(r29),r31; push ret addr
  286  0000135c  2fbd0010	subui	r29,r29,#16; alloc local storage
  287  00001360  afa20000	sw	0(r29),r2
  288  00001364  8fc10000	lw	r1,(r30)
  289  00001368  8c220000	lw	r2,(r1)
  290  0000136c  8c210004	lw	r1,4(r1)
  291  00001370  00411028	seq	r2,r2,r1
  292  00001374  20010001	addi	r1,r0,#1
  293  00001378  14400008	bnez	r2,L30_LF0
  294  0000137c  54000000	nop; not filled.
  295  00001380  20010000	addi	r1,r0,#0
  296  00001384          	L30_LF0:
  297  00001384  8fa20000	lw	r2,0(r29)
  298  00001388  8fdffff8	lw	r31,-8(r30)
  299  0000138c  001ee820	add	r29,r0,r30
  300  00001390  8fdefffc	lw	r30,-4(r30)
  301  00001394  4be00000	jr	r31
  302  00001398  54000000	nop
  303  0000139c          	.endproc _is_empty
  304  0000139c          	.data
  305  00003051          	.align 2
  306  00003054          	LC3_LF0:
  307  00003054  43697263	.ascii "Circular Buffer Initiated\n\000"
  307  00003058  756c6172	
  307  0000305c  20427566	
  307  00003060  66657220	
  307  00003064  496e6974	
  307  00003068  69617465	
  307  0000306c  640a00  	
  308  0000306f          	.text
  309  0000139c          	.align 2
  310  0000139c          	.proc _init_cb
  311  0000139c          	.global _init_cb
  312  0000139c          	_init_cb:
  313                      ;  Function 'init_cb'; 0 bytes of locals, 1 regs to save.
  314  0000139c  afbefffc	sw	-4(r29),r30; push fp
  315  000013a0  001df020	add	r30,r0,r29; fp = sp
  316  000013a4  afbffff8	sw	-8(r29),r31; push ret addr
  317  000013a8  2fbd0010	subui	r29,r29,#16; alloc local storage
  318  000013ac  afa20000	sw	0(r29),r2
  319  000013b0  8fc10000	lw	r1,(r30)
  320  000013b4  20020000	addi	r2,r0,#0
  321  000013b8  ac220000	sw	(r1),r2
  322  000013bc  ac220004	sw	4(r1),r2
  323  000013c0  23bdfff8	addi	r29,r29,#-8
  324  000013c4  3c020000	lhi	r2,((LC3_LF0)>>16)&0xffff
  325  000013c8  24423054	addui	r2,r2,(LC3_LF0)&0xffff
  326  000013cc  afa20000	sw	(r29),r2
  327  000013d0  0c0006dc	jal	_Printf
  328  000013d4  54000000	nop; not filled.
  329  000013d8  23bd0008	addi	r29,r29,#8
  330  000013dc  8fa20000	lw	r2,0(r29)
  331  000013e0  8fdffff8	lw	r31,-8(r30)
  332  000013e4  001ee820	add	r29,r0,r30
  333  000013e8  8fdefffc	lw	r30,-4(r30)
  334  000013ec  4be00000	jr	r31
  335  000013f0  54000000	nop
  336  000013f4          	.endproc _init_cb
  337  000013f4          	.data
  338  0000306f          	.align 2
  339  00003070          	LC4_LF0:
  340  00003070  20436972	.ascii " Circular Buffer =>  \000"
  340  00003074  63756c61	
  340  00003078  72204275	
  340  0000307c  66666572	
  340  00003080  203d3e20	
  340  00003084  2000    	
  341  00003086          	.align 2
  342  00003088          	LC5_LF0:
  343  00003088  256300  	.ascii "%c\000"
  344  0000308b          	.align 2
  345  0000308c          	LC6_LF0:
  346  0000308c  0a00    	.ascii "\n\000"
  347  0000308e          	.text
  348  000013f4          	.align 2
  349  000013f4          	.proc _Print_cb
  350  000013f4          	.global _Print_cb
  351  000013f4          	_Print_cb:
  352                      ;  Function 'Print_cb'; 0 bytes of locals, 6 regs to save.
  353  000013f4  afbefffc	sw	-4(r29),r30; push fp
  354  000013f8  001df020	add	r30,r0,r29; fp = sp
  355  000013fc  afbffff8	sw	-8(r29),r31; push ret addr
  356  00001400  2fbd0020	subui	r29,r29,#32; alloc local storage
  357  00001404  afa20000	sw	0(r29),r2
  358  00001408  afa30004	sw	4(r29),r3
  359  0000140c  afa40008	sw	8(r29),r4
  360  00001410  afa5000c	sw	12(r29),r5
  361  00001414  afa60010	sw	16(r29),r6
  362  00001418  afa70014	sw	20(r29),r7
  363  0000141c  8fc50000	lw	r5,(r30)
  364  00001420  23bdfff8	addi	r29,r29,#-8
  365  00001424  3c070000	lhi	r7,((LC4_LF0)>>16)&0xffff
  366  00001428  24e73070	addui	r7,r7,(LC4_LF0)&0xffff
  367  0000142c  afa70000	sw	(r29),r7
  368  00001430  0c00067c	jal	_Printf
  369  00001434  54000000	nop; not filled.
  370  00001438  20040000	addi	r4,r0,#0
  371  0000143c  23bd0008	addi	r29,r29,#8
  372  00001440  2006000a	addi	r6,r0,#10
  373  00001444          	L45_LF0:
  374  00001444  23bdfff8	addi	r29,r29,#-8
  375  00001448  3c070000	lhi	r7,((LC5_LF0)>>16)&0xffff
  376  0000144c  24e73088	addui	r7,r7,(LC5_LF0)&0xffff
  377  00001450  afa70000	sw	(r29),r7
  378  00001454  8ca10004	lw	r1,4(r5)
  379  00001458  00811820	add	r3,r4,r1
  380  0000145c  00600035	movi2fp	f0,r3
  381  00001460  00c00835	movi2fp	f1,r6
  382  00001464  0401000f	div	f0,f0,f1
  383  00001468  00001034	movfp2i	r2,f0
  384  0000146c  50410002	slli	r1,r2,#0x2
  385  00001470  00220820	add	r1,r1,r2
  386  00001474  50210001	slli	r1,r1,#0x1
  387  00001478  00610822	sub	r1,r3,r1
  388  0000147c  00a10820	add	r1,r5,r1
  389  00001480  90210008	lbu	r1,8(r1)
  390  00001484  afa10004	sw	4(r29),r1
  391  00001488  0c000624	jal	_Printf
  392  0000148c  54000000	nop; not filled.
  393  00001490  23bd0008	addi	r29,r29,#8
  394  00001494  20840001	addi	r4,r4,#1
  395  00001498  70810009	slei	r1,r4,#9
  396  0000149c  1420ffa4	bnez	r1,L45_LF0
  397  000014a0  54000000	nop; not filled.
  398  000014a4  23bdfff8	addi	r29,r29,#-8
  399  000014a8  3c070000	lhi	r7,((LC6_LF0)>>16)&0xffff
  400  000014ac  24e7308c	addui	r7,r7,(LC6_LF0)&0xffff
  401  000014b0  afa70000	sw	(r29),r7
  402  000014b4  0c0005f8	jal	_Printf
  403  000014b8  54000000	nop; not filled.
  404  000014bc  23bd0008	addi	r29,r29,#8
  405  000014c0  8fa20000	lw	r2,0(r29)
  406  000014c4  8fa30004	lw	r3,4(r29)
  407  000014c8  8fa40008	lw	r4,8(r29)
  408  000014cc  8fa5000c	lw	r5,12(r29)
  409  000014d0  8fa60010	lw	r6,16(r29)
  410  000014d4  8fa70014	lw	r7,20(r29)
  411  000014d8  8fdffff8	lw	r31,-8(r30)
  412  000014dc  001ee820	add	r29,r0,r30
  413  000014e0  8fdefffc	lw	r30,-4(r30)
  414  000014e4  4be00000	jr	r31
  415  000014e8  54000000	nop
  416  000014ec          	.endproc _Print_cb
  417  000014ec          	.data
  418  0000308e          	.align 2
  419  00003090          	LC7_LF0:
  420  00003090  55736167	.ascii "Usage: \000"
  420  00003094  653a2000	
  421  00003098          	.align 2
  422  00003098          	LC8_LF0:
  423  00003098  203c6e75	.ascii " <number of processes to create>\n\000"
  423  0000309c  6d626572	
  423  000030a0  206f6620	
  423  000030a4  70726f63	
  423  000030a8  65737365	
  423  000030ac  7320746f	
  423  000030b0  20637265	
  423  000030b4  6174653e	
  423  000030b8  0a00    	
  424  000030ba          	.align 2
  425  000030bc          	LC9_LF0:
  426  000030bc  43726561	.ascii "Creating %d processes\n\000"
  426  000030c0  74696e67	
  426  000030c4  20256420	
  426  000030c8  70726f63	
  426  000030cc  65737365	
  426  000030d0  730a00  	
  427  000030d3          	.align 2
  428  000030d4          	LC10_LF0:
  429  000030d4  4e6f206f	.ascii "No of N3 %d \n\000"
  429  000030d8  66204e33	
  429  000030dc  20256420	
  429  000030e0  0a00    	
  430  000030e2          	.align 2
  431  000030e4          	LC11_LF0:
  432  000030e4  4e6f206f	.ascii "No of H2O %d \n\000"
  432  000030e8  66204832	
  432  000030ec  4f202564	
  432  000030f0  200a00  	
  433  000030f3          	.align 2
  434  000030f4          	LC12_LF0:
  435  000030f4  42616420	.ascii "Bad sem_create in \000"
  435  000030f8  73656d5f	
  435  000030fc  63726561	
  435  00003100  74652069	
  435  00003104  6e2000  	
  436  00003107          	.align 2
  437  00003108          	LC13_LF0:
  438  00003108  53656d20	.ascii "Sem failed\000"
  438  0000310c  6661696c	
  438  00003110  656400  	
  439  00003113          	.align 2
  440  00003114          	LC14_LF0:
  441  00003114  636f6e73	.ascii "consumerN3.dlx.obj\000"
  441  00003118  756d6572	
  441  0000311c  4e332e64	
  441  00003120  6c782e6f	
  441  00003124  626a00  	
  442  00003127          	.align 2
  443  00003128          	LC15_LF0:
  444  00003128  636f6e73	.ascii "consumerH2O.dlx.obj\000"
  444  0000312c  756d6572	
  444  00003130  48324f2e	
  444  00003134  646c782e	
  444  00003138  6f626a00	
  445  0000313c          	.align 2
  446  0000313c          	LC16_LF0:
  447  0000313c  70726f64	.ascii "producerN3.dlx.obj\000"
  447  00003140  75636572	
  447  00003144  4e332e64	
  447  00003148  6c782e6f	
  447  0000314c  626a00  	
  448  0000314f          	.align 2
  449  00003150          	LC17_LF0:
  450  00003150  70726f64	.ascii "producerH2O.dlx.obj\000"
  450  00003154  75636572	
  450  00003158  48324f2e	
  450  0000315c  646c782e	
  450  00003160  6f626a00	
  451  00003164          	.align 2
  452  00003164          	LC18_LF0:
  453  00003164  636f6e73	.ascii "consumerN_O2.dlx.obj\000"
  453  00003168  756d6572	
  453  0000316c  4e5f4f32	
  453  00003170  2e646c78	
  453  00003174  2e6f626a	
  453  00003178  00      	
  454  00003179          	.align 2
  455  0000317c          	LC19_LF0:
  456  0000317c  42616420	.ascii "Bad semaphore s_procs_completed (%d) in \000"
  456  00003180  73656d61	
  456  00003184  70686f72	
  456  00003188  6520735f	
  456  0000318c  70726f63	
  456  00003190  735f636f	
  456  00003194  6d706c65	
  456  00003198  74656420	
  456  0000319c  28256429	
  456  000031a0  20696e20	
  456  000031a4  00      	
  457  000031a5          	.align 2
  458  000031a8          	LC20_LF0:
  459  000031a8  416c6c20	.ascii "All other processes completed, exiting main process.\n\000"
  459  000031ac  6f746865	
  459  000031b0  72207072	
  459  000031b4  6f636573	
  459  000031b8  73657320	
  459  000031bc  636f6d70	
  459  000031c0  6c657465	
  459  000031c4  642c2065	
  459  000031c8  78697469	
  459  000031cc  6e67206d	
  459  000031d0  61696e20	
  459  000031d4  70726f63	
  459  000031d8  6573732e	
  459  000031dc  0a00    	
  460  000031de          	.text
  461  000014ec          	.align 2
  462  000014ec          	.proc _main
  463  000014ec          	.global _main
  464  000014ec          	_main:
  465                      ;  Function 'main'; 144 bytes of locals, 0 regs to save.
  466  000014ec  afbefffc	sw	-4(r29),r30; push fp
  467  000014f0  001df020	add	r30,r0,r29; fp = sp
  468  000014f4  afbffff8	sw	-8(r29),r31; push ret addr
  469  000014f8  2fbd0098	subui	r29,r29,#152; alloc local storage
  470  000014fc  8fc20000	lw	r2,(r30)
  471  00001500  8fc80004	lw	r8,4(r30)
  472  00001504  0c0013a4	jal	___main
  473  00001508  54000000	nop; not filled.
  474  0000150c  64410004	snei	r1,r2,#4
  475  00001510  1020004c	beqz	r1,L48_LF0
  476  00001514  54000000	nop; not filled.
  477  00001518  23bdfff8	addi	r29,r29,#-8
  478  0000151c  3c0d0000	lhi	r13,((LC7_LF0)>>16)&0xffff
  479  00001520  25ad3090	addui	r13,r13,(LC7_LF0)&0xffff
  480  00001524  afad0000	sw	(r29),r13
  481  00001528  0c000584	jal	_Printf
  482  0000152c  54000000	nop; not filled.
  483  00001530  8d0d0000	lw	r13,(r8)
  484  00001534  afad0000	sw	(r29),r13
  485  00001538  0c000574	jal	_Printf
  486  0000153c  54000000	nop; not filled.
  487  00001540  3c0d0000	lhi	r13,((LC8_LF0)>>16)&0xffff
  488  00001544  25ad3098	addui	r13,r13,(LC8_LF0)&0xffff
  489  00001548  afad0000	sw	(r29),r13
  490  0000154c  0c000560	jal	_Printf
  491  00001550  54000000	nop; not filled.
  492  00001554  0c000600	jal	_Exit
  493  00001558  54000000	nop; not filled.
  494  0000155c  23bd0008	addi	r29,r29,#8
  495  00001560          	L48_LF0:
  496  00001560  23bdfff0	addi	r29,r29,#-16
  497  00001564  8d0d0004	lw	r13,4(r8)
  498  00001568  afad0000	sw	(r29),r13
  499  0000156c  200d0000	addi	r13,r0,#0
  500  00001570  afad0004	sw	4(r29),r13
  501  00001574  200d000a	addi	r13,r0,#10
  502  00001578  afad0008	sw	8(r29),r13
  503  0000157c  0c000e84	jal	_dstrtol
  504  00001580  54000000	nop; not filled.
  505  00001584  00012020	add	r4,r0,r1
  506  00001588  3c0d0000	lhi	r13,((LC9_LF0)>>16)&0xffff
  507  0000158c  25ad30bc	addui	r13,r13,(LC9_LF0)&0xffff
  508  00001590  afad0000	sw	(r29),r13
  509  00001594  afa40004	sw	4(r29),r4
  510  00001598  0c000514	jal	_Printf
  511  0000159c  54000000	nop; not filled.
  512  000015a0  8d0d0008	lw	r13,8(r8)
  513  000015a4  afad0000	sw	(r29),r13
  514  000015a8  200d0000	addi	r13,r0,#0
  515  000015ac  afad0004	sw	4(r29),r13
  516  000015b0  200d000a	addi	r13,r0,#10
  517  000015b4  afad0008	sw	8(r29),r13
  518  000015b8  0c000e48	jal	_dstrtol
  519  000015bc  54000000	nop; not filled.
  520  000015c0  00011820	add	r3,r0,r1
  521  000015c4  3c0d0000	lhi	r13,((LC10_LF0)>>16)&0xffff
  522  000015c8  25ad30d4	addui	r13,r13,(LC10_LF0)&0xffff
  523  000015cc  afad0000	sw	(r29),r13
  524  000015d0  afa30004	sw	4(r29),r3
  525  000015d4  0c0004d8	jal	_Printf
  526  000015d8  54000000	nop; not filled.
  527  000015dc  8d0d000c	lw	r13,12(r8)
  528  000015e0  afad0000	sw	(r29),r13
  529  000015e4  200d0000	addi	r13,r0,#0
  530  000015e8  afad0004	sw	4(r29),r13
  531  000015ec  200d000a	addi	r13,r0,#10
  532  000015f0  afad0008	sw	8(r29),r13
  533  000015f4  0c000e0c	jal	_dstrtol
  534  000015f8  54000000	nop; not filled.
  535  000015fc  00011020	add	r2,r0,r1
  536  00001600  3c0d0000	lhi	r13,((LC11_LF0)>>16)&0xffff
  537  00001604  25ad30e4	addui	r13,r13,(LC11_LF0)&0xffff
  538  00001608  afad0000	sw	(r29),r13
  539  0000160c  afa20004	sw	4(r29),r2
  540  00001610  0c00049c	jal	_Printf
  541  00001614  54000000	nop; not filled.
  542  00001618  afa30000	sw	(r29),r3
  543  0000161c  23caffc8	addi	r10,r30,#-56
  544  00001620  afaa0004	sw	4(r29),r10
  545  00001624  0c000c50	jal	_ditoa
  546  00001628  54000000	nop; not filled.
  547  0000162c  afa20000	sw	(r29),r2
  548  00001630  23c9ffb8	addi	r9,r30,#-72
  549  00001634  afa90004	sw	4(r29),r9
  550  00001638  0c000c3c	jal	_ditoa
  551  0000163c  54000000	nop; not filled.
  552  00001640  20010001	addi	r1,r0,#1
  553  00001644  00240822	sub	r1,r1,r4
  554  00001648  afa10000	sw	(r29),r1
  555  0000164c  0c00049c	jal	_sem_create
  556  00001650  54000000	nop; not filled.
  557  00001654  00015820	add	r11,r0,r1
  558  00001658  23bd0010	addi	r29,r29,#16
  559  0000165c  6161ffff	seqi	r1,r11,#-1
  560  00001660  1020004c	beqz	r1,L49_LF0
  561  00001664  54000000	nop; not filled.
  562  00001668  23bdfff8	addi	r29,r29,#-8
  563  0000166c  3c0d0000	lhi	r13,((LC12_LF0)>>16)&0xffff
  564  00001670  25ad30f4	addui	r13,r13,(LC12_LF0)&0xffff
  565  00001674  afad0000	sw	(r29),r13
  566  00001678  0c000434	jal	_Printf
  567  0000167c  54000000	nop; not filled.
  568  00001680  8d0d0000	lw	r13,(r8)
  569  00001684  afad0000	sw	(r29),r13
  570  00001688  0c000424	jal	_Printf
  571  0000168c  54000000	nop; not filled.
  572  00001690  3c0d0000	lhi	r13,((LC6_LF0)>>16)&0xffff
  573  00001694  25ad308c	addui	r13,r13,(LC6_LF0)&0xffff
  574  00001698  afad0000	sw	(r29),r13
  575  0000169c  0c000410	jal	_Printf
  576  000016a0  54000000	nop; not filled.
  577  000016a4  0c0004b0	jal	_Exit
  578  000016a8  54000000	nop; not filled.
  579  000016ac  23bd0008	addi	r29,r29,#8
  580  000016b0          	L49_LF0:
  581  000016b0  23bdfff8	addi	r29,r29,#-8
  582  000016b4  200d0000	addi	r13,r0,#0
  583  000016b8  afad0000	sw	(r29),r13
  584  000016bc  0c00042c	jal	_sem_create
  585  000016c0  54000000	nop; not filled.
  586  000016c4  00013820	add	r7,r0,r1
  587  000016c8  23bd0008	addi	r29,r29,#8
  588  000016cc  60e1ffff	seqi	r1,r7,#-1
  589  000016d0  10200034	beqz	r1,L50_LF0
  590  000016d4  54000000	nop; not filled.
  591  000016d8  23bdfff8	addi	r29,r29,#-8
  592  000016dc  3c0d0000	lhi	r13,((LC13_LF0)>>16)&0xffff
  593  000016e0  25ad3108	addui	r13,r13,(LC13_LF0)&0xffff
  594  000016e4  afad0000	sw	(r29),r13
  595  000016e8  0c0003c4	jal	_Printf
  596  000016ec  54000000	nop; not filled.
  597  000016f0  8d080000	lw	r8,(r8)
  598  000016f4  afa80000	sw	(r29),r8
  599  000016f8  0c0003b4	jal	_Printf
  600  000016fc  54000000	nop; not filled.
  601  00001700  0c00119c	jal	_exit
  602  00001704  54000000	nop; not filled.
  603  00001708          	L50_LF0:
  604  00001708  23bdfff8	addi	r29,r29,#-8
  605  0000170c  afad0000	sw	(r29),r13
  606  00001710  0c0003d8	jal	_sem_create
  607  00001714  54000000	nop; not filled.
  608  00001718  00016020	add	r12,r0,r1
  609  0000171c  23bd0008	addi	r29,r29,#8
  610  00001720  6181ffff	seqi	r1,r12,#-1
  611  00001724  10200034	beqz	r1,L51_LF0
  612  00001728  54000000	nop; not filled.
  613  0000172c  23bdfff8	addi	r29,r29,#-8
  614  00001730  3c0d0000	lhi	r13,((LC13_LF0)>>16)&0xffff
  615  00001734  25ad3108	addui	r13,r13,(LC13_LF0)&0xffff
  616  00001738  afad0000	sw	(r29),r13
  617  0000173c  0c000370	jal	_Printf
  618  00001740  54000000	nop; not filled.
  619  00001744  8d080000	lw	r8,(r8)
  620  00001748  afa80000	sw	(r29),r8
  621  0000174c  0c000360	jal	_Printf
  622  00001750  54000000	nop; not filled.
  623  00001754  0c001148	jal	_exit
  624  00001758  54000000	nop; not filled.
  625  0000175c          	L51_LF0:
  626  0000175c  23bdfff8	addi	r29,r29,#-8
  627  00001760  200d0000	addi	r13,r0,#0
  628  00001764  afad0000	sw	(r29),r13
  629  00001768  0c000380	jal	_sem_create
  630  0000176c  54000000	nop; not filled.
  631  00001770  00011020	add	r2,r0,r1
  632  00001774  23bd0008	addi	r29,r29,#8
  633  00001778  6041ffff	seqi	r1,r2,#-1
  634  0000177c  10200034	beqz	r1,L52_LF0
  635  00001780  54000000	nop; not filled.
  636  00001784  23bdfff8	addi	r29,r29,#-8
  637  00001788  3c0d0000	lhi	r13,((LC13_LF0)>>16)&0xffff
  638  0000178c  25ad3108	addui	r13,r13,(LC13_LF0)&0xffff
  639  00001790  afad0000	sw	(r29),r13
  640  00001794  0c000318	jal	_Printf
  641  00001798  54000000	nop; not filled.
  642  0000179c  8d080000	lw	r8,(r8)
  643  000017a0  afa80000	sw	(r29),r8
  644  000017a4  0c000308	jal	_Printf
  645  000017a8  54000000	nop; not filled.
  646  000017ac  0c0010f0	jal	_exit
  647  000017b0  54000000	nop; not filled.
  648  000017b4          	L52_LF0:
  649  000017b4  23bdfff8	addi	r29,r29,#-8
  650  000017b8  afad0000	sw	(r29),r13
  651  000017bc  0c00032c	jal	_sem_create
  652  000017c0  54000000	nop; not filled.
  653  000017c4  00012820	add	r5,r0,r1
  654  000017c8  23bd0008	addi	r29,r29,#8
  655  000017cc  60a1ffff	seqi	r1,r5,#-1
  656  000017d0  10200034	beqz	r1,L53_LF0
  657  000017d4  54000000	nop; not filled.
  658  000017d8  23bdfff8	addi	r29,r29,#-8
  659  000017dc  3c0d0000	lhi	r13,((LC13_LF0)>>16)&0xffff
  660  000017e0  25ad3108	addui	r13,r13,(LC13_LF0)&0xffff
  661  000017e4  afad0000	sw	(r29),r13
  662  000017e8  0c0002c4	jal	_Printf
  663  000017ec  54000000	nop; not filled.
  664  000017f0  8d080000	lw	r8,(r8)
  665  000017f4  afa80000	sw	(r29),r8
  666  000017f8  0c0002b4	jal	_Printf
  667  000017fc  54000000	nop; not filled.
  668  00001800  0c00109c	jal	_exit
  669  00001804  54000000	nop; not filled.
  670  00001808          	L53_LF0:
  671  00001808  23bdfff8	addi	r29,r29,#-8
  672  0000180c  200d0000	addi	r13,r0,#0
  673  00001810  afad0000	sw	(r29),r13
  674  00001814  0c0002d4	jal	_sem_create
  675  00001818  54000000	nop; not filled.
  676  0000181c  00012020	add	r4,r0,r1
  677  00001820  23bd0008	addi	r29,r29,#8
  678  00001824  6081ffff	seqi	r1,r4,#-1
  679  00001828  10200034	beqz	r1,L54_LF0
  680  0000182c  54000000	nop; not filled.
  681  00001830  23bdfff8	addi	r29,r29,#-8
  682  00001834  3c0d0000	lhi	r13,((LC13_LF0)>>16)&0xffff
  683  00001838  25ad3108	addui	r13,r13,(LC13_LF0)&0xffff
  684  0000183c  afad0000	sw	(r29),r13
  685  00001840  0c00026c	jal	_Printf
  686  00001844  54000000	nop; not filled.
  687  00001848  8d080000	lw	r8,(r8)
  688  0000184c  afa80000	sw	(r29),r8
  689  00001850  0c00025c	jal	_Printf
  690  00001854  54000000	nop; not filled.
  691  00001858  0c001044	jal	_exit
  692  0000185c  54000000	nop; not filled.
  693  00001860          	L54_LF0:
  694  00001860  23bdfff8	addi	r29,r29,#-8
  695  00001864  afa60000	sw	(r29),r6
  696  00001868  23c1ffe8	addi	r1,r30,#-24
  697  0000186c  afa10004	sw	4(r29),r1
  698  00001870  0c000a04	jal	_ditoa
  699  00001874  54000000	nop; not filled.
  700  00001878  afab0000	sw	(r29),r11
  701  0000187c  23c3ffd8	addi	r3,r30,#-40
  702  00001880  afa30004	sw	4(r29),r3
  703  00001884  0c0009f0	jal	_ditoa
  704  00001888  54000000	nop; not filled.
  705  0000188c  afa20000	sw	(r29),r2
  706  00001890  23c6ff88	addi	r6,r30,#-120
  707  00001894  afa60004	sw	4(r29),r6
  708  00001898  0c0009dc	jal	_ditoa
  709  0000189c  54000000	nop; not filled.
  710  000018a0  afa70000	sw	(r29),r7
  711  000018a4  23c2ffa8	addi	r2,r30,#-88
  712  000018a8  afa20004	sw	4(r29),r2
  713  000018ac  0c0009c8	jal	_ditoa
  714  000018b0  54000000	nop; not filled.
  715  000018b4  afa40000	sw	(r29),r4
  716  000018b8  23c4ff98	addi	r4,r30,#-104
  717  000018bc  afa40004	sw	4(r29),r4
  718  000018c0  0c0009b4	jal	_ditoa
  719  000018c4  54000000	nop; not filled.
  720  000018c8  afa50000	sw	(r29),r5
  721  000018cc  23c7ff68	addi	r7,r30,#-152
  722  000018d0  afa70004	sw	4(r29),r7
  723  000018d4  0c0009a0	jal	_ditoa
  724  000018d8  54000000	nop; not filled.
  725  000018dc  afac0000	sw	(r29),r12
  726  000018e0  23c5ff78	addi	r5,r30,#-136
  727  000018e4  afa50004	sw	4(r29),r5
  728  000018e8  0c00098c	jal	_ditoa
  729  000018ec  54000000	nop; not filled.
  730  000018f0  23bdfff0	addi	r29,r29,#-16
  731  000018f4  3c0d0000	lhi	r13,((LC14_LF0)>>16)&0xffff
  732  000018f8  25ad3114	addui	r13,r13,(LC14_LF0)&0xffff
  733  000018fc  afad0000	sw	(r29),r13
  734  00001900  afaa0004	sw	4(r29),r10
  735  00001904  afa20008	sw	8(r29),r2
  736  00001908  afa6000c	sw	12(r29),r6
  737  0000190c  afa30010	sw	16(r29),r3
  738  00001910  200d0000	addi	r13,r0,#0
  739  00001914  afad0014	sw	20(r29),r13
  740  00001918  0c0001ac	jal	_process_create
  741  0000191c  54000000	nop; not filled.
  742  00001920  3c0d0000	lhi	r13,((LC15_LF0)>>16)&0xffff
  743  00001924  25ad3128	addui	r13,r13,(LC15_LF0)&0xffff
  744  00001928  afad0000	sw	(r29),r13
  745  0000192c  afa90004	sw	4(r29),r9
  746  00001930  afa40008	sw	8(r29),r4
  747  00001934  afa5000c	sw	12(r29),r5
  748  00001938  afa30010	sw	16(r29),r3
  749  0000193c  200d0000	addi	r13,r0,#0
  750  00001940  afad0014	sw	20(r29),r13
  751  00001944  0c000180	jal	_process_create
  752  00001948  54000000	nop; not filled.
  753  0000194c  3c0d0000	lhi	r13,((LC16_LF0)>>16)&0xffff
  754  00001950  25ad313c	addui	r13,r13,(LC16_LF0)&0xffff
  755  00001954  afad0000	sw	(r29),r13
  756  00001958  afaa0004	sw	4(r29),r10
  757  0000195c  afa20008	sw	8(r29),r2
  758  00001960  afa3000c	sw	12(r29),r3
  759  00001964  200d0000	addi	r13,r0,#0
  760  00001968  afad0010	sw	16(r29),r13
  761  0000196c  0c000158	jal	_process_create
  762  00001970  54000000	nop; not filled.
  763  00001974  3c0d0000	lhi	r13,((LC17_LF0)>>16)&0xffff
  764  00001978  25ad3150	addui	r13,r13,(LC17_LF0)&0xffff
  765  0000197c  afad0000	sw	(r29),r13
  766  00001980  afa90004	sw	4(r29),r9
  767  00001984  afa40008	sw	8(r29),r4
  768  00001988  afa3000c	sw	12(r29),r3
  769  0000198c  200d0000	addi	r13,r0,#0
  770  00001990  afad0010	sw	16(r29),r13
  771  00001994  0c000130	jal	_process_create
  772  00001998  54000000	nop; not filled.
  773  0000199c  23bdfff8	addi	r29,r29,#-8
  774  000019a0  3c0d0000	lhi	r13,((LC18_LF0)>>16)&0xffff
  775  000019a4  25ad3164	addui	r13,r13,(LC18_LF0)&0xffff
  776  000019a8  afad0000	sw	(r29),r13
  777  000019ac  afaa0004	sw	4(r29),r10
  778  000019b0  afa90008	sw	8(r29),r9
  779  000019b4  afa6000c	sw	12(r29),r6
  780  000019b8  afa50010	sw	16(r29),r5
  781  000019bc  afa70014	sw	20(r29),r7
  782  000019c0  afa30018	sw	24(r29),r3
  783  000019c4  200d0000	addi	r13,r0,#0
  784  000019c8  afad001c	sw	28(r29),r13
  785  000019cc  0c0000f8	jal	_process_create
  786  000019d0  54000000	nop; not filled.
  787  000019d4  23bd0020	addi	r29,r29,#32
  788  000019d8  23bdfff8	addi	r29,r29,#-8
  789  000019dc  afab0000	sw	(r29),r11
  790  000019e0  0c000114	jal	_sem_wait
  791  000019e4  54000000	nop; not filled.
  792  000019e8  23bd0008	addi	r29,r29,#8
  793  000019ec  64210001	snei	r1,r1,#1
  794  000019f0  10200050	beqz	r1,L55_LF0
  795  000019f4  54000000	nop; not filled.
  796  000019f8  23bdfff8	addi	r29,r29,#-8
  797  000019fc  3c0d0000	lhi	r13,((LC19_LF0)>>16)&0xffff
  798  00001a00  25ad317c	addui	r13,r13,(LC19_LF0)&0xffff
  799  00001a04  afad0000	sw	(r29),r13
  800  00001a08  afab0004	sw	4(r29),r11
  801  00001a0c  0c0000a0	jal	_Printf
  802  00001a10  54000000	nop; not filled.
  803  00001a14  8d080000	lw	r8,(r8)
  804  00001a18  afa80000	sw	(r29),r8
  805  00001a1c  0c000090	jal	_Printf
  806  00001a20  54000000	nop; not filled.
  807  00001a24  3c0d0000	lhi	r13,((LC6_LF0)>>16)&0xffff
  808  00001a28  25ad308c	addui	r13,r13,(LC6_LF0)&0xffff
  809  00001a2c  afad0000	sw	(r29),r13
  810  00001a30  0c00007c	jal	_Printf
  811  00001a34  54000000	nop; not filled.
  812  00001a38  0c00011c	jal	_Exit
  813  00001a3c  54000000	nop; not filled.
  814  00001a40  23bd0008	addi	r29,r29,#8
  815  00001a44          	L55_LF0:
  816  00001a44  23bdfff8	addi	r29,r29,#-8
  817  00001a48  3c0d0000	lhi	r13,((LC20_LF0)>>16)&0xffff
  818  00001a4c  25ad31a8	addui	r13,r13,(LC20_LF0)&0xffff
  819  00001a50  afad0000	sw	(r29),r13
  820  00001a54  0c000058	jal	_Printf
  821  00001a58  54000000	nop; not filled.
  822  00001a5c  23bd0008	addi	r29,r29,#8
  823  00001a60  0c000e3c	jal	_exit
  824  00001a64  54000000	nop
  825  00001a68          	.endproc _main
  826                      ;;;
  827                      ;;; Stub functions for DLX traps.
  828                      ;;;
  829                      ;;; Ethan L. Miller, 1999.  Released to the public domain.
  830                      ;;;
  831                      ;;; The traps such as Open and Close
  832                      ;;; (note the capital letters) are for use by user programs.  The traps
  833                      ;;; with names such as open and close (lower case) are for use by the OS.
  834                      ;;;
  837  00001a68          	.align 2
  839                      ;;; The following are the traps to be used by user-level programs
  840                      ;;;
  842  00001a68          	.align 2
  843  00001a68          	.proc _Open
  844  00001a68          	.global _Open
  845  00001a68          	_Open:
  846                      ;;; Note that trap #0x213 actually causes a trap vector in the OS of
  847                      ;;; 0x1213.  The same is true for other user traps.  Thus, a user trap
  848                      ;;; with trap #0x240 will result in a trap vector of 0x1240 in the OS.
  849  00001a68  44000213	trap	#0x213
  850  00001a6c  4be00000	jr	r31
  851  00001a70  54000000	nop
  852  00001a74          	.endproc _Open
  854  00001a74          	.proc _Close
  855  00001a74          	.global _Close
  856  00001a74          	_Close:
  857  00001a74  44000214	trap	#0x214
  858  00001a78  4be00000	jr	r31
  859  00001a7c  54000000	nop
  860  00001a80          	.endproc _Close
  862  00001a80          	.proc _Read
  863  00001a80          	.global _Read
  864  00001a80          	_Read:
  865  00001a80  44000210	trap	#0x210
  866  00001a84  4be00000	jr	r31
  867  00001a88  54000000	nop
  868  00001a8c          	.endproc _Read
  870  00001a8c          	.proc _Write
  871  00001a8c          	.global _Write
  872  00001a8c          	_Write:
  873  00001a8c  44000211	trap	#0x211
  874  00001a90  4be00000	jr	r31
  875  00001a94  54000000	nop
  876  00001a98          	.endproc _Write
  878  00001a98          	.proc _Lseek
  879  00001a98          	.global _Lseek
  880  00001a98          	_Lseek:
  881  00001a98  44000212	trap	#0x212
  882  00001a9c  4be00000	jr	r31
  883  00001aa0  54000000	nop
  884  00001aa4          	.endproc _Lseek
  886  00001aa4          	.proc _Putchar
  887  00001aa4          	.global _Putchar
  888  00001aa4          	_Putchar:
  889  00001aa4  44000280	trap	#0x280
  890  00001aa8  4be00000	jr	r31
  891  00001aac  54000000	nop
  892  00001ab0          	.endproc _Putchar
  894  00001ab0          	.proc _Printf
  895  00001ab0          	.global _Printf
  896  00001ab0          	_Printf:
  897  00001ab0  44000201	trap	#0x201
  898  00001ab4  4be00000	jr	r31
  899  00001ab8  54000000	nop
  900  00001abc          	.endproc _Printf
  902  00001abc          	.proc _Getpid
  903  00001abc          	.global _Getpid
  904  00001abc          	_Getpid:
  905  00001abc  44000431	trap	#0x431
  906  00001ac0  4be00000	jr	r31
  907  00001ac4  54000000	nop
  908  00001ac8          	.endproc _Getpid
  910  00001ac8          	.proc _process_create
  911  00001ac8          	.global _process_create
  912  00001ac8          	_process_create:
  913  00001ac8  44000432	trap	#0x432
  914  00001acc  4be00000	jr	r31
  915  00001ad0  54000000	nop
  916  00001ad4          	.endproc _process_create
  918  00001ad4          	.proc _shmget
  919  00001ad4          	.global _shmget
  920  00001ad4          	_shmget:
  921  00001ad4  44000440	trap	#0x440
  922  00001ad8  4be00000	jr	r31
  923  00001adc  54000000	nop
  924  00001ae0          	.endproc _shmget
  926  00001ae0          	.proc _shmat
  927  00001ae0          	.global _shmat
  928  00001ae0          	_shmat:
  929  00001ae0  44000441	trap	#0x441
  930  00001ae4  4be00000	jr	r31
  931  00001ae8  54000000	nop
  932  00001aec          	.endproc _shmat
  934  00001aec          	.proc _sem_create
  935  00001aec          	.global _sem_create
  936  00001aec          	_sem_create:
  937  00001aec  44000450	trap	#0x450
  938  00001af0  4be00000	jr	r31
  939  00001af4  54000000	nop
  940  00001af8          	.endproc _sem_create
  942  00001af8          	.proc _sem_wait
  943  00001af8          	.global _sem_wait
  944  00001af8          	_sem_wait:
  945  00001af8  44000451	trap	#0x451
  946  00001afc  4be00000	jr	r31
  947  00001b00  54000000	nop
  948  00001b04          	.endproc _sem_wait
  950  00001b04          	.proc _sem_signal
  951  00001b04          	.global _sem_signal
  952  00001b04          	_sem_signal:
  953  00001b04  44000452	trap	#0x452
  954  00001b08  4be00000	jr	r31
  955  00001b0c  54000000	nop
  956  00001b10          	.endproc _sem_signal
  958  00001b10          	.proc _lock_create
  959  00001b10          	.global _lock_create
  960  00001b10          	_lock_create:
  961  00001b10  44000453	trap	#0x453
  962  00001b14  4be00000	jr	r31
  963  00001b18  54000000	nop
  964  00001b1c          	.endproc _lock_create
  966  00001b1c          	.proc _lock_acquire
  967  00001b1c          	.global _lock_acquire
  968  00001b1c          	_lock_acquire:
  969  00001b1c  44000454	trap	#0x454
  970  00001b20  4be00000	jr	r31
  971  00001b24  54000000	nop
  972  00001b28          	.endproc _lock_acquire
  974  00001b28          	.proc _lock_release
  975  00001b28          	.global _lock_release
  976  00001b28          	_lock_release:
  977  00001b28  44000455	trap	#0x455
  978  00001b2c  4be00000	jr	r31
  979  00001b30  54000000	nop
  980  00001b34          	.endproc _lock_release
  982  00001b34          	.proc _cond_create
  983  00001b34          	.global _cond_create
  984  00001b34          	_cond_create:
  985  00001b34  44000456	trap	#0x456
  986  00001b38  4be00000	jr	r31
  987  00001b3c  54000000	nop
  988  00001b40          	.endproc _cond_create
  990  00001b40          	.proc _cond_wait
  991  00001b40          	.global _cond_wait
  992  00001b40          	_cond_wait:
  993  00001b40  44000457	trap	#0x457
  994  00001b44  4be00000	jr	r31
  995  00001b48  54000000	nop
  996  00001b4c          	.endproc _cond_wait
  998  00001b4c          	.proc _cond_signal
  999  00001b4c          	.global _cond_signal
 1000  00001b4c          	_cond_signal:
 1001  00001b4c  44000458	trap	#0x458
 1002  00001b50  4be00000	jr	r31
 1003  00001b54  54000000	nop
 1004  00001b58          	.endproc _cond_signal
 1006  00001b58          	.proc _Exit
 1007  00001b58          	.global _Exit
 1008  00001b58          	_Exit:
 1009  00001b58  44000500	trap	#0x500
 1010  00001b5c  4be00000	jr	r31
 1011  00001b60  54000000	nop
 1012  00001b64          	.endproc _Exit
 1013                      ; Compiled by GCC
 1015  00001b64          	.align 2
 1016  00001b64          	.proc _isspace
 1017  00001b64          	.global _isspace
 1018  00001b64          	_isspace:
 1019                      ;  Function 'isspace'; 0 bytes of locals, 3 regs to save.
 1020  00001b64  afbefffc	sw	-4(r29),r30; push fp
 1021  00001b68  001df020	add	r30,r0,r29; fp = sp
 1022  00001b6c  afbffff8	sw	-8(r29),r31; push ret addr
 1023  00001b70  2fbd0018	subui	r29,r29,#24; alloc local storage
 1024  00001b74  afa20000	sw	0(r29),r2
 1025  00001b78  afa30004	sw	4(r29),r3
 1026  00001b7c  afa40008	sw	8(r29),r4
 1027  00001b80  83c20003	lb	r2,3(r30)
 1028  00001b84  20010000	addi	r1,r0,#0
 1029  00001b88  304300ff	andi	r3,r2,#0x00ff
 1030  00001b8c  60640020	seqi	r4,r3,#32
 1031  00001b90  1480002c	bnez	r4,L3_LF2
 1032  00001b94  54000000	nop; delay slot nop
 1033  00001b98  304300ff	andi	r3,r2,#0x00ff
 1034  00001b9c  60640009	seqi	r4,r3,#9
 1035  00001ba0  1480001c	bnez	r4,L3_LF2
 1036  00001ba4  54000000	nop; delay slot nop
 1037  00001ba8  304300ff	andi	r3,r2,#0x00ff
 1038  00001bac  6064000a	seqi	r4,r3,#10
 1039  00001bb0  1480000c	bnez	r4,L3_LF2
 1040  00001bb4  54000000	nop; delay slot nop
 1041  00001bb8  08000008	j	L2_LF2
 1042  00001bbc  54000000	nop; delay slot nop
 1043  00001bc0          	L3_LF2:
 1044  00001bc0  20010001	addi	r1,r0,#1
 1045  00001bc4          	L2_LF2:
 1046  00001bc4  08000004	j	L1_LF2
 1047  00001bc8  54000000	nop; delay slot nop
 1048  00001bcc          	L1_LF2:
 1049  00001bcc  8fa20000	lw	r2,0(r29)
 1050  00001bd0  8fa30004	lw	r3,4(r29)
 1051  00001bd4  8fa40008	lw	r4,8(r29)
 1052  00001bd8  8fdffff8	lw	r31,-8(r30)
 1053  00001bdc  001ee820	add	r29,r0,r30
 1054  00001be0  8fdefffc	lw	r30,-4(r30)
 1055  00001be4  4be00000	jr	r31
 1056  00001be8  54000000	nop
 1057  00001bec          	.endproc _isspace
 1058  00001bec          	.align 2
 1059  00001bec          	.proc _isxdigit
 1060  00001bec          	.global _isxdigit
 1061  00001bec          	_isxdigit:
 1062                      ;  Function 'isxdigit'; 0 bytes of locals, 3 regs to save.
 1063  00001bec  afbefffc	sw	-4(r29),r30; push fp
 1064  00001bf0  001df020	add	r30,r0,r29; fp = sp
 1065  00001bf4  afbffff8	sw	-8(r29),r31; push ret addr
 1066  00001bf8  2fbd0018	subui	r29,r29,#24; alloc local storage
 1067  00001bfc  afa20000	sw	0(r29),r2
 1068  00001c00  afa30004	sw	4(r29),r3
 1069  00001c04  afa40008	sw	8(r29),r4
 1070  00001c08  83c20003	lb	r2,3(r30)
 1071  00001c0c  20010000	addi	r1,r0,#0
 1072  00001c10  304300ff	andi	r3,r2,#0x00ff
 1073  00001c14  6c64002f	sgtui	r4,r3,#47
 1074  00001c18  1080001c	beqz	r4,L7_LF2
 1075  00001c1c  54000000	nop; delay slot nop
 1076  00001c20  304300ff	andi	r3,r2,#0x00ff
 1077  00001c24  70640039	sleui	r4,r3,#57
 1078  00001c28  1480005c	bnez	r4,L6_LF2
 1079  00001c2c  54000000	nop; delay slot nop
 1080  00001c30  08000004	j	L7_LF2
 1081  00001c34  54000000	nop; delay slot nop
 1082  00001c38          	L7_LF2:
 1083  00001c38  304300ff	andi	r3,r2,#0x00ff
 1084  00001c3c  6c640060	sgtui	r4,r3,#96
 1085  00001c40  1080001c	beqz	r4,L8_LF2
 1086  00001c44  54000000	nop; delay slot nop
 1087  00001c48  304300ff	andi	r3,r2,#0x00ff
 1088  00001c4c  70640066	sleui	r4,r3,#102
 1089  00001c50  14800034	bnez	r4,L6_LF2
 1090  00001c54  54000000	nop; delay slot nop
 1091  00001c58  08000004	j	L8_LF2
 1092  00001c5c  54000000	nop; delay slot nop
 1093  00001c60          	L8_LF2:
 1094  00001c60  304300ff	andi	r3,r2,#0x00ff
 1095  00001c64  6c640040	sgtui	r4,r3,#64
 1096  00001c68  10800020	beqz	r4,L5_LF2
 1097  00001c6c  54000000	nop; delay slot nop
 1098  00001c70  304300ff	andi	r3,r2,#0x00ff
 1099  00001c74  70640041	sleui	r4,r3,#65
 1100  00001c78  1480000c	bnez	r4,L6_LF2
 1101  00001c7c  54000000	nop; delay slot nop
 1102  00001c80  08000008	j	L5_LF2
 1103  00001c84  54000000	nop; delay slot nop
 1104  00001c88          	L6_LF2:
 1105  00001c88  20010001	addi	r1,r0,#1
 1106  00001c8c          	L5_LF2:
 1107  00001c8c  08000004	j	L4_LF2
 1108  00001c90  54000000	nop; delay slot nop
 1109  00001c94          	L4_LF2:
 1110  00001c94  8fa20000	lw	r2,0(r29)
 1111  00001c98  8fa30004	lw	r3,4(r29)
 1112  00001c9c  8fa40008	lw	r4,8(r29)
 1113  00001ca0  8fdffff8	lw	r31,-8(r30)
 1114  00001ca4  001ee820	add	r29,r0,r30
 1115  00001ca8  8fdefffc	lw	r30,-4(r30)
 1116  00001cac  4be00000	jr	r31
 1117  00001cb0  54000000	nop
 1118  00001cb4          	.endproc _isxdigit
 1119  00001cb4          	.align 2
 1120  00001cb4          	.proc _dstrcpy
 1121  00001cb4          	.global _dstrcpy
 1122  00001cb4          	_dstrcpy:
 1123                      ;  Function 'dstrcpy'; 8 bytes of locals, 2 regs to save.
 1124  00001cb4  afbefffc	sw	-4(r29),r30; push fp
 1125  00001cb8  001df020	add	r30,r0,r29; fp = sp
 1126  00001cbc  afbffff8	sw	-8(r29),r31; push ret addr
 1127  00001cc0  2fbd0018	subui	r29,r29,#24; alloc local storage
 1128  00001cc4  afa20000	sw	0(r29),r2
 1129  00001cc8  afa30004	sw	4(r29),r3
 1130  00001ccc  8fc10000	lw	r1,(r30)
 1131  00001cd0  afc1fff4	sw	-12(r30),r1
 1132  00001cd4          	L10_LF2:
 1133  00001cd4  8fc10000	lw	r1,(r30)
 1134  00001cd8  20220001	addi	r2,r1,#1
 1135  00001cdc  afc20000	sw	(r30),r2
 1136  00001ce0  8fc20004	lw	r2,4(r30)
 1137  00001ce4  20430001	addi	r3,r2,#1
 1138  00001ce8  afc30004	sw	4(r30),r3
 1139  00001cec  80420000	lb	r2,(r2)
 1140  00001cf0  a0220000	sb	(r1),r2
 1141  00001cf4  a3c2fff3	sb	-13(r30),r2
 1142  00001cf8          	L12_LF2:
 1143  00001cf8  93c1fff3	lbu	r1,-13(r30)
 1144  00001cfc  64220000	snei	r2,r1,#0
 1145  00001d00  1440000c	bnez	r2,L13_LF2
 1146  00001d04  54000000	nop; delay slot nop
 1147  00001d08  0800000c	j	L11_LF2
 1148  00001d0c  54000000	nop; delay slot nop
 1149  00001d10          	L13_LF2:
 1150  00001d10  0bffffc0	j	L10_LF2
 1151  00001d14  54000000	nop; delay slot nop
 1152  00001d18          	L11_LF2:
 1153  00001d18  8fc1fff4	lw	r1,-12(r30)
 1154  00001d1c  08000004	j	L9_LF2
 1155  00001d20  54000000	nop; delay slot nop
 1156  00001d24          	L9_LF2:
 1157  00001d24  8fa20000	lw	r2,0(r29)
 1158  00001d28  8fa30004	lw	r3,4(r29)
 1159  00001d2c  8fdffff8	lw	r31,-8(r30)
 1160  00001d30  001ee820	add	r29,r0,r30
 1161  00001d34  8fdefffc	lw	r30,-4(r30)
 1162  00001d38  4be00000	jr	r31
 1163  00001d3c  54000000	nop
 1164  00001d40          	.endproc _dstrcpy
 1165  00001d40          	.align 2
 1166  00001d40          	.proc _dstrncpy
 1167  00001d40          	.global _dstrncpy
 1168  00001d40          	_dstrncpy:
 1169                      ;  Function 'dstrncpy'; 8 bytes of locals, 2 regs to save.
 1170  00001d40  afbefffc	sw	-4(r29),r30; push fp
 1171  00001d44  001df020	add	r30,r0,r29; fp = sp
 1172  00001d48  afbffff8	sw	-8(r29),r31; push ret addr
 1173  00001d4c  2fbd0018	subui	r29,r29,#24; alloc local storage
 1174  00001d50  afa20000	sw	0(r29),r2
 1175  00001d54  afa30004	sw	4(r29),r3
 1176  00001d58  8fc10000	lw	r1,(r30)
 1177  00001d5c  afc1fff4	sw	-12(r30),r1
 1178  00001d60          	L15_LF2:
 1179  00001d60  8fc10008	lw	r1,8(r30)
 1180  00001d64  2022ffff	addi	r2,r1,#-1
 1181  00001d68  afc20008	sw	8(r30),r2
 1182  00001d6c  70210000	slei	r1,r1,#0
 1183  00001d70  1020000c	beqz	r1,L18_LF2
 1184  00001d74  54000000	nop; delay slot nop
 1185  00001d78  08000048	j	L16_LF2
 1186  00001d7c  54000000	nop; delay slot nop
 1187  00001d80          	L18_LF2:
 1188  00001d80  8fc10000	lw	r1,(r30)
 1189  00001d84  20220001	addi	r2,r1,#1
 1190  00001d88  afc20000	sw	(r30),r2
 1191  00001d8c  8fc20004	lw	r2,4(r30)
 1192  00001d90  20430001	addi	r3,r2,#1
 1193  00001d94  afc30004	sw	4(r30),r3
 1194  00001d98  80420000	lb	r2,(r2)
 1195  00001d9c  a0220000	sb	(r1),r2
 1196  00001da0  a3c2fff3	sb	-13(r30),r2
 1197  00001da4          	L17_LF2:
 1198  00001da4  93c1fff3	lbu	r1,-13(r30)
 1199  00001da8  64220000	snei	r2,r1,#0
 1200  00001dac  1440000c	bnez	r2,L19_LF2
 1201  00001db0  54000000	nop; delay slot nop
 1202  00001db4  0800000c	j	L16_LF2
 1203  00001db8  54000000	nop; delay slot nop
 1204  00001dbc          	L19_LF2:
 1205  00001dbc  0bffffa0	j	L15_LF2
 1206  00001dc0  54000000	nop; delay slot nop
 1207  00001dc4          	L16_LF2:
 1208  00001dc4  8fc1fff4	lw	r1,-12(r30)
 1209  00001dc8  08000004	j	L14_LF2
 1210  00001dcc  54000000	nop; delay slot nop
 1211  00001dd0          	L14_LF2:
 1212  00001dd0  8fa20000	lw	r2,0(r29)
 1213  00001dd4  8fa30004	lw	r3,4(r29)
 1214  00001dd8  8fdffff8	lw	r31,-8(r30)
 1215  00001ddc  001ee820	add	r29,r0,r30
 1216  00001de0  8fdefffc	lw	r30,-4(r30)
 1217  00001de4  4be00000	jr	r31
 1218  00001de8  54000000	nop
 1219  00001dec          	.endproc _dstrncpy
 1220  00001dec          	.align 2
 1221  00001dec          	.proc _dstrcat
 1222  00001dec          	.global _dstrcat
 1223  00001dec          	_dstrcat:
 1224                      ;  Function 'dstrcat'; 8 bytes of locals, 1 regs to save.
 1225  00001dec  afbefffc	sw	-4(r29),r30; push fp
 1226  00001df0  001df020	add	r30,r0,r29; fp = sp
 1227  00001df4  afbffff8	sw	-8(r29),r31; push ret addr
 1228  00001df8  2fbd0018	subui	r29,r29,#24; alloc local storage
 1229  00001dfc  afa20000	sw	0(r29),r2
 1230  00001e00  8fc10000	lw	r1,(r30)
 1231  00001e04  afc1fff4	sw	-12(r30),r1
 1232  00001e08          	L21_LF2:
 1233  00001e08  8fc10000	lw	r1,(r30)
 1234  00001e0c  90220000	lbu	r2,(r1)
 1235  00001e10  64410000	snei	r1,r2,#0
 1236  00001e14  1420000c	bnez	r1,L23_LF2
 1237  00001e18  54000000	nop; delay slot nop
 1238  00001e1c  0800001c	j	L22_LF2
 1239  00001e20  54000000	nop; delay slot nop
 1240  00001e24          	L23_LF2:
 1241  00001e24  8fc20000	lw	r2,(r30)
 1242  00001e28  20410001	addi	r1,r2,#1
 1243  00001e2c  00011020	add	r2,r0,r1
 1244  00001e30  afc20000	sw	(r30),r2
 1245  00001e34  0bffffd0	j	L21_LF2
 1246  00001e38  54000000	nop; delay slot nop
 1247  00001e3c          	L22_LF2:
 1248  00001e3c  23bdfff8	addi	r29,r29,#-8
 1249  00001e40  001d0820	add	r1,r0,r29
 1250  00001e44  8fc20000	lw	r2,(r30)
 1251  00001e48  ac220000	sw	(r1),r2
 1252  00001e4c  8fc20004	lw	r2,4(r30)
 1253  00001e50  ac220004	sw	4(r1),r2
 1254  00001e54  0ffffe5c	jal	_dstrcpy
 1255  00001e58  54000000	nop; delay slot nop
 1256  00001e5c  23bd0008	addi	r29,r29,#8
 1257  00001e60  8fc1fff4	lw	r1,-12(r30)
 1258  00001e64  08000004	j	L20_LF2
 1259  00001e68  54000000	nop; delay slot nop
 1260  00001e6c          	L20_LF2:
 1261  00001e6c  8fa20000	lw	r2,0(r29)
 1262  00001e70  8fdffff8	lw	r31,-8(r30)
 1263  00001e74  001ee820	add	r29,r0,r30
 1264  00001e78  8fdefffc	lw	r30,-4(r30)
 1265  00001e7c  4be00000	jr	r31
 1266  00001e80  54000000	nop
 1267  00001e84          	.endproc _dstrcat
 1268  00001e84          	.align 2
 1269  00001e84          	.proc _dstrncmp
 1270  00001e84          	.global _dstrncmp
 1271  00001e84          	_dstrncmp:
 1272                      ;  Function 'dstrncmp'; 8 bytes of locals, 2 regs to save.
 1273  00001e84  afbefffc	sw	-4(r29),r30; push fp
 1274  00001e88  001df020	add	r30,r0,r29; fp = sp
 1275  00001e8c  afbffff8	sw	-8(r29),r31; push ret addr
 1276  00001e90  2fbd0018	subui	r29,r29,#24; alloc local storage
 1277  00001e94  afa20000	sw	0(r29),r2
 1278  00001e98  afa30004	sw	4(r29),r3
 1279  00001e9c  54000000	nop
 1280  00001ea0  20010000	addi	r1,r0,#0
 1281  00001ea4  afc1fff4	sw	-12(r30),r1
 1282  00001ea8          	L25_LF2:
 1283  00001ea8  8fc1fff4	lw	r1,-12(r30)
 1284  00001eac  8fc20008	lw	r2,8(r30)
 1285  00001eb0  0022082a	slt	r1,r1,r2
 1286  00001eb4  1420000c	bnez	r1,L28_LF2
 1287  00001eb8  54000000	nop; delay slot nop
 1288  00001ebc  08000088	j	L26_LF2
 1289  00001ec0  54000000	nop; delay slot nop
 1290  00001ec4          	L28_LF2:
 1291  00001ec4  8fc10004	lw	r1,4(r30)
 1292  00001ec8  90220000	lbu	r2,(r1)
 1293  00001ecc  64410000	snei	r1,r2,#0
 1294  00001ed0  14200018	bnez	r1,L29_LF2
 1295  00001ed4  54000000	nop; delay slot nop
 1296  00001ed8  20010000	addi	r1,r0,#0
 1297  00001edc  080000d8	j	L24_LF2
 1298  00001ee0  54000000	nop; delay slot nop
 1299  00001ee4  08000028	j	L30_LF2
 1300  00001ee8  54000000	nop; delay slot nop
 1301  00001eec          	L29_LF2:
 1302  00001eec  8fc10000	lw	r1,(r30)
 1303  00001ef0  8fc20004	lw	r2,4(r30)
 1304  00001ef4  90210000	lbu	r1,(r1)
 1305  00001ef8  90420000	lbu	r2,(r2)
 1306  00001efc  00220829	sne	r1,r1,r2
 1307  00001f00  1020000c	beqz	r1,L30_LF2
 1308  00001f04  54000000	nop; delay slot nop
 1309  00001f08  0800003c	j	L26_LF2
 1310  00001f0c  54000000	nop; delay slot nop
 1311  00001f10          	L31_LF2:
 1312  00001f10          	L30_LF2:
 1313  00001f10  8fc20000	lw	r2,(r30)
 1314  00001f14  20410001	addi	r1,r2,#1
 1315  00001f18  00011020	add	r2,r0,r1
 1316  00001f1c  afc20000	sw	(r30),r2
 1317  00001f20  8fc20004	lw	r2,4(r30)
 1318  00001f24  20410001	addi	r1,r2,#1
 1319  00001f28  00011020	add	r2,r0,r1
 1320  00001f2c  afc20004	sw	4(r30),r2
 1321  00001f30          	L27_LF2:
 1322  00001f30  8fc2fff4	lw	r2,-12(r30)
 1323  00001f34  20410001	addi	r1,r2,#1
 1324  00001f38  00011020	add	r2,r0,r1
 1325  00001f3c  afc2fff4	sw	-12(r30),r2
 1326  00001f40  0bffff64	j	L25_LF2
 1327  00001f44  54000000	nop; delay slot nop
 1328  00001f48          	L26_LF2:
 1329  00001f48  8fc1fff4	lw	r1,-12(r30)
 1330  00001f4c  8fc20008	lw	r2,8(r30)
 1331  00001f50  00220828	seq	r1,r1,r2
 1332  00001f54  10200018	beqz	r1,L32_LF2
 1333  00001f58  54000000	nop; delay slot nop
 1334  00001f5c  20010000	addi	r1,r0,#0
 1335  00001f60  08000054	j	L24_LF2
 1336  00001f64  54000000	nop; delay slot nop
 1337  00001f68  0800004c	j	L33_LF2
 1338  00001f6c  54000000	nop; delay slot nop
 1339  00001f70          	L32_LF2:
 1340  00001f70  8fc20000	lw	r2,(r30)
 1341  00001f74  90410000	lbu	r1,(r2)
 1342  00001f78  8fc20004	lw	r2,4(r30)
 1343  00001f7c  90430000	lbu	r3,(r2)
 1344  00001f80  00230822	sub	r1,r1,r3
 1345  00001f84  74220000	sgei	r2,r1,#0
 1346  00001f88  10400020	beqz	r2,L34_LF2
 1347  00001f8c  54000000	nop; delay slot nop
 1348  00001f90  8fc10000	lw	r1,(r30)
 1349  00001f94  8fc20004	lw	r2,4(r30)
 1350  00001f98  90210000	lbu	r1,(r1)
 1351  00001f9c  90420000	lbu	r2,(r2)
 1352  00001fa0  00220829	sne	r1,r1,r2
 1353  00001fa4  08000008	j	L35_LF2
 1354  00001fa8  54000000	nop; delay slot nop
 1355  00001fac          	L34_LF2:
 1356  00001fac  2001ffff	addi	r1,r0,#-1
 1357  00001fb0          	L35_LF2:
 1358  00001fb0  08000004	j	L24_LF2
 1359  00001fb4  54000000	nop; delay slot nop
 1360  00001fb8          	L33_LF2:
 1361  00001fb8          	L24_LF2:
 1362  00001fb8  8fa20000	lw	r2,0(r29)
 1363  00001fbc  8fa30004	lw	r3,4(r29)
 1364  00001fc0  8fdffff8	lw	r31,-8(r30)
 1365  00001fc4  001ee820	add	r29,r0,r30
 1366  00001fc8  8fdefffc	lw	r30,-4(r30)
 1367  00001fcc  4be00000	jr	r31
 1368  00001fd0  54000000	nop
 1369  00001fd4          	.endproc _dstrncmp
 1370  00001fd4          	.align 2
 1371  00001fd4          	.proc _dstrlen
 1372  00001fd4          	.global _dstrlen
 1373  00001fd4          	_dstrlen:
 1374                      ;  Function 'dstrlen'; 8 bytes of locals, 1 regs to save.
 1375  00001fd4  afbefffc	sw	-4(r29),r30; push fp
 1376  00001fd8  001df020	add	r30,r0,r29; fp = sp
 1377  00001fdc  afbffff8	sw	-8(r29),r31; push ret addr
 1378  00001fe0  2fbd0018	subui	r29,r29,#24; alloc local storage
 1379  00001fe4  afa20000	sw	0(r29),r2
 1380  00001fe8  20010000	addi	r1,r0,#0
 1381  00001fec  afc1fff4	sw	-12(r30),r1
 1382  00001ff0          	L37_LF2:
 1383  00001ff0  8fc10000	lw	r1,(r30)
 1384  00001ff4  20220001	addi	r2,r1,#1
 1385  00001ff8  afc20000	sw	(r30),r2
 1386  00001ffc  90210000	lbu	r1,(r1)
 1387  00002000  64220000	snei	r2,r1,#0
 1388  00002004  1440000c	bnez	r2,L39_LF2
 1389  00002008  54000000	nop; delay slot nop
 1390  0000200c  0800001c	j	L38_LF2
 1391  00002010  54000000	nop; delay slot nop
 1392  00002014          	L39_LF2:
 1393  00002014  8fc2fff4	lw	r2,-12(r30)
 1394  00002018  20410001	addi	r1,r2,#1
 1395  0000201c  00011020	add	r2,r0,r1
 1396  00002020  afc2fff4	sw	-12(r30),r2
 1397  00002024  0bffffc8	j	L37_LF2
 1398  00002028  54000000	nop; delay slot nop
 1399  0000202c          	L38_LF2:
 1400  0000202c  8fc1fff4	lw	r1,-12(r30)
 1401  00002030  08000004	j	L36_LF2
 1402  00002034  54000000	nop; delay slot nop
 1403  00002038          	L36_LF2:
 1404  00002038  8fa20000	lw	r2,0(r29)
 1405  0000203c  8fdffff8	lw	r31,-8(r30)
 1406  00002040  001ee820	add	r29,r0,r30
 1407  00002044  8fdefffc	lw	r30,-4(r30)
 1408  00002048  4be00000	jr	r31
 1409  0000204c  54000000	nop
 1410  00002050          	.endproc _dstrlen
 1411  00002050          	.align 2
 1412  00002050          	.proc _dstrstr
 1413  00002050          	.global _dstrstr
 1414  00002050          	_dstrstr:
 1415                      ;  Function 'dstrstr'; 8 bytes of locals, 1 regs to save.
 1416  00002050  afbefffc	sw	-4(r29),r30; push fp
 1417  00002054  001df020	add	r30,r0,r29; fp = sp
 1418  00002058  afbffff8	sw	-8(r29),r31; push ret addr
 1419  0000205c  2fbd0018	subui	r29,r29,#24; alloc local storage
 1420  00002060  afa20000	sw	0(r29),r2
 1421  00002064  23bdfff8	addi	r29,r29,#-8
 1422  00002068  001d0820	add	r1,r0,r29
 1423  0000206c  8fc20004	lw	r2,4(r30)
 1424  00002070  ac220000	sw	(r1),r2
 1425  00002074  0fffff5c	jal	_dstrlen
 1426  00002078  54000000	nop; delay slot nop
 1427  0000207c  23bd0008	addi	r29,r29,#8
 1428  00002080  afc1fff4	sw	-12(r30),r1
 1429  00002084          	L41_LF2:
 1430  00002084  8fc10000	lw	r1,(r30)
 1431  00002088  90220000	lbu	r2,(r1)
 1432  0000208c  64410000	snei	r1,r2,#0
 1433  00002090  1420000c	bnez	r1,L43_LF2
 1434  00002094  54000000	nop; delay slot nop
 1435  00002098  08000060	j	L42_LF2
 1436  0000209c  54000000	nop; delay slot nop
 1437  000020a0          	L43_LF2:
 1438  000020a0  23bdfff0	addi	r29,r29,#-16
 1439  000020a4  001d0820	add	r1,r0,r29
 1440  000020a8  8fc20000	lw	r2,(r30)
 1441  000020ac  ac220000	sw	(r1),r2
 1442  000020b0  8fc20004	lw	r2,4(r30)
 1443  000020b4  ac220004	sw	4(r1),r2
 1444  000020b8  8fc2fff4	lw	r2,-12(r30)
 1445  000020bc  ac220008	sw	8(r1),r2
 1446  000020c0  0ffffdc0	jal	_dstrncmp
 1447  000020c4  54000000	nop; delay slot nop
 1448  000020c8  23bd0010	addi	r29,r29,#16
 1449  000020cc  64220000	snei	r2,r1,#0
 1450  000020d0  14400010	bnez	r2,L44_LF2
 1451  000020d4  54000000	nop; delay slot nop
 1452  000020d8  8fc10000	lw	r1,(r30)
 1453  000020dc  08000028	j	L40_LF2
 1454  000020e0  54000000	nop; delay slot nop
 1455  000020e4          	L44_LF2:
 1456  000020e4  8fc20000	lw	r2,(r30)
 1457  000020e8  20410001	addi	r1,r2,#1
 1458  000020ec  00011020	add	r2,r0,r1
 1459  000020f0  afc20000	sw	(r30),r2
 1460  000020f4  0bffff8c	j	L41_LF2
 1461  000020f8  54000000	nop; delay slot nop
 1462  000020fc          	L42_LF2:
 1463  000020fc  20010000	addi	r1,r0,#0
 1464  00002100  08000004	j	L40_LF2
 1465  00002104  54000000	nop; delay slot nop
 1466  00002108          	L40_LF2:
 1467  00002108  8fa20000	lw	r2,0(r29)
 1468  0000210c  8fdffff8	lw	r31,-8(r30)
 1469  00002110  001ee820	add	r29,r0,r30
 1470  00002114  8fdefffc	lw	r30,-4(r30)
 1471  00002118  4be00000	jr	r31
 1472  0000211c  54000000	nop
 1473  00002120          	.endproc _dstrstr
 1474  00002120          	.align 2
 1475  00002120          	.proc _dmindex
 1476  00002120          	.global _dmindex
 1477  00002120          	_dmindex:
 1478                      ;  Function 'dmindex'; 8 bytes of locals, 1 regs to save.
 1479  00002120  afbefffc	sw	-4(r29),r30; push fp
 1480  00002124  001df020	add	r30,r0,r29; fp = sp
 1481  00002128  afbffff8	sw	-8(r29),r31; push ret addr
 1482  0000212c  2fbd0018	subui	r29,r29,#24; alloc local storage
 1483  00002130  afa20000	sw	0(r29),r2
 1484  00002134  54000000	nop
 1485  00002138          	L46_LF2:
 1486  00002138  8fc10000	lw	r1,(r30)
 1487  0000213c  90220000	lbu	r2,(r1)
 1488  00002140  64410000	snei	r1,r2,#0
 1489  00002144  1420000c	bnez	r1,L48_LF2
 1490  00002148  54000000	nop; delay slot nop
 1491  0000214c  08000070	j	L47_LF2
 1492  00002150  54000000	nop; delay slot nop
 1493  00002154          	L48_LF2:
 1494  00002154  8fc10004	lw	r1,4(r30)
 1495  00002158  afc1fff4	sw	-12(r30),r1
 1496  0000215c          	L49_LF2:
 1497  0000215c  8fc1fff4	lw	r1,-12(r30)
 1498  00002160  90220000	lbu	r2,(r1)
 1499  00002164  64410000	snei	r1,r2,#0
 1500  00002168  1420000c	bnez	r1,L52_LF2
 1501  0000216c  54000000	nop; delay slot nop
 1502  00002170  08000044	j	L50_LF2
 1503  00002174  54000000	nop; delay slot nop
 1504  00002178          	L52_LF2:
 1505  00002178  8fc10000	lw	r1,(r30)
 1506  0000217c  8fc2fff4	lw	r2,-12(r30)
 1507  00002180  90210000	lbu	r1,(r1)
 1508  00002184  90420000	lbu	r2,(r2)
 1509  00002188  00220828	seq	r1,r1,r2
 1510  0000218c  10200010	beqz	r1,L51_LF2
 1511  00002190  54000000	nop; delay slot nop
 1512  00002194  8fc10000	lw	r1,(r30)
 1513  00002198  08000030	j	L45_LF2
 1514  0000219c  54000000	nop; delay slot nop
 1515  000021a0          	L53_LF2:
 1516  000021a0          	L51_LF2:
 1517  000021a0  8fc2fff4	lw	r2,-12(r30)
 1518  000021a4  20410001	addi	r1,r2,#1
 1519  000021a8  00011020	add	r2,r0,r1
 1520  000021ac  afc2fff4	sw	-12(r30),r2
 1521  000021b0  0bffffa8	j	L49_LF2
 1522  000021b4  54000000	nop; delay slot nop
 1523  000021b8          	L50_LF2:
 1524  000021b8  0bffff7c	j	L46_LF2
 1525  000021bc  54000000	nop; delay slot nop
 1526  000021c0          	L47_LF2:
 1527  000021c0  20010000	addi	r1,r0,#0
 1528  000021c4  08000004	j	L45_LF2
 1529  000021c8  54000000	nop; delay slot nop
 1530  000021cc          	L45_LF2:
 1531  000021cc  8fa20000	lw	r2,0(r29)
 1532  000021d0  8fdffff8	lw	r31,-8(r30)
 1533  000021d4  001ee820	add	r29,r0,r30
 1534  000021d8  8fdefffc	lw	r30,-4(r30)
 1535  000021dc  4be00000	jr	r31
 1536  000021e0  54000000	nop
 1537  000021e4          	.endproc _dmindex
 1538  000021e4          	.align 2
 1539  000021e4          	.proc _dindex
 1540  000021e4          	.global _dindex
 1541  000021e4          	_dindex:
 1542                      ;  Function 'dindex'; 0 bytes of locals, 1 regs to save.
 1543  000021e4  afbefffc	sw	-4(r29),r30; push fp
 1544  000021e8  001df020	add	r30,r0,r29; fp = sp
 1545  000021ec  afbffff8	sw	-8(r29),r31; push ret addr
 1546  000021f0  2fbd0010	subui	r29,r29,#16; alloc local storage
 1547  000021f4  afa20000	sw	0(r29),r2
 1548  000021f8  54000000	nop
 1549  000021fc          	L55_LF2:
 1550  000021fc  8fc10000	lw	r1,(r30)
 1551  00002200  90220000	lbu	r2,(r1)
 1552  00002204  64410000	snei	r1,r2,#0
 1553  00002208  1420000c	bnez	r1,L57_LF2
 1554  0000220c  54000000	nop; delay slot nop
 1555  00002210  08000040	j	L56_LF2
 1556  00002214  54000000	nop; delay slot nop
 1557  00002218          	L57_LF2:
 1558  00002218  8fc10000	lw	r1,(r30)
 1559  0000221c  90220000	lbu	r2,(r1)
 1560  00002220  8fc10004	lw	r1,4(r30)
 1561  00002224  00411028	seq	r2,r2,r1
 1562  00002228  10400010	beqz	r2,L58_LF2
 1563  0000222c  54000000	nop; delay slot nop
 1564  00002230  8fc10000	lw	r1,(r30)
 1565  00002234  08000028	j	L54_LF2
 1566  00002238  54000000	nop; delay slot nop
 1567  0000223c          	L58_LF2:
 1568  0000223c  8fc20000	lw	r2,(r30)
 1569  00002240  20410001	addi	r1,r2,#1
 1570  00002244  00011020	add	r2,r0,r1
 1571  00002248  afc20000	sw	(r30),r2
 1572  0000224c  0bffffac	j	L55_LF2
 1573  00002250  54000000	nop; delay slot nop
 1574  00002254          	L56_LF2:
 1575  00002254  20010000	addi	r1,r0,#0
 1576  00002258  08000004	j	L54_LF2
 1577  0000225c  54000000	nop; delay slot nop
 1578  00002260          	L54_LF2:
 1579  00002260  8fa20000	lw	r2,0(r29)
 1580  00002264  8fdffff8	lw	r31,-8(r30)
 1581  00002268  001ee820	add	r29,r0,r30
 1582  0000226c  8fdefffc	lw	r30,-4(r30)
 1583  00002270  4be00000	jr	r31
 1584  00002274  54000000	nop
 1585  00002278          	.endproc _dindex
 1586  00002278          	.align 2
 1587  00002278          	.proc _ditoa
 1588  00002278          	.global _ditoa
 1589  00002278          	_ditoa:
 1590                      ;  Function 'ditoa'; 8 bytes of locals, 2 regs to save.
 1591  00002278  afbefffc	sw	-4(r29),r30; push fp
 1592  0000227c  001df020	add	r30,r0,r29; fp = sp
 1593  00002280  afbffff8	sw	-8(r29),r31; push ret addr
 1594  00002284  2fbd0018	subui	r29,r29,#24; alloc local storage
 1595  00002288  afa20000	sw	0(r29),r2
 1596  0000228c  afa30004	sw	4(r29),r3
 1597  00002290  8fc10000	lw	r1,(r30)
 1598  00002294  68220000	slti	r2,r1,#0
 1599  00002298  1040002c	beqz	r2,L60_LF2
 1600  0000229c  54000000	nop; delay slot nop
 1601  000022a0  8fc10004	lw	r1,4(r30)
 1602  000022a4  20220001	addi	r2,r1,#1
 1603  000022a8  afc20004	sw	4(r30),r2
 1604  000022ac  2002002d	addi	r2,r0,(#0x2d)&0xff
 1605  000022b0  a0220000	sb	(r1),r2
 1606  000022b4  8fc10000	lw	r1,(r30)
 1607  000022b8  00011022	sub	r2,r0,r1
 1608  000022bc  afc20000	sw	(r30),r2
 1609  000022c0  08000118	j	L61_LF2
 1610  000022c4  54000000	nop; delay slot nop
 1611  000022c8          	L60_LF2:
 1612  000022c8  8fc10000	lw	r1,(r30)
 1613  000022cc  64220000	snei	r2,r1,#0
 1614  000022d0  14400020	bnez	r2,L62_LF2
 1615  000022d4  54000000	nop; delay slot nop
 1616  000022d8  8fc10004	lw	r1,4(r30)
 1617  000022dc  20220001	addi	r2,r1,#1
 1618  000022e0  afc20004	sw	4(r30),r2
 1619  000022e4  20020030	addi	r2,r0,(#0x30)&0xff
 1620  000022e8  a0220000	sb	(r1),r2
 1621  000022ec  080000ec	j	L61_LF2
 1622  000022f0  54000000	nop; delay slot nop
 1623  000022f4          	L62_LF2:
 1624  000022f4  20010001	addi	r1,r0,#1
 1625  000022f8  afc1fff4	sw	-12(r30),r1
 1626  000022fc          	L64_LF2:
 1627  000022fc  8fc1fff4	lw	r1,-12(r30)
 1628  00002300  8fc20000	lw	r2,(r30)
 1629  00002304  0022082c	sle	r1,r1,r2
 1630  00002308  1420000c	bnez	r1,L66_LF2
 1631  0000230c  54000000	nop; delay slot nop
 1632  00002310  08000024	j	L65_LF2
 1633  00002314  54000000	nop; delay slot nop
 1634  00002318          	L67_LF2:
 1635  00002318          	L66_LF2:
 1636  00002318  8fc1fff4	lw	r1,-12(r30)
 1637  0000231c  00011820	add	r3,r0,r1
 1638  00002320  50620002	slli	r2,r3,#0x2
 1639  00002324  00411020	add	r2,r2,r1
 1640  00002328  50410001	slli	r1,r2,#0x1
 1641  0000232c  afc1fff4	sw	-12(r30),r1
 1642  00002330  0bffffc8	j	L64_LF2
 1643  00002334  54000000	nop; delay slot nop
 1644  00002338          	L65_LF2:
 1645  00002338  54000000	nop
 1646  0000233c          	L68_LF2:
 1647  0000233c  8fc1fff4	lw	r1,-12(r30)
 1648  00002340  2002000a	addi	r2,r0,#10
 1649  00002344  00200035	movi2fp	f0,r1
 1650  00002348  00400835	movi2fp	f1,r2
 1651  0000234c  0401000f	div	f0,f0,f1
 1652  00002350  00000834	movfp2i	r1,f0
 1653  00002354  afc1fff4	sw	-12(r30),r1
 1654  00002358  8fc10004	lw	r1,4(r30)
 1655  0000235c  20220001	addi	r2,r1,#1
 1656  00002360  afc20004	sw	4(r30),r2
 1657  00002364  8fc20000	lw	r2,(r30)
 1658  00002368  8fc3fff4	lw	r3,-12(r30)
 1659  0000236c  00400035	movi2fp	f0,r2
 1660  00002370  00600835	movi2fp	f1,r3
 1661  00002374  0401000f	div	f0,f0,f1
 1662  00002378  00001034	movfp2i	r2,f0
 1663  0000237c  00021820	add	r3,r0,r2
 1664  00002380  20620030	addi	r2,r3,#48
 1665  00002384  a0220000	sb	(r1),r2
 1666  00002388  8fc10000	lw	r1,(r30)
 1667  0000238c  8fc3fff4	lw	r3,-12(r30)
 1668  00002390  00200035	movi2fp	f0,r1
 1669  00002394  00600835	movi2fp	f1,r3
 1670  00002398  0401000f	div	f0,f0,f1
 1671  0000239c  00001034	movfp2i	r2,f0
 1672  000023a0  8fc3fff4	lw	r3,-12(r30)
 1673  000023a4  00400035	movi2fp	f0,r2
 1674  000023a8  00600835	movi2fp	f1,r3
 1675  000023ac  0401000e	mult	f0,f0,f1
 1676  000023b0  00001034	movfp2i	r2,f0
 1677  000023b4  00220822	sub	r1,r1,r2
 1678  000023b8  afc10000	sw	(r30),r1
 1679  000023bc          	L70_LF2:
 1680  000023bc  8fc1fff4	lw	r1,-12(r30)
 1681  000023c0  6c220001	sgti	r2,r1,#1
 1682  000023c4  1440000c	bnez	r2,L71_LF2
 1683  000023c8  54000000	nop; delay slot nop
 1684  000023cc  0800000c	j	L61_LF2
 1685  000023d0  54000000	nop; delay slot nop
 1686  000023d4          	L71_LF2:
 1687  000023d4  0bffff64	j	L68_LF2
 1688  000023d8  54000000	nop; delay slot nop
 1689  000023dc          	L69_LF2:
 1690  000023dc          	L63_LF2:
 1691  000023dc          	L61_LF2:
 1692  000023dc  8fc10004	lw	r1,4(r30)
 1693  000023e0  20020000	addi	r2,r0,(#0x0)&0xff
 1694  000023e4  a0220000	sb	(r1),r2
 1695  000023e8          	L59_LF2:
 1696  000023e8  8fa20000	lw	r2,0(r29)
 1697  000023ec  8fa30004	lw	r3,4(r29)
 1698  000023f0  8fdffff8	lw	r31,-8(r30)
 1699  000023f4  001ee820	add	r29,r0,r30
 1700  000023f8  8fdefffc	lw	r30,-4(r30)
 1701  000023fc  4be00000	jr	r31
 1702  00002400  54000000	nop
 1703  00002404          	.endproc _ditoa
 1704  00002404          	.align 2
 1705  00002404          	.proc _dstrtol
 1706  00002404          	.global _dstrtol
 1707  00002404          	_dstrtol:
 1708                      ;  Function 'dstrtol'; 16 bytes of locals, 1 regs to save.
 1709  00002404  afbefffc	sw	-4(r29),r30; push fp
 1710  00002408  001df020	add	r30,r0,r29; fp = sp
 1711  0000240c  afbffff8	sw	-8(r29),r31; push ret addr
 1712  00002410  2fbd0020	subui	r29,r29,#32; alloc local storage
 1713  00002414  afa20000	sw	0(r29),r2
 1714  00002418  20010000	addi	r1,r0,#0
 1715  0000241c  afc1fff4	sw	-12(r30),r1
 1716  00002420          	L73_LF2:
 1717  00002420  8fc10000	lw	r1,(r30)
 1718  00002424  90220000	lbu	r2,(r1)
 1719  00002428  60410020	seqi	r1,r2,#32
 1720  0000242c  14200034	bnez	r1,L75_LF2
 1721  00002430  54000000	nop; delay slot nop
 1722  00002434  8fc10000	lw	r1,(r30)
 1723  00002438  90220000	lbu	r2,(r1)
 1724  0000243c  60410009	seqi	r1,r2,#9
 1725  00002440  14200020	bnez	r1,L75_LF2
 1726  00002444  54000000	nop; delay slot nop
 1727  00002448  8fc10000	lw	r1,(r30)
 1728  0000244c  90220000	lbu	r2,(r1)
 1729  00002450  6041000a	seqi	r1,r2,#10
 1730  00002454  1420000c	bnez	r1,L75_LF2
 1731  00002458  54000000	nop; delay slot nop
 1732  0000245c  0800001c	j	L74_LF2
 1733  00002460  54000000	nop; delay slot nop
 1734  00002464          	L75_LF2:
 1735  00002464  8fc20000	lw	r2,(r30)
 1736  00002468  20410001	addi	r1,r2,#1
 1737  0000246c  00011020	add	r2,r0,r1
 1738  00002470  afc20000	sw	(r30),r2
 1739  00002474  0bffffa8	j	L73_LF2
 1740  00002478  54000000	nop; delay slot nop
 1741  0000247c          	L74_LF2:
 1742  0000247c  8fc10004	lw	r1,4(r30)
 1743  00002480  64220000	snei	r2,r1,#0
 1744  00002484  10400010	beqz	r2,L76_LF2
 1745  00002488  54000000	nop; delay slot nop
 1746  0000248c  8fc10004	lw	r1,4(r30)
 1747  00002490  8fc20000	lw	r2,(r30)
 1748  00002494  ac220000	sw	(r1),r2
 1749  00002498          	L76_LF2:
 1750  00002498  8fc10000	lw	r1,(r30)
 1751  0000249c  90220000	lbu	r2,(r1)
 1752  000024a0  64410000	snei	r1,r2,#0
 1753  000024a4  14200010	bnez	r1,L77_LF2
 1754  000024a8  54000000	nop; delay slot nop
 1755  000024ac  8fc1fff4	lw	r1,-12(r30)
 1756  000024b0  08000294	j	L72_LF2
 1757  000024b4  54000000	nop; delay slot nop
 1758  000024b8          	L77_LF2:
 1759  000024b8  8fc10000	lw	r1,(r30)
 1760  000024bc  90220000	lbu	r2,(r1)
 1761  000024c0  6041002d	seqi	r1,r2,#45
 1762  000024c4  10200024	beqz	r1,L78_LF2
 1763  000024c8  54000000	nop; delay slot nop
 1764  000024cc  2001ffff	addi	r1,r0,#-1
 1765  000024d0  afc1ffec	sw	-20(r30),r1
 1766  000024d4  8fc20000	lw	r2,(r30)
 1767  000024d8  20410001	addi	r1,r2,#1
 1768  000024dc  00011020	add	r2,r0,r1
 1769  000024e0  afc20000	sw	(r30),r2
 1770  000024e4  0800000c	j	L79_LF2
 1771  000024e8  54000000	nop; delay slot nop
 1772  000024ec          	L78_LF2:
 1773  000024ec  20010001	addi	r1,r0,#1
 1774  000024f0  afc1ffec	sw	-20(r30),r1
 1775  000024f4          	L79_LF2:
 1776  000024f4  8fc10008	lw	r1,8(r30)
 1777  000024f8  64220000	snei	r2,r1,#0
 1778  000024fc  14400090	bnez	r2,L80_LF2
 1779  00002500  54000000	nop; delay slot nop
 1780  00002504  8fc10000	lw	r1,(r30)
 1781  00002508  90220000	lbu	r2,(r1)
 1782  0000250c  60410030	seqi	r1,r2,#48
 1783  00002510  10200074	beqz	r1,L81_LF2
 1784  00002514  54000000	nop; delay slot nop
 1785  00002518  8fc20000	lw	r2,(r30)
 1786  0000251c  20410001	addi	r1,r2,#1
 1787  00002520  00011020	add	r2,r0,r1
 1788  00002524  afc20000	sw	(r30),r2
 1789  00002528  8fc10000	lw	r1,(r30)
 1790  0000252c  90220000	lbu	r2,(r1)
 1791  00002530  60410078	seqi	r1,r2,#120
 1792  00002534  14200020	bnez	r1,L83_LF2
 1793  00002538  54000000	nop; delay slot nop
 1794  0000253c  8fc10000	lw	r1,(r30)
 1795  00002540  90220000	lbu	r2,(r1)
 1796  00002544  60410058	seqi	r1,r2,#88
 1797  00002548  1420000c	bnez	r1,L83_LF2
 1798  0000254c  54000000	nop; delay slot nop
 1799  00002550  08000024	j	L82_LF2
 1800  00002554  54000000	nop; delay slot nop
 1801  00002558          	L83_LF2:
 1802  00002558  20010010	addi	r1,r0,#16
 1803  0000255c  afc10008	sw	8(r30),r1
 1804  00002560  8fc20000	lw	r2,(r30)
 1805  00002564  20410001	addi	r1,r2,#1
 1806  00002568  00011020	add	r2,r0,r1
 1807  0000256c  afc20000	sw	(r30),r2
 1808  00002570  0800000c	j	L84_LF2
 1809  00002574  54000000	nop; delay slot nop
 1810  00002578          	L82_LF2:
 1811  00002578  20010008	addi	r1,r0,#8
 1812  0000257c  afc10008	sw	8(r30),r1
 1813  00002580          	L84_LF2:
 1814  00002580  0800000c	j	L80_LF2
 1815  00002584  54000000	nop; delay slot nop
 1816  00002588          	L81_LF2:
 1817  00002588  2001000a	addi	r1,r0,#10
 1818  0000258c  afc10008	sw	8(r30),r1
 1819  00002590          	L85_LF2:
 1820  00002590          	L80_LF2:
 1821  00002590  8fc10008	lw	r1,8(r30)
 1822  00002594  70220000	slei	r2,r1,#0
 1823  00002598  1440001c	bnez	r2,L87_LF2
 1824  0000259c  54000000	nop; delay slot nop
 1825  000025a0  8fc10008	lw	r1,8(r30)
 1826  000025a4  6c220010	sgti	r2,r1,#16
 1827  000025a8  1440000c	bnez	r2,L87_LF2
 1828  000025ac  54000000	nop; delay slot nop
 1829  000025b0  08000010	j	L86_LF2
 1830  000025b4  54000000	nop; delay slot nop
 1831  000025b8          	L87_LF2:
 1832  000025b8  8fc1fff4	lw	r1,-12(r30)
 1833  000025bc  08000188	j	L72_LF2
 1834  000025c0  54000000	nop; delay slot nop
 1835  000025c4          	L86_LF2:
 1836  000025c4  54000000	nop
 1837  000025c8          	L88_LF2:
 1838  000025c8  8fc10000	lw	r1,(r30)
 1839  000025cc  90220000	lbu	r2,(r1)
 1840  000025d0  6c41002f	sgtui	r1,r2,#47
 1841  000025d4  10200030	beqz	r1,L91_LF2
 1842  000025d8  54000000	nop; delay slot nop
 1843  000025dc  8fc10000	lw	r1,(r30)
 1844  000025e0  90220000	lbu	r2,(r1)
 1845  000025e4  70410039	sleui	r1,r2,#57
 1846  000025e8  1020001c	beqz	r1,L91_LF2
 1847  000025ec  54000000	nop; delay slot nop
 1848  000025f0  8fc10000	lw	r1,(r30)
 1849  000025f4  90220000	lbu	r2,(r1)
 1850  000025f8  2041ffd0	addi	r1,r2,#-48
 1851  000025fc  afc1fff0	sw	-16(r30),r1
 1852  00002600  0800008c	j	L92_LF2
 1853  00002604  54000000	nop; delay slot nop
 1854  00002608          	L91_LF2:
 1855  00002608  8fc10000	lw	r1,(r30)
 1856  0000260c  90220000	lbu	r2,(r1)
 1857  00002610  6c410060	sgtui	r1,r2,#96
 1858  00002614  10200030	beqz	r1,L93_LF2
 1859  00002618  54000000	nop; delay slot nop
 1860  0000261c  8fc10000	lw	r1,(r30)
 1861  00002620  90220000	lbu	r2,(r1)
 1862  00002624  7041007a	sleui	r1,r2,#122
 1863  00002628  1020001c	beqz	r1,L93_LF2
 1864  0000262c  54000000	nop; delay slot nop
 1865  00002630  8fc10000	lw	r1,(r30)
 1866  00002634  90220000	lbu	r2,(r1)
 1867  00002638  2041ffa9	addi	r1,r2,#-87
 1868  0000263c  afc1fff0	sw	-16(r30),r1
 1869  00002640  0800004c	j	L92_LF2
 1870  00002644  54000000	nop; delay slot nop
 1871  00002648          	L93_LF2:
 1872  00002648  8fc10000	lw	r1,(r30)
 1873  0000264c  90220000	lbu	r2,(r1)
 1874  00002650  6c410040	sgtui	r1,r2,#64
 1875  00002654  10200030	beqz	r1,L95_LF2
 1876  00002658  54000000	nop; delay slot nop
 1877  0000265c  8fc10000	lw	r1,(r30)
 1878  00002660  90220000	lbu	r2,(r1)
 1879  00002664  7041005a	sleui	r1,r2,#90
 1880  00002668  1020001c	beqz	r1,L95_LF2
 1881  0000266c  54000000	nop; delay slot nop
 1882  00002670  8fc10000	lw	r1,(r30)
 1883  00002674  90220000	lbu	r2,(r1)
 1884  00002678  2041ffc9	addi	r1,r2,#-55
 1885  0000267c  afc1fff0	sw	-16(r30),r1
 1886  00002680  0800000c	j	L92_LF2
 1887  00002684  54000000	nop; delay slot nop
 1888  00002688          	L95_LF2:
 1889  00002688  200103e8	addi	r1,r0,#1000
 1890  0000268c  afc1fff0	sw	-16(r30),r1
 1891  00002690          	L96_LF2:
 1892  00002690          	L94_LF2:
 1893  00002690          	L92_LF2:
 1894  00002690  8fc1fff0	lw	r1,-16(r30)
 1895  00002694  8fc20008	lw	r2,8(r30)
 1896  00002698  0022082a	slt	r1,r1,r2
 1897  0000269c  10200040	beqz	r1,L90_LF2
 1898  000026a0  54000000	nop; delay slot nop
 1899  000026a4  8fc1fff4	lw	r1,-12(r30)
 1900  000026a8  8fc20008	lw	r2,8(r30)
 1901  000026ac  00200035	movi2fp	f0,r1
 1902  000026b0  00400835	movi2fp	f1,r2
 1903  000026b4  0401000e	mult	f0,f0,f1
 1904  000026b8  00000834	movfp2i	r1,f0
 1905  000026bc  afc1fff4	sw	-12(r30),r1
 1906  000026c0  8fc1fff4	lw	r1,-12(r30)
 1907  000026c4  8fc2fff0	lw	r2,-16(r30)
 1908  000026c8  00220820	add	r1,r1,r2
 1909  000026cc  afc1fff4	sw	-12(r30),r1
 1910  000026d0  8fc20000	lw	r2,(r30)
 1911  000026d4  20410001	addi	r1,r2,#1
 1912  000026d8  00011020	add	r2,r0,r1
 1913  000026dc  afc20000	sw	(r30),r2
 1914  000026e0          	L97_LF2:
 1915  000026e0          	L90_LF2:
 1916  000026e0  8fc1fff0	lw	r1,-16(r30)
 1917  000026e4  8fc20008	lw	r2,8(r30)
 1918  000026e8  0022082a	slt	r1,r1,r2
 1919  000026ec  1420000c	bnez	r1,L98_LF2
 1920  000026f0  54000000	nop; delay slot nop
 1921  000026f4  0800000c	j	L89_LF2
 1922  000026f8  54000000	nop; delay slot nop
 1923  000026fc          	L98_LF2:
 1924  000026fc  0bfffec8	j	L88_LF2
 1925  00002700  54000000	nop; delay slot nop
 1926  00002704          	L89_LF2:
 1927  00002704  8fc10004	lw	r1,4(r30)
 1928  00002708  64220000	snei	r2,r1,#0
 1929  0000270c  10400010	beqz	r2,L99_LF2
 1930  00002710  54000000	nop; delay slot nop
 1931  00002714  8fc10004	lw	r1,4(r30)
 1932  00002718  8fc20000	lw	r2,(r30)
 1933  0000271c  ac220000	sw	(r1),r2
 1934  00002720          	L99_LF2:
 1935  00002720  8fc1fff4	lw	r1,-12(r30)
 1936  00002724  8fc2ffec	lw	r2,-20(r30)
 1937  00002728  00200035	movi2fp	f0,r1
 1938  0000272c  00400835	movi2fp	f1,r2
 1939  00002730  0401000e	mult	f0,f0,f1
 1940  00002734  00000834	movfp2i	r1,f0
 1941  00002738  afc1fff4	sw	-12(r30),r1
 1942  0000273c  8fc1fff4	lw	r1,-12(r30)
 1943  00002740  08000004	j	L72_LF2
 1944  00002744  54000000	nop; delay slot nop
 1945  00002748          	L72_LF2:
 1946  00002748  8fa20000	lw	r2,0(r29)
 1947  0000274c  8fdffff8	lw	r31,-8(r30)
 1948  00002750  001ee820	add	r29,r0,r30
 1949  00002754  8fdefffc	lw	r30,-4(r30)
 1950  00002758  4be00000	jr	r31
 1951  0000275c  54000000	nop
 1952  00002760          	.endproc _dstrtol
 1953  00002760          	.align 2
 1954  00002760          	.proc _bcopy
 1955  00002760          	.global _bcopy
 1956  00002760          	_bcopy:
 1957                      ;  Function 'bcopy'; 0 bytes of locals, 2 regs to save.
 1958  00002760  afbefffc	sw	-4(r29),r30; push fp
 1959  00002764  001df020	add	r30,r0,r29; fp = sp
 1960  00002768  afbffff8	sw	-8(r29),r31; push ret addr
 1961  0000276c  2fbd0010	subui	r29,r29,#16; alloc local storage
 1962  00002770  afa20000	sw	0(r29),r2
 1963  00002774  afa30004	sw	4(r29),r3
 1964  00002778  54000000	nop
 1965  0000277c          	L101_LF2:
 1966  0000277c  8fc10008	lw	r1,8(r30)
 1967  00002780  2022ffff	addi	r2,r1,#-1
 1968  00002784  afc20008	sw	8(r30),r2
 1969  00002788  6c210000	sgti	r1,r1,#0
 1970  0000278c  1420000c	bnez	r1,L103_LF2
 1971  00002790  54000000	nop; delay slot nop
 1972  00002794  0800002c	j	L102_LF2
 1973  00002798  54000000	nop; delay slot nop
 1974  0000279c          	L103_LF2:
 1975  0000279c  8fc10004	lw	r1,4(r30)
 1976  000027a0  20220001	addi	r2,r1,#1
 1977  000027a4  afc20004	sw	4(r30),r2
 1978  000027a8  8fc20000	lw	r2,(r30)
 1979  000027ac  20430001	addi	r3,r2,#1
 1980  000027b0  afc30000	sw	(r30),r3
 1981  000027b4  80420000	lb	r2,(r2)
 1982  000027b8  a0220000	sb	(r1),r2
 1983  000027bc  0bffffbc	j	L101_LF2
 1984  000027c0  54000000	nop; delay slot nop
 1985  000027c4          	L102_LF2:
 1986  000027c4          	L100_LF2:
 1987  000027c4  8fa20000	lw	r2,0(r29)
 1988  000027c8  8fa30004	lw	r3,4(r29)
 1989  000027cc  8fdffff8	lw	r31,-8(r30)
 1990  000027d0  001ee820	add	r29,r0,r30
 1991  000027d4  8fdefffc	lw	r30,-4(r30)
 1992  000027d8  4be00000	jr	r31
 1993  000027dc  54000000	nop
 1994  000027e0          	.endproc _bcopy
 1995  000027e0          	.align 2
 1996  000027e0          	.proc _bzero
 1997  000027e0          	.global _bzero
 1998  000027e0          	_bzero:
 1999                      ;  Function 'bzero'; 0 bytes of locals, 1 regs to save.
 2000  000027e0  afbefffc	sw	-4(r29),r30; push fp
 2001  000027e4  001df020	add	r30,r0,r29; fp = sp
 2002  000027e8  afbffff8	sw	-8(r29),r31; push ret addr
 2003  000027ec  2fbd0010	subui	r29,r29,#16; alloc local storage
 2004  000027f0  afa20000	sw	0(r29),r2
 2005  000027f4  54000000	nop
 2006  000027f8          	L105_LF2:
 2007  000027f8  8fc10004	lw	r1,4(r30)
 2008  000027fc  2022ffff	addi	r2,r1,#-1
 2009  00002800  afc20004	sw	4(r30),r2
 2010  00002804  6c210000	sgti	r1,r1,#0
 2011  00002808  1420000c	bnez	r1,L107_LF2
 2012  0000280c  54000000	nop; delay slot nop
 2013  00002810  08000020	j	L106_LF2
 2014  00002814  54000000	nop; delay slot nop
 2015  00002818          	L107_LF2:
 2016  00002818  8fc10000	lw	r1,(r30)
 2017  0000281c  20220001	addi	r2,r1,#1
 2018  00002820  afc20000	sw	(r30),r2
 2019  00002824  20020000	addi	r2,r0,(#0x0)&0xff
 2020  00002828  a0220000	sb	(r1),r2
 2021  0000282c  0bffffc8	j	L105_LF2
 2022  00002830  54000000	nop; delay slot nop
 2023  00002834          	L106_LF2:
 2024  00002834          	L104_LF2:
 2025  00002834  8fa20000	lw	r2,0(r29)
 2026  00002838  8fdffff8	lw	r31,-8(r30)
 2027  0000283c  001ee820	add	r29,r0,r30
 2028  00002840  8fdefffc	lw	r30,-4(r30)
 2029  00002844  4be00000	jr	r31
 2030  00002848  54000000	nop
 2031  0000284c          	.endproc _bzero
 2032  0000284c          	.align 2
 2033  0000284c          	.proc _min
 2034  0000284c          	.global _min
 2035  0000284c          	_min:
 2036                      ;  Function 'min'; 0 bytes of locals, 2 regs to save.
 2037  0000284c  afbefffc	sw	-4(r29),r30; push fp
 2038  00002850  001df020	add	r30,r0,r29; fp = sp
 2039  00002854  afbffff8	sw	-8(r29),r31; push ret addr
 2040  00002858  2fbd0010	subui	r29,r29,#16; alloc local storage
 2041  0000285c  afa20000	sw	0(r29),r2
 2042  00002860  afa30004	sw	4(r29),r3
 2043  00002864  8fc10000	lw	r1,(r30)
 2044  00002868  8fc20004	lw	r2,4(r30)
 2045  0000286c  0022182c	sle	r3,r1,r2
 2046  00002870  14600008	bnez	r3,L109_LF2
 2047  00002874  54000000	nop; delay slot nop
 2048  00002878  8fc10004	lw	r1,4(r30)
 2049  0000287c          	L109_LF2:
 2050  0000287c  08000004	j	L108_LF2
 2051  00002880  54000000	nop; delay slot nop
 2052  00002884          	L108_LF2:
 2053  00002884  8fa20000	lw	r2,0(r29)
 2054  00002888  8fa30004	lw	r3,4(r29)
 2055  0000288c  8fdffff8	lw	r31,-8(r30)
 2056  00002890  001ee820	add	r29,r0,r30
 2057  00002894  8fdefffc	lw	r30,-4(r30)
 2058  00002898  4be00000	jr	r31
 2059  0000289c  54000000	nop
 2060  000028a0          	.endproc _min
 2061                      ;;; Ethan L. Miller, 1999.  Released to the public domain
 2062                      ;;;
 2063                      ;;; Most of the traps are called in files from libtraps.
 2066  000028a0          	.align 2
 2067  000028a0          	.proc _exit
 2068  000028a0          	.global _exit
 2069  000028a0          	_exit:
 2070  000028a0  44000300	trap	#0x300
 2071  000028a4  4be00000	jr	r31
 2072  000028a8  54000000	nop
 2073  000028ac          	.endproc _exit
 2075                      ; for the benefit of gcc.
 2076  000028ac          	.proc ___main
 2077  000028ac          	.global ___main
 2078  000028ac          	___main:
 2079  000028ac  4be00000	jr	r31
 2080  000028b0  54000000	nop
 2081  000028b4          	.endproc ___main
 2082  000028b4          	.text
 2083  000028b4          	.global _etext
 2084  000028b4          	_etext:
 2085  000028b4          	.align 3
 2086  000028b8          	.data
 2087  000031de          	.global _edata
 2088  000031de          	_edata:
